
          -------------------------------------------------------
          Amber 20 PMEMD                              2020
          -------------------------------------------------------

| PMEMD implementation of SANDER, Release 18

|  Compiled date/time: Thu Jun  2 17:33:41 2022
| Run on 08/29/2023 at 15:55:47

|   Executable path: pmemd.cuda
| Working directory: /lustre07/scratch/livtoft/SURE/BTS1/R48G/DMAPP-IPP
|          Hostname: ng10401

  [-O]verwriting output

File Assignments:
|   MDIN: ../../Relaxation/1min.in                                              
|  MDOUT: 1min.out                                                              
| INPCRD: DMAPP_IPP_ion.inpcrd                                                  
|   PARM: DMAPP_IPP_ion.prmtop                                                  
| RESTRT: 1min.rst7                                                             
|   REFC: DMAPP_IPP_ion.inpcrd                                                  
|  MDVEL: mdvel                                                                 
|   MDEN: mden                                                                  
|  MDCRD: mdcrd.1min                                                            
| MDINFO: 1min.info                                                             
|  MDFRC: mdfrc                                                                 


 Here is the input file:

minimization of solvent                                                        
 &cntrl                                                                        
  imin = 1, maxcyc = 1000,                                                     
  ncyc = 100, ntx = 1,                                                         
  ntwe = 0, ntwr = 500, ntpr = 50,                                             
  ntc = 2, ntf = 2, ntb = 1, ntp = 0,                                          
  cut = 10.0,                                                                  
  ntr=1, restraintmask = ':1-688', restraint_wt = 200.,                        
  ioutfm=1, ntxo=2,                                                            
 /                                                                             


Note: ig = -1. Setting random seed to   983105 based on wallclock time in 
      microseconds.
| irandom = 1, using AMBER's internal random number generator (default).
 
|--------------------- INFORMATION ----------------------
| GPU (CUDA) Version of PMEMD in use: NVIDIA GPU IN USE.
|                    Version 18.0.0
| 
|                      03/25/2018
| 
| Implementation by:
|                    Ross C. Walker     (SDSC)
|                    Scott Le Grand     (nVIDIA)
| 
| Version 18 performance extensions by:
|                    David Cerutti     (Rutgers)
| 
| Precision model in use:
|      [SPFP] - Single Precision Forces, 64-bit Fixed Point
|               Accumulation. (Default)
| 
|--------------------------------------------------------
 
|----------------- CITATION INFORMATION -----------------
|
|    When publishing work that utilized the CUDA version
|    of AMBER, please cite the following in addition to
|    the regular AMBER citations:
|
|  - Romelia Salomon-Ferrer; Andreas W. Goetz; Duncan
|    Poole; Scott Le Grand; Ross C. Walker "Routine
|    microsecond molecular dynamics simulations with
|    AMBER - Part II: Particle Mesh Ewald", J. Chem.
|    Theory Comput., 2013, 9 (9), pp3878-3888,
|    DOI: 10.1021/ct400314y.
|
|  - Andreas W. Goetz; Mark J. Williamson; Dong Xu;
|    Duncan Poole; Scott Le Grand; Ross C. Walker
|    "Routine microsecond molecular dynamics simulations
|    with AMBER - Part I: Generalized Born", J. Chem.
|    Theory Comput., 2012, 8 (5), pp1542-1555.
|
|  - Scott Le Grand; Andreas W. Goetz; Ross C. Walker
|    "SPFP: Speed without compromise - a mixed precision
|    model for GPU accelerated molecular dynamics
|    simulations.", Comp. Phys. Comm., 2013, 184
|    pp374-380, DOI: 10.1016/j.cpc.2012.09.022
|
|--------------------------------------------------------
 
|------------------- GPU DEVICE INFO --------------------
|
|            CUDA_VISIBLE_DEVICES: 0
|   CUDA Capable Devices Detected:      1
|           CUDA Device ID in use:      0
|                CUDA Device Name: NVIDIA A100-SXM4-40GB
|     CUDA Device Global Mem Size:  40339 MB
| CUDA Device Num Multiprocessors:    108
|           CUDA Device Core Freq:   1.41 GHz
|
|--------------------------------------------------------
 
 
| Conditional Compilation Defines Used:
| PUBFFT
| BINTRAJ
| CUDA
| EMIL

| Largest sphere to fit in unit cell has radius =    42.115

| New format PARM file being parsed.
| Version =    1.000 Date = 08/29/23 Time = 15:42:49

| Note: 1-4 EEL scale factors are being read from the topology file.

| Note: 1-4 VDW scale factors are being read from the topology file.
| Duplicated    0 dihedrals

| Duplicated    0 dihedrals

--------------------------------------------------------------------------------
   1.  RESOURCE   USE: 
--------------------------------------------------------------------------------

 getting new box info from bottom of inpcrd
 NATOM  =   74824 NTYPES =      20 NBONH =   69084 MBONA  =    5673
 NTHETH =   12796 MTHETA =    7694 NPHIH =   25631 MPHIA  =   24780
 NHPARM =       0 NPARM  =       0 NNB   =  146680 NRES   =   22007
 NBONA  =    5673 NTHETA =    7694 NPHIA =   24780 NUMBND =      78
 NUMANG =     181 NPTRA  =     201 NATYP =      45 NPHB   =       0
 IFBOX  =       2 NMXRS  =      24 IFCAP =       0 NEXTRA =       0
 NCOPY  =       0

| Coordinate Index Table dimensions:    16   16   16
| Direct force subcell size =     6.4474    6.4474    6.4474

     BOX TYPE: TRUNCATED OCTAHEDRON

--------------------------------------------------------------------------------
   2.  CONTROL  DATA  FOR  THE  RUN
--------------------------------------------------------------------------------

default_name                                                                    

General flags:
     imin    =       1, nmropt  =       0

Nature and format of input:
     ntx     =       1, irest   =       0, ntrx    =       1

Nature and format of output:
     ntxo    =       2, ntpr    =      50, ntrx    =       1, ntwr    =     500
     iwrap   =       0, ntwx    =       0, ntwv    =       0, ntwe    =       0
     ioutfm  =       1, ntwprt  =       0, idecomp =       0, rbornstat=      0

Potential function:
     ntf     =       2, ntb     =       1, igb     =       0, nsnb    =      25
     ipol    =       0, gbsa    =       0, iesp    =       0
     dielc   =   1.00000, cut     =  10.00000, intdiel =   1.00000

Frozen or restrained atoms:
     ibelly  =       0, ntr     =       1
     restraint_wt = 200.00000

Energy minimization:
     maxcyc  =    1000, ncyc    =     100, ntmin   =       1
     dx0     =   0.01000, drms    =   0.00010

SHAKE:
     ntc     =       2, jfastw  =       0
     tol     =   0.00001

| Intermolecular bonds treatment:
|     no_intermolecular_bonds =       1

| Energy averages sample interval:
|     ene_avg_sampling =       1

Ewald parameters:
     verbose =       0, ew_type =       0, nbflag  =       1, use_pme =       1
     vdwmeth =       1, eedmeth =       1, netfrc  =       0
     Box X =  103.159   Box Y =  103.159   Box Z =  103.159
     Alpha =  109.471   Beta  =  109.471   Gamma =  109.471
     NFFT1 =  108       NFFT2 =  108       NFFT3 =  108
     Cutoff=   10.000   Tol   =0.100E-04
     Ewald Coefficient =  0.27511
     Interpolation order =    4

    LOADING THE CONSTRAINED ATOMS AS GROUPS


   5.  REFERENCE ATOM COORDINATES

  default_name                                                                    
     Mask :1-688; matches 11197 atoms

--------------------------------------------------------------------------------
   3.  ATOMIC COORDINATES AND VELOCITIES
--------------------------------------------------------------------------------

default_name                                                                    
 begin time read from input coords =     0.000 ps

 
 Number of triangulated 3-point waters found:    21154

     Sum of charges from parm topology file =  -0.00000030
     Forcing neutrality...

| Dynamic Memory, Types Used:
| Reals             2097674
| Integers          3130575

| Nonbonded Pairs Initial Allocation:    22632389

| GPU memory information (estimate):
| KB of GPU memory in use:    470185
| KB of CPU memory in use:    178463

--------------------------------------------------------------------------------
   4.  RESULTS
--------------------------------------------------------------------------------



   NSTEP       ENERGY          RMS            GMAX         NAME    NUMBER
      1       5.9536E+06     1.6683E+02     2.0527E+04     O2B     11160

 BOND    =      940.4615  ANGLE   =     2077.7639  DIHED      =     8332.6470
 VDWAALS =  6168936.2188  EEL     =  -259611.6103  HBOND      =        0.0000
 1-4 VDW =     3195.8882  1-4 EEL =    29764.8740  RESTRAINT  =        5.2242
 EAMBER  =  5953636.2431


   NSTEP       ENERGY          RMS            GMAX         NAME    NUMBER
     50      -1.9627E+05     5.6616E+01     1.2693E+04     NH2      1465

 BOND    =     1362.2688  ANGLE   =     2612.5050  DIHED      =     8408.8342
 VDWAALS =    14057.7366  EEL     =  -267252.2436  HBOND      =        0.0000
 1-4 VDW =     3288.5022  1-4 EEL =    29362.7148  RESTRAINT  =    11893.7898
 EAMBER  =  -208159.6820


   NSTEP       ENERGY          RMS            GMAX         NAME    NUMBER
    100      -2.0547E+05     1.3608E+01     3.6728E+02     HH       9015

 BOND    =      381.8248  ANGLE   =     1959.9933  DIHED      =     8373.6599
 VDWAALS =     9898.5230  EEL     =  -261827.1200  HBOND      =        0.0000
 1-4 VDW =     3095.8376  1-4 EEL =    29448.1043  RESTRAINT  =     3197.8270
 EAMBER  =  -208669.1770


   NSTEP       ENERGY          RMS            GMAX         NAME    NUMBER
    150      -2.0547E+05     1.3608E+01     3.6728E+02     HH       9015

 BOND    =      381.8250  ANGLE   =     1959.9933  DIHED      =     8373.6599
 VDWAALS =     9898.5137  EEL     =  -261827.1081  HBOND      =        0.0000
 1-4 VDW =     3095.8378  1-4 EEL =    29448.1042  RESTRAINT  =     3197.8232
 EAMBER  =  -208669.1743


   NSTEP       ENERGY          RMS            GMAX         NAME    NUMBER
    200      -2.0547E+05     1.3608E+01     3.6728E+02     HH       9015

 BOND    =      381.8251  ANGLE   =     1959.9933  DIHED      =     8373.6599
 VDWAALS =     9898.5142  EEL     =  -261827.0983  HBOND      =        0.0000
 1-4 VDW =     3095.8378  1-4 EEL =    29448.1042  RESTRAINT  =     3197.8189
 EAMBER  =  -208669.1638


   NSTEP       ENERGY          RMS            GMAX         NAME    NUMBER
    250      -2.0547E+05     1.3608E+01     3.6728E+02     HH       9015

 BOND    =      381.8254  ANGLE   =     1959.9932  DIHED      =     8373.6598
 VDWAALS =     9898.5034  EEL     =  -261827.0785  HBOND      =        0.0000
 1-4 VDW =     3095.8379  1-4 EEL =    29448.1038  RESTRAINT  =     3197.8130
 EAMBER  =  -208669.1548


   NSTEP       ENERGY          RMS            GMAX         NAME    NUMBER
    300      -2.0547E+05     1.3608E+01     3.6728E+02     HH       9015

 BOND    =      381.8258  ANGLE   =     1959.9932  DIHED      =     8373.6597
 VDWAALS =     9898.4970  EEL     =  -261827.0563  HBOND      =        0.0000
 1-4 VDW =     3095.8380  1-4 EEL =    29448.1040  RESTRAINT  =     3197.8045
 EAMBER  =  -208669.1386


   NSTEP       ENERGY          RMS            GMAX         NAME    NUMBER
    350      -2.0547E+05     1.3608E+01     3.6728E+02     HH       9015

 BOND    =      381.8259  ANGLE   =     1959.9932  DIHED      =     8373.6597
 VDWAALS =     9898.4991  EEL     =  -261827.0504  HBOND      =        0.0000
 1-4 VDW =     3095.8380  1-4 EEL =    29448.1039  RESTRAINT  =     3197.8037
 EAMBER  =  -208669.1306

     .... RESTARTED DUE TO LINMIN FAILURE ...


   NSTEP       ENERGY          RMS            GMAX         NAME    NUMBER
    400      -2.0547E+05     1.3608E+01     3.6728E+02     HH       9015

 BOND    =      381.8260  ANGLE   =     1959.9932  DIHED      =     8373.6597
 VDWAALS =     9898.4959  EEL     =  -261827.0374  HBOND      =        0.0000
 1-4 VDW =     3095.8380  1-4 EEL =    29448.1037  RESTRAINT  =     3197.8017
 EAMBER  =  -208669.1208


   NSTEP       ENERGY          RMS            GMAX         NAME    NUMBER
    450      -2.0547E+05     1.3608E+01     3.6728E+02     HH       9015

 BOND    =      381.8262  ANGLE   =     1959.9932  DIHED      =     8373.6597
 VDWAALS =     9898.4943  EEL     =  -261827.0329  HBOND      =        0.0000
 1-4 VDW =     3095.8380  1-4 EEL =    29448.1038  RESTRAINT  =     3197.7996
 EAMBER  =  -208669.1177


   NSTEP       ENERGY          RMS            GMAX         NAME    NUMBER
    500      -2.0547E+05     1.3608E+01     3.6728E+02     HH       9015

 BOND    =      381.8263  ANGLE   =     1959.9933  DIHED      =     8373.6598
 VDWAALS =     9898.4958  EEL     =  -261827.0239  HBOND      =        0.0000
 1-4 VDW =     3095.8380  1-4 EEL =    29448.1038  RESTRAINT  =     3197.7968
 EAMBER  =  -208669.1069


   NSTEP       ENERGY          RMS            GMAX         NAME    NUMBER
    550      -2.0547E+05     1.3608E+01     3.6728E+02     HH       9015

 BOND    =      381.8264  ANGLE   =     1959.9932  DIHED      =     8373.6597
 VDWAALS =     9898.4910  EEL     =  -261827.0122  HBOND      =        0.0000
 1-4 VDW =     3095.8380  1-4 EEL =    29448.1036  RESTRAINT  =     3197.7941
 EAMBER  =  -208669.1003


   NSTEP       ENERGY          RMS            GMAX         NAME    NUMBER
    600      -2.0547E+05     1.3608E+01     3.6728E+02     HH       9015

 BOND    =      381.8267  ANGLE   =     1959.9932  DIHED      =     8373.6597
 VDWAALS =     9898.4892  EEL     =  -261826.9976  HBOND      =        0.0000
 1-4 VDW =     3095.8380  1-4 EEL =    29448.1036  RESTRAINT  =     3197.7903
 EAMBER  =  -208669.0872


   NSTEP       ENERGY          RMS            GMAX         NAME    NUMBER
    650      -2.0547E+05     1.3608E+01     3.6728E+02     HH       9015

 BOND    =      381.8268  ANGLE   =     1959.9932  DIHED      =     8373.6596
 VDWAALS =     9898.4855  EEL     =  -261826.9825  HBOND      =        0.0000
 1-4 VDW =     3095.8380  1-4 EEL =    29448.1034  RESTRAINT  =     3197.7894
 EAMBER  =  -208669.0760


   NSTEP       ENERGY          RMS            GMAX         NAME    NUMBER
    700      -2.0547E+05     1.3608E+01     3.6728E+02     HH       9015

 BOND    =      381.8271  ANGLE   =     1959.9932  DIHED      =     8373.6597
 VDWAALS =     9898.4808  EEL     =  -261826.9651  HBOND      =        0.0000
 1-4 VDW =     3095.8380  1-4 EEL =    29448.1035  RESTRAINT  =     3197.7845
 EAMBER  =  -208669.0628


   NSTEP       ENERGY          RMS            GMAX         NAME    NUMBER
    750      -2.0547E+05     1.3608E+01     3.6728E+02     HH       9015

 BOND    =      381.8272  ANGLE   =     1959.9932  DIHED      =     8373.6596
 VDWAALS =     9898.4773  EEL     =  -261826.9569  HBOND      =        0.0000
 1-4 VDW =     3095.8380  1-4 EEL =    29448.1035  RESTRAINT  =     3197.7829
 EAMBER  =  -208669.0580


   NSTEP       ENERGY          RMS            GMAX         NAME    NUMBER
    800      -2.0547E+05     1.3608E+01     3.6728E+02     HH       9015

 BOND    =      381.8273  ANGLE   =     1959.9932  DIHED      =     8373.6596
 VDWAALS =     9898.4776  EEL     =  -261826.9469  HBOND      =        0.0000
 1-4 VDW =     3095.8380  1-4 EEL =    29448.1034  RESTRAINT  =     3197.7810
 EAMBER  =  -208669.0478


   NSTEP       ENERGY          RMS            GMAX         NAME    NUMBER
    850      -2.0547E+05     1.3608E+01     3.6728E+02     HH       9015

 BOND    =      381.8274  ANGLE   =     1959.9933  DIHED      =     8373.6596
 VDWAALS =     9898.4781  EEL     =  -261826.9426  HBOND      =        0.0000
 1-4 VDW =     3095.8380  1-4 EEL =    29448.1035  RESTRAINT  =     3197.7772
 EAMBER  =  -208669.0427


   NSTEP       ENERGY          RMS            GMAX         NAME    NUMBER
    900      -2.0547E+05     1.3608E+01     3.6728E+02     HH       9015

 BOND    =      381.8274  ANGLE   =     1959.9933  DIHED      =     8373.6597
 VDWAALS =     9898.4771  EEL     =  -261826.9370  HBOND      =        0.0000
 1-4 VDW =     3095.8379  1-4 EEL =    29448.1032  RESTRAINT  =     3197.7782
 EAMBER  =  -208669.0384


   NSTEP       ENERGY          RMS            GMAX         NAME    NUMBER
    950      -2.0547E+05     1.3608E+01     3.6728E+02     HH       9015

 BOND    =      381.8277  ANGLE   =     1959.9933  DIHED      =     8373.6596
 VDWAALS =     9898.4738  EEL     =  -261826.9247  HBOND      =        0.0000
 1-4 VDW =     3095.8380  1-4 EEL =    29448.1035  RESTRAINT  =     3197.7747
 EAMBER  =  -208669.0289


   NSTEP       ENERGY          RMS            GMAX         NAME    NUMBER
   1000      -2.0547E+05     1.3608E+01     3.6728E+02     HH       9015

 BOND    =      381.8278  ANGLE   =     1959.9933  DIHED      =     8373.6595
 VDWAALS =     9898.4730  EEL     =  -261826.9161  HBOND      =        0.0000
 1-4 VDW =     3095.8380  1-4 EEL =    29448.1037  RESTRAINT  =     3197.7741
 EAMBER  =  -208669.0209


  Maximum number of minimization cycles reached.


                    FINAL RESULTS



   NSTEP       ENERGY          RMS            GMAX         NAME    NUMBER
   1000      -2.0547E+05     1.3608E+01     3.6728E+02     HH       9015

 BOND    =      381.8278  ANGLE   =     1959.9933  DIHED      =     8373.6595
 VDWAALS =     9898.4730  EEL     =  -261826.9161  HBOND      =        0.0000
 1-4 VDW =     3095.8380  1-4 EEL =    29448.1037  RESTRAINT  =     3197.7741
 EAMBER  =  -208669.0209
--------------------------------------------------------------------------------
   5.  TIMINGS
--------------------------------------------------------------------------------

|  NonSetup CPU Time in Major Routines:
|
|     Routine           Sec        %
|     ------------------------------
|     Nonbond           0.72   17.68
|     Bond              0.00    0.00
|     Angle             0.00    0.00
|     Dihedral          0.00    0.00
|     Shake             1.49   36.54
|     Other             1.86   45.79
|     ------------------------------
|     Total             4.07

|  PME Nonbond Pairlist CPU Time:
|
|     Routine              Sec        %
|     ---------------------------------
|     Set Up Cit           0.00    0.00
|     Build List           0.00    0.00
|     ---------------------------------
|     Total                0.00    0.00

|  PME Direct Force CPU Time:
|
|     Routine              Sec        %
|     ---------------------------------
|     NonBonded Calc       0.00    0.00
|     Exclude Masked       0.00    0.00
|     Other                0.00    0.03
|     ---------------------------------
|     Total                0.00    0.03

|  PME Reciprocal Force CPU Time:
|
|     Routine              Sec        %
|     ---------------------------------
|     1D bspline           0.00    0.00
|     Grid Charges         0.00    0.00
|     Scalar Sum           0.00    0.00
|     Gradient Sum         0.00    0.00
|     FFT                  0.00    0.00
|     ---------------------------------
|     Total                0.00    0.00

|  Setup CPU time:            1.14 seconds
|  NonSetup CPU time:         4.07 seconds
|  Total CPU time:            5.21 seconds     0.00 hours

|  Setup wall time:           2    seconds
|  NonSetup wall time:        4    seconds
|  Total wall time:           6    seconds     0.00 hours
