
          -------------------------------------------------------
          Amber 20 PMEMD                              2020
          -------------------------------------------------------

| PMEMD implementation of SANDER, Release 18

|  Compiled date/time: Thu Jun  2 17:33:41 2022
| Run on 09/19/2023 at 16:13:54

|   Executable path: pmemd.cuda
| Working directory: /lustre07/scratch/livtoft/SURE/BTS1/R48G/GGPP
|          Hostname: ng20602

  [-O]verwriting output

File Assignments:
|   MDIN: ../../Relaxation/1min.in                                              
|  MDOUT: 1min.out                                                              
| INPCRD: GGPP_ion.inpcrd                                                       
|   PARM: GGPP_ion.prmtop                                                       
| RESTRT: 1min.rst7                                                             
|   REFC: GGPP_ion.inpcrd                                                       
|  MDVEL: mdvel                                                                 
|   MDEN: mden                                                                  
|  MDCRD: mdcrd.1min                                                            
| MDINFO: 1min.info                                                             
|  MDFRC: mdfrc                                                                 


 Here is the input file:

minimization of solvent                                                        
 &cntrl                                                                        
  imin = 1, maxcyc = 1000,                                                     
  ncyc = 100, ntx = 1,                                                         
  ntwe = 0, ntwr = 500, ntpr = 50,                                             
  ntc = 2, ntf = 2, ntb = 1, ntp = 0,                                          
  cut = 10.0,                                                                  
  ntr=1, restraintmask = ':1-686', restraint_wt = 200.,                        
  ioutfm=1, ntxo=2,                                                            
 /                                                                             


Note: ig = -1. Setting random seed to   754959 based on wallclock time in 
      microseconds.
| irandom = 1, using AMBER's internal random number generator (default).
 
|--------------------- INFORMATION ----------------------
| GPU (CUDA) Version of PMEMD in use: NVIDIA GPU IN USE.
|                    Version 18.0.0
| 
|                      03/25/2018
| 
| Implementation by:
|                    Ross C. Walker     (SDSC)
|                    Scott Le Grand     (nVIDIA)
| 
| Version 18 performance extensions by:
|                    David Cerutti     (Rutgers)
| 
| Precision model in use:
|      [SPFP] - Single Precision Forces, 64-bit Fixed Point
|               Accumulation. (Default)
| 
|--------------------------------------------------------
 
|----------------- CITATION INFORMATION -----------------
|
|    When publishing work that utilized the CUDA version
|    of AMBER, please cite the following in addition to
|    the regular AMBER citations:
|
|  - Romelia Salomon-Ferrer; Andreas W. Goetz; Duncan
|    Poole; Scott Le Grand; Ross C. Walker "Routine
|    microsecond molecular dynamics simulations with
|    AMBER - Part II: Particle Mesh Ewald", J. Chem.
|    Theory Comput., 2013, 9 (9), pp3878-3888,
|    DOI: 10.1021/ct400314y.
|
|  - Andreas W. Goetz; Mark J. Williamson; Dong Xu;
|    Duncan Poole; Scott Le Grand; Ross C. Walker
|    "Routine microsecond molecular dynamics simulations
|    with AMBER - Part I: Generalized Born", J. Chem.
|    Theory Comput., 2012, 8 (5), pp1542-1555.
|
|  - Scott Le Grand; Andreas W. Goetz; Ross C. Walker
|    "SPFP: Speed without compromise - a mixed precision
|    model for GPU accelerated molecular dynamics
|    simulations.", Comp. Phys. Comm., 2013, 184
|    pp374-380, DOI: 10.1016/j.cpc.2012.09.022
|
|--------------------------------------------------------
 
|------------------- GPU DEVICE INFO --------------------
|
|            CUDA_VISIBLE_DEVICES: 0
|   CUDA Capable Devices Detected:      1
|           CUDA Device ID in use:      0
|                CUDA Device Name: NVIDIA A100-SXM4-40GB
|     CUDA Device Global Mem Size:  40339 MB
| CUDA Device Num Multiprocessors:    108
|           CUDA Device Core Freq:   1.41 GHz
|
|--------------------------------------------------------
 
 
| Conditional Compilation Defines Used:
| PUBFFT
| BINTRAJ
| CUDA
| EMIL

| Largest sphere to fit in unit cell has radius =    42.102

| New format PARM file being parsed.
| Version =    1.000 Date = 09/19/23 Time = 15:12:52

| Note: 1-4 EEL scale factors are being read from the topology file.

| Note: 1-4 VDW scale factors are being read from the topology file.
| Duplicated    0 dihedrals

| Duplicated    0 dihedrals

--------------------------------------------------------------------------------
   1.  RESOURCE   USE: 
--------------------------------------------------------------------------------

 getting new box info from bottom of inpcrd
 NATOM  =   74847 NTYPES =      20 NBONH =   69112 MBONA  =    5676
 NTHETH =   12868 MTHETA =    7690 NPHIH =   25801 MPHIA  =   24788
 NHPARM =       0 NPARM  =       0 NNB   =  146888 NRES   =   21998
 NBONA  =    5676 NTHETA =    7690 NPHIA =   24788 NUMBND =      78
 NUMANG =     177 NPTRA  =     200 NATYP =      45 NPHB   =       0
 IFBOX  =       2 NMXRS  =      62 IFCAP =       0 NEXTRA =       0
 NCOPY  =       0

| Coordinate Index Table dimensions:    16   16   16
| Direct force subcell size =     6.4455    6.4455    6.4455

     BOX TYPE: TRUNCATED OCTAHEDRON

--------------------------------------------------------------------------------
   2.  CONTROL  DATA  FOR  THE  RUN
--------------------------------------------------------------------------------

default_name                                                                    

General flags:
     imin    =       1, nmropt  =       0

Nature and format of input:
     ntx     =       1, irest   =       0, ntrx    =       1

Nature and format of output:
     ntxo    =       2, ntpr    =      50, ntrx    =       1, ntwr    =     500
     iwrap   =       0, ntwx    =       0, ntwv    =       0, ntwe    =       0
     ioutfm  =       1, ntwprt  =       0, idecomp =       0, rbornstat=      0

Potential function:
     ntf     =       2, ntb     =       1, igb     =       0, nsnb    =      25
     ipol    =       0, gbsa    =       0, iesp    =       0
     dielc   =   1.00000, cut     =  10.00000, intdiel =   1.00000

Frozen or restrained atoms:
     ibelly  =       0, ntr     =       1
     restraint_wt = 200.00000

Energy minimization:
     maxcyc  =    1000, ncyc    =     100, ntmin   =       1
     dx0     =   0.01000, drms    =   0.00010

SHAKE:
     ntc     =       2, jfastw  =       0
     tol     =   0.00001

| Intermolecular bonds treatment:
|     no_intermolecular_bonds =       1

| Energy averages sample interval:
|     ene_avg_sampling =       1

Ewald parameters:
     verbose =       0, ew_type =       0, nbflag  =       1, use_pme =       1
     vdwmeth =       1, eedmeth =       1, netfrc  =       0
     Box X =  103.128   Box Y =  103.128   Box Z =  103.128
     Alpha =  109.471   Beta  =  109.471   Gamma =  109.471
     NFFT1 =  108       NFFT2 =  108       NFFT3 =  108
     Cutoff=   10.000   Tol   =0.100E-04
     Ewald Coefficient =  0.27511
     Interpolation order =    4

    LOADING THE CONSTRAINED ATOMS AS GROUPS


   5.  REFERENCE ATOM COORDINATES

  default_name                                                                    
     Mask :1-686; matches 11229 atoms

--------------------------------------------------------------------------------
   3.  ATOMIC COORDINATES AND VELOCITIES
--------------------------------------------------------------------------------

default_name                                                                    
 begin time read from input coords =     0.000 ps

 
 Number of triangulated 3-point waters found:    21153

     Sum of charges from parm topology file =  -0.00000030
     Forcing neutrality...

| Dynamic Memory, Types Used:
| Reals             2098287
| Integers          3135542

| Nonbonded Pairs Initial Allocation:    22639346

| GPU memory information (estimate):
| KB of GPU memory in use:    461816
| KB of CPU memory in use:    170094

--------------------------------------------------------------------------------
   4.  RESULTS
--------------------------------------------------------------------------------



   NSTEP       ENERGY          RMS            GMAX         NAME    NUMBER
      1      -1.8785E+05     5.2130E+01     4.9352E+03     O       65845

 BOND    =      772.1516  ANGLE   =     1919.9800  DIHED      =     8730.1705
 VDWAALS =    25830.9867  EEL     =  -258095.0520  HBOND      =        0.0000
 1-4 VDW =     3257.0233  1-4 EEL =    29733.0079  RESTRAINT  =        5.3353
 EAMBER  =  -187851.7321


   NSTEP       ENERGY          RMS            GMAX         NAME    NUMBER
     50      -2.1012E+05     1.3562E+01     1.1004E+02     HG2      7251

 BOND    =      266.4292  ANGLE   =     1770.8079  DIHED      =     8670.6562
 VDWAALS =     9253.4738  EEL     =  -263580.5977  HBOND      =        0.0000
 1-4 VDW =     3120.6264  1-4 EEL =    29484.4163  RESTRAINT  =      893.2122
 EAMBER  =  -211014.1878


   NSTEP       ENERGY          RMS            GMAX         NAME    NUMBER
    100      -2.1012E+05     1.3561E+01     1.1004E+02     HG2      7251

 BOND    =      266.4283  ANGLE   =     1770.8059  DIHED      =     8670.6556
 VDWAALS =     9252.3931  EEL     =  -263576.8091  HBOND      =        0.0000
 1-4 VDW =     3120.6268  1-4 EEL =    29484.4158  RESTRAINT  =      893.1894
 EAMBER  =  -211011.4837


   NSTEP       ENERGY          RMS            GMAX         NAME    NUMBER
    150      -2.1012E+05     1.3561E+01     1.1004E+02     HG2      7251

 BOND    =      266.4283  ANGLE   =     1770.8059  DIHED      =     8670.6556
 VDWAALS =     9252.3859  EEL     =  -263576.8004  HBOND      =        0.0000
 1-4 VDW =     3120.6269  1-4 EEL =    29484.4155  RESTRAINT  =      893.1880
 EAMBER  =  -211011.4822


   NSTEP       ENERGY          RMS            GMAX         NAME    NUMBER
    200      -2.1012E+05     1.3561E+01     1.1004E+02     HG2      7251

 BOND    =      266.4283  ANGLE   =     1770.8059  DIHED      =     8670.6556
 VDWAALS =     9252.3828  EEL     =  -263576.7926  HBOND      =        0.0000
 1-4 VDW =     3120.6269  1-4 EEL =    29484.4155  RESTRAINT  =      893.1872
 EAMBER  =  -211011.4778


   NSTEP       ENERGY          RMS            GMAX         NAME    NUMBER
    250      -2.1012E+05     1.3561E+01     1.1003E+02     HG2      7251

 BOND    =      266.4283  ANGLE   =     1770.8059  DIHED      =     8670.6555
 VDWAALS =     9252.3790  EEL     =  -263576.7872  HBOND      =        0.0000
 1-4 VDW =     3120.6269  1-4 EEL =    29484.4154  RESTRAINT  =      893.1865
 EAMBER  =  -211011.4762


   NSTEP       ENERGY          RMS            GMAX         NAME    NUMBER
    300      -2.1012E+05     1.3561E+01     1.1004E+02     HG2      7251

 BOND    =      266.4282  ANGLE   =     1770.8058  DIHED      =     8670.6555
 VDWAALS =     9252.3767  EEL     =  -263576.7802  HBOND      =        0.0000
 1-4 VDW =     3120.6270  1-4 EEL =    29484.4153  RESTRAINT  =      893.1859
 EAMBER  =  -211011.4717


   NSTEP       ENERGY          RMS            GMAX         NAME    NUMBER
    350      -2.1012E+05     1.3561E+01     1.1004E+02     HG2      7251

 BOND    =      266.4282  ANGLE   =     1770.8058  DIHED      =     8670.6556
 VDWAALS =     9252.3696  EEL     =  -263576.7661  HBOND      =        0.0000
 1-4 VDW =     3120.6270  1-4 EEL =    29484.4155  RESTRAINT  =      893.1839
 EAMBER  =  -211011.4645


   NSTEP       ENERGY          RMS            GMAX         NAME    NUMBER
    400      -2.1012E+05     1.3561E+01     1.1004E+02     HG2      7251

 BOND    =      266.4282  ANGLE   =     1770.8058  DIHED      =     8670.6556
 VDWAALS =     9252.3689  EEL     =  -263576.7602  HBOND      =        0.0000
 1-4 VDW =     3120.6270  1-4 EEL =    29484.4153  RESTRAINT  =      893.1836
 EAMBER  =  -211011.4595

     .... RESTARTED DUE TO LINMIN FAILURE ...


   NSTEP       ENERGY          RMS            GMAX         NAME    NUMBER
    450      -2.1012E+05     1.3561E+01     1.1004E+02     HG2      7251

 BOND    =      266.4282  ANGLE   =     1770.8058  DIHED      =     8670.6555
 VDWAALS =     9252.3675  EEL     =  -263576.7535  HBOND      =        0.0000
 1-4 VDW =     3120.6269  1-4 EEL =    29484.4152  RESTRAINT  =      893.1829
 EAMBER  =  -211011.4543

     .... RESTARTED DUE TO LINMIN FAILURE ...


   NSTEP       ENERGY          RMS            GMAX         NAME    NUMBER
    500      -2.1012E+05     1.3561E+01     1.1004E+02     HG2      7251

 BOND    =      266.4282  ANGLE   =     1770.8058  DIHED      =     8670.6555
 VDWAALS =     9252.3669  EEL     =  -263576.7472  HBOND      =        0.0000
 1-4 VDW =     3120.6269  1-4 EEL =    29484.4153  RESTRAINT  =      893.1825
 EAMBER  =  -211011.4486


   NSTEP       ENERGY          RMS            GMAX         NAME    NUMBER
    550      -2.1012E+05     1.3561E+01     1.1004E+02     HG2      7251

 BOND    =      266.4282  ANGLE   =     1770.8058  DIHED      =     8670.6556
 VDWAALS =     9252.3663  EEL     =  -263576.7438  HBOND      =        0.0000
 1-4 VDW =     3120.6269  1-4 EEL =    29484.4152  RESTRAINT  =      893.1822
 EAMBER  =  -211011.4457


   NSTEP       ENERGY          RMS            GMAX         NAME    NUMBER
    600      -2.1012E+05     1.3561E+01     1.1004E+02     HG2      7251

 BOND    =      266.4282  ANGLE   =     1770.8058  DIHED      =     8670.6555
 VDWAALS =     9252.3654  EEL     =  -263576.7362  HBOND      =        0.0000
 1-4 VDW =     3120.6269  1-4 EEL =    29484.4150  RESTRAINT  =      893.1820
 EAMBER  =  -211011.4395


   NSTEP       ENERGY          RMS            GMAX         NAME    NUMBER
    650      -2.1012E+05     1.3561E+01     1.1004E+02     HG2      7251

 BOND    =      266.4281  ANGLE   =     1770.8058  DIHED      =     8670.6555
 VDWAALS =     9252.3641  EEL     =  -263576.7256  HBOND      =        0.0000
 1-4 VDW =     3120.6269  1-4 EEL =    29484.4147  RESTRAINT  =      893.1818
 EAMBER  =  -211011.4306


   NSTEP       ENERGY          RMS            GMAX         NAME    NUMBER
    700      -2.1012E+05     1.3561E+01     1.1004E+02     HG2      7251

 BOND    =      266.4281  ANGLE   =     1770.8058  DIHED      =     8670.6554
 VDWAALS =     9252.3626  EEL     =  -263576.7210  HBOND      =        0.0000
 1-4 VDW =     3120.6269  1-4 EEL =    29484.4147  RESTRAINT  =      893.1819
 EAMBER  =  -211011.4276


   NSTEP       ENERGY          RMS            GMAX         NAME    NUMBER
    750      -2.1012E+05     1.3561E+01     1.1004E+02     HG2      7251

 BOND    =      266.4281  ANGLE   =     1770.8057  DIHED      =     8670.6554
 VDWAALS =     9252.3623  EEL     =  -263576.7175  HBOND      =        0.0000
 1-4 VDW =     3120.6269  1-4 EEL =    29484.4146  RESTRAINT  =      893.1810
 EAMBER  =  -211011.4244


   NSTEP       ENERGY          RMS            GMAX         NAME    NUMBER
    800      -2.1012E+05     1.3561E+01     1.1004E+02     HG2      7251

 BOND    =      266.4281  ANGLE   =     1770.8057  DIHED      =     8670.6555
 VDWAALS =     9252.3601  EEL     =  -263576.7075  HBOND      =        0.0000
 1-4 VDW =     3120.6269  1-4 EEL =    29484.4147  RESTRAINT  =      893.1804
 EAMBER  =  -211011.4165


   NSTEP       ENERGY          RMS            GMAX         NAME    NUMBER
    850      -2.1012E+05     1.3561E+01     1.1004E+02     HG2      7251

 BOND    =      266.4281  ANGLE   =     1770.8057  DIHED      =     8670.6555
 VDWAALS =     9252.3536  EEL     =  -263576.6976  HBOND      =        0.0000
 1-4 VDW =     3120.6270  1-4 EEL =    29484.4146  RESTRAINT  =      893.1796
 EAMBER  =  -211011.4132


   NSTEP       ENERGY          RMS            GMAX         NAME    NUMBER
    900      -2.1012E+05     1.3561E+01     1.1004E+02     HG2      7251

 BOND    =      266.4280  ANGLE   =     1770.8057  DIHED      =     8670.6555
 VDWAALS =     9252.3503  EEL     =  -263576.6845  HBOND      =        0.0000
 1-4 VDW =     3120.6269  1-4 EEL =    29484.4147  RESTRAINT  =      893.1786
 EAMBER  =  -211011.4033


   NSTEP       ENERGY          RMS            GMAX         NAME    NUMBER
    950      -2.1012E+05     1.3561E+01     1.1004E+02     HG2      7251

 BOND    =      266.4280  ANGLE   =     1770.8057  DIHED      =     8670.6555
 VDWAALS =     9252.3476  EEL     =  -263576.6788  HBOND      =        0.0000
 1-4 VDW =     3120.6269  1-4 EEL =    29484.4147  RESTRAINT  =      893.1788
 EAMBER  =  -211011.4002


   NSTEP       ENERGY          RMS            GMAX         NAME    NUMBER
   1000      -2.1012E+05     1.3561E+01     1.1004E+02     HG2      7251

 BOND    =      266.4280  ANGLE   =     1770.8057  DIHED      =     8670.6555
 VDWAALS =     9252.3445  EEL     =  -263576.6730  HBOND      =        0.0000
 1-4 VDW =     3120.6270  1-4 EEL =    29484.4147  RESTRAINT  =      893.1792
 EAMBER  =  -211011.3977


  Maximum number of minimization cycles reached.


                    FINAL RESULTS



   NSTEP       ENERGY          RMS            GMAX         NAME    NUMBER
   1000      -2.1012E+05     1.3561E+01     1.1004E+02     HG2      7251

 BOND    =      266.4280  ANGLE   =     1770.8057  DIHED      =     8670.6555
 VDWAALS =     9252.3445  EEL     =  -263576.6730  HBOND      =        0.0000
 1-4 VDW =     3120.6270  1-4 EEL =    29484.4147  RESTRAINT  =      893.1792
 EAMBER  =  -211011.3977
--------------------------------------------------------------------------------
   5.  TIMINGS
--------------------------------------------------------------------------------

|  NonSetup CPU Time in Major Routines:
|
|     Routine           Sec        %
|     ------------------------------
|     Nonbond           0.72   17.69
|     Bond              0.00    0.00
|     Angle             0.00    0.00
|     Dihedral          0.00    0.00
|     Shake             1.48   36.45
|     Other             1.87   45.86
|     ------------------------------
|     Total             4.07

|  PME Nonbond Pairlist CPU Time:
|
|     Routine              Sec        %
|     ---------------------------------
|     Set Up Cit           0.00    0.00
|     Build List           0.00    0.00
|     ---------------------------------
|     Total                0.00    0.00

|  PME Direct Force CPU Time:
|
|     Routine              Sec        %
|     ---------------------------------
|     NonBonded Calc       0.00    0.00
|     Exclude Masked       0.00    0.00
|     Other                0.00    0.03
|     ---------------------------------
|     Total                0.00    0.03

|  PME Reciprocal Force CPU Time:
|
|     Routine              Sec        %
|     ---------------------------------
|     1D bspline           0.00    0.00
|     Grid Charges         0.00    0.00
|     Scalar Sum           0.00    0.00
|     Gradient Sum         0.00    0.00
|     FFT                  0.00    0.00
|     ---------------------------------
|     Total                0.00    0.00

|  Setup CPU time:            1.18 seconds
|  NonSetup CPU time:         4.07 seconds
|  Total CPU time:            5.25 seconds     0.00 hours

|  Setup wall time:           2    seconds
|  NonSetup wall time:        4    seconds
|  Total wall time:           6    seconds     0.00 hours
