
          -------------------------------------------------------
          Amber 20 PMEMD                              2020
          -------------------------------------------------------

| PMEMD implementation of SANDER, Release 18

|  Compiled date/time: Thu Jun  2 17:33:41 2022
| Run on 09/19/2023 at 16:38:55

|   Executable path: pmemd.cuda
| Working directory: /lustre07/scratch/livtoft/SURE/BTS1/R48G/GGPP
|          Hostname: ng20602

  [-O]verwriting output

File Assignments:
|   MDIN: ../../Relaxation/5min.in                                              
|  MDOUT: 5min.out                                                              
| INPCRD: 4md.rst7                                                              
|   PARM: GGPP_ion.prmtop                                                       
| RESTRT: 5min.rst7                                                             
|   REFC: 4md.rst7                                                              
|  MDVEL: mdvel                                                                 
|   MDEN: mden                                                                  
|  MDCRD: mdcrd.5min                                                            
| MDINFO: 5min.info                                                             
|  MDFRC: mdfrc                                                                 


 Here is the input file:

Minimization of everything excluding backbone                                  
 &cntrl                                                                        
  imin = 1, maxcyc = 1000,                                                     
  ncyc = 50, ntx = 1,                                                          
  ntwe = 0, ntwr = 500, ntpr = 50,                                             
  ntc = 2, ntf = 2, ntb = 1, ntp = 0,                                          
  cut = 8.0,                                                                   
  ntr=1, restraintmask="@CA,C,N,C1,C2,C3,C4,C5,C6,C7,C8,C9,C10,C11,C12,C13,C14,
  restraint_wt=50.                                                             
  ioutfm=1, ntxo=2,                                                            
 /                                                                             


Note: ig = -1. Setting random seed to   362730 based on wallclock time in 
      microseconds.
| irandom = 1, using AMBER's internal random number generator (default).
 
|--------------------- INFORMATION ----------------------
| GPU (CUDA) Version of PMEMD in use: NVIDIA GPU IN USE.
|                    Version 18.0.0
| 
|                      03/25/2018
| 
| Implementation by:
|                    Ross C. Walker     (SDSC)
|                    Scott Le Grand     (nVIDIA)
| 
| Version 18 performance extensions by:
|                    David Cerutti     (Rutgers)
| 
| Precision model in use:
|      [SPFP] - Single Precision Forces, 64-bit Fixed Point
|               Accumulation. (Default)
| 
|--------------------------------------------------------
 
|----------------- CITATION INFORMATION -----------------
|
|    When publishing work that utilized the CUDA version
|    of AMBER, please cite the following in addition to
|    the regular AMBER citations:
|
|  - Romelia Salomon-Ferrer; Andreas W. Goetz; Duncan
|    Poole; Scott Le Grand; Ross C. Walker "Routine
|    microsecond molecular dynamics simulations with
|    AMBER - Part II: Particle Mesh Ewald", J. Chem.
|    Theory Comput., 2013, 9 (9), pp3878-3888,
|    DOI: 10.1021/ct400314y.
|
|  - Andreas W. Goetz; Mark J. Williamson; Dong Xu;
|    Duncan Poole; Scott Le Grand; Ross C. Walker
|    "Routine microsecond molecular dynamics simulations
|    with AMBER - Part I: Generalized Born", J. Chem.
|    Theory Comput., 2012, 8 (5), pp1542-1555.
|
|  - Scott Le Grand; Andreas W. Goetz; Ross C. Walker
|    "SPFP: Speed without compromise - a mixed precision
|    model for GPU accelerated molecular dynamics
|    simulations.", Comp. Phys. Comm., 2013, 184
|    pp374-380, DOI: 10.1016/j.cpc.2012.09.022
|
|--------------------------------------------------------
 
|------------------- GPU DEVICE INFO --------------------
|
|            CUDA_VISIBLE_DEVICES: 0
|   CUDA Capable Devices Detected:      1
|           CUDA Device ID in use:      0
|                CUDA Device Name: NVIDIA A100-SXM4-40GB
|     CUDA Device Global Mem Size:  40339 MB
| CUDA Device Num Multiprocessors:    108
|           CUDA Device Core Freq:   1.41 GHz
|
|--------------------------------------------------------
 
 
| Conditional Compilation Defines Used:
| PUBFFT
| BINTRAJ
| CUDA
| EMIL

| Largest sphere to fit in unit cell has radius =    41.583

| New format PARM file being parsed.
| Version =    1.000 Date = 09/19/23 Time = 15:12:52

| Note: 1-4 EEL scale factors are being read from the topology file.

| Note: 1-4 VDW scale factors are being read from the topology file.
| Duplicated    0 dihedrals

| Duplicated    0 dihedrals

--------------------------------------------------------------------------------
   1.  RESOURCE   USE: 
--------------------------------------------------------------------------------

 getting box info from netcdf restart file
 NATOM  =   74847 NTYPES =      20 NBONH =   69112 MBONA  =    5676
 NTHETH =   12868 MTHETA =    7690 NPHIH =   25801 MPHIA  =   24788
 NHPARM =       0 NPARM  =       0 NNB   =  146888 NRES   =   21998
 NBONA  =    5676 NTHETA =    7690 NPHIA =   24788 NUMBND =      78
 NUMANG =     177 NPTRA  =     200 NATYP =      45 NPHB   =       0
 IFBOX  =       2 NMXRS  =      62 IFCAP =       0 NEXTRA =       0
 NCOPY  =       0

| Coordinate Index Table dimensions:    20   20   20
| Direct force subcell size =     5.0929    5.0929    5.0929

     BOX TYPE: TRUNCATED OCTAHEDRON

--------------------------------------------------------------------------------
   2.  CONTROL  DATA  FOR  THE  RUN
--------------------------------------------------------------------------------

default_name                                                                    

General flags:
     imin    =       1, nmropt  =       0

Nature and format of input:
     ntx     =       1, irest   =       0, ntrx    =       1

Nature and format of output:
     ntxo    =       2, ntpr    =      50, ntrx    =       1, ntwr    =     500
     iwrap   =       0, ntwx    =       0, ntwv    =       0, ntwe    =       0
     ioutfm  =       1, ntwprt  =       0, idecomp =       0, rbornstat=      0

Potential function:
     ntf     =       2, ntb     =       1, igb     =       0, nsnb    =      25
     ipol    =       0, gbsa    =       0, iesp    =       0
     dielc   =   1.00000, cut     =   8.00000, intdiel =   1.00000

Frozen or restrained atoms:
     ibelly  =       0, ntr     =       1
     restraint_wt =  50.00000

Energy minimization:
     maxcyc  =    1000, ncyc    =      50, ntmin   =       1
     dx0     =   0.01000, drms    =   0.00010

SHAKE:
     ntc     =       2, jfastw  =       0
     tol     =   0.00001

| Intermolecular bonds treatment:
|     no_intermolecular_bonds =       1

| Energy averages sample interval:
|     ene_avg_sampling =       1

Ewald parameters:
     verbose =       0, ew_type =       0, nbflag  =       1, use_pme =       1
     vdwmeth =       1, eedmeth =       1, netfrc  =       0
     Box X =  101.858   Box Y =  101.858   Box Z =  101.858
     Alpha =  109.471   Beta  =  109.471   Gamma =  109.471
     NFFT1 =  108       NFFT2 =  108       NFFT3 =  108
     Cutoff=    8.000   Tol   =0.100E-04
     Ewald Coefficient =  0.34864
     Interpolation order =    4

    LOADING THE CONSTRAINED ATOMS AS GROUPS


   5.  REFERENCE ATOM COORDINATES

  default_name                                                                    
     Mask @CA,C,N,C1,C2,C3,C4,C5,C6,C7,C8,C9,C10,C11,C12,C13,C14,C15,C16,C17,C18,C19,C20,O1,O1A,O2A,O3A,O1B,O2B,PA,PB; matches  2096 atoms

--------------------------------------------------------------------------------
   3.  ATOMIC COORDINATES AND VELOCITIES
--------------------------------------------------------------------------------

default_name                                                                    
 begin time read from input coords =  3000.000 ps

 
 Number of triangulated 3-point waters found:    21153

     Sum of charges from parm topology file =  -0.00000030
     Forcing neutrality...

| Dynamic Memory, Types Used:
| Reals             2077831
| Integers          3135542

| Nonbonded Pairs Initial Allocation:    12501320

| GPU memory information (estimate):
| KB of GPU memory in use:    341153
| KB of CPU memory in use:    149790

--------------------------------------------------------------------------------
   4.  RESULTS
--------------------------------------------------------------------------------



   NSTEP       ENERGY          RMS            GMAX         NAME    NUMBER
      1      -2.3482E+05     1.7349E+01     1.2489E+02     C        8012

 BOND    =     1700.2355  ANGLE   =     4649.1658  DIHED      =     9147.9653
 VDWAALS =    24782.4897  EEL     =  -307171.1854  HBOND      =        0.0000
 1-4 VDW =     3054.3958  1-4 EEL =    29019.6081  RESTRAINT  =        0.0000


   NSTEP       ENERGY          RMS            GMAX         NAME    NUMBER
     50      -2.4678E+05     1.4791E+01     5.3858E+01     O       38761

 BOND    =      301.0371  ANGLE   =     2007.8091  DIHED      =     8727.4787
 VDWAALS =    17202.7485  EEL     =  -306870.0996  HBOND      =        0.0000
 1-4 VDW =     2796.1117  1-4 EEL =    28898.3352  RESTRAINT  =      156.6037
 EAMBER  =  -246936.5793


   NSTEP       ENERGY          RMS            GMAX         NAME    NUMBER
    100      -2.4678E+05     1.4791E+01     5.3858E+01     O       38761

 BOND    =      301.0370  ANGLE   =     2007.8061  DIHED      =     8727.4779
 VDWAALS =    17202.7127  EEL     =  -306869.9700  HBOND      =        0.0000
 1-4 VDW =     2796.1100  1-4 EEL =    28898.3344  RESTRAINT  =      156.6044
 EAMBER  =  -246936.4919


   NSTEP       ENERGY          RMS            GMAX         NAME    NUMBER
    150      -2.4678E+05     1.4791E+01     5.3858E+01     O       38761

 BOND    =      301.0370  ANGLE   =     2007.8060  DIHED      =     8727.4779
 VDWAALS =    17202.7121  EEL     =  -306869.9651  HBOND      =        0.0000
 1-4 VDW =     2796.1100  1-4 EEL =    28898.3343  RESTRAINT  =      156.6045
 EAMBER  =  -246936.4879


   NSTEP       ENERGY          RMS            GMAX         NAME    NUMBER
    200      -2.4678E+05     1.4791E+01     5.3858E+01     O       38761

 BOND    =      301.0370  ANGLE   =     2007.8058  DIHED      =     8727.4779
 VDWAALS =    17202.7090  EEL     =  -306869.9586  HBOND      =        0.0000
 1-4 VDW =     2796.1098  1-4 EEL =    28898.3341  RESTRAINT  =      156.6045
 EAMBER  =  -246936.4851

     .... RESTARTED DUE TO LINMIN FAILURE ...

     .... RESTARTED DUE TO LINMIN FAILURE ...


   NSTEP       ENERGY          RMS            GMAX         NAME    NUMBER
    250      -2.4678E+05     1.4791E+01     5.3858E+01     O       38761

 BOND    =      301.0370  ANGLE   =     2007.8056  DIHED      =     8727.4779
 VDWAALS =    17202.7052  EEL     =  -306869.9512  HBOND      =        0.0000
 1-4 VDW =     2796.1098  1-4 EEL =    28898.3341  RESTRAINT  =      156.6045
 EAMBER  =  -246936.4817


   NSTEP       ENERGY          RMS            GMAX         NAME    NUMBER
    300      -2.4678E+05     1.4791E+01     5.3858E+01     O       38761

 BOND    =      301.0370  ANGLE   =     2007.8053  DIHED      =     8727.4779
 VDWAALS =    17202.7021  EEL     =  -306869.9419  HBOND      =        0.0000
 1-4 VDW =     2796.1096  1-4 EEL =    28898.3340  RESTRAINT  =      156.6046
 EAMBER  =  -246936.4759


   NSTEP       ENERGY          RMS            GMAX         NAME    NUMBER
    350      -2.4678E+05     1.4791E+01     5.3858E+01     O       38761

 BOND    =      301.0370  ANGLE   =     2007.8052  DIHED      =     8727.4778
 VDWAALS =    17202.6998  EEL     =  -306869.9323  HBOND      =        0.0000
 1-4 VDW =     2796.1095  1-4 EEL =    28898.3338  RESTRAINT  =      156.6046
 EAMBER  =  -246936.4692


   NSTEP       ENERGY          RMS            GMAX         NAME    NUMBER
    400      -2.4678E+05     1.4791E+01     5.3858E+01     O       38761

 BOND    =      301.0370  ANGLE   =     2007.8050  DIHED      =     8727.4778
 VDWAALS =    17202.6979  EEL     =  -306869.9259  HBOND      =        0.0000
 1-4 VDW =     2796.1094  1-4 EEL =    28898.3338  RESTRAINT  =      156.6047
 EAMBER  =  -246936.4650

     .... RESTARTED DUE TO LINMIN FAILURE ...


   NSTEP       ENERGY          RMS            GMAX         NAME    NUMBER
    450      -2.4678E+05     1.4791E+01     5.3858E+01     O       38761

 BOND    =      301.0370  ANGLE   =     2007.8049  DIHED      =     8727.4775
 VDWAALS =    17202.6943  EEL     =  -306869.9236  HBOND      =        0.0000
 1-4 VDW =     2796.1094  1-4 EEL =    28898.3337  RESTRAINT  =      156.6047
 EAMBER  =  -246936.4668


   NSTEP       ENERGY          RMS            GMAX         NAME    NUMBER
    500      -2.4678E+05     1.4791E+01     5.3858E+01     O       38761

 BOND    =      301.0370  ANGLE   =     2007.8048  DIHED      =     8727.4776
 VDWAALS =    17202.6923  EEL     =  -306869.9157  HBOND      =        0.0000
 1-4 VDW =     2796.1093  1-4 EEL =    28898.3336  RESTRAINT  =      156.6047
 EAMBER  =  -246936.4611


   NSTEP       ENERGY          RMS            GMAX         NAME    NUMBER
    550      -2.4678E+05     1.4791E+01     5.3858E+01     O       38761

 BOND    =      301.0370  ANGLE   =     2007.8046  DIHED      =     8727.4777
 VDWAALS =    17202.6915  EEL     =  -306869.9107  HBOND      =        0.0000
 1-4 VDW =     2796.1092  1-4 EEL =    28898.3336  RESTRAINT  =      156.6048
 EAMBER  =  -246936.4571


   NSTEP       ENERGY          RMS            GMAX         NAME    NUMBER
    600      -2.4678E+05     1.4791E+01     5.3858E+01     O       38761

 BOND    =      301.0370  ANGLE   =     2007.8045  DIHED      =     8727.4777
 VDWAALS =    17202.6901  EEL     =  -306869.9050  HBOND      =        0.0000
 1-4 VDW =     2796.1091  1-4 EEL =    28898.3336  RESTRAINT  =      156.6048
 EAMBER  =  -246936.4529


   NSTEP       ENERGY          RMS            GMAX         NAME    NUMBER
    650      -2.4678E+05     1.4791E+01     5.3858E+01     O       38761

 BOND    =      301.0370  ANGLE   =     2007.8043  DIHED      =     8727.4777
 VDWAALS =    17202.6878  EEL     =  -306869.8957  HBOND      =        0.0000
 1-4 VDW =     2796.1090  1-4 EEL =    28898.3332  RESTRAINT  =      156.6048
 EAMBER  =  -246936.4469


   NSTEP       ENERGY          RMS            GMAX         NAME    NUMBER
    700      -2.4678E+05     1.4791E+01     5.3858E+01     O       38761

 BOND    =      301.0370  ANGLE   =     2007.8041  DIHED      =     8727.4776
 VDWAALS =    17202.6867  EEL     =  -306869.8868  HBOND      =        0.0000
 1-4 VDW =     2796.1089  1-4 EEL =    28898.3330  RESTRAINT  =      156.6049
 EAMBER  =  -246936.4395


   NSTEP       ENERGY          RMS            GMAX         NAME    NUMBER
    750      -2.4678E+05     1.4791E+01     5.3858E+01     O       38761

 BOND    =      301.0370  ANGLE   =     2007.8039  DIHED      =     8727.4777
 VDWAALS =    17202.6847  EEL     =  -306869.8812  HBOND      =        0.0000
 1-4 VDW =     2796.1088  1-4 EEL =    28898.3329  RESTRAINT  =      156.6049
 EAMBER  =  -246936.4361


   NSTEP       ENERGY          RMS            GMAX         NAME    NUMBER
    800      -2.4678E+05     1.4791E+01     5.3858E+01     O       38761

 BOND    =      301.0370  ANGLE   =     2007.8038  DIHED      =     8727.4776
 VDWAALS =    17202.6834  EEL     =  -306869.8761  HBOND      =        0.0000
 1-4 VDW =     2796.1088  1-4 EEL =    28898.3329  RESTRAINT  =      156.6049
 EAMBER  =  -246936.4326


   NSTEP       ENERGY          RMS            GMAX         NAME    NUMBER
    850      -2.4678E+05     1.4791E+01     5.3858E+01     O       38761

 BOND    =      301.0370  ANGLE   =     2007.8037  DIHED      =     8727.4775
 VDWAALS =    17202.6831  EEL     =  -306869.8725  HBOND      =        0.0000
 1-4 VDW =     2796.1087  1-4 EEL =    28898.3329  RESTRAINT  =      156.6050
 EAMBER  =  -246936.4296


   NSTEP       ENERGY          RMS            GMAX         NAME    NUMBER
    900      -2.4678E+05     1.4791E+01     5.3858E+01     O       38761

 BOND    =      301.0370  ANGLE   =     2007.8035  DIHED      =     8727.4774
 VDWAALS =    17202.6803  EEL     =  -306869.8656  HBOND      =        0.0000
 1-4 VDW =     2796.1086  1-4 EEL =    28898.3330  RESTRAINT  =      156.6050
 EAMBER  =  -246936.4258


   NSTEP       ENERGY          RMS            GMAX         NAME    NUMBER
    950      -2.4678E+05     1.4791E+01     5.3858E+01     O       38761

 BOND    =      301.0370  ANGLE   =     2007.8034  DIHED      =     8727.4774
 VDWAALS =    17202.6791  EEL     =  -306869.8552  HBOND      =        0.0000
 1-4 VDW =     2796.1085  1-4 EEL =    28898.3329  RESTRAINT  =      156.6050
 EAMBER  =  -246936.4168


   NSTEP       ENERGY          RMS            GMAX         NAME    NUMBER
   1000      -2.4678E+05     1.4791E+01     5.3858E+01     O       38761

 BOND    =      301.0370  ANGLE   =     2007.8032  DIHED      =     8727.4773
 VDWAALS =    17202.6768  EEL     =  -306869.8498  HBOND      =        0.0000
 1-4 VDW =     2796.1084  1-4 EEL =    28898.3329  RESTRAINT  =      156.6051
 EAMBER  =  -246936.4142


  Maximum number of minimization cycles reached.


                    FINAL RESULTS



   NSTEP       ENERGY          RMS            GMAX         NAME    NUMBER
   1000      -2.4678E+05     1.4791E+01     5.3858E+01     O       38761

 BOND    =      301.0370  ANGLE   =     2007.8032  DIHED      =     8727.4773
 VDWAALS =    17202.6768  EEL     =  -306869.8498  HBOND      =        0.0000
 1-4 VDW =     2796.1084  1-4 EEL =    28898.3329  RESTRAINT  =      156.6051
 EAMBER  =  -246936.4142
--------------------------------------------------------------------------------
   5.  TIMINGS
--------------------------------------------------------------------------------

|  NonSetup CPU Time in Major Routines:
|
|     Routine           Sec        %
|     ------------------------------
|     Nonbond           0.55   13.88
|     Bond              0.00    0.00
|     Angle             0.00    0.00
|     Dihedral          0.00    0.00
|     Shake             1.50   37.93
|     Other             1.91   48.18
|     ------------------------------
|     Total             3.97

|  PME Nonbond Pairlist CPU Time:
|
|     Routine              Sec        %
|     ---------------------------------
|     Set Up Cit           0.00    0.00
|     Build List           0.00    0.00
|     ---------------------------------
|     Total                0.00    0.00

|  PME Direct Force CPU Time:
|
|     Routine              Sec        %
|     ---------------------------------
|     NonBonded Calc       0.00    0.00
|     Exclude Masked       0.00    0.00
|     Other                0.00    0.03
|     ---------------------------------
|     Total                0.00    0.03

|  PME Reciprocal Force CPU Time:
|
|     Routine              Sec        %
|     ---------------------------------
|     1D bspline           0.00    0.00
|     Grid Charges         0.00    0.00
|     Scalar Sum           0.00    0.00
|     Gradient Sum         0.00    0.00
|     FFT                  0.00    0.00
|     ---------------------------------
|     Total                0.00    0.00

|  Setup CPU time:            0.98 seconds
|  NonSetup CPU time:         3.97 seconds
|  Total CPU time:            4.95 seconds     0.00 hours

|  Setup wall time:           1    seconds
|  NonSetup wall time:        5    seconds
|  Total wall time:           6    seconds     0.00 hours
