
          -------------------------------------------------------
          Amber 20 PMEMD                              2020
          -------------------------------------------------------

| PMEMD implementation of SANDER, Release 18

|  Compiled date/time: Thu Jun  2 17:33:41 2022
| Run on 08/29/2023 at 16:02:34

|   Executable path: pmemd.cuda
| Working directory: /lustre07/scratch/livtoft/SURE/BTS1/R48G/GPP-IPP
|          Hostname: ng10204

  [-O]verwriting output

File Assignments:
|   MDIN: ../../Relaxation/1min.in                                              
|  MDOUT: 1min.out                                                              
| INPCRD: GPP_IPP_ion.inpcrd                                                    
|   PARM: GPP_IPP_ion.prmtop                                                    
| RESTRT: 1min.rst7                                                             
|   REFC: GPP_IPP_ion.inpcrd                                                    
|  MDVEL: mdvel                                                                 
|   MDEN: mden                                                                  
|  MDCRD: mdcrd.1min                                                            
| MDINFO: 1min.info                                                             
|  MDFRC: mdfrc                                                                 


 Here is the input file:

minimization of solvent                                                        
 &cntrl                                                                        
  imin = 1, maxcyc = 1000,                                                     
  ncyc = 100, ntx = 1,                                                         
  ntwe = 0, ntwr = 500, ntpr = 50,                                             
  ntc = 2, ntf = 2, ntb = 1, ntp = 0,                                          
  cut = 10.0,                                                                  
  ntr=1, restraintmask = ':1-688', restraint_wt = 200.,                        
  ioutfm=1, ntxo=2,                                                            
 /                                                                             


Note: ig = -1. Setting random seed to   973879 based on wallclock time in 
      microseconds.
| irandom = 1, using AMBER's internal random number generator (default).
 
|--------------------- INFORMATION ----------------------
| GPU (CUDA) Version of PMEMD in use: NVIDIA GPU IN USE.
|                    Version 18.0.0
| 
|                      03/25/2018
| 
| Implementation by:
|                    Ross C. Walker     (SDSC)
|                    Scott Le Grand     (nVIDIA)
| 
| Version 18 performance extensions by:
|                    David Cerutti     (Rutgers)
| 
| Precision model in use:
|      [SPFP] - Single Precision Forces, 64-bit Fixed Point
|               Accumulation. (Default)
| 
|--------------------------------------------------------
 
|----------------- CITATION INFORMATION -----------------
|
|    When publishing work that utilized the CUDA version
|    of AMBER, please cite the following in addition to
|    the regular AMBER citations:
|
|  - Romelia Salomon-Ferrer; Andreas W. Goetz; Duncan
|    Poole; Scott Le Grand; Ross C. Walker "Routine
|    microsecond molecular dynamics simulations with
|    AMBER - Part II: Particle Mesh Ewald", J. Chem.
|    Theory Comput., 2013, 9 (9), pp3878-3888,
|    DOI: 10.1021/ct400314y.
|
|  - Andreas W. Goetz; Mark J. Williamson; Dong Xu;
|    Duncan Poole; Scott Le Grand; Ross C. Walker
|    "Routine microsecond molecular dynamics simulations
|    with AMBER - Part I: Generalized Born", J. Chem.
|    Theory Comput., 2012, 8 (5), pp1542-1555.
|
|  - Scott Le Grand; Andreas W. Goetz; Ross C. Walker
|    "SPFP: Speed without compromise - a mixed precision
|    model for GPU accelerated molecular dynamics
|    simulations.", Comp. Phys. Comm., 2013, 184
|    pp374-380, DOI: 10.1016/j.cpc.2012.09.022
|
|--------------------------------------------------------
 
|------------------- GPU DEVICE INFO --------------------
|
|            CUDA_VISIBLE_DEVICES: 0
|   CUDA Capable Devices Detected:      1
|           CUDA Device ID in use:      0
|                CUDA Device Name: NVIDIA A100-SXM4-40GB
|     CUDA Device Global Mem Size:  40338 MB
| CUDA Device Num Multiprocessors:    108
|           CUDA Device Core Freq:   1.41 GHz
|
|--------------------------------------------------------
 
 
| Conditional Compilation Defines Used:
| PUBFFT
| BINTRAJ
| CUDA
| EMIL

| Largest sphere to fit in unit cell has radius =    42.111

| New format PARM file being parsed.
| Version =    1.000 Date = 08/29/23 Time = 15:53:42

| Note: 1-4 EEL scale factors are being read from the topology file.

| Note: 1-4 VDW scale factors are being read from the topology file.
| Duplicated    0 dihedrals

| Duplicated    0 dihedrals

--------------------------------------------------------------------------------
   1.  RESOURCE   USE: 
--------------------------------------------------------------------------------

 getting new box info from bottom of inpcrd
 NATOM  =   74832 NTYPES =      20 NBONH =   69083 MBONA  =    5682
 NTHETH =   12834 MTHETA =    7704 NPHIH =   25715 MPHIA  =   24794
 NHPARM =       0 NPARM  =       0 NNB   =  146796 NRES   =   22001
 NBONA  =    5682 NTHETA =    7704 NPHIA =   24794 NUMBND =      78
 NUMANG =     180 NPTRA  =     201 NATYP =      45 NPHB   =       0
 IFBOX  =       2 NMXRS  =      36 IFCAP =       0 NEXTRA =       0
 NCOPY  =       0

| Coordinate Index Table dimensions:    16   16   16
| Direct force subcell size =     6.4469    6.4469    6.4469

     BOX TYPE: TRUNCATED OCTAHEDRON

--------------------------------------------------------------------------------
   2.  CONTROL  DATA  FOR  THE  RUN
--------------------------------------------------------------------------------

default_name                                                                    

General flags:
     imin    =       1, nmropt  =       0

Nature and format of input:
     ntx     =       1, irest   =       0, ntrx    =       1

Nature and format of output:
     ntxo    =       2, ntpr    =      50, ntrx    =       1, ntwr    =     500
     iwrap   =       0, ntwx    =       0, ntwv    =       0, ntwe    =       0
     ioutfm  =       1, ntwprt  =       0, idecomp =       0, rbornstat=      0

Potential function:
     ntf     =       2, ntb     =       1, igb     =       0, nsnb    =      25
     ipol    =       0, gbsa    =       0, iesp    =       0
     dielc   =   1.00000, cut     =  10.00000, intdiel =   1.00000

Frozen or restrained atoms:
     ibelly  =       0, ntr     =       1
     restraint_wt = 200.00000

Energy minimization:
     maxcyc  =    1000, ncyc    =     100, ntmin   =       1
     dx0     =   0.01000, drms    =   0.00010

SHAKE:
     ntc     =       2, jfastw  =       0
     tol     =   0.00001

| Intermolecular bonds treatment:
|     no_intermolecular_bonds =       1

| Energy averages sample interval:
|     ene_avg_sampling =       1

Ewald parameters:
     verbose =       0, ew_type =       0, nbflag  =       1, use_pme =       1
     vdwmeth =       1, eedmeth =       1, netfrc  =       0
     Box X =  103.151   Box Y =  103.151   Box Z =  103.151
     Alpha =  109.471   Beta  =  109.471   Gamma =  109.471
     NFFT1 =  108       NFFT2 =  108       NFFT3 =  108
     Cutoff=   10.000   Tol   =0.100E-04
     Ewald Coefficient =  0.27511
     Interpolation order =    4

    LOADING THE CONSTRAINED ATOMS AS GROUPS


   5.  REFERENCE ATOM COORDINATES

  default_name                                                                    
     Mask :1-688; matches 11223 atoms

--------------------------------------------------------------------------------
   3.  ATOMIC COORDINATES AND VELOCITIES
--------------------------------------------------------------------------------

default_name                                                                    
 begin time read from input coords =     0.000 ps

 
 Number of triangulated 3-point waters found:    21148

     Sum of charges from parm topology file =  -0.00000030
     Forcing neutrality...

| Dynamic Memory, Types Used:
| Reals             2097897
| Integers          3133251

| Nonbonded Pairs Initial Allocation:    22634809

| GPU memory information (estimate):
| KB of GPU memory in use:    461804
| KB of CPU memory in use:    170083

--------------------------------------------------------------------------------
   4.  RESULTS
--------------------------------------------------------------------------------



   NSTEP       ENERGY          RMS            GMAX         NAME    NUMBER
      1      -8.2304E+09     2.2126E+02     2.4763E+04     O2B      5562

 BOND    =      931.8896  ANGLE   =     2073.4621  DIHED      =     8269.4578
 VDWAALS = *************  EEL     =  -259510.5239  HBOND      =        0.0000
 1-4 VDW =     3204.3184  1-4 EEL =    29764.8625  RESTRAINT  =        5.3632
 EAMBER  = *************


   NSTEP       ENERGY          RMS            GMAX         NAME    NUMBER
     50      -1.4711E+05     7.7107E+01     1.5930E+04     OH       3416

 BOND    =     7743.4559  ANGLE   =     4018.6164  DIHED      =     8468.2911
 VDWAALS =    16958.4745  EEL     =  -266851.7427  HBOND      =        0.0000
 1-4 VDW =     4105.2696  1-4 EEL =    29527.7251  RESTRAINT  =    48918.1161
 EAMBER  =  -196029.9100


   NSTEP       ENERGY          RMS            GMAX         NAME    NUMBER
    100      -2.0489E+05     1.3559E+01     2.5965E+02     HH       9028

 BOND    =      348.0581  ANGLE   =     2022.0457  DIHED      =     8299.5599
 VDWAALS =    10114.3467  EEL     =  -261609.9691  HBOND      =        0.0000
 1-4 VDW =     3111.5399  1-4 EEL =    29457.2695  RESTRAINT  =     3369.8980
 EAMBER  =  -208257.1493


   NSTEP       ENERGY          RMS            GMAX         NAME    NUMBER
    150      -2.0489E+05     1.3559E+01     2.5965E+02     HH       9028

 BOND    =      348.0581  ANGLE   =     2022.0454  DIHED      =     8299.5599
 VDWAALS =    10114.3381  EEL     =  -261609.9609  HBOND      =        0.0000
 1-4 VDW =     3111.5400  1-4 EEL =    29457.2694  RESTRAINT  =     3369.8958
 EAMBER  =  -208257.1500


   NSTEP       ENERGY          RMS            GMAX         NAME    NUMBER
    200      -2.0489E+05     1.3559E+01     2.5965E+02     HH       9028

 BOND    =      348.0581  ANGLE   =     2022.0452  DIHED      =     8299.5599
 VDWAALS =    10114.3352  EEL     =  -261609.9535  HBOND      =        0.0000
 1-4 VDW =     3111.5401  1-4 EEL =    29457.2694  RESTRAINT  =     3369.8944
 EAMBER  =  -208257.1456


   NSTEP       ENERGY          RMS            GMAX         NAME    NUMBER
    250      -2.0489E+05     1.3559E+01     2.5965E+02     HH       9028

 BOND    =      348.0581  ANGLE   =     2022.0452  DIHED      =     8299.5599
 VDWAALS =    10114.3360  EEL     =  -261609.9474  HBOND      =        0.0000
 1-4 VDW =     3111.5401  1-4 EEL =    29457.2694  RESTRAINT  =     3369.8922
 EAMBER  =  -208257.1387


   NSTEP       ENERGY          RMS            GMAX         NAME    NUMBER
    300      -2.0489E+05     1.3559E+01     2.5965E+02     HH       9028

 BOND    =      348.0579  ANGLE   =     2022.0447  DIHED      =     8299.5598
 VDWAALS =    10114.3249  EEL     =  -261609.9259  HBOND      =        0.0000
 1-4 VDW =     3111.5403  1-4 EEL =    29457.2689  RESTRAINT  =     3369.8880
 EAMBER  =  -208257.1295


   NSTEP       ENERGY          RMS            GMAX         NAME    NUMBER
    350      -2.0489E+05     1.3559E+01     2.5965E+02     HH       9028

 BOND    =      348.0578  ANGLE   =     2022.0445  DIHED      =     8299.5597
 VDWAALS =    10114.3251  EEL     =  -261609.9140  HBOND      =        0.0000
 1-4 VDW =     3111.5402  1-4 EEL =    29457.2688  RESTRAINT  =     3369.8859
 EAMBER  =  -208257.1178


   NSTEP       ENERGY          RMS            GMAX         NAME    NUMBER
    400      -2.0489E+05     1.3559E+01     2.5965E+02     HH       9028

 BOND    =      348.0578  ANGLE   =     2022.0442  DIHED      =     8299.5598
 VDWAALS =    10114.3191  EEL     =  -261609.9013  HBOND      =        0.0000
 1-4 VDW =     3111.5403  1-4 EEL =    29457.2687  RESTRAINT  =     3369.8821
 EAMBER  =  -208257.1113


   NSTEP       ENERGY          RMS            GMAX         NAME    NUMBER
    450      -2.0489E+05     1.3559E+01     2.5965E+02     HH       9028

 BOND    =      348.0578  ANGLE   =     2022.0439  DIHED      =     8299.5597
 VDWAALS =    10114.3171  EEL     =  -261609.8838  HBOND      =        0.0000
 1-4 VDW =     3111.5403  1-4 EEL =    29457.2689  RESTRAINT  =     3369.8798
 EAMBER  =  -208257.0961


   NSTEP       ENERGY          RMS            GMAX         NAME    NUMBER
    500      -2.0489E+05     1.3559E+01     2.5965E+02     HH       9028

 BOND    =      348.0577  ANGLE   =     2022.0437  DIHED      =     8299.5597
 VDWAALS =    10114.3182  EEL     =  -261609.8772  HBOND      =        0.0000
 1-4 VDW =     3111.5403  1-4 EEL =    29457.2685  RESTRAINT  =     3369.8778
 EAMBER  =  -208257.0891


   NSTEP       ENERGY          RMS            GMAX         NAME    NUMBER
    550      -2.0489E+05     1.3559E+01     2.5965E+02     HH       9028

 BOND    =      348.0577  ANGLE   =     2022.0435  DIHED      =     8299.5597
 VDWAALS =    10114.3141  EEL     =  -261609.8664  HBOND      =        0.0000
 1-4 VDW =     3111.5403  1-4 EEL =    29457.2685  RESTRAINT  =     3369.8768
 EAMBER  =  -208257.0825


   NSTEP       ENERGY          RMS            GMAX         NAME    NUMBER
    600      -2.0489E+05     1.3559E+01     2.5965E+02     HH       9028

 BOND    =      348.0576  ANGLE   =     2022.0434  DIHED      =     8299.5597
 VDWAALS =    10114.3152  EEL     =  -261609.8590  HBOND      =        0.0000
 1-4 VDW =     3111.5403  1-4 EEL =    29457.2684  RESTRAINT  =     3369.8758
 EAMBER  =  -208257.0744


   NSTEP       ENERGY          RMS            GMAX         NAME    NUMBER
    650      -2.0489E+05     1.3559E+01     2.5965E+02     HH       9028

 BOND    =      348.0576  ANGLE   =     2022.0432  DIHED      =     8299.5597
 VDWAALS =    10114.3149  EEL     =  -261609.8523  HBOND      =        0.0000
 1-4 VDW =     3111.5403  1-4 EEL =    29457.2684  RESTRAINT  =     3369.8743
 EAMBER  =  -208257.0682


   NSTEP       ENERGY          RMS            GMAX         NAME    NUMBER
    700      -2.0489E+05     1.3559E+01     2.5965E+02     HH       9028

 BOND    =      348.0576  ANGLE   =     2022.0432  DIHED      =     8299.5596
 VDWAALS =    10114.3141  EEL     =  -261609.8481  HBOND      =        0.0000
 1-4 VDW =     3111.5403  1-4 EEL =    29457.2683  RESTRAINT  =     3369.8727
 EAMBER  =  -208257.0651


   NSTEP       ENERGY          RMS            GMAX         NAME    NUMBER
    750      -2.0489E+05     1.3559E+01     2.5965E+02     HH       9028

 BOND    =      348.0575  ANGLE   =     2022.0429  DIHED      =     8299.5597
 VDWAALS =    10114.3087  EEL     =  -261609.8311  HBOND      =        0.0000
 1-4 VDW =     3111.5404  1-4 EEL =    29457.2683  RESTRAINT  =     3369.8715
 EAMBER  =  -208257.0535


   NSTEP       ENERGY          RMS            GMAX         NAME    NUMBER
    800      -2.0489E+05     1.3559E+01     2.5965E+02     HH       9028

 BOND    =      348.0574  ANGLE   =     2022.0428  DIHED      =     8299.5598
 VDWAALS =    10114.3082  EEL     =  -261609.8251  HBOND      =        0.0000
 1-4 VDW =     3111.5404  1-4 EEL =    29457.2682  RESTRAINT  =     3369.8704
 EAMBER  =  -208257.0483

     .... RESTARTED DUE TO LINMIN FAILURE ...


   NSTEP       ENERGY          RMS            GMAX         NAME    NUMBER
    850      -2.0489E+05     1.3559E+01     2.5965E+02     HH       9028

 BOND    =      348.0574  ANGLE   =     2022.0426  DIHED      =     8299.5598
 VDWAALS =    10114.3055  EEL     =  -261609.8168  HBOND      =        0.0000
 1-4 VDW =     3111.5405  1-4 EEL =    29457.2681  RESTRAINT  =     3369.8702
 EAMBER  =  -208257.0429


   NSTEP       ENERGY          RMS            GMAX         NAME    NUMBER
    900      -2.0489E+05     1.3559E+01     2.5965E+02     HH       9028

 BOND    =      348.0574  ANGLE   =     2022.0426  DIHED      =     8299.5597
 VDWAALS =    10114.3072  EEL     =  -261609.8095  HBOND      =        0.0000
 1-4 VDW =     3111.5405  1-4 EEL =    29457.2681  RESTRAINT  =     3369.8687
 EAMBER  =  -208257.0341


   NSTEP       ENERGY          RMS            GMAX         NAME    NUMBER
    950      -2.0489E+05     1.3559E+01     2.5965E+02     HH       9028

 BOND    =      348.0573  ANGLE   =     2022.0424  DIHED      =     8299.5596
 VDWAALS =    10114.3051  EEL     =  -261609.8042  HBOND      =        0.0000
 1-4 VDW =     3111.5405  1-4 EEL =    29457.2681  RESTRAINT  =     3369.8698
 EAMBER  =  -208257.0313


   NSTEP       ENERGY          RMS            GMAX         NAME    NUMBER
   1000      -2.0489E+05     1.3559E+01     2.5965E+02     HH       9028

 BOND    =      348.0573  ANGLE   =     2022.0423  DIHED      =     8299.5595
 VDWAALS =    10114.3050  EEL     =  -261609.7954  HBOND      =        0.0000
 1-4 VDW =     3111.5404  1-4 EEL =    29457.2682  RESTRAINT  =     3369.8664
 EAMBER  =  -208257.0227


  Maximum number of minimization cycles reached.


                    FINAL RESULTS



   NSTEP       ENERGY          RMS            GMAX         NAME    NUMBER
   1000      -2.0489E+05     1.3559E+01     2.5965E+02     HH       9028

 BOND    =      348.0573  ANGLE   =     2022.0423  DIHED      =     8299.5595
 VDWAALS =    10114.3050  EEL     =  -261609.7954  HBOND      =        0.0000
 1-4 VDW =     3111.5404  1-4 EEL =    29457.2682  RESTRAINT  =     3369.8664
 EAMBER  =  -208257.0227
--------------------------------------------------------------------------------
   5.  TIMINGS
--------------------------------------------------------------------------------

|  NonSetup CPU Time in Major Routines:
|
|     Routine           Sec        %
|     ------------------------------
|     Nonbond           0.72   17.92
|     Bond              0.00    0.00
|     Angle             0.00    0.00
|     Dihedral          0.00    0.00
|     Shake             1.48   37.05
|     Other             1.80   45.03
|     ------------------------------
|     Total             4.00

|  PME Nonbond Pairlist CPU Time:
|
|     Routine              Sec        %
|     ---------------------------------
|     Set Up Cit           0.00    0.00
|     Build List           0.00    0.00
|     ---------------------------------
|     Total                0.00    0.00

|  PME Direct Force CPU Time:
|
|     Routine              Sec        %
|     ---------------------------------
|     NonBonded Calc       0.00    0.00
|     Exclude Masked       0.00    0.00
|     Other                0.00    0.02
|     ---------------------------------
|     Total                0.00    0.02

|  PME Reciprocal Force CPU Time:
|
|     Routine              Sec        %
|     ---------------------------------
|     1D bspline           0.00    0.00
|     Grid Charges         0.00    0.00
|     Scalar Sum           0.00    0.00
|     Gradient Sum         0.00    0.00
|     FFT                  0.00    0.00
|     ---------------------------------
|     Total                0.00    0.00

|  Setup CPU time:            1.08 seconds
|  NonSetup CPU time:         4.00 seconds
|  Total CPU time:            5.08 seconds     0.00 hours

|  Setup wall time:           2    seconds
|  NonSetup wall time:        4    seconds
|  Total wall time:           6    seconds     0.00 hours
