
          -------------------------------------------------------
          Amber 20 PMEMD                              2020
          -------------------------------------------------------

| PMEMD implementation of SANDER, Release 18

|  Compiled date/time: Thu Jun  2 17:33:41 2022
| Run on 10/15/2023 at 12:24:56

|   Executable path: pmemd.cuda
| Working directory: /lustre07/scratch/livtoft/SURE/BTS1/S75C/GPP-IPP
|          Hostname: ng10706

  [-O]verwriting output

File Assignments:
|   MDIN: ../../Relaxation/1min.in                                              
|  MDOUT: 1min.out                                                              
| INPCRD: GPP_IPP_ion.inpcrd                                                    
|   PARM: GPP_IPP_ion.prmtop                                                    
| RESTRT: 1min.rst7                                                             
|   REFC: GPP_IPP_ion.inpcrd                                                    
|  MDVEL: mdvel                                                                 
|   MDEN: mden                                                                  
|  MDCRD: mdcrd.1min                                                            
| MDINFO: 1min.info                                                             
|  MDFRC: mdfrc                                                                 


 Here is the input file:

minimization of solvent                                                        
 &cntrl                                                                        
  imin = 1, maxcyc = 1000,                                                     
  ncyc = 100, ntx = 1,                                                         
  ntwe = 0, ntwr = 500, ntpr = 50,                                             
  ntc = 2, ntf = 2, ntb = 1, ntp = 0,                                          
  cut = 10.0,                                                                  
  ntr=1, restraintmask = ':1-688', restraint_wt = 200.,                        
  ioutfm=1, ntxo=2,                                                            
 /                                                                             


Note: ig = -1. Setting random seed to   591787 based on wallclock time in 
      microseconds.
| irandom = 1, using AMBER's internal random number generator (default).
 
|--------------------- INFORMATION ----------------------
| GPU (CUDA) Version of PMEMD in use: NVIDIA GPU IN USE.
|                    Version 18.0.0
| 
|                      03/25/2018
| 
| Implementation by:
|                    Ross C. Walker     (SDSC)
|                    Scott Le Grand     (nVIDIA)
| 
| Version 18 performance extensions by:
|                    David Cerutti     (Rutgers)
| 
| Precision model in use:
|      [SPFP] - Single Precision Forces, 64-bit Fixed Point
|               Accumulation. (Default)
| 
|--------------------------------------------------------
 
|----------------- CITATION INFORMATION -----------------
|
|    When publishing work that utilized the CUDA version
|    of AMBER, please cite the following in addition to
|    the regular AMBER citations:
|
|  - Romelia Salomon-Ferrer; Andreas W. Goetz; Duncan
|    Poole; Scott Le Grand; Ross C. Walker "Routine
|    microsecond molecular dynamics simulations with
|    AMBER - Part II: Particle Mesh Ewald", J. Chem.
|    Theory Comput., 2013, 9 (9), pp3878-3888,
|    DOI: 10.1021/ct400314y.
|
|  - Andreas W. Goetz; Mark J. Williamson; Dong Xu;
|    Duncan Poole; Scott Le Grand; Ross C. Walker
|    "Routine microsecond molecular dynamics simulations
|    with AMBER - Part I: Generalized Born", J. Chem.
|    Theory Comput., 2012, 8 (5), pp1542-1555.
|
|  - Scott Le Grand; Andreas W. Goetz; Ross C. Walker
|    "SPFP: Speed without compromise - a mixed precision
|    model for GPU accelerated molecular dynamics
|    simulations.", Comp. Phys. Comm., 2013, 184
|    pp374-380, DOI: 10.1016/j.cpc.2012.09.022
|
|--------------------------------------------------------
 
|------------------- GPU DEVICE INFO --------------------
|
|            CUDA_VISIBLE_DEVICES: 0
|   CUDA Capable Devices Detected:      1
|           CUDA Device ID in use:      0
|                CUDA Device Name: NVIDIA A100-SXM4-40GB
|     CUDA Device Global Mem Size:  40339 MB
| CUDA Device Num Multiprocessors:    108
|           CUDA Device Core Freq:   1.41 GHz
|
|--------------------------------------------------------
 
 
| Conditional Compilation Defines Used:
| PUBFFT
| BINTRAJ
| CUDA
| EMIL

| Largest sphere to fit in unit cell has radius =    42.077

| New format PARM file being parsed.
| Version =    1.000 Date = 10/14/23 Time = 18:56:41

| Note: 1-4 EEL scale factors are being read from the topology file.

| Note: 1-4 VDW scale factors are being read from the topology file.
| Duplicated    0 dihedrals

| Duplicated    0 dihedrals

--------------------------------------------------------------------------------
   1.  RESOURCE   USE: 
--------------------------------------------------------------------------------

 getting new box info from bottom of inpcrd
 NATOM  =   74621 NTYPES =      20 NBONH =   68860 MBONA  =    5696
 NTHETH =   12876 MTHETA =    7722 NPHIH =   25805 MPHIA  =   24838
 NHPARM =       0 NPARM  =       0 NNB   =  146656 NRES   =   21918
 NBONA  =    5696 NTHETA =    7722 NPHIA =   24838 NUMBND =      80
 NUMANG =     183 NPTRA  =     212 NATYP =      47 NPHB   =       0
 IFBOX  =       2 NMXRS  =      36 IFCAP =       0 NEXTRA =       0
 NCOPY  =       0

| Coordinate Index Table dimensions:    16   16   16
| Direct force subcell size =     6.4418    6.4418    6.4418

     BOX TYPE: TRUNCATED OCTAHEDRON

--------------------------------------------------------------------------------
   2.  CONTROL  DATA  FOR  THE  RUN
--------------------------------------------------------------------------------

default_name                                                                    

General flags:
     imin    =       1, nmropt  =       0

Nature and format of input:
     ntx     =       1, irest   =       0, ntrx    =       1

Nature and format of output:
     ntxo    =       2, ntpr    =      50, ntrx    =       1, ntwr    =     500
     iwrap   =       0, ntwx    =       0, ntwv    =       0, ntwe    =       0
     ioutfm  =       1, ntwprt  =       0, idecomp =       0, rbornstat=      0

Potential function:
     ntf     =       2, ntb     =       1, igb     =       0, nsnb    =      25
     ipol    =       0, gbsa    =       0, iesp    =       0
     dielc   =   1.00000, cut     =  10.00000, intdiel =   1.00000

Frozen or restrained atoms:
     ibelly  =       0, ntr     =       1
     restraint_wt = 200.00000

Energy minimization:
     maxcyc  =    1000, ncyc    =     100, ntmin   =       1
     dx0     =   0.01000, drms    =   0.00010

SHAKE:
     ntc     =       2, jfastw  =       0
     tol     =   0.00001

| Intermolecular bonds treatment:
|     no_intermolecular_bonds =       1

| Energy averages sample interval:
|     ene_avg_sampling =       1

Ewald parameters:
     verbose =       0, ew_type =       0, nbflag  =       1, use_pme =       1
     vdwmeth =       1, eedmeth =       1, netfrc  =       0
     Box X =  103.068   Box Y =  103.068   Box Z =  103.068
     Alpha =  109.471   Beta  =  109.471   Gamma =  109.471
     NFFT1 =  108       NFFT2 =  108       NFFT3 =  108
     Cutoff=   10.000   Tol   =0.100E-04
     Ewald Coefficient =  0.27511
     Interpolation order =    4

    LOADING THE CONSTRAINED ATOMS AS GROUPS


   5.  REFERENCE ATOM COORDINATES

  default_name                                                                    
     Mask :1-688; matches 11257 atoms

--------------------------------------------------------------------------------
   3.  ATOMIC COORDINATES AND VELOCITIES
--------------------------------------------------------------------------------

default_name                                                                    
 begin time read from input coords =     0.000 ps

 
 Number of triangulated 3-point waters found:    21067

     Sum of charges from parm topology file =  -0.00000029
     Forcing neutrality...

| Dynamic Memory, Types Used:
| Reals             2092537
| Integers          3131164

| Nonbonded Pairs Initial Allocation:    22570986

| GPU memory information (estimate):
| KB of GPU memory in use:    461669
| KB of CPU memory in use:    169947

--------------------------------------------------------------------------------
   4.  RESULTS
--------------------------------------------------------------------------------



   NSTEP       ENERGY          RMS            GMAX         NAME    NUMBER
      1      -8.2304E+09     2.1810E+02     2.4786E+04     O2B      5579

 BOND    =      932.5410  ANGLE   =     2077.6116  DIHED      =     8279.8421
 VDWAALS = *************  EEL     =  -256882.9121  HBOND      =        0.0000
 1-4 VDW =     3210.0914  1-4 EEL =    29258.3164  RESTRAINT  =        5.3768
 EAMBER  = *************


   NSTEP       ENERGY          RMS            GMAX         NAME    NUMBER
     50       7.5175E+05     9.5570E+01     2.1478E+04     HB2      3425

 BOND    =     2153.0334  ANGLE   =     3019.2025  DIHED      =     8388.0395
 VDWAALS =    23456.8837  EEL     =  -264839.3704  HBOND      =        0.0000
 1-4 VDW =   936019.3680  1-4 EEL =    28935.1830  RESTRAINT  =    14616.1601
 EAMBER  =   737132.3396


   NSTEP       ENERGY          RMS            GMAX         NAME    NUMBER
    100      -2.0445E+05     1.3716E+01     3.6861E+02     HB2      3425

 BOND    =      358.4336  ANGLE   =     2094.2307  DIHED      =     8310.1037
 VDWAALS =    10359.9896  EEL     =  -261245.1286  HBOND      =        0.0000
 1-4 VDW =     3128.0570  1-4 EEL =    28948.0835  RESTRAINT  =     3599.2282
 EAMBER  =  -208046.2305


   NSTEP       ENERGY          RMS            GMAX         NAME    NUMBER
    150      -2.0445E+05     1.3716E+01     3.6861E+02     HB2      3425

 BOND    =      358.4336  ANGLE   =     2094.2303  DIHED      =     8310.1036
 VDWAALS =    10359.9916  EEL     =  -261245.1266  HBOND      =        0.0000
 1-4 VDW =     3128.0569  1-4 EEL =    28948.0834  RESTRAINT  =     3599.2258
 EAMBER  =  -208046.2271


   NSTEP       ENERGY          RMS            GMAX         NAME    NUMBER
    200      -2.0445E+05     1.3716E+01     3.6861E+02     HB2      3425

 BOND    =      358.4335  ANGLE   =     2094.2292  DIHED      =     8310.1035
 VDWAALS =    10359.9913  EEL     =  -261245.1180  HBOND      =        0.0000
 1-4 VDW =     3128.0569  1-4 EEL =    28948.0834  RESTRAINT  =     3599.2214
 EAMBER  =  -208046.2201


   NSTEP       ENERGY          RMS            GMAX         NAME    NUMBER
    250      -2.0445E+05     1.3716E+01     3.6860E+02     HB2      3425

 BOND    =      358.4334  ANGLE   =     2094.2272  DIHED      =     8310.1034
 VDWAALS =    10359.9808  EEL     =  -261245.1010  HBOND      =        0.0000
 1-4 VDW =     3128.0568  1-4 EEL =    28948.0834  RESTRAINT  =     3599.2179
 EAMBER  =  -208046.2161


   NSTEP       ENERGY          RMS            GMAX         NAME    NUMBER
    300      -2.0445E+05     1.3716E+01     3.6860E+02     HB2      3425

 BOND    =      358.4335  ANGLE   =     2094.2263  DIHED      =     8310.1034
 VDWAALS =    10359.9799  EEL     =  -261245.0924  HBOND      =        0.0000
 1-4 VDW =     3128.0567  1-4 EEL =    28948.0837  RESTRAINT  =     3599.2129
 EAMBER  =  -208046.2091


   NSTEP       ENERGY          RMS            GMAX         NAME    NUMBER
    350      -2.0445E+05     1.3716E+01     3.6860E+02     HB2      3425

 BOND    =      358.4334  ANGLE   =     2094.2256  DIHED      =     8310.1034
 VDWAALS =    10359.9799  EEL     =  -261245.0860  HBOND      =        0.0000
 1-4 VDW =     3128.0566  1-4 EEL =    28948.0837  RESTRAINT  =     3599.2118
 EAMBER  =  -208046.2033


   NSTEP       ENERGY          RMS            GMAX         NAME    NUMBER
    400      -2.0445E+05     1.3716E+01     3.6860E+02     HB2      3425

 BOND    =      358.4333  ANGLE   =     2094.2238  DIHED      =     8310.1035
 VDWAALS =    10359.9742  EEL     =  -261245.0727  HBOND      =        0.0000
 1-4 VDW =     3128.0564  1-4 EEL =    28948.0833  RESTRAINT  =     3599.2049
 EAMBER  =  -208046.1982


   NSTEP       ENERGY          RMS            GMAX         NAME    NUMBER
    450      -2.0445E+05     1.3716E+01     3.6860E+02     HB2      3425

 BOND    =      358.4333  ANGLE   =     2094.2225  DIHED      =     8310.1033
 VDWAALS =    10359.9718  EEL     =  -261245.0653  HBOND      =        0.0000
 1-4 VDW =     3128.0563  1-4 EEL =    28948.0832  RESTRAINT  =     3599.2022
 EAMBER  =  -208046.1949

     .... RESTARTED DUE TO LINMIN FAILURE ...


   NSTEP       ENERGY          RMS            GMAX         NAME    NUMBER
    500      -2.0445E+05     1.3716E+01     3.6859E+02     HB2      3425

 BOND    =      358.4333  ANGLE   =     2094.2217  DIHED      =     8310.1032
 VDWAALS =    10359.9759  EEL     =  -261245.0565  HBOND      =        0.0000
 1-4 VDW =     3128.0562  1-4 EEL =    28948.0832  RESTRAINT  =     3599.1975
 EAMBER  =  -208046.1830

     .... RESTARTED DUE TO LINMIN FAILURE ...


   NSTEP       ENERGY          RMS            GMAX         NAME    NUMBER
    550      -2.0445E+05     1.3716E+01     3.6859E+02     HB2      3425

 BOND    =      358.4333  ANGLE   =     2094.2194  DIHED      =     8310.1033
 VDWAALS =    10359.9666  EEL     =  -261245.0367  HBOND      =        0.0000
 1-4 VDW =     3128.0561  1-4 EEL =    28948.0832  RESTRAINT  =     3599.1908
 EAMBER  =  -208046.1750


   NSTEP       ENERGY          RMS            GMAX         NAME    NUMBER
    600      -2.0445E+05     1.3716E+01     3.6859E+02     HB2      3425

 BOND    =      358.4332  ANGLE   =     2094.2181  DIHED      =     8310.1031
 VDWAALS =    10359.9671  EEL     =  -261245.0245  HBOND      =        0.0000
 1-4 VDW =     3128.0558  1-4 EEL =    28948.0832  RESTRAINT  =     3599.1893
 EAMBER  =  -208046.1640


   NSTEP       ENERGY          RMS            GMAX         NAME    NUMBER
    650      -2.0445E+05     1.3716E+01     3.6859E+02     HB2      3425

 BOND    =      358.4331  ANGLE   =     2094.2165  DIHED      =     8310.1029
 VDWAALS =    10359.9750  EEL     =  -261245.0137  HBOND      =        0.0000
 1-4 VDW =     3128.0555  1-4 EEL =    28948.0832  RESTRAINT  =     3599.1844
 EAMBER  =  -208046.1475


   NSTEP       ENERGY          RMS            GMAX         NAME    NUMBER
    700      -2.0445E+05     1.3716E+01     3.6858E+02     HB2      3425

 BOND    =      358.4330  ANGLE   =     2094.2147  DIHED      =     8310.1029
 VDWAALS =    10359.9634  EEL     =  -261244.9931  HBOND      =        0.0000
 1-4 VDW =     3128.0555  1-4 EEL =    28948.0829  RESTRAINT  =     3599.1794
 EAMBER  =  -208046.1406

     .... RESTARTED DUE TO LINMIN FAILURE ...


   NSTEP       ENERGY          RMS            GMAX         NAME    NUMBER
    750      -2.0445E+05     1.3716E+01     3.6858E+02     HB2      3425

 BOND    =      358.4329  ANGLE   =     2094.2120  DIHED      =     8310.1029
 VDWAALS =    10359.9576  EEL     =  -261244.9712  HBOND      =        0.0000
 1-4 VDW =     3128.0553  1-4 EEL =    28948.0829  RESTRAINT  =     3599.1697
 EAMBER  =  -208046.1276


   NSTEP       ENERGY          RMS            GMAX         NAME    NUMBER
    800      -2.0445E+05     1.3716E+01     3.6858E+02     HB2      3425

 BOND    =      358.4329  ANGLE   =     2094.2105  DIHED      =     8310.1029
 VDWAALS =    10359.9522  EEL     =  -261244.9566  HBOND      =        0.0000
 1-4 VDW =     3128.0551  1-4 EEL =    28948.0828  RESTRAINT  =     3599.1645
 EAMBER  =  -208046.1200


   NSTEP       ENERGY          RMS            GMAX         NAME    NUMBER
    850      -2.0445E+05     1.3716E+01     3.6857E+02     HB2      3425

 BOND    =      358.4328  ANGLE   =     2094.2095  DIHED      =     8310.1028
 VDWAALS =    10359.9511  EEL     =  -261244.9443  HBOND      =        0.0000
 1-4 VDW =     3128.0550  1-4 EEL =    28948.0826  RESTRAINT  =     3599.1620
 EAMBER  =  -208046.1106


   NSTEP       ENERGY          RMS            GMAX         NAME    NUMBER
    900      -2.0445E+05     1.3716E+01     3.6857E+02     HB2      3425

 BOND    =      358.4328  ANGLE   =     2094.2076  DIHED      =     8310.1027
 VDWAALS =    10359.9456  EEL     =  -261244.9300  HBOND      =        0.0000
 1-4 VDW =     3128.0549  1-4 EEL =    28948.0823  RESTRAINT  =     3599.1582
 EAMBER  =  -208046.1041


   NSTEP       ENERGY          RMS            GMAX         NAME    NUMBER
    950      -2.0445E+05     1.3716E+01     3.6857E+02     HB2      3425

 BOND    =      358.4328  ANGLE   =     2094.2068  DIHED      =     8310.1026
 VDWAALS =    10359.9477  EEL     =  -261244.9207  HBOND      =        0.0000
 1-4 VDW =     3128.0547  1-4 EEL =    28948.0825  RESTRAINT  =     3599.1554
 EAMBER  =  -208046.0936

     .... RESTARTED DUE TO LINMIN FAILURE ...


   NSTEP       ENERGY          RMS            GMAX         NAME    NUMBER
   1000      -2.0445E+05     1.3716E+01     3.6857E+02     HB2      3425

 BOND    =      358.4328  ANGLE   =     2094.2064  DIHED      =     8310.1026
 VDWAALS =    10359.9478  EEL     =  -261244.9183  HBOND      =        0.0000
 1-4 VDW =     3128.0547  1-4 EEL =    28948.0826  RESTRAINT  =     3599.1532
 EAMBER  =  -208046.0915


  Maximum number of minimization cycles reached.


                    FINAL RESULTS



   NSTEP       ENERGY          RMS            GMAX         NAME    NUMBER
   1000      -2.0445E+05     1.3716E+01     3.6857E+02     HB2      3425

 BOND    =      358.4328  ANGLE   =     2094.2064  DIHED      =     8310.1026
 VDWAALS =    10359.9478  EEL     =  -261244.9183  HBOND      =        0.0000
 1-4 VDW =     3128.0547  1-4 EEL =    28948.0826  RESTRAINT  =     3599.1532
 EAMBER  =  -208046.0915
--------------------------------------------------------------------------------
   5.  TIMINGS
--------------------------------------------------------------------------------

|  NonSetup CPU Time in Major Routines:
|
|     Routine           Sec        %
|     ------------------------------
|     Nonbond           0.72   17.53
|     Bond              0.00    0.00
|     Angle             0.00    0.00
|     Dihedral          0.00    0.00
|     Shake             1.48   36.30
|     Other             1.89   46.17
|     ------------------------------
|     Total             4.09

|  PME Nonbond Pairlist CPU Time:
|
|     Routine              Sec        %
|     ---------------------------------
|     Set Up Cit           0.00    0.00
|     Build List           0.00    0.00
|     ---------------------------------
|     Total                0.00    0.00

|  PME Direct Force CPU Time:
|
|     Routine              Sec        %
|     ---------------------------------
|     NonBonded Calc       0.00    0.00
|     Exclude Masked       0.00    0.00
|     Other                0.00    0.03
|     ---------------------------------
|     Total                0.00    0.03

|  PME Reciprocal Force CPU Time:
|
|     Routine              Sec        %
|     ---------------------------------
|     1D bspline           0.00    0.00
|     Grid Charges         0.00    0.00
|     Scalar Sum           0.00    0.00
|     Gradient Sum         0.00    0.00
|     FFT                  0.00    0.00
|     ---------------------------------
|     Total                0.00    0.00

|  Setup CPU time:            1.33 seconds
|  NonSetup CPU time:         4.09 seconds
|  Total CPU time:            5.42 seconds     0.00 hours

|  Setup wall time:           1    seconds
|  NonSetup wall time:        5    seconds
|  Total wall time:           6    seconds     0.00 hours
