
          -------------------------------------------------------
          Amber 20 PMEMD                              2020
          -------------------------------------------------------

| PMEMD implementation of SANDER, Release 18

|  Compiled date/time: Thu Jun  2 17:33:41 2022
| Run on 08/29/2023 at 16:23:08

|   Executable path: pmemd.cuda
| Working directory: /lustre07/scratch/livtoft/SURE/BTS1/R48G_S188P/DMAPP-IPP
|          Hostname: ng10711

  [-O]verwriting output

File Assignments:
|   MDIN: ../../Relaxation/1min.in                                              
|  MDOUT: 1min.out                                                              
| INPCRD: DMAPP_IPP_ion.inpcrd                                                  
|   PARM: DMAPP_IPP_ion.prmtop                                                  
| RESTRT: 1min.rst7                                                             
|   REFC: DMAPP_IPP_ion.inpcrd                                                  
|  MDVEL: mdvel                                                                 
|   MDEN: mden                                                                  
|  MDCRD: mdcrd.1min                                                            
| MDINFO: 1min.info                                                             
|  MDFRC: mdfrc                                                                 


 Here is the input file:

minimization of solvent                                                        
 &cntrl                                                                        
  imin = 1, maxcyc = 1000,                                                     
  ncyc = 100, ntx = 1,                                                         
  ntwe = 0, ntwr = 500, ntpr = 50,                                             
  ntc = 2, ntf = 2, ntb = 1, ntp = 0,                                          
  cut = 10.0,                                                                  
  ntr=1, restraintmask = ':1-688', restraint_wt = 200.,                        
  ioutfm=1, ntxo=2,                                                            
 /                                                                             


Note: ig = -1. Setting random seed to   605610 based on wallclock time in 
      microseconds.
| irandom = 1, using AMBER's internal random number generator (default).
 
|--------------------- INFORMATION ----------------------
| GPU (CUDA) Version of PMEMD in use: NVIDIA GPU IN USE.
|                    Version 18.0.0
| 
|                      03/25/2018
| 
| Implementation by:
|                    Ross C. Walker     (SDSC)
|                    Scott Le Grand     (nVIDIA)
| 
| Version 18 performance extensions by:
|                    David Cerutti     (Rutgers)
| 
| Precision model in use:
|      [SPFP] - Single Precision Forces, 64-bit Fixed Point
|               Accumulation. (Default)
| 
|--------------------------------------------------------
 
|----------------- CITATION INFORMATION -----------------
|
|    When publishing work that utilized the CUDA version
|    of AMBER, please cite the following in addition to
|    the regular AMBER citations:
|
|  - Romelia Salomon-Ferrer; Andreas W. Goetz; Duncan
|    Poole; Scott Le Grand; Ross C. Walker "Routine
|    microsecond molecular dynamics simulations with
|    AMBER - Part II: Particle Mesh Ewald", J. Chem.
|    Theory Comput., 2013, 9 (9), pp3878-3888,
|    DOI: 10.1021/ct400314y.
|
|  - Andreas W. Goetz; Mark J. Williamson; Dong Xu;
|    Duncan Poole; Scott Le Grand; Ross C. Walker
|    "Routine microsecond molecular dynamics simulations
|    with AMBER - Part I: Generalized Born", J. Chem.
|    Theory Comput., 2012, 8 (5), pp1542-1555.
|
|  - Scott Le Grand; Andreas W. Goetz; Ross C. Walker
|    "SPFP: Speed without compromise - a mixed precision
|    model for GPU accelerated molecular dynamics
|    simulations.", Comp. Phys. Comm., 2013, 184
|    pp374-380, DOI: 10.1016/j.cpc.2012.09.022
|
|--------------------------------------------------------
 
|------------------- GPU DEVICE INFO --------------------
|
|            CUDA_VISIBLE_DEVICES: 0
|   CUDA Capable Devices Detected:      1
|           CUDA Device ID in use:      0
|                CUDA Device Name: NVIDIA A100-SXM4-40GB
|     CUDA Device Global Mem Size:  40339 MB
| CUDA Device Num Multiprocessors:    108
|           CUDA Device Core Freq:   1.41 GHz
|
|--------------------------------------------------------
 
 
| Conditional Compilation Defines Used:
| PUBFFT
| BINTRAJ
| CUDA
| EMIL

| Largest sphere to fit in unit cell has radius =    42.112

| New format PARM file being parsed.
| Version =    1.000 Date = 08/29/23 Time = 16:15:26

| Note: 1-4 EEL scale factors are being read from the topology file.

| Note: 1-4 VDW scale factors are being read from the topology file.
| Duplicated    0 dihedrals

| Duplicated    0 dihedrals

--------------------------------------------------------------------------------
   1.  RESOURCE   USE: 
--------------------------------------------------------------------------------

 getting new box info from bottom of inpcrd
 NATOM  =   74830 NTYPES =      20 NBONH =   69088 MBONA  =    5677
 NTHETH =   12810 MTHETA =    7702 NPHIH =   25645 MPHIA  =   24796
 NHPARM =       0 NPARM  =       0 NNB   =  146740 NRES   =   22007
 NBONA  =    5677 NTHETA =    7702 NPHIA =   24796 NUMBND =      78
 NUMANG =     181 NPTRA  =     201 NATYP =      45 NPHB   =       0
 IFBOX  =       2 NMXRS  =      24 IFCAP =       0 NEXTRA =       0
 NCOPY  =       0

| Coordinate Index Table dimensions:    16   16   16
| Direct force subcell size =     6.4470    6.4470    6.4470

     BOX TYPE: TRUNCATED OCTAHEDRON

--------------------------------------------------------------------------------
   2.  CONTROL  DATA  FOR  THE  RUN
--------------------------------------------------------------------------------

default_name                                                                    

General flags:
     imin    =       1, nmropt  =       0

Nature and format of input:
     ntx     =       1, irest   =       0, ntrx    =       1

Nature and format of output:
     ntxo    =       2, ntpr    =      50, ntrx    =       1, ntwr    =     500
     iwrap   =       0, ntwx    =       0, ntwv    =       0, ntwe    =       0
     ioutfm  =       1, ntwprt  =       0, idecomp =       0, rbornstat=      0

Potential function:
     ntf     =       2, ntb     =       1, igb     =       0, nsnb    =      25
     ipol    =       0, gbsa    =       0, iesp    =       0
     dielc   =   1.00000, cut     =  10.00000, intdiel =   1.00000

Frozen or restrained atoms:
     ibelly  =       0, ntr     =       1
     restraint_wt = 200.00000

Energy minimization:
     maxcyc  =    1000, ncyc    =     100, ntmin   =       1
     dx0     =   0.01000, drms    =   0.00010

SHAKE:
     ntc     =       2, jfastw  =       0
     tol     =   0.00001

| Intermolecular bonds treatment:
|     no_intermolecular_bonds =       1

| Energy averages sample interval:
|     ene_avg_sampling =       1

Ewald parameters:
     verbose =       0, ew_type =       0, nbflag  =       1, use_pme =       1
     vdwmeth =       1, eedmeth =       1, netfrc  =       0
     Box X =  103.153   Box Y =  103.153   Box Z =  103.153
     Alpha =  109.471   Beta  =  109.471   Gamma =  109.471
     NFFT1 =  108       NFFT2 =  108       NFFT3 =  108
     Cutoff=   10.000   Tol   =0.100E-04
     Ewald Coefficient =  0.27511
     Interpolation order =    4

    LOADING THE CONSTRAINED ATOMS AS GROUPS


   5.  REFERENCE ATOM COORDINATES

  default_name                                                                    
     Mask :1-688; matches 11203 atoms

--------------------------------------------------------------------------------
   3.  ATOMIC COORDINATES AND VELOCITIES
--------------------------------------------------------------------------------

default_name                                                                    
 begin time read from input coords =     0.000 ps

 
 Number of triangulated 3-point waters found:    21154

     Sum of charges from parm topology file =  -0.00000029
     Forcing neutrality...

| Dynamic Memory, Types Used:
| Reals             2097834
| Integers          3131763

| Nonbonded Pairs Initial Allocation:    22634204

| GPU memory information (estimate):
| KB of GPU memory in use:    461782
| KB of CPU memory in use:    170061

--------------------------------------------------------------------------------
   4.  RESULTS
--------------------------------------------------------------------------------



   NSTEP       ENERGY          RMS            GMAX         NAME    NUMBER
      1       5.9554E+06     1.7067E+02     2.0525E+04     O2B     11166

 BOND    =      948.9568  ANGLE   =     2087.2334  DIHED      =     8341.4128
 VDWAALS =  6170249.1898  EEL     =  -259160.5535  HBOND      =        0.0000
 1-4 VDW =     3197.9644  1-4 EEL =    29768.2574  RESTRAINT  =        5.2242
 EAMBER  =  5955432.4610


   NSTEP       ENERGY          RMS            GMAX         NAME    NUMBER
     50      -1.9184E+05     4.0832E+01     8.8982E+03     HH12     1464

 BOND    =     2234.7290  ANGLE   =     2555.4380  DIHED      =     8411.3353
 VDWAALS =    13130.6423  EEL     =  -266902.1162  HBOND      =        0.0000
 1-4 VDW =     4166.7017  1-4 EEL =    29334.1700  RESTRAINT  =    15230.3047
 EAMBER  =  -207069.0998


   NSTEP       ENERGY          RMS            GMAX         NAME    NUMBER
    100      -2.0641E+05     1.3706E+01     3.6868E+02     HH       9021

 BOND    =      375.4075  ANGLE   =     2000.8806  DIHED      =     8380.4158
 VDWAALS =    10227.4619  EEL     =  -263095.5758  HBOND      =        0.0000
 1-4 VDW =     3098.3132  1-4 EEL =    29447.6549  RESTRAINT  =     3152.3003
 EAMBER  =  -209565.4419


   NSTEP       ENERGY          RMS            GMAX         NAME    NUMBER
    150      -2.0641E+05     1.3706E+01     3.6868E+02     HH       9021

 BOND    =      375.4076  ANGLE   =     2000.8805  DIHED      =     8380.4158
 VDWAALS =    10227.4635  EEL     =  -263095.5689  HBOND      =        0.0000
 1-4 VDW =     3098.3132  1-4 EEL =    29447.6549  RESTRAINT  =     3152.2989
 EAMBER  =  -209565.4334


   NSTEP       ENERGY          RMS            GMAX         NAME    NUMBER
    200      -2.0641E+05     1.3706E+01     3.6868E+02     HH       9021

 BOND    =      375.4079  ANGLE   =     2000.8799  DIHED      =     8380.4156
 VDWAALS =    10227.4550  EEL     =  -263095.5516  HBOND      =        0.0000
 1-4 VDW =     3098.3133  1-4 EEL =    29447.6547  RESTRAINT  =     3152.2928
 EAMBER  =  -209565.4252


   NSTEP       ENERGY          RMS            GMAX         NAME    NUMBER
    250      -2.0641E+05     1.3706E+01     3.6868E+02     HH       9021

 BOND    =      375.4082  ANGLE   =     2000.8795  DIHED      =     8380.4154
 VDWAALS =    10227.4444  EEL     =  -263095.5292  HBOND      =        0.0000
 1-4 VDW =     3098.3134  1-4 EEL =    29447.6551  RESTRAINT  =     3152.2856
 EAMBER  =  -209565.4133


   NSTEP       ENERGY          RMS            GMAX         NAME    NUMBER
    300      -2.0641E+05     1.3706E+01     3.6868E+02     HH       9021

 BOND    =      375.4083  ANGLE   =     2000.8793  DIHED      =     8380.4154
 VDWAALS =    10227.4468  EEL     =  -263095.5194  HBOND      =        0.0000
 1-4 VDW =     3098.3133  1-4 EEL =    29447.6550  RESTRAINT  =     3152.2850
 EAMBER  =  -209565.4011


   NSTEP       ENERGY          RMS            GMAX         NAME    NUMBER
    350      -2.0641E+05     1.3706E+01     3.6868E+02     HH       9021

 BOND    =      375.4084  ANGLE   =     2000.8791  DIHED      =     8380.4155
 VDWAALS =    10227.4412  EEL     =  -263095.5052  HBOND      =        0.0000
 1-4 VDW =     3098.3134  1-4 EEL =    29447.6551  RESTRAINT  =     3152.2813
 EAMBER  =  -209565.3925


   NSTEP       ENERGY          RMS            GMAX         NAME    NUMBER
    400      -2.0641E+05     1.3706E+01     3.6868E+02     HH       9021

 BOND    =      375.4085  ANGLE   =     2000.8788  DIHED      =     8380.4153
 VDWAALS =    10227.4409  EEL     =  -263095.4959  HBOND      =        0.0000
 1-4 VDW =     3098.3134  1-4 EEL =    29447.6550  RESTRAINT  =     3152.2787
 EAMBER  =  -209565.3840


   NSTEP       ENERGY          RMS            GMAX         NAME    NUMBER
    450      -2.0641E+05     1.3706E+01     3.6868E+02     HH       9021

 BOND    =      375.4087  ANGLE   =     2000.8785  DIHED      =     8380.4152
 VDWAALS =    10227.4331  EEL     =  -263095.4783  HBOND      =        0.0000
 1-4 VDW =     3098.3134  1-4 EEL =    29447.6551  RESTRAINT  =     3152.2740
 EAMBER  =  -209565.3744


   NSTEP       ENERGY          RMS            GMAX         NAME    NUMBER
    500      -2.0641E+05     1.3706E+01     3.6868E+02     HH       9021

 BOND    =      375.4089  ANGLE   =     2000.8781  DIHED      =     8380.4152
 VDWAALS =    10227.4288  EEL     =  -263095.4633  HBOND      =        0.0000
 1-4 VDW =     3098.3134  1-4 EEL =    29447.6553  RESTRAINT  =     3152.2731
 EAMBER  =  -209565.3636


   NSTEP       ENERGY          RMS            GMAX         NAME    NUMBER
    550      -2.0641E+05     1.3706E+01     3.6868E+02     HH       9021

 BOND    =      375.4090  ANGLE   =     2000.8780  DIHED      =     8380.4153
 VDWAALS =    10227.4272  EEL     =  -263095.4544  HBOND      =        0.0000
 1-4 VDW =     3098.3134  1-4 EEL =    29447.6556  RESTRAINT  =     3152.2702
 EAMBER  =  -209565.3559

     .... RESTARTED DUE TO LINMIN FAILURE ...


   NSTEP       ENERGY          RMS            GMAX         NAME    NUMBER
    600      -2.0641E+05     1.3706E+01     3.6868E+02     HH       9021

 BOND    =      375.4090  ANGLE   =     2000.8778  DIHED      =     8380.4151
 VDWAALS =    10227.4274  EEL     =  -263095.4490  HBOND      =        0.0000
 1-4 VDW =     3098.3133  1-4 EEL =    29447.6556  RESTRAINT  =     3152.2699
 EAMBER  =  -209565.3506


   NSTEP       ENERGY          RMS            GMAX         NAME    NUMBER
    650      -2.0641E+05     1.3706E+01     3.6868E+02     HH       9021

 BOND    =      375.4091  ANGLE   =     2000.8777  DIHED      =     8380.4151
 VDWAALS =    10227.4271  EEL     =  -263095.4422  HBOND      =        0.0000
 1-4 VDW =     3098.3133  1-4 EEL =    29447.6558  RESTRAINT  =     3152.2681
 EAMBER  =  -209565.3441


   NSTEP       ENERGY          RMS            GMAX         NAME    NUMBER
    700      -2.0641E+05     1.3706E+01     3.6868E+02     HH       9021

 BOND    =      375.4092  ANGLE   =     2000.8775  DIHED      =     8380.4149
 VDWAALS =    10227.4257  EEL     =  -263095.4351  HBOND      =        0.0000
 1-4 VDW =     3098.3133  1-4 EEL =    29447.6557  RESTRAINT  =     3152.2665
 EAMBER  =  -209565.3389


   NSTEP       ENERGY          RMS            GMAX         NAME    NUMBER
    750      -2.0641E+05     1.3706E+01     3.6868E+02     HH       9021

 BOND    =      375.4093  ANGLE   =     2000.8773  DIHED      =     8380.4150
 VDWAALS =    10227.4235  EEL     =  -263095.4246  HBOND      =        0.0000
 1-4 VDW =     3098.3133  1-4 EEL =    29447.6556  RESTRAINT  =     3152.2652
 EAMBER  =  -209565.3306


   NSTEP       ENERGY          RMS            GMAX         NAME    NUMBER
    800      -2.0641E+05     1.3706E+01     3.6868E+02     HH       9021

 BOND    =      375.4094  ANGLE   =     2000.8771  DIHED      =     8380.4149
 VDWAALS =    10227.4206  EEL     =  -263095.4167  HBOND      =        0.0000
 1-4 VDW =     3098.3133  1-4 EEL =    29447.6558  RESTRAINT  =     3152.2648
 EAMBER  =  -209565.3255


   NSTEP       ENERGY          RMS            GMAX         NAME    NUMBER
    850      -2.0641E+05     1.3706E+01     3.6868E+02     HH       9021

 BOND    =      375.4094  ANGLE   =     2000.8771  DIHED      =     8380.4150
 VDWAALS =    10227.4211  EEL     =  -263095.4068  HBOND      =        0.0000
 1-4 VDW =     3098.3133  1-4 EEL =    29447.6558  RESTRAINT  =     3152.2622
 EAMBER  =  -209565.3152

     .... RESTARTED DUE TO LINMIN FAILURE ...


   NSTEP       ENERGY          RMS            GMAX         NAME    NUMBER
    900      -2.0641E+05     1.3706E+01     3.6868E+02     HH       9021

 BOND    =      375.4095  ANGLE   =     2000.8770  DIHED      =     8380.4149
 VDWAALS =    10227.4189  EEL     =  -263095.4017  HBOND      =        0.0000
 1-4 VDW =     3098.3133  1-4 EEL =    29447.6558  RESTRAINT  =     3152.2627
 EAMBER  =  -209565.3122


   NSTEP       ENERGY          RMS            GMAX         NAME    NUMBER
    950      -2.0641E+05     1.3706E+01     3.6868E+02     HH       9021

 BOND    =      375.4096  ANGLE   =     2000.8769  DIHED      =     8380.4149
 VDWAALS =    10227.4203  EEL     =  -263095.3939  HBOND      =        0.0000
 1-4 VDW =     3098.3133  1-4 EEL =    29447.6559  RESTRAINT  =     3152.2612
 EAMBER  =  -209565.3031


   NSTEP       ENERGY          RMS            GMAX         NAME    NUMBER
   1000      -2.0641E+05     1.3706E+01     3.6868E+02     HH       9021

 BOND    =      375.4096  ANGLE   =     2000.8768  DIHED      =     8380.4147
 VDWAALS =    10227.4178  EEL     =  -263095.3876  HBOND      =        0.0000
 1-4 VDW =     3098.3133  1-4 EEL =    29447.6558  RESTRAINT  =     3152.2602
 EAMBER  =  -209565.2995


  Maximum number of minimization cycles reached.


                    FINAL RESULTS



   NSTEP       ENERGY          RMS            GMAX         NAME    NUMBER
   1000      -2.0641E+05     1.3706E+01     3.6868E+02     HH       9021

 BOND    =      375.4096  ANGLE   =     2000.8768  DIHED      =     8380.4147
 VDWAALS =    10227.4178  EEL     =  -263095.3876  HBOND      =        0.0000
 1-4 VDW =     3098.3133  1-4 EEL =    29447.6558  RESTRAINT  =     3152.2602
 EAMBER  =  -209565.2995
--------------------------------------------------------------------------------
   5.  TIMINGS
--------------------------------------------------------------------------------

|  NonSetup CPU Time in Major Routines:
|
|     Routine           Sec        %
|     ------------------------------
|     Nonbond           0.71   17.55
|     Bond              0.00    0.00
|     Angle             0.00    0.00
|     Dihedral          0.00    0.00
|     Shake             1.49   36.65
|     Other             1.86   45.80
|     ------------------------------
|     Total             4.05

|  PME Nonbond Pairlist CPU Time:
|
|     Routine              Sec        %
|     ---------------------------------
|     Set Up Cit           0.00    0.00
|     Build List           0.00    0.00
|     ---------------------------------
|     Total                0.00    0.00

|  PME Direct Force CPU Time:
|
|     Routine              Sec        %
|     ---------------------------------
|     NonBonded Calc       0.00    0.00
|     Exclude Masked       0.00    0.00
|     Other                0.00    0.03
|     ---------------------------------
|     Total                0.00    0.03

|  PME Reciprocal Force CPU Time:
|
|     Routine              Sec        %
|     ---------------------------------
|     1D bspline           0.00    0.00
|     Grid Charges         0.00    0.00
|     Scalar Sum           0.00    0.00
|     Gradient Sum         0.00    0.00
|     FFT                  0.00    0.00
|     ---------------------------------
|     Total                0.00    0.00

|  Setup CPU time:            1.10 seconds
|  NonSetup CPU time:         4.05 seconds
|  Total CPU time:            5.15 seconds     0.00 hours

|  Setup wall time:           1    seconds
|  NonSetup wall time:        5    seconds
|  Total wall time:           6    seconds     0.00 hours
