
          -------------------------------------------------------
          Amber 20 PMEMD                              2020
          -------------------------------------------------------

| PMEMD implementation of SANDER, Release 18

|  Compiled date/time: Thu Jun  2 17:33:41 2022
| Run on 08/29/2023 at 16:48:49

|   Executable path: pmemd.cuda
| Working directory: /lustre07/scratch/livtoft/SURE/BTS1/R48G_S188P/DMAPP-IPP
|          Hostname: ng10711

  [-O]verwriting output

File Assignments:
|   MDIN: ../../Relaxation/5min.in                                              
|  MDOUT: 5min.out                                                              
| INPCRD: 4md.rst7                                                              
|   PARM: DMAPP_IPP_ion.prmtop                                                  
| RESTRT: 5min.rst7                                                             
|   REFC: 4md.rst7                                                              
|  MDVEL: mdvel                                                                 
|   MDEN: mden                                                                  
|  MDCRD: mdcrd.5min                                                            
| MDINFO: 5min.info                                                             
|  MDFRC: mdfrc                                                                 


 Here is the input file:

Minimization of everything excluding backbone                                  
 &cntrl                                                                        
  imin = 1, maxcyc = 1000,                                                     
  ncyc = 50, ntx = 1,                                                          
  ntwe = 0, ntwr = 500, ntpr = 50,                                             
  ntc = 2, ntf = 2, ntb = 1, ntp = 0,                                          
  cut = 8.0,                                                                   
  ntr=1, restraintmask="@CA,C,N,C1,C2,C3,C4,C5,C6,C7,C8,C9,C10,C11,C12,C13,C14,
  restraint_wt=50.                                                             
  ioutfm=1, ntxo=2,                                                            
 /                                                                             


Note: ig = -1. Setting random seed to   191470 based on wallclock time in 
      microseconds.
| irandom = 1, using AMBER's internal random number generator (default).
 
|--------------------- INFORMATION ----------------------
| GPU (CUDA) Version of PMEMD in use: NVIDIA GPU IN USE.
|                    Version 18.0.0
| 
|                      03/25/2018
| 
| Implementation by:
|                    Ross C. Walker     (SDSC)
|                    Scott Le Grand     (nVIDIA)
| 
| Version 18 performance extensions by:
|                    David Cerutti     (Rutgers)
| 
| Precision model in use:
|      [SPFP] - Single Precision Forces, 64-bit Fixed Point
|               Accumulation. (Default)
| 
|--------------------------------------------------------
 
|----------------- CITATION INFORMATION -----------------
|
|    When publishing work that utilized the CUDA version
|    of AMBER, please cite the following in addition to
|    the regular AMBER citations:
|
|  - Romelia Salomon-Ferrer; Andreas W. Goetz; Duncan
|    Poole; Scott Le Grand; Ross C. Walker "Routine
|    microsecond molecular dynamics simulations with
|    AMBER - Part II: Particle Mesh Ewald", J. Chem.
|    Theory Comput., 2013, 9 (9), pp3878-3888,
|    DOI: 10.1021/ct400314y.
|
|  - Andreas W. Goetz; Mark J. Williamson; Dong Xu;
|    Duncan Poole; Scott Le Grand; Ross C. Walker
|    "Routine microsecond molecular dynamics simulations
|    with AMBER - Part I: Generalized Born", J. Chem.
|    Theory Comput., 2012, 8 (5), pp1542-1555.
|
|  - Scott Le Grand; Andreas W. Goetz; Ross C. Walker
|    "SPFP: Speed without compromise - a mixed precision
|    model for GPU accelerated molecular dynamics
|    simulations.", Comp. Phys. Comm., 2013, 184
|    pp374-380, DOI: 10.1016/j.cpc.2012.09.022
|
|--------------------------------------------------------
 
|------------------- GPU DEVICE INFO --------------------
|
|            CUDA_VISIBLE_DEVICES: 0
|   CUDA Capable Devices Detected:      1
|           CUDA Device ID in use:      0
|                CUDA Device Name: NVIDIA A100-SXM4-40GB
|     CUDA Device Global Mem Size:  40339 MB
| CUDA Device Num Multiprocessors:    108
|           CUDA Device Core Freq:   1.41 GHz
|
|--------------------------------------------------------
 
 
| Conditional Compilation Defines Used:
| PUBFFT
| BINTRAJ
| CUDA
| EMIL

| Largest sphere to fit in unit cell has radius =    41.551

| New format PARM file being parsed.
| Version =    1.000 Date = 08/29/23 Time = 16:15:26

| Note: 1-4 EEL scale factors are being read from the topology file.

| Note: 1-4 VDW scale factors are being read from the topology file.
| Duplicated    0 dihedrals

| Duplicated    0 dihedrals

--------------------------------------------------------------------------------
   1.  RESOURCE   USE: 
--------------------------------------------------------------------------------

 getting box info from netcdf restart file
 NATOM  =   74830 NTYPES =      20 NBONH =   69088 MBONA  =    5677
 NTHETH =   12810 MTHETA =    7702 NPHIH =   25645 MPHIA  =   24796
 NHPARM =       0 NPARM  =       0 NNB   =  146740 NRES   =   22007
 NBONA  =    5677 NTHETA =    7702 NPHIA =   24796 NUMBND =      78
 NUMANG =     181 NPTRA  =     201 NATYP =      45 NPHB   =       0
 IFBOX  =       2 NMXRS  =      24 IFCAP =       0 NEXTRA =       0
 NCOPY  =       0

| Coordinate Index Table dimensions:    20   20   20
| Direct force subcell size =     5.0890    5.0890    5.0890

     BOX TYPE: TRUNCATED OCTAHEDRON

--------------------------------------------------------------------------------
   2.  CONTROL  DATA  FOR  THE  RUN
--------------------------------------------------------------------------------

default_name                                                                    

General flags:
     imin    =       1, nmropt  =       0

Nature and format of input:
     ntx     =       1, irest   =       0, ntrx    =       1

Nature and format of output:
     ntxo    =       2, ntpr    =      50, ntrx    =       1, ntwr    =     500
     iwrap   =       0, ntwx    =       0, ntwv    =       0, ntwe    =       0
     ioutfm  =       1, ntwprt  =       0, idecomp =       0, rbornstat=      0

Potential function:
     ntf     =       2, ntb     =       1, igb     =       0, nsnb    =      25
     ipol    =       0, gbsa    =       0, iesp    =       0
     dielc   =   1.00000, cut     =   8.00000, intdiel =   1.00000

Frozen or restrained atoms:
     ibelly  =       0, ntr     =       1
     restraint_wt =  50.00000

Energy minimization:
     maxcyc  =    1000, ncyc    =      50, ntmin   =       1
     dx0     =   0.01000, drms    =   0.00010

SHAKE:
     ntc     =       2, jfastw  =       0
     tol     =   0.00001

| Intermolecular bonds treatment:
|     no_intermolecular_bonds =       1

| Energy averages sample interval:
|     ene_avg_sampling =       1

Ewald parameters:
     verbose =       0, ew_type =       0, nbflag  =       1, use_pme =       1
     vdwmeth =       1, eedmeth =       1, netfrc  =       0
     Box X =  101.779   Box Y =  101.779   Box Z =  101.779
     Alpha =  109.471   Beta  =  109.471   Gamma =  109.471
     NFFT1 =  108       NFFT2 =  108       NFFT3 =  108
     Cutoff=    8.000   Tol   =0.100E-04
     Ewald Coefficient =  0.34864
     Interpolation order =    4

    LOADING THE CONSTRAINED ATOMS AS GROUPS


   5.  REFERENCE ATOM COORDINATES

  default_name                                                                    
     Mask @CA,C,N,C1,C2,C3,C4,C5,C6,C7,C8,C9,C10,C11,C12,C13,C14,C15,C16,C17,C18,C19,C20,O1,O1A,O2A,O3A,O1B,O2B,PA,PB; matches  2092 atoms

--------------------------------------------------------------------------------
   3.  ATOMIC COORDINATES AND VELOCITIES
--------------------------------------------------------------------------------

default_name                                                                    
 begin time read from input coords =  3000.000 ps

 
 Number of triangulated 3-point waters found:    21154

     Sum of charges from parm topology file =  -0.00000029
     Forcing neutrality...

| Dynamic Memory, Types Used:
| Reals             2077378
| Integers          3131763

| Nonbonded Pairs Initial Allocation:    12498480

| GPU memory information (estimate):
| KB of GPU memory in use:    341125
| KB of CPU memory in use:    149762

--------------------------------------------------------------------------------
   4.  RESULTS
--------------------------------------------------------------------------------



   NSTEP       ENERGY          RMS            GMAX         NAME    NUMBER
      1      -2.3557E+05     1.7388E+01     1.2669E+02     C        5692

 BOND    =     1679.0207  ANGLE   =     4826.8973  DIHED      =     8961.9025
 VDWAALS =    25133.5721  EEL     =  -308242.7836  HBOND      =        0.0000
 1-4 VDW =     3055.3756  1-4 EEL =    29015.2289  RESTRAINT  =        0.0000


   NSTEP       ENERGY          RMS            GMAX         NAME    NUMBER
     50      -2.4760E+05     1.4805E+01     4.9329E+01     O       21644

 BOND    =      312.2820  ANGLE   =     2107.3019  DIHED      =     8541.8276
 VDWAALS =    17469.4243  EEL     =  -307893.5114  HBOND      =        0.0000
 1-4 VDW =     2798.9787  1-4 EEL =    28888.8407  RESTRAINT  =      170.1458
 EAMBER  =  -247774.8561


   NSTEP       ENERGY          RMS            GMAX         NAME    NUMBER
    100      -2.4760E+05     1.4805E+01     4.9329E+01     O       21644

 BOND    =      312.2820  ANGLE   =     2107.2985  DIHED      =     8541.8274
 VDWAALS =    17469.3906  EEL     =  -307893.3920  HBOND      =        0.0000
 1-4 VDW =     2798.9771  1-4 EEL =    28888.8397  RESTRAINT  =      170.1467
 EAMBER  =  -247774.7768

     .... RESTARTED DUE TO LINMIN FAILURE ...


   NSTEP       ENERGY          RMS            GMAX         NAME    NUMBER
    150      -2.4760E+05     1.4805E+01     4.9329E+01     O       21644

 BOND    =      312.2819  ANGLE   =     2107.2982  DIHED      =     8541.8274
 VDWAALS =    17469.3879  EEL     =  -307893.3825  HBOND      =        0.0000
 1-4 VDW =     2798.9770  1-4 EEL =    28888.8396  RESTRAINT  =      170.1468
 EAMBER  =  -247774.7704


   NSTEP       ENERGY          RMS            GMAX         NAME    NUMBER
    200      -2.4760E+05     1.4805E+01     4.9329E+01     O       21644

 BOND    =      312.2819  ANGLE   =     2107.2980  DIHED      =     8541.8274
 VDWAALS =    17469.3851  EEL     =  -307893.3708  HBOND      =        0.0000
 1-4 VDW =     2798.9769  1-4 EEL =    28888.8395  RESTRAINT  =      170.1468
 EAMBER  =  -247774.7620


   NSTEP       ENERGY          RMS            GMAX         NAME    NUMBER
    250      -2.4760E+05     1.4805E+01     4.9329E+01     O       21644

 BOND    =      312.2820  ANGLE   =     2107.2976  DIHED      =     8541.8271
 VDWAALS =    17469.3812  EEL     =  -307893.3615  HBOND      =        0.0000
 1-4 VDW =     2798.9768  1-4 EEL =    28888.8395  RESTRAINT  =      170.1469
 EAMBER  =  -247774.7573


   NSTEP       ENERGY          RMS            GMAX         NAME    NUMBER
    300      -2.4760E+05     1.4805E+01     4.9329E+01     O       21644

 BOND    =      312.2819  ANGLE   =     2107.2973  DIHED      =     8541.8273
 VDWAALS =    17469.3784  EEL     =  -307893.3532  HBOND      =        0.0000
 1-4 VDW =     2798.9767  1-4 EEL =    28888.8392  RESTRAINT  =      170.1470
 EAMBER  =  -247774.7523


   NSTEP       ENERGY          RMS            GMAX         NAME    NUMBER
    350      -2.4760E+05     1.4805E+01     4.9329E+01     O       21644

 BOND    =      312.2819  ANGLE   =     2107.2972  DIHED      =     8541.8273
 VDWAALS =    17469.3767  EEL     =  -307893.3440  HBOND      =        0.0000
 1-4 VDW =     2798.9766  1-4 EEL =    28888.8392  RESTRAINT  =      170.1471
 EAMBER  =  -247774.7450


   NSTEP       ENERGY          RMS            GMAX         NAME    NUMBER
    400      -2.4760E+05     1.4805E+01     4.9329E+01     O       21644

 BOND    =      312.2819  ANGLE   =     2107.2969  DIHED      =     8541.8271
 VDWAALS =    17469.3737  EEL     =  -307893.3369  HBOND      =        0.0000
 1-4 VDW =     2798.9765  1-4 EEL =    28888.8393  RESTRAINT  =      170.1471
 EAMBER  =  -247774.7415


   NSTEP       ENERGY          RMS            GMAX         NAME    NUMBER
    450      -2.4760E+05     1.4805E+01     4.9329E+01     O       21644

 BOND    =      312.2820  ANGLE   =     2107.2968  DIHED      =     8541.8271
 VDWAALS =    17469.3717  EEL     =  -307893.3283  HBOND      =        0.0000
 1-4 VDW =     2798.9764  1-4 EEL =    28888.8393  RESTRAINT  =      170.1471
 EAMBER  =  -247774.7349


   NSTEP       ENERGY          RMS            GMAX         NAME    NUMBER
    500      -2.4760E+05     1.4805E+01     4.9329E+01     O       21644

 BOND    =      312.2819  ANGLE   =     2107.2965  DIHED      =     8541.8271
 VDWAALS =    17469.3692  EEL     =  -307893.3223  HBOND      =        0.0000
 1-4 VDW =     2798.9763  1-4 EEL =    28888.8392  RESTRAINT  =      170.1472
 EAMBER  =  -247774.7320


   NSTEP       ENERGY          RMS            GMAX         NAME    NUMBER
    550      -2.4760E+05     1.4805E+01     4.9329E+01     O       21644

 BOND    =      312.2819  ANGLE   =     2107.2963  DIHED      =     8541.8271
 VDWAALS =    17469.3674  EEL     =  -307893.3113  HBOND      =        0.0000
 1-4 VDW =     2798.9762  1-4 EEL =    28888.8392  RESTRAINT  =      170.1473
 EAMBER  =  -247774.7232


   NSTEP       ENERGY          RMS            GMAX         NAME    NUMBER
    600      -2.4760E+05     1.4805E+01     4.9329E+01     O       21644

 BOND    =      312.2819  ANGLE   =     2107.2962  DIHED      =     8541.8269
 VDWAALS =    17469.3660  EEL     =  -307893.3066  HBOND      =        0.0000
 1-4 VDW =     2798.9761  1-4 EEL =    28888.8390  RESTRAINT  =      170.1473
 EAMBER  =  -247774.7204


   NSTEP       ENERGY          RMS            GMAX         NAME    NUMBER
    650      -2.4760E+05     1.4805E+01     4.9329E+01     O       21644

 BOND    =      312.2819  ANGLE   =     2107.2961  DIHED      =     8541.8270
 VDWAALS =    17469.3646  EEL     =  -307893.2987  HBOND      =        0.0000
 1-4 VDW =     2798.9761  1-4 EEL =    28888.8391  RESTRAINT  =      170.1473
 EAMBER  =  -247774.7139


   NSTEP       ENERGY          RMS            GMAX         NAME    NUMBER
    700      -2.4760E+05     1.4805E+01     4.9329E+01     O       21644

 BOND    =      312.2819  ANGLE   =     2107.2960  DIHED      =     8541.8270
 VDWAALS =    17469.3646  EEL     =  -307893.2956  HBOND      =        0.0000
 1-4 VDW =     2798.9760  1-4 EEL =    28888.8392  RESTRAINT  =      170.1474
 EAMBER  =  -247774.7108


   NSTEP       ENERGY          RMS            GMAX         NAME    NUMBER
    750      -2.4760E+05     1.4805E+01     4.9329E+01     O       21644

 BOND    =      312.2819  ANGLE   =     2107.2959  DIHED      =     8541.8269
 VDWAALS =    17469.3634  EEL     =  -307893.2898  HBOND      =        0.0000
 1-4 VDW =     2798.9760  1-4 EEL =    28888.8388  RESTRAINT  =      170.1474
 EAMBER  =  -247774.7069


   NSTEP       ENERGY          RMS            GMAX         NAME    NUMBER
    800      -2.4760E+05     1.4805E+01     4.9329E+01     O       21644

 BOND    =      312.2818  ANGLE   =     2107.2957  DIHED      =     8541.8270
 VDWAALS =    17469.3640  EEL     =  -307893.2866  HBOND      =        0.0000
 1-4 VDW =     2798.9759  1-4 EEL =    28888.8386  RESTRAINT  =      170.1474
 EAMBER  =  -247774.7036


   NSTEP       ENERGY          RMS            GMAX         NAME    NUMBER
    850      -2.4760E+05     1.4805E+01     4.9329E+01     O       21644

 BOND    =      312.2818  ANGLE   =     2107.2954  DIHED      =     8541.8272
 VDWAALS =    17469.3613  EEL     =  -307893.2784  HBOND      =        0.0000
 1-4 VDW =     2798.9758  1-4 EEL =    28888.8385  RESTRAINT  =      170.1475
 EAMBER  =  -247774.6984


   NSTEP       ENERGY          RMS            GMAX         NAME    NUMBER
    900      -2.4760E+05     1.4805E+01     4.9329E+01     O       21644

 BOND    =      312.2818  ANGLE   =     2107.2953  DIHED      =     8541.8273
 VDWAALS =    17469.3598  EEL     =  -307893.2759  HBOND      =        0.0000
 1-4 VDW =     2798.9757  1-4 EEL =    28888.8384  RESTRAINT  =      170.1475
 EAMBER  =  -247774.6976


   NSTEP       ENERGY          RMS            GMAX         NAME    NUMBER
    950      -2.4760E+05     1.4805E+01     4.9329E+01     O       21644

 BOND    =      312.2818  ANGLE   =     2107.2951  DIHED      =     8541.8273
 VDWAALS =    17469.3580  EEL     =  -307893.2712  HBOND      =        0.0000
 1-4 VDW =     2798.9756  1-4 EEL =    28888.8385  RESTRAINT  =      170.1476
 EAMBER  =  -247774.6949


   NSTEP       ENERGY          RMS            GMAX         NAME    NUMBER
   1000      -2.4760E+05     1.4805E+01     4.9329E+01     O       21644

 BOND    =      312.2818  ANGLE   =     2107.2950  DIHED      =     8541.8270
 VDWAALS =    17469.3567  EEL     =  -307893.2643  HBOND      =        0.0000
 1-4 VDW =     2798.9755  1-4 EEL =    28888.8385  RESTRAINT  =      170.1476
 EAMBER  =  -247774.6897


  Maximum number of minimization cycles reached.


                    FINAL RESULTS



   NSTEP       ENERGY          RMS            GMAX         NAME    NUMBER
   1000      -2.4760E+05     1.4805E+01     4.9329E+01     O       21644

 BOND    =      312.2818  ANGLE   =     2107.2950  DIHED      =     8541.8270
 VDWAALS =    17469.3567  EEL     =  -307893.2643  HBOND      =        0.0000
 1-4 VDW =     2798.9755  1-4 EEL =    28888.8385  RESTRAINT  =      170.1476
 EAMBER  =  -247774.6897
--------------------------------------------------------------------------------
   5.  TIMINGS
--------------------------------------------------------------------------------

|  NonSetup CPU Time in Major Routines:
|
|     Routine           Sec        %
|     ------------------------------
|     Nonbond           0.54   11.06
|     Bond              0.00    0.00
|     Angle             0.00    0.00
|     Dihedral          0.00    0.00
|     Shake             1.49   30.38
|     Other             2.87   58.56
|     ------------------------------
|     Total             4.90

|  PME Nonbond Pairlist CPU Time:
|
|     Routine              Sec        %
|     ---------------------------------
|     Set Up Cit           0.00    0.00
|     Build List           0.00    0.00
|     ---------------------------------
|     Total                0.00    0.00

|  PME Direct Force CPU Time:
|
|     Routine              Sec        %
|     ---------------------------------
|     NonBonded Calc       0.00    0.00
|     Exclude Masked       0.00    0.00
|     Other                0.00    0.04
|     ---------------------------------
|     Total                0.00    0.04

|  PME Reciprocal Force CPU Time:
|
|     Routine              Sec        %
|     ---------------------------------
|     1D bspline           0.00    0.00
|     Grid Charges         0.00    0.00
|     Scalar Sum           0.00    0.00
|     Gradient Sum         0.00    0.00
|     FFT                  0.00    0.00
|     ---------------------------------
|     Total                0.00    0.00

|  Setup CPU time:            0.74 seconds
|  NonSetup CPU time:         4.90 seconds
|  Total CPU time:            5.64 seconds     0.00 hours

|  Setup wall time:           1    seconds
|  NonSetup wall time:        5    seconds
|  Total wall time:           6    seconds     0.00 hours
