
          -------------------------------------------------------
          Amber 20 PMEMD                              2020
          -------------------------------------------------------

| PMEMD implementation of SANDER, Release 18

|  Compiled date/time: Thu Jun  2 17:33:41 2022
| Run on 09/19/2023 at 16:15:05

|   Executable path: pmemd.cuda
| Working directory: /lustre07/scratch/livtoft/SURE/BTS1/R48G_S188P/GGPP
|          Hostname: ng10906

  [-O]verwriting output

File Assignments:
|   MDIN: ../../Relaxation/1min.in                                              
|  MDOUT: 1min.out                                                              
| INPCRD: GGPP_ion.inpcrd                                                       
|   PARM: GGPP_ion.prmtop                                                       
| RESTRT: 1min.rst7                                                             
|   REFC: GGPP_ion.inpcrd                                                       
|  MDVEL: mdvel                                                                 
|   MDEN: mden                                                                  
|  MDCRD: mdcrd.1min                                                            
| MDINFO: 1min.info                                                             
|  MDFRC: mdfrc                                                                 


 Here is the input file:

minimization of solvent                                                        
 &cntrl                                                                        
  imin = 1, maxcyc = 1000,                                                     
  ncyc = 100, ntx = 1,                                                         
  ntwe = 0, ntwr = 500, ntpr = 50,                                             
  ntc = 2, ntf = 2, ntb = 1, ntp = 0,                                          
  cut = 10.0,                                                                  
  ntr=1, restraintmask = ':1-686', restraint_wt = 200.,                        
  ioutfm=1, ntxo=2,                                                            
 /                                                                             


Note: ig = -1. Setting random seed to   751756 based on wallclock time in 
      microseconds.
| irandom = 1, using AMBER's internal random number generator (default).
 
|--------------------- INFORMATION ----------------------
| GPU (CUDA) Version of PMEMD in use: NVIDIA GPU IN USE.
|                    Version 18.0.0
| 
|                      03/25/2018
| 
| Implementation by:
|                    Ross C. Walker     (SDSC)
|                    Scott Le Grand     (nVIDIA)
| 
| Version 18 performance extensions by:
|                    David Cerutti     (Rutgers)
| 
| Precision model in use:
|      [SPFP] - Single Precision Forces, 64-bit Fixed Point
|               Accumulation. (Default)
| 
|--------------------------------------------------------
 
|----------------- CITATION INFORMATION -----------------
|
|    When publishing work that utilized the CUDA version
|    of AMBER, please cite the following in addition to
|    the regular AMBER citations:
|
|  - Romelia Salomon-Ferrer; Andreas W. Goetz; Duncan
|    Poole; Scott Le Grand; Ross C. Walker "Routine
|    microsecond molecular dynamics simulations with
|    AMBER - Part II: Particle Mesh Ewald", J. Chem.
|    Theory Comput., 2013, 9 (9), pp3878-3888,
|    DOI: 10.1021/ct400314y.
|
|  - Andreas W. Goetz; Mark J. Williamson; Dong Xu;
|    Duncan Poole; Scott Le Grand; Ross C. Walker
|    "Routine microsecond molecular dynamics simulations
|    with AMBER - Part I: Generalized Born", J. Chem.
|    Theory Comput., 2012, 8 (5), pp1542-1555.
|
|  - Scott Le Grand; Andreas W. Goetz; Ross C. Walker
|    "SPFP: Speed without compromise - a mixed precision
|    model for GPU accelerated molecular dynamics
|    simulations.", Comp. Phys. Comm., 2013, 184
|    pp374-380, DOI: 10.1016/j.cpc.2012.09.022
|
|--------------------------------------------------------
 
|------------------- GPU DEVICE INFO --------------------
|
|            CUDA_VISIBLE_DEVICES: 0
|   CUDA Capable Devices Detected:      1
|           CUDA Device ID in use:      0
|                CUDA Device Name: NVIDIA A100-SXM4-40GB
|     CUDA Device Global Mem Size:  40339 MB
| CUDA Device Num Multiprocessors:    108
|           CUDA Device Core Freq:   1.41 GHz
|
|--------------------------------------------------------
 
 
| Conditional Compilation Defines Used:
| PUBFFT
| BINTRAJ
| CUDA
| EMIL

| Largest sphere to fit in unit cell has radius =    42.099

| New format PARM file being parsed.
| Version =    1.000 Date = 09/19/23 Time = 15:20:09

| Note: 1-4 EEL scale factors are being read from the topology file.

| Note: 1-4 VDW scale factors are being read from the topology file.
| Duplicated    0 dihedrals

| Duplicated    0 dihedrals

--------------------------------------------------------------------------------
   1.  RESOURCE   USE: 
--------------------------------------------------------------------------------

 getting new box info from bottom of inpcrd
 NATOM  =   74847 NTYPES =      20 NBONH =   69110 MBONA  =    5680
 NTHETH =   12882 MTHETA =    7698 NPHIH =   25815 MPHIA  =   24804
 NHPARM =       0 NPARM  =       0 NNB   =  146940 NRES   =   21996
 NBONA  =    5680 NTHETA =    7698 NPHIA =   24804 NUMBND =      78
 NUMANG =     177 NPTRA  =     200 NATYP =      45 NPHB   =       0
 IFBOX  =       2 NMXRS  =      62 IFCAP =       0 NEXTRA =       0
 NCOPY  =       0

| Coordinate Index Table dimensions:    16   16   16
| Direct force subcell size =     6.4451    6.4451    6.4451

     BOX TYPE: TRUNCATED OCTAHEDRON

--------------------------------------------------------------------------------
   2.  CONTROL  DATA  FOR  THE  RUN
--------------------------------------------------------------------------------

default_name                                                                    

General flags:
     imin    =       1, nmropt  =       0

Nature and format of input:
     ntx     =       1, irest   =       0, ntrx    =       1

Nature and format of output:
     ntxo    =       2, ntpr    =      50, ntrx    =       1, ntwr    =     500
     iwrap   =       0, ntwx    =       0, ntwv    =       0, ntwe    =       0
     ioutfm  =       1, ntwprt  =       0, idecomp =       0, rbornstat=      0

Potential function:
     ntf     =       2, ntb     =       1, igb     =       0, nsnb    =      25
     ipol    =       0, gbsa    =       0, iesp    =       0
     dielc   =   1.00000, cut     =  10.00000, intdiel =   1.00000

Frozen or restrained atoms:
     ibelly  =       0, ntr     =       1
     restraint_wt = 200.00000

Energy minimization:
     maxcyc  =    1000, ncyc    =     100, ntmin   =       1
     dx0     =   0.01000, drms    =   0.00010

SHAKE:
     ntc     =       2, jfastw  =       0
     tol     =   0.00001

| Intermolecular bonds treatment:
|     no_intermolecular_bonds =       1

| Energy averages sample interval:
|     ene_avg_sampling =       1

Ewald parameters:
     verbose =       0, ew_type =       0, nbflag  =       1, use_pme =       1
     vdwmeth =       1, eedmeth =       1, netfrc  =       0
     Box X =  103.121   Box Y =  103.121   Box Z =  103.121
     Alpha =  109.471   Beta  =  109.471   Gamma =  109.471
     NFFT1 =  108       NFFT2 =  108       NFFT3 =  108
     Cutoff=   10.000   Tol   =0.100E-04
     Ewald Coefficient =  0.27511
     Interpolation order =    4

    LOADING THE CONSTRAINED ATOMS AS GROUPS


   5.  REFERENCE ATOM COORDINATES

  default_name                                                                    
     Mask :1-686; matches 11235 atoms

--------------------------------------------------------------------------------
   3.  ATOMIC COORDINATES AND VELOCITIES
--------------------------------------------------------------------------------

default_name                                                                    
 begin time read from input coords =     0.000 ps

 
 Number of triangulated 3-point waters found:    21151

     Sum of charges from parm topology file =  -0.00000029
     Forcing neutrality...

| Dynamic Memory, Types Used:
| Reals             2098291
| Integers          3136574

| Nonbonded Pairs Initial Allocation:    22639346

| GPU memory information (estimate):
| KB of GPU memory in use:    461824
| KB of CPU memory in use:    170102

--------------------------------------------------------------------------------
   4.  RESULTS
--------------------------------------------------------------------------------



   NSTEP       ENERGY          RMS            GMAX         NAME    NUMBER
      1      -1.8871E+05     5.4522E+01     5.1745E+03     O       72817

 BOND    =      777.7046  ANGLE   =     2060.7798  DIHED      =     8735.8709
 VDWAALS =    26240.1604  EEL     =  -259672.4950  HBOND      =        0.0000
 1-4 VDW =     3402.9030  1-4 EEL =    29738.4439  RESTRAINT  =        5.3502
 EAMBER  =  -188716.6323


   NSTEP       ENERGY          RMS            GMAX         NAME    NUMBER
     50      -2.1067E+05     1.3549E+01     1.0999E+02     HG2      7254

 BOND    =      269.2223  ANGLE   =     1841.5976  DIHED      =     8678.0032
 VDWAALS =     9288.9556  EEL     =  -264340.6343  HBOND      =        0.0000
 1-4 VDW =     3139.5105  1-4 EEL =    29487.5355  RESTRAINT  =      963.9812
 EAMBER  =  -211635.8097


   NSTEP       ENERGY          RMS            GMAX         NAME    NUMBER
    100      -2.1067E+05     1.3549E+01     1.0999E+02     HG2      7254

 BOND    =      269.2216  ANGLE   =     1841.5961  DIHED      =     8678.0026
 VDWAALS =     9287.8899  EEL     =  -264336.7641  HBOND      =        0.0000
 1-4 VDW =     3139.5105  1-4 EEL =    29487.5353  RESTRAINT  =      963.9577
 EAMBER  =  -211633.0080


   NSTEP       ENERGY          RMS            GMAX         NAME    NUMBER
    150      -2.1067E+05     1.3549E+01     1.0999E+02     HG2      7254

 BOND    =      269.2216  ANGLE   =     1841.5961  DIHED      =     8678.0026
 VDWAALS =     9287.8855  EEL     =  -264336.7588  HBOND      =        0.0000
 1-4 VDW =     3139.5106  1-4 EEL =    29487.5352  RESTRAINT  =      963.9574
 EAMBER  =  -211633.0073


   NSTEP       ENERGY          RMS            GMAX         NAME    NUMBER
    200      -2.1067E+05     1.3549E+01     1.0999E+02     HG2      7254

 BOND    =      269.2216  ANGLE   =     1841.5961  DIHED      =     8678.0026
 VDWAALS =     9287.8816  EEL     =  -264336.7480  HBOND      =        0.0000
 1-4 VDW =     3139.5106  1-4 EEL =    29487.5351  RESTRAINT  =      963.9566
 EAMBER  =  -211633.0004

     .... RESTARTED DUE TO LINMIN FAILURE ...


   NSTEP       ENERGY          RMS            GMAX         NAME    NUMBER
    250      -2.1067E+05     1.3549E+01     1.0999E+02     HG2      7254

 BOND    =      269.2215  ANGLE   =     1841.5960  DIHED      =     8678.0026
 VDWAALS =     9287.8794  EEL     =  -264336.7444  HBOND      =        0.0000
 1-4 VDW =     3139.5107  1-4 EEL =    29487.5351  RESTRAINT  =      963.9558
 EAMBER  =  -211632.9991

     .... RESTARTED DUE TO LINMIN FAILURE ...


   NSTEP       ENERGY          RMS            GMAX         NAME    NUMBER
    300      -2.1067E+05     1.3549E+01     1.0999E+02     HG2      7254

 BOND    =      269.2215  ANGLE   =     1841.5960  DIHED      =     8678.0026
 VDWAALS =     9287.8780  EEL     =  -264336.7376  HBOND      =        0.0000
 1-4 VDW =     3139.5107  1-4 EEL =    29487.5350  RESTRAINT  =      963.9554
 EAMBER  =  -211632.9937


   NSTEP       ENERGY          RMS            GMAX         NAME    NUMBER
    350      -2.1067E+05     1.3549E+01     1.0999E+02     HG2      7254

 BOND    =      269.2215  ANGLE   =     1841.5960  DIHED      =     8678.0027
 VDWAALS =     9287.8741  EEL     =  -264336.7260  HBOND      =        0.0000
 1-4 VDW =     3139.5107  1-4 EEL =    29487.5348  RESTRAINT  =      963.9546
 EAMBER  =  -211632.9861

     .... RESTARTED DUE TO LINMIN FAILURE ...


   NSTEP       ENERGY          RMS            GMAX         NAME    NUMBER
    400      -2.1067E+05     1.3549E+01     1.0999E+02     HG2      7254

 BOND    =      269.2215  ANGLE   =     1841.5960  DIHED      =     8678.0027
 VDWAALS =     9287.8724  EEL     =  -264336.7200  HBOND      =        0.0000
 1-4 VDW =     3139.5108  1-4 EEL =    29487.5348  RESTRAINT  =      963.9536
 EAMBER  =  -211632.9819


   NSTEP       ENERGY          RMS            GMAX         NAME    NUMBER
    450      -2.1067E+05     1.3549E+01     1.0999E+02     HG2      7254

 BOND    =      269.2215  ANGLE   =     1841.5959  DIHED      =     8678.0027
 VDWAALS =     9287.8680  EEL     =  -264336.7113  HBOND      =        0.0000
 1-4 VDW =     3139.5108  1-4 EEL =    29487.5347  RESTRAINT  =      963.9525
 EAMBER  =  -211632.9776


   NSTEP       ENERGY          RMS            GMAX         NAME    NUMBER
    500      -2.1067E+05     1.3549E+01     1.0999E+02     HG2      7254

 BOND    =      269.2215  ANGLE   =     1841.5959  DIHED      =     8678.0026
 VDWAALS =     9287.8669  EEL     =  -264336.7068  HBOND      =        0.0000
 1-4 VDW =     3139.5108  1-4 EEL =    29487.5348  RESTRAINT  =      963.9521
 EAMBER  =  -211632.9742


   NSTEP       ENERGY          RMS            GMAX         NAME    NUMBER
    550      -2.1067E+05     1.3549E+01     1.0999E+02     HG2      7254

 BOND    =      269.2215  ANGLE   =     1841.5960  DIHED      =     8678.0027
 VDWAALS =     9287.8662  EEL     =  -264336.6962  HBOND      =        0.0000
 1-4 VDW =     3139.5108  1-4 EEL =    29487.5349  RESTRAINT  =      963.9519
 EAMBER  =  -211632.9642


   NSTEP       ENERGY          RMS            GMAX         NAME    NUMBER
    600      -2.1067E+05     1.3549E+01     1.0999E+02     HG2      7254

 BOND    =      269.2215  ANGLE   =     1841.5960  DIHED      =     8678.0025
 VDWAALS =     9287.8620  EEL     =  -264336.6884  HBOND      =        0.0000
 1-4 VDW =     3139.5107  1-4 EEL =    29487.5346  RESTRAINT  =      963.9510
 EAMBER  =  -211632.9612


   NSTEP       ENERGY          RMS            GMAX         NAME    NUMBER
    650      -2.1067E+05     1.3549E+01     1.0999E+02     HG2      7254

 BOND    =      269.2214  ANGLE   =     1841.5960  DIHED      =     8678.0026
 VDWAALS =     9287.8620  EEL     =  -264336.6806  HBOND      =        0.0000
 1-4 VDW =     3139.5107  1-4 EEL =    29487.5345  RESTRAINT  =      963.9505
 EAMBER  =  -211632.9534


   NSTEP       ENERGY          RMS            GMAX         NAME    NUMBER
    700      -2.1067E+05     1.3549E+01     1.0999E+02     HG2      7254

 BOND    =      269.2214  ANGLE   =     1841.5960  DIHED      =     8678.0026
 VDWAALS =     9287.8614  EEL     =  -264336.6719  HBOND      =        0.0000
 1-4 VDW =     3139.5107  1-4 EEL =    29487.5345  RESTRAINT  =      963.9503
 EAMBER  =  -211632.9452


   NSTEP       ENERGY          RMS            GMAX         NAME    NUMBER
    750      -2.1067E+05     1.3549E+01     1.0999E+02     HG2      7254

 BOND    =      269.2214  ANGLE   =     1841.5959  DIHED      =     8678.0026
 VDWAALS =     9287.8609  EEL     =  -264336.6639  HBOND      =        0.0000
 1-4 VDW =     3139.5107  1-4 EEL =    29487.5341  RESTRAINT  =      963.9503
 EAMBER  =  -211632.9382


   NSTEP       ENERGY          RMS            GMAX         NAME    NUMBER
    800      -2.1067E+05     1.3549E+01     1.0999E+02     HG2      7254

 BOND    =      269.2214  ANGLE   =     1841.5959  DIHED      =     8678.0025
 VDWAALS =     9287.8553  EEL     =  -264336.6547  HBOND      =        0.0000
 1-4 VDW =     3139.5108  1-4 EEL =    29487.5341  RESTRAINT  =      963.9494
 EAMBER  =  -211632.9347


   NSTEP       ENERGY          RMS            GMAX         NAME    NUMBER
    850      -2.1067E+05     1.3549E+01     1.0999E+02     HG2      7254

 BOND    =      269.2214  ANGLE   =     1841.5959  DIHED      =     8678.0025
 VDWAALS =     9287.8506  EEL     =  -264336.6461  HBOND      =        0.0000
 1-4 VDW =     3139.5108  1-4 EEL =    29487.5341  RESTRAINT  =      963.9489
 EAMBER  =  -211632.9308

     .... RESTARTED DUE TO LINMIN FAILURE ...


   NSTEP       ENERGY          RMS            GMAX         NAME    NUMBER
    900      -2.1067E+05     1.3549E+01     1.0999E+02     HG2      7254

 BOND    =      269.2214  ANGLE   =     1841.5959  DIHED      =     8678.0024
 VDWAALS =     9287.8495  EEL     =  -264336.6374  HBOND      =        0.0000
 1-4 VDW =     3139.5108  1-4 EEL =    29487.5340  RESTRAINT  =      963.9481
 EAMBER  =  -211632.9233


   NSTEP       ENERGY          RMS            GMAX         NAME    NUMBER
    950      -2.1067E+05     1.3549E+01     1.0999E+02     HG2      7254

 BOND    =      269.2214  ANGLE   =     1841.5959  DIHED      =     8678.0023
 VDWAALS =     9287.8481  EEL     =  -264336.6335  HBOND      =        0.0000
 1-4 VDW =     3139.5108  1-4 EEL =    29487.5341  RESTRAINT  =      963.9477
 EAMBER  =  -211632.9209


   NSTEP       ENERGY          RMS            GMAX         NAME    NUMBER
   1000      -2.1067E+05     1.3549E+01     1.0999E+02     HG2      7254

 BOND    =      269.2213  ANGLE   =     1841.5959  DIHED      =     8678.0025
 VDWAALS =     9287.8452  EEL     =  -264336.6266  HBOND      =        0.0000
 1-4 VDW =     3139.5108  1-4 EEL =    29487.5341  RESTRAINT  =      963.9478
 EAMBER  =  -211632.9169


  Maximum number of minimization cycles reached.


                    FINAL RESULTS



   NSTEP       ENERGY          RMS            GMAX         NAME    NUMBER
   1000      -2.1067E+05     1.3549E+01     1.0999E+02     HG2      7254

 BOND    =      269.2213  ANGLE   =     1841.5959  DIHED      =     8678.0025
 VDWAALS =     9287.8452  EEL     =  -264336.6266  HBOND      =        0.0000
 1-4 VDW =     3139.5108  1-4 EEL =    29487.5341  RESTRAINT  =      963.9478
 EAMBER  =  -211632.9169
--------------------------------------------------------------------------------
   5.  TIMINGS
--------------------------------------------------------------------------------

|  NonSetup CPU Time in Major Routines:
|
|     Routine           Sec        %
|     ------------------------------
|     Nonbond           0.76   17.87
|     Bond              0.00    0.00
|     Angle             0.00    0.00
|     Dihedral          0.00    0.00
|     Shake             1.48   34.98
|     Other             1.99   47.15
|     ------------------------------
|     Total             4.23

|  PME Nonbond Pairlist CPU Time:
|
|     Routine              Sec        %
|     ---------------------------------
|     Set Up Cit           0.00    0.00
|     Build List           0.00    0.00
|     ---------------------------------
|     Total                0.00    0.00

|  PME Direct Force CPU Time:
|
|     Routine              Sec        %
|     ---------------------------------
|     NonBonded Calc       0.00    0.00
|     Exclude Masked       0.00    0.00
|     Other                0.00    0.02
|     ---------------------------------
|     Total                0.00    0.02

|  PME Reciprocal Force CPU Time:
|
|     Routine              Sec        %
|     ---------------------------------
|     1D bspline           0.00    0.00
|     Grid Charges         0.00    0.00
|     Scalar Sum           0.00    0.00
|     Gradient Sum         0.00    0.00
|     FFT                  0.00    0.00
|     ---------------------------------
|     Total                0.00    0.00

|  Setup CPU time:            1.16 seconds
|  NonSetup CPU time:         4.23 seconds
|  Total CPU time:            5.39 seconds     0.00 hours

|  Setup wall time:           1    seconds
|  NonSetup wall time:       92    seconds
|  Total wall time:          93    seconds     0.03 hours
