
          -------------------------------------------------------
          Amber 20 PMEMD                              2020
          -------------------------------------------------------

| PMEMD implementation of SANDER, Release 18

|  Compiled date/time: Thu Jun  2 17:33:41 2022
| Run on 09/19/2023 at 18:43:20

|   Executable path: pmemd.cuda
| Working directory: /lustre07/scratch/livtoft/SURE/BTS1/R48G_S188P/GGPP
|          Hostname: ng10906

  [-O]verwriting output

File Assignments:
|   MDIN: ../../Relaxation/5min.in                                              
|  MDOUT: 5min.out                                                              
| INPCRD: 4md.rst7                                                              
|   PARM: GGPP_ion.prmtop                                                       
| RESTRT: 5min.rst7                                                             
|   REFC: 4md.rst7                                                              
|  MDVEL: mdvel                                                                 
|   MDEN: mden                                                                  
|  MDCRD: mdcrd.5min                                                            
| MDINFO: 5min.info                                                             
|  MDFRC: mdfrc                                                                 


 Here is the input file:

Minimization of everything excluding backbone                                  
 &cntrl                                                                        
  imin = 1, maxcyc = 1000,                                                     
  ncyc = 50, ntx = 1,                                                          
  ntwe = 0, ntwr = 500, ntpr = 50,                                             
  ntc = 2, ntf = 2, ntb = 1, ntp = 0,                                          
  cut = 8.0,                                                                   
  ntr=1, restraintmask="@CA,C,N,C1,C2,C3,C4,C5,C6,C7,C8,C9,C10,C11,C12,C13,C14,
  restraint_wt=50.                                                             
  ioutfm=1, ntxo=2,                                                            
 /                                                                             


Note: ig = -1. Setting random seed to   278006 based on wallclock time in 
      microseconds.
| irandom = 1, using AMBER's internal random number generator (default).
 
|--------------------- INFORMATION ----------------------
| GPU (CUDA) Version of PMEMD in use: NVIDIA GPU IN USE.
|                    Version 18.0.0
| 
|                      03/25/2018
| 
| Implementation by:
|                    Ross C. Walker     (SDSC)
|                    Scott Le Grand     (nVIDIA)
| 
| Version 18 performance extensions by:
|                    David Cerutti     (Rutgers)
| 
| Precision model in use:
|      [SPFP] - Single Precision Forces, 64-bit Fixed Point
|               Accumulation. (Default)
| 
|--------------------------------------------------------
 
|----------------- CITATION INFORMATION -----------------
|
|    When publishing work that utilized the CUDA version
|    of AMBER, please cite the following in addition to
|    the regular AMBER citations:
|
|  - Romelia Salomon-Ferrer; Andreas W. Goetz; Duncan
|    Poole; Scott Le Grand; Ross C. Walker "Routine
|    microsecond molecular dynamics simulations with
|    AMBER - Part II: Particle Mesh Ewald", J. Chem.
|    Theory Comput., 2013, 9 (9), pp3878-3888,
|    DOI: 10.1021/ct400314y.
|
|  - Andreas W. Goetz; Mark J. Williamson; Dong Xu;
|    Duncan Poole; Scott Le Grand; Ross C. Walker
|    "Routine microsecond molecular dynamics simulations
|    with AMBER - Part I: Generalized Born", J. Chem.
|    Theory Comput., 2012, 8 (5), pp1542-1555.
|
|  - Scott Le Grand; Andreas W. Goetz; Ross C. Walker
|    "SPFP: Speed without compromise - a mixed precision
|    model for GPU accelerated molecular dynamics
|    simulations.", Comp. Phys. Comm., 2013, 184
|    pp374-380, DOI: 10.1016/j.cpc.2012.09.022
|
|--------------------------------------------------------
 
|------------------- GPU DEVICE INFO --------------------
|
|            CUDA_VISIBLE_DEVICES: 0
|   CUDA Capable Devices Detected:      1
|           CUDA Device ID in use:      0
|                CUDA Device Name: NVIDIA A100-SXM4-40GB
|     CUDA Device Global Mem Size:  40339 MB
| CUDA Device Num Multiprocessors:    108
|           CUDA Device Core Freq:   1.41 GHz
|
|--------------------------------------------------------
 
 
| Conditional Compilation Defines Used:
| PUBFFT
| BINTRAJ
| CUDA
| EMIL

| Largest sphere to fit in unit cell has radius =    41.585

| New format PARM file being parsed.
| Version =    1.000 Date = 09/19/23 Time = 15:20:09

| Note: 1-4 EEL scale factors are being read from the topology file.

| Note: 1-4 VDW scale factors are being read from the topology file.
| Duplicated    0 dihedrals

| Duplicated    0 dihedrals

--------------------------------------------------------------------------------
   1.  RESOURCE   USE: 
--------------------------------------------------------------------------------

 getting box info from netcdf restart file
 NATOM  =   74847 NTYPES =      20 NBONH =   69110 MBONA  =    5680
 NTHETH =   12882 MTHETA =    7698 NPHIH =   25815 MPHIA  =   24804
 NHPARM =       0 NPARM  =       0 NNB   =  146940 NRES   =   21996
 NBONA  =    5680 NTHETA =    7698 NPHIA =   24804 NUMBND =      78
 NUMANG =     177 NPTRA  =     200 NATYP =      45 NPHB   =       0
 IFBOX  =       2 NMXRS  =      62 IFCAP =       0 NEXTRA =       0
 NCOPY  =       0

| Coordinate Index Table dimensions:    20   20   20
| Direct force subcell size =     5.0931    5.0931    5.0931

     BOX TYPE: TRUNCATED OCTAHEDRON

--------------------------------------------------------------------------------
   2.  CONTROL  DATA  FOR  THE  RUN
--------------------------------------------------------------------------------

default_name                                                                    

General flags:
     imin    =       1, nmropt  =       0

Nature and format of input:
     ntx     =       1, irest   =       0, ntrx    =       1

Nature and format of output:
     ntxo    =       2, ntpr    =      50, ntrx    =       1, ntwr    =     500
     iwrap   =       0, ntwx    =       0, ntwv    =       0, ntwe    =       0
     ioutfm  =       1, ntwprt  =       0, idecomp =       0, rbornstat=      0

Potential function:
     ntf     =       2, ntb     =       1, igb     =       0, nsnb    =      25
     ipol    =       0, gbsa    =       0, iesp    =       0
     dielc   =   1.00000, cut     =   8.00000, intdiel =   1.00000

Frozen or restrained atoms:
     ibelly  =       0, ntr     =       1
     restraint_wt =  50.00000

Energy minimization:
     maxcyc  =    1000, ncyc    =      50, ntmin   =       1
     dx0     =   0.01000, drms    =   0.00010

SHAKE:
     ntc     =       2, jfastw  =       0
     tol     =   0.00001

| Intermolecular bonds treatment:
|     no_intermolecular_bonds =       1

| Energy averages sample interval:
|     ene_avg_sampling =       1

Ewald parameters:
     verbose =       0, ew_type =       0, nbflag  =       1, use_pme =       1
     vdwmeth =       1, eedmeth =       1, netfrc  =       0
     Box X =  101.861   Box Y =  101.861   Box Z =  101.861
     Alpha =  109.471   Beta  =  109.471   Gamma =  109.471
     NFFT1 =  108       NFFT2 =  108       NFFT3 =  108
     Cutoff=    8.000   Tol   =0.100E-04
     Ewald Coefficient =  0.34864
     Interpolation order =    4

    LOADING THE CONSTRAINED ATOMS AS GROUPS


   5.  REFERENCE ATOM COORDINATES

  default_name                                                                    
     Mask @CA,C,N,C1,C2,C3,C4,C5,C6,C7,C8,C9,C10,C11,C12,C13,C14,C15,C16,C17,C18,C19,C20,O1,O1A,O2A,O3A,O1B,O2B,PA,PB; matches  2096 atoms

--------------------------------------------------------------------------------
   3.  ATOMIC COORDINATES AND VELOCITIES
--------------------------------------------------------------------------------

default_name                                                                    
 begin time read from input coords =  3000.000 ps

 
 Number of triangulated 3-point waters found:    21151

     Sum of charges from parm topology file =  -0.00000029
     Forcing neutrality...

| Dynamic Memory, Types Used:
| Reals             2077835
| Integers          3136574

| Nonbonded Pairs Initial Allocation:    12501320

| GPU memory information (estimate):
| KB of GPU memory in use:    341159
| KB of CPU memory in use:    149797

--------------------------------------------------------------------------------
   4.  RESULTS
--------------------------------------------------------------------------------



   NSTEP       ENERGY          RMS            GMAX         NAME    NUMBER
      1      -2.3412E+05     1.7249E+01     1.2637E+02     N        8067

 BOND    =     1643.4562  ANGLE   =     4601.2768  DIHED      =     9156.8193
 VDWAALS =    24495.7587  EEL     =  -306188.5527  HBOND      =        0.0000
 1-4 VDW =     3080.4529  1-4 EEL =    29091.0638  RESTRAINT  =        0.0000


   NSTEP       ENERGY          RMS            GMAX         NAME    NUMBER
     50      -2.4621E+05     1.4747E+01     5.1280E+01     O       43639

 BOND    =      303.4494  ANGLE   =     2004.6413  DIHED      =     8729.6120
 VDWAALS =    16859.8137  EEL     =  -306029.3033  HBOND      =        0.0000
 1-4 VDW =     2819.3894  1-4 EEL =    28953.0795  RESTRAINT  =      152.2687
 EAMBER  =  -246359.3178


   NSTEP       ENERGY          RMS            GMAX         NAME    NUMBER
    100      -2.4621E+05     1.4747E+01     5.1280E+01     O       43639

 BOND    =      303.4495  ANGLE   =     2004.6386  DIHED      =     8729.6114
 VDWAALS =    16859.7751  EEL     =  -306029.1818  HBOND      =        0.0000
 1-4 VDW =     2819.3877  1-4 EEL =    28953.0787  RESTRAINT  =      152.2694
 EAMBER  =  -246359.2409


   NSTEP       ENERGY          RMS            GMAX         NAME    NUMBER
    150      -2.4621E+05     1.4747E+01     5.1280E+01     O       43639

 BOND    =      303.4496  ANGLE   =     2004.6385  DIHED      =     8729.6113
 VDWAALS =    16859.7736  EEL     =  -306029.1752  HBOND      =        0.0000
 1-4 VDW =     2819.3876  1-4 EEL =    28953.0786  RESTRAINT  =      152.2694
 EAMBER  =  -246359.2359


   NSTEP       ENERGY          RMS            GMAX         NAME    NUMBER
    200      -2.4621E+05     1.4747E+01     5.1280E+01     O       43639

 BOND    =      303.4495  ANGLE   =     2004.6383  DIHED      =     8729.6113
 VDWAALS =    16859.7704  EEL     =  -306029.1693  HBOND      =        0.0000
 1-4 VDW =     2819.3874  1-4 EEL =    28953.0784  RESTRAINT  =      152.2695
 EAMBER  =  -246359.2340


   NSTEP       ENERGY          RMS            GMAX         NAME    NUMBER
    250      -2.4621E+05     1.4747E+01     5.1280E+01     O       43639

 BOND    =      303.4496  ANGLE   =     2004.6382  DIHED      =     8729.6113
 VDWAALS =    16859.7675  EEL     =  -306029.1623  HBOND      =        0.0000
 1-4 VDW =     2819.3874  1-4 EEL =    28953.0785  RESTRAINT  =      152.2695
 EAMBER  =  -246359.2299


   NSTEP       ENERGY          RMS            GMAX         NAME    NUMBER
    300      -2.4621E+05     1.4747E+01     5.1280E+01     O       43639

 BOND    =      303.4496  ANGLE   =     2004.6380  DIHED      =     8729.6112
 VDWAALS =    16859.7653  EEL     =  -306029.1540  HBOND      =        0.0000
 1-4 VDW =     2819.3873  1-4 EEL =    28953.0785  RESTRAINT  =      152.2695
 EAMBER  =  -246359.2242


   NSTEP       ENERGY          RMS            GMAX         NAME    NUMBER
    350      -2.4621E+05     1.4747E+01     5.1280E+01     O       43639

 BOND    =      303.4496  ANGLE   =     2004.6378  DIHED      =     8729.6110
 VDWAALS =    16859.7629  EEL     =  -306029.1450  HBOND      =        0.0000
 1-4 VDW =     2819.3871  1-4 EEL =    28953.0783  RESTRAINT  =      152.2696
 EAMBER  =  -246359.2183

     .... RESTARTED DUE TO LINMIN FAILURE ...


   NSTEP       ENERGY          RMS            GMAX         NAME    NUMBER
    400      -2.4621E+05     1.4747E+01     5.1280E+01     O       43639

 BOND    =      303.4496  ANGLE   =     2004.6377  DIHED      =     8729.6111
 VDWAALS =    16859.7608  EEL     =  -306029.1403  HBOND      =        0.0000
 1-4 VDW =     2819.3871  1-4 EEL =    28953.0783  RESTRAINT  =      152.2696
 EAMBER  =  -246359.2157


   NSTEP       ENERGY          RMS            GMAX         NAME    NUMBER
    450      -2.4621E+05     1.4747E+01     5.1280E+01     O       43639

 BOND    =      303.4496  ANGLE   =     2004.6375  DIHED      =     8729.6111
 VDWAALS =    16859.7575  EEL     =  -306029.1334  HBOND      =        0.0000
 1-4 VDW =     2819.3870  1-4 EEL =    28953.0783  RESTRAINT  =      152.2697
 EAMBER  =  -246359.2123

     .... RESTARTED DUE TO LINMIN FAILURE ...


   NSTEP       ENERGY          RMS            GMAX         NAME    NUMBER
    500      -2.4621E+05     1.4747E+01     5.1280E+01     O       43639

 BOND    =      303.4496  ANGLE   =     2004.6374  DIHED      =     8729.6109
 VDWAALS =    16859.7559  EEL     =  -306029.1259  HBOND      =        0.0000
 1-4 VDW =     2819.3869  1-4 EEL =    28953.0782  RESTRAINT  =      152.2697
 EAMBER  =  -246359.2071


   NSTEP       ENERGY          RMS            GMAX         NAME    NUMBER
    550      -2.4621E+05     1.4747E+01     5.1280E+01     O       43639

 BOND    =      303.4495  ANGLE   =     2004.6373  DIHED      =     8729.6109
 VDWAALS =    16859.7549  EEL     =  -306029.1182  HBOND      =        0.0000
 1-4 VDW =     2819.3868  1-4 EEL =    28953.0780  RESTRAINT  =      152.2697
 EAMBER  =  -246359.2008


   NSTEP       ENERGY          RMS            GMAX         NAME    NUMBER
    600      -2.4621E+05     1.4747E+01     5.1280E+01     O       43639

 BOND    =      303.4495  ANGLE   =     2004.6372  DIHED      =     8729.6110
 VDWAALS =    16859.7538  EEL     =  -306029.1157  HBOND      =        0.0000
 1-4 VDW =     2819.3867  1-4 EEL =    28953.0777  RESTRAINT  =      152.2698
 EAMBER  =  -246359.1999


   NSTEP       ENERGY          RMS            GMAX         NAME    NUMBER
    650      -2.4621E+05     1.4747E+01     5.1280E+01     O       43639

 BOND    =      303.4495  ANGLE   =     2004.6370  DIHED      =     8729.6109
 VDWAALS =    16859.7529  EEL     =  -306029.1074  HBOND      =        0.0000
 1-4 VDW =     2819.3866  1-4 EEL =    28953.0775  RESTRAINT  =      152.2698
 EAMBER  =  -246359.1929


   NSTEP       ENERGY          RMS            GMAX         NAME    NUMBER
    700      -2.4621E+05     1.4747E+01     5.1280E+01     O       43639

 BOND    =      303.4495  ANGLE   =     2004.6369  DIHED      =     8729.6108
 VDWAALS =    16859.7508  EEL     =  -306029.1053  HBOND      =        0.0000
 1-4 VDW =     2819.3865  1-4 EEL =    28953.0772  RESTRAINT  =      152.2698
 EAMBER  =  -246359.1936


   NSTEP       ENERGY          RMS            GMAX         NAME    NUMBER
    750      -2.4621E+05     1.4747E+01     5.1280E+01     O       43639

 BOND    =      303.4495  ANGLE   =     2004.6368  DIHED      =     8729.6106
 VDWAALS =    16859.7484  EEL     =  -306029.0978  HBOND      =        0.0000
 1-4 VDW =     2819.3865  1-4 EEL =    28953.0772  RESTRAINT  =      152.2699
 EAMBER  =  -246359.1888


   NSTEP       ENERGY          RMS            GMAX         NAME    NUMBER
    800      -2.4621E+05     1.4747E+01     5.1280E+01     O       43639

 BOND    =      303.4495  ANGLE   =     2004.6367  DIHED      =     8729.6107
 VDWAALS =    16859.7470  EEL     =  -306029.0923  HBOND      =        0.0000
 1-4 VDW =     2819.3864  1-4 EEL =    28953.0772  RESTRAINT  =      152.2699
 EAMBER  =  -246359.1848


   NSTEP       ENERGY          RMS            GMAX         NAME    NUMBER
    850      -2.4621E+05     1.4747E+01     5.1280E+01     O       43639

 BOND    =      303.4495  ANGLE   =     2004.6365  DIHED      =     8729.6108
 VDWAALS =    16859.7435  EEL     =  -306029.0840  HBOND      =        0.0000
 1-4 VDW =     2819.3863  1-4 EEL =    28953.0771  RESTRAINT  =      152.2699
 EAMBER  =  -246359.1802


   NSTEP       ENERGY          RMS            GMAX         NAME    NUMBER
    900      -2.4621E+05     1.4747E+01     5.1280E+01     O       43639

 BOND    =      303.4495  ANGLE   =     2004.6363  DIHED      =     8729.6107
 VDWAALS =    16859.7410  EEL     =  -306029.0723  HBOND      =        0.0000
 1-4 VDW =     2819.3861  1-4 EEL =    28953.0770  RESTRAINT  =      152.2700
 EAMBER  =  -246359.1717

     .... RESTARTED DUE TO LINMIN FAILURE ...


   NSTEP       ENERGY          RMS            GMAX         NAME    NUMBER
    950      -2.4621E+05     1.4747E+01     5.1280E+01     O       43639

 BOND    =      303.4494  ANGLE   =     2004.6362  DIHED      =     8729.6106
 VDWAALS =    16859.7395  EEL     =  -306029.0635  HBOND      =        0.0000
 1-4 VDW =     2819.3860  1-4 EEL =    28953.0768  RESTRAINT  =      152.2700
 EAMBER  =  -246359.1651


   NSTEP       ENERGY          RMS            GMAX         NAME    NUMBER
   1000      -2.4621E+05     1.4747E+01     5.1280E+01     O       43639

 BOND    =      303.4494  ANGLE   =     2004.6361  DIHED      =     8729.6105
 VDWAALS =    16859.7385  EEL     =  -306029.0591  HBOND      =        0.0000
 1-4 VDW =     2819.3859  1-4 EEL =    28953.0766  RESTRAINT  =      152.2701
 EAMBER  =  -246359.1621


  Maximum number of minimization cycles reached.


                    FINAL RESULTS



   NSTEP       ENERGY          RMS            GMAX         NAME    NUMBER
   1000      -2.4621E+05     1.4747E+01     5.1280E+01     O       43639

 BOND    =      303.4494  ANGLE   =     2004.6361  DIHED      =     8729.6105
 VDWAALS =    16859.7385  EEL     =  -306029.0591  HBOND      =        0.0000
 1-4 VDW =     2819.3859  1-4 EEL =    28953.0766  RESTRAINT  =      152.2701
 EAMBER  =  -246359.1621
--------------------------------------------------------------------------------
   5.  TIMINGS
--------------------------------------------------------------------------------

|  NonSetup CPU Time in Major Routines:
|
|     Routine           Sec        %
|     ------------------------------
|     Nonbond           0.60   14.58
|     Bond              0.00    0.00
|     Angle             0.00    0.00
|     Dihedral          0.00    0.00
|     Shake             1.48   36.10
|     Other             2.02   49.32
|     ------------------------------
|     Total             4.09

|  PME Nonbond Pairlist CPU Time:
|
|     Routine              Sec        %
|     ---------------------------------
|     Set Up Cit           0.00    0.00
|     Build List           0.00    0.00
|     ---------------------------------
|     Total                0.00    0.00

|  PME Direct Force CPU Time:
|
|     Routine              Sec        %
|     ---------------------------------
|     NonBonded Calc       0.00    0.00
|     Exclude Masked       0.00    0.00
|     Other                0.00    0.02
|     ---------------------------------
|     Total                0.00    0.02

|  PME Reciprocal Force CPU Time:
|
|     Routine              Sec        %
|     ---------------------------------
|     1D bspline           0.00    0.00
|     Grid Charges         0.00    0.00
|     Scalar Sum           0.00    0.00
|     Gradient Sum         0.00    0.00
|     FFT                  0.00    0.00
|     ---------------------------------
|     Total                0.00    0.00

|  Setup CPU time:            0.72 seconds
|  NonSetup CPU time:         4.09 seconds
|  Total CPU time:            4.82 seconds     0.00 hours

|  Setup wall time:           1    seconds
|  NonSetup wall time:       41    seconds
|  Total wall time:          42    seconds     0.01 hours
