
          -------------------------------------------------------
          Amber 20 PMEMD                              2020
          -------------------------------------------------------

| PMEMD implementation of SANDER, Release 18

|  Compiled date/time: Thu Jun  2 17:33:41 2022
| Run on 10/23/2023 at 22:07:55

|   Executable path: pmemd.cuda
| Working directory: /lustre07/scratch/livtoft/SURE/BTS1/S75C/DMAPP-IPP
|          Hostname: ng20604

  [-O]verwriting output

File Assignments:
|   MDIN: ../../Relaxation/5min.in                                              
|  MDOUT: 5min.out                                                              
| INPCRD: 4md.rst7                                                              
|   PARM: DMAPP_IPP_ion.prmtop                                                  
| RESTRT: 5min.rst7                                                             
|   REFC: 4md.rst7                                                              
|  MDVEL: mdvel                                                                 
|   MDEN: mden                                                                  
|  MDCRD: mdcrd.5min                                                            
| MDINFO: 5min.info                                                             
|  MDFRC: mdfrc                                                                 


 Here is the input file:

Minimization of everything excluding backbone                                  
 &cntrl                                                                        
  imin = 1, maxcyc = 1000,                                                     
  ncyc = 50, ntx = 1,                                                          
  ntwe = 0, ntwr = 500, ntpr = 50,                                             
  ntc = 2, ntf = 2, ntb = 1, ntp = 0,                                          
  cut = 8.0,                                                                   
  ntr=1, restraintmask="@CA,C,N,C1,C2,C3,C4,C5,C6,C7,C8,C9,C10,C11,C12,C13,C14,
  restraint_wt=50.                                                             
  ioutfm=1, ntxo=2,                                                            
 /                                                                             


Note: ig = -1. Setting random seed to   253570 based on wallclock time in 
      microseconds.
| irandom = 1, using AMBER's internal random number generator (default).
 
|--------------------- INFORMATION ----------------------
| GPU (CUDA) Version of PMEMD in use: NVIDIA GPU IN USE.
|                    Version 18.0.0
| 
|                      03/25/2018
| 
| Implementation by:
|                    Ross C. Walker     (SDSC)
|                    Scott Le Grand     (nVIDIA)
| 
| Version 18 performance extensions by:
|                    David Cerutti     (Rutgers)
| 
| Precision model in use:
|      [SPFP] - Single Precision Forces, 64-bit Fixed Point
|               Accumulation. (Default)
| 
|--------------------------------------------------------
 
|----------------- CITATION INFORMATION -----------------
|
|    When publishing work that utilized the CUDA version
|    of AMBER, please cite the following in addition to
|    the regular AMBER citations:
|
|  - Romelia Salomon-Ferrer; Andreas W. Goetz; Duncan
|    Poole; Scott Le Grand; Ross C. Walker "Routine
|    microsecond molecular dynamics simulations with
|    AMBER - Part II: Particle Mesh Ewald", J. Chem.
|    Theory Comput., 2013, 9 (9), pp3878-3888,
|    DOI: 10.1021/ct400314y.
|
|  - Andreas W. Goetz; Mark J. Williamson; Dong Xu;
|    Duncan Poole; Scott Le Grand; Ross C. Walker
|    "Routine microsecond molecular dynamics simulations
|    with AMBER - Part I: Generalized Born", J. Chem.
|    Theory Comput., 2012, 8 (5), pp1542-1555.
|
|  - Scott Le Grand; Andreas W. Goetz; Ross C. Walker
|    "SPFP: Speed without compromise - a mixed precision
|    model for GPU accelerated molecular dynamics
|    simulations.", Comp. Phys. Comm., 2013, 184
|    pp374-380, DOI: 10.1016/j.cpc.2012.09.022
|
|--------------------------------------------------------
 
|------------------- GPU DEVICE INFO --------------------
|
|            CUDA_VISIBLE_DEVICES: 0
|   CUDA Capable Devices Detected:      1
|           CUDA Device ID in use:      0
|                CUDA Device Name: NVIDIA A100-SXM4-40GB
|     CUDA Device Global Mem Size:  40339 MB
| CUDA Device Num Multiprocessors:    108
|           CUDA Device Core Freq:   1.41 GHz
|
|--------------------------------------------------------
 
 
| Conditional Compilation Defines Used:
| PUBFFT
| BINTRAJ
| CUDA
| EMIL

| Largest sphere to fit in unit cell has radius =    41.575

| New format PARM file being parsed.
| Version =    1.000 Date = 10/23/23 Time = 21:21:33

| Note: 1-4 EEL scale factors are being read from the topology file.

| Note: 1-4 VDW scale factors are being read from the topology file.
| Duplicated    0 dihedrals

| Duplicated    0 dihedrals

--------------------------------------------------------------------------------
   1.  RESOURCE   USE: 
--------------------------------------------------------------------------------

 getting box info from netcdf restart file
 NATOM  =   74601 NTYPES =      20 NBONH =   68849 MBONA  =    5687
 NTHETH =   12838 MTHETA =    7712 NPHIH =   25721 MPHIA  =   24824
 NHPARM =       0 NPARM  =       0 NNB   =  146524 NRES   =   21920
 NBONA  =    5687 NTHETA =    7712 NPHIA =   24824 NUMBND =      80
 NUMANG =     184 NPTRA  =     212 NATYP =      47 NPHB   =       0
 IFBOX  =       2 NMXRS  =      24 IFCAP =       0 NEXTRA =       0
 NCOPY  =       0

| Coordinate Index Table dimensions:    20   20   20
| Direct force subcell size =     5.0918    5.0918    5.0918

     BOX TYPE: TRUNCATED OCTAHEDRON

--------------------------------------------------------------------------------
   2.  CONTROL  DATA  FOR  THE  RUN
--------------------------------------------------------------------------------

default_name                                                                    

General flags:
     imin    =       1, nmropt  =       0

Nature and format of input:
     ntx     =       1, irest   =       0, ntrx    =       1

Nature and format of output:
     ntxo    =       2, ntpr    =      50, ntrx    =       1, ntwr    =     500
     iwrap   =       0, ntwx    =       0, ntwv    =       0, ntwe    =       0
     ioutfm  =       1, ntwprt  =       0, idecomp =       0, rbornstat=      0

Potential function:
     ntf     =       2, ntb     =       1, igb     =       0, nsnb    =      25
     ipol    =       0, gbsa    =       0, iesp    =       0
     dielc   =   1.00000, cut     =   8.00000, intdiel =   1.00000

Frozen or restrained atoms:
     ibelly  =       0, ntr     =       1
     restraint_wt =  50.00000

Energy minimization:
     maxcyc  =    1000, ncyc    =      50, ntmin   =       1
     dx0     =   0.01000, drms    =   0.00010

SHAKE:
     ntc     =       2, jfastw  =       0
     tol     =   0.00001

| Intermolecular bonds treatment:
|     no_intermolecular_bonds =       1

| Energy averages sample interval:
|     ene_avg_sampling =       1

Ewald parameters:
     verbose =       0, ew_type =       0, nbflag  =       1, use_pme =       1
     vdwmeth =       1, eedmeth =       1, netfrc  =       0
     Box X =  101.837   Box Y =  101.837   Box Z =  101.837
     Alpha =  109.471   Beta  =  109.471   Gamma =  109.471
     NFFT1 =  108       NFFT2 =  108       NFFT3 =  108
     Cutoff=    8.000   Tol   =0.100E-04
     Ewald Coefficient =  0.34864
     Interpolation order =    4

    LOADING THE CONSTRAINED ATOMS AS GROUPS


   5.  REFERENCE ATOM COORDINATES

  default_name                                                                    
     Mask @CA,C,N,C1,C2,C3,C4,C5,C6,C7,C8,C9,C10,C11,C12,C13,C14,C15,C16,C17,C18,C19,C20,O1,O1A,O2A,O3A,O1B,O2B,PA,PB; matches  2092 atoms

--------------------------------------------------------------------------------
   3.  ATOMIC COORDINATES AND VELOCITIES
--------------------------------------------------------------------------------

default_name                                                                    
 begin time read from input coords =  3000.000 ps

 
 Number of triangulated 3-point waters found:    21069

     Sum of charges from parm topology file =  -0.00000029
     Forcing neutrality...

| Dynamic Memory, Types Used:
| Reals             2071546
| Integers          3128176

| Nonbonded Pairs Initial Allocation:    12460232

| GPU memory information (estimate):
| KB of GPU memory in use:    340992
| KB of CPU memory in use:    149630

--------------------------------------------------------------------------------
   4.  RESULTS
--------------------------------------------------------------------------------



   NSTEP       ENERGY          RMS            GMAX         NAME    NUMBER
      1      -2.3416E+05     1.7263E+01     1.1502E+02     C        8702

 BOND    =     1682.6889  ANGLE   =     4800.7252  DIHED      =     8957.0502
 VDWAALS =    24387.8979  EEL     =  -305562.0850  HBOND      =        0.0000
 1-4 VDW =     3068.1615  1-4 EEL =    28508.1396  RESTRAINT  =        0.0000


   NSTEP       ENERGY          RMS            GMAX         NAME    NUMBER
     50      -2.4605E+05     1.4708E+01     5.1860E+01     O       72259

 BOND    =      313.1676  ANGLE   =     2110.5354  DIHED      =     8534.5470
 VDWAALS =    16513.7421  EEL     =  -304893.1474  HBOND      =        0.0000
 1-4 VDW =     2817.6263  1-4 EEL =    28382.5972  RESTRAINT  =      168.7664
 EAMBER  =  -246220.9318


   NSTEP       ENERGY          RMS            GMAX         NAME    NUMBER
    100      -2.4605E+05     1.4708E+01     5.1860E+01     O       72259

 BOND    =      313.1675  ANGLE   =     2110.5319  DIHED      =     8534.5467
 VDWAALS =    16513.7022  EEL     =  -304893.0149  HBOND      =        0.0000
 1-4 VDW =     2817.6245  1-4 EEL =    28382.5957  RESTRAINT  =      168.7673
 EAMBER  =  -246220.8465


   NSTEP       ENERGY          RMS            GMAX         NAME    NUMBER
    150      -2.4605E+05     1.4708E+01     5.1860E+01     O       72259

 BOND    =      313.1675  ANGLE   =     2110.5317  DIHED      =     8534.5466
 VDWAALS =    16513.6990  EEL     =  -304893.0089  HBOND      =        0.0000
 1-4 VDW =     2817.6244  1-4 EEL =    28382.5957  RESTRAINT  =      168.7674
 EAMBER  =  -246220.8441

     .... RESTARTED DUE TO LINMIN FAILURE ...


   NSTEP       ENERGY          RMS            GMAX         NAME    NUMBER
    200      -2.4605E+05     1.4708E+01     5.1860E+01     O       72259

 BOND    =      313.1675  ANGLE   =     2110.5316  DIHED      =     8534.5466
 VDWAALS =    16513.6968  EEL     =  -304893.0014  HBOND      =        0.0000
 1-4 VDW =     2817.6243  1-4 EEL =    28382.5956  RESTRAINT  =      168.7675
 EAMBER  =  -246220.8390


   NSTEP       ENERGY          RMS            GMAX         NAME    NUMBER
    250      -2.4605E+05     1.4708E+01     5.1860E+01     O       72259

 BOND    =      313.1675  ANGLE   =     2110.5313  DIHED      =     8534.5467
 VDWAALS =    16513.6939  EEL     =  -304892.9950  HBOND      =        0.0000
 1-4 VDW =     2817.6242  1-4 EEL =    28382.5955  RESTRAINT  =      168.7675
 EAMBER  =  -246220.8359

     .... RESTARTED DUE TO LINMIN FAILURE ...


   NSTEP       ENERGY          RMS            GMAX         NAME    NUMBER
    300      -2.4605E+05     1.4708E+01     5.1860E+01     O       72259

 BOND    =      313.1675  ANGLE   =     2110.5311  DIHED      =     8534.5465
 VDWAALS =    16513.6906  EEL     =  -304892.9893  HBOND      =        0.0000
 1-4 VDW =     2817.6241  1-4 EEL =    28382.5956  RESTRAINT  =      168.7676
 EAMBER  =  -246220.8338


   NSTEP       ENERGY          RMS            GMAX         NAME    NUMBER
    350      -2.4605E+05     1.4708E+01     5.1860E+01     O       72259

 BOND    =      313.1675  ANGLE   =     2110.5310  DIHED      =     8534.5465
 VDWAALS =    16513.6891  EEL     =  -304892.9836  HBOND      =        0.0000
 1-4 VDW =     2817.6241  1-4 EEL =    28382.5954  RESTRAINT  =      168.7676
 EAMBER  =  -246220.8300


   NSTEP       ENERGY          RMS            GMAX         NAME    NUMBER
    400      -2.4605E+05     1.4708E+01     5.1860E+01     O       72259

 BOND    =      313.1675  ANGLE   =     2110.5308  DIHED      =     8534.5465
 VDWAALS =    16513.6870  EEL     =  -304892.9749  HBOND      =        0.0000
 1-4 VDW =     2817.6241  1-4 EEL =    28382.5955  RESTRAINT  =      168.7676
 EAMBER  =  -246220.8234


   NSTEP       ENERGY          RMS            GMAX         NAME    NUMBER
    450      -2.4605E+05     1.4708E+01     5.1860E+01     O       72259

 BOND    =      313.1675  ANGLE   =     2110.5306  DIHED      =     8534.5466
 VDWAALS =    16513.6855  EEL     =  -304892.9707  HBOND      =        0.0000
 1-4 VDW =     2817.6240  1-4 EEL =    28382.5954  RESTRAINT  =      168.7677
 EAMBER  =  -246220.8210


   NSTEP       ENERGY          RMS            GMAX         NAME    NUMBER
    500      -2.4605E+05     1.4708E+01     5.1860E+01     O       72259

 BOND    =      313.1675  ANGLE   =     2110.5306  DIHED      =     8534.5466
 VDWAALS =    16513.6849  EEL     =  -304892.9653  HBOND      =        0.0000
 1-4 VDW =     2817.6240  1-4 EEL =    28382.5954  RESTRAINT  =      168.7677
 EAMBER  =  -246220.8164


   NSTEP       ENERGY          RMS            GMAX         NAME    NUMBER
    550      -2.4605E+05     1.4708E+01     5.1860E+01     O       72259

 BOND    =      313.1675  ANGLE   =     2110.5304  DIHED      =     8534.5466
 VDWAALS =    16513.6831  EEL     =  -304892.9612  HBOND      =        0.0000
 1-4 VDW =     2817.6240  1-4 EEL =    28382.5954  RESTRAINT  =      168.7678
 EAMBER  =  -246220.8141


   NSTEP       ENERGY          RMS            GMAX         NAME    NUMBER
    600      -2.4605E+05     1.4708E+01     5.1860E+01     O       72259

 BOND    =      313.1675  ANGLE   =     2110.5303  DIHED      =     8534.5466
 VDWAALS =    16513.6815  EEL     =  -304892.9560  HBOND      =        0.0000
 1-4 VDW =     2817.6239  1-4 EEL =    28382.5954  RESTRAINT  =      168.7678
 EAMBER  =  -246220.8107


   NSTEP       ENERGY          RMS            GMAX         NAME    NUMBER
    650      -2.4605E+05     1.4708E+01     5.1860E+01     O       72259

 BOND    =      313.1675  ANGLE   =     2110.5300  DIHED      =     8534.5466
 VDWAALS =    16513.6779  EEL     =  -304892.9497  HBOND      =        0.0000
 1-4 VDW =     2817.6238  1-4 EEL =    28382.5954  RESTRAINT  =      168.7679
 EAMBER  =  -246220.8084


   NSTEP       ENERGY          RMS            GMAX         NAME    NUMBER
    700      -2.4605E+05     1.4708E+01     5.1860E+01     O       72259

 BOND    =      313.1675  ANGLE   =     2110.5298  DIHED      =     8534.5463
 VDWAALS =    16513.6757  EEL     =  -304892.9398  HBOND      =        0.0000
 1-4 VDW =     2817.6237  1-4 EEL =    28382.5951  RESTRAINT  =      168.7679
 EAMBER  =  -246220.8017


   NSTEP       ENERGY          RMS            GMAX         NAME    NUMBER
    750      -2.4605E+05     1.4708E+01     5.1860E+01     O       72259

 BOND    =      313.1675  ANGLE   =     2110.5296  DIHED      =     8534.5463
 VDWAALS =    16513.6726  EEL     =  -304892.9311  HBOND      =        0.0000
 1-4 VDW =     2817.6235  1-4 EEL =    28382.5950  RESTRAINT  =      168.7680
 EAMBER  =  -246220.7965

     .... RESTARTED DUE TO LINMIN FAILURE ...


   NSTEP       ENERGY          RMS            GMAX         NAME    NUMBER
    800      -2.4605E+05     1.4708E+01     5.1860E+01     O       72259

 BOND    =      313.1675  ANGLE   =     2110.5294  DIHED      =     8534.5462
 VDWAALS =    16513.6699  EEL     =  -304892.9233  HBOND      =        0.0000
 1-4 VDW =     2817.6234  1-4 EEL =    28382.5950  RESTRAINT  =      168.7681
 EAMBER  =  -246220.7918


   NSTEP       ENERGY          RMS            GMAX         NAME    NUMBER
    850      -2.4605E+05     1.4708E+01     5.1860E+01     O       72259

 BOND    =      313.1675  ANGLE   =     2110.5292  DIHED      =     8534.5462
 VDWAALS =    16513.6676  EEL     =  -304892.9122  HBOND      =        0.0000
 1-4 VDW =     2817.6233  1-4 EEL =    28382.5950  RESTRAINT  =      168.7681
 EAMBER  =  -246220.7833


   NSTEP       ENERGY          RMS            GMAX         NAME    NUMBER
    900      -2.4605E+05     1.4708E+01     5.1860E+01     O       72259

 BOND    =      313.1675  ANGLE   =     2110.5290  DIHED      =     8534.5463
 VDWAALS =    16513.6673  EEL     =  -304892.9062  HBOND      =        0.0000
 1-4 VDW =     2817.6233  1-4 EEL =    28382.5948  RESTRAINT  =      168.7682
 EAMBER  =  -246220.7781


   NSTEP       ENERGY          RMS            GMAX         NAME    NUMBER
    950      -2.4605E+05     1.4708E+01     5.1860E+01     O       72259

 BOND    =      313.1675  ANGLE   =     2110.5287  DIHED      =     8534.5461
 VDWAALS =    16513.6646  EEL     =  -304892.9014  HBOND      =        0.0000
 1-4 VDW =     2817.6232  1-4 EEL =    28382.5948  RESTRAINT  =      168.7682
 EAMBER  =  -246220.7764

     .... RESTARTED DUE TO LINMIN FAILURE ...


   NSTEP       ENERGY          RMS            GMAX         NAME    NUMBER
   1000      -2.4605E+05     1.4708E+01     5.1860E+01     O       72259

 BOND    =      313.1674  ANGLE   =     2110.5285  DIHED      =     8534.5461
 VDWAALS =    16513.6626  EEL     =  -304892.8904  HBOND      =        0.0000
 1-4 VDW =     2817.6231  1-4 EEL =    28382.5945  RESTRAINT  =      168.7683
 EAMBER  =  -246220.7682


  Maximum number of minimization cycles reached.


                    FINAL RESULTS



   NSTEP       ENERGY          RMS            GMAX         NAME    NUMBER
   1000      -2.4605E+05     1.4708E+01     5.1860E+01     O       72259

 BOND    =      313.1674  ANGLE   =     2110.5285  DIHED      =     8534.5461
 VDWAALS =    16513.6626  EEL     =  -304892.8904  HBOND      =        0.0000
 1-4 VDW =     2817.6231  1-4 EEL =    28382.5945  RESTRAINT  =      168.7683
 EAMBER  =  -246220.7682
--------------------------------------------------------------------------------
   5.  TIMINGS
--------------------------------------------------------------------------------

|  NonSetup CPU Time in Major Routines:
|
|     Routine           Sec        %
|     ------------------------------
|     Nonbond           0.54   13.80
|     Bond              0.00    0.00
|     Angle             0.00    0.00
|     Dihedral          0.00    0.00
|     Shake             1.47   37.66
|     Other             1.90   48.53
|     ------------------------------
|     Total             3.91

|  PME Nonbond Pairlist CPU Time:
|
|     Routine              Sec        %
|     ---------------------------------
|     Set Up Cit           0.00    0.00
|     Build List           0.00    0.00
|     ---------------------------------
|     Total                0.00    0.00

|  PME Direct Force CPU Time:
|
|     Routine              Sec        %
|     ---------------------------------
|     NonBonded Calc       0.00    0.00
|     Exclude Masked       0.00    0.00
|     Other                0.00    0.03
|     ---------------------------------
|     Total                0.00    0.03

|  PME Reciprocal Force CPU Time:
|
|     Routine              Sec        %
|     ---------------------------------
|     1D bspline           0.00    0.00
|     Grid Charges         0.00    0.00
|     Scalar Sum           0.00    0.00
|     Gradient Sum         0.00    0.00
|     FFT                  0.00    0.00
|     ---------------------------------
|     Total                0.00    0.00

|  Setup CPU time:            0.68 seconds
|  NonSetup CPU time:         3.91 seconds
|  Total CPU time:            4.59 seconds     0.00 hours

|  Setup wall time:           1    seconds
|  NonSetup wall time:        4    seconds
|  Total wall time:           5    seconds     0.00 hours
