
          -------------------------------------------------------
          Amber 20 PMEMD                              2020
          -------------------------------------------------------

| PMEMD implementation of SANDER, Release 18

|  Compiled date/time: Thu Jun  2 17:33:41 2022
| Run on 10/23/2023 at 23:27:58

|   Executable path: pmemd.cuda
| Working directory: /lustre07/scratch/livtoft/SURE/BTS1/S76A/GGPP
|          Hostname: ng10711

  [-O]verwriting output

File Assignments:
|   MDIN: ../../Relaxation/1min.in                                              
|  MDOUT: 1min.out                                                              
| INPCRD: GGPP_ion.inpcrd                                                       
|   PARM: GGPP_ion.prmtop                                                       
| RESTRT: 1min.rst7                                                             
|   REFC: GGPP_ion.inpcrd                                                       
|  MDVEL: mdvel                                                                 
|   MDEN: mden                                                                  
|  MDCRD: mdcrd.1min                                                            
| MDINFO: 1min.info                                                             
|  MDFRC: mdfrc                                                                 


 Here is the input file:

minimization of solvent                                                        
 &cntrl                                                                        
  imin = 1, maxcyc = 1000,                                                     
  ncyc = 100, ntx = 1,                                                         
  ntwe = 0, ntwr = 500, ntpr = 50,                                             
  ntc = 2, ntf = 2, ntb = 1, ntp = 0,                                          
  cut = 10.0,                                                                  
  ntr=1, restraintmask = ':1-686', restraint_wt = 200.,                        
  ioutfm=1, ntxo=2,                                                            
 /                                                                             


Note: ig = -1. Setting random seed to   656515 based on wallclock time in 
      microseconds.
| irandom = 1, using AMBER's internal random number generator (default).
 
|--------------------- INFORMATION ----------------------
| GPU (CUDA) Version of PMEMD in use: NVIDIA GPU IN USE.
|                    Version 18.0.0
| 
|                      03/25/2018
| 
| Implementation by:
|                    Ross C. Walker     (SDSC)
|                    Scott Le Grand     (nVIDIA)
| 
| Version 18 performance extensions by:
|                    David Cerutti     (Rutgers)
| 
| Precision model in use:
|      [SPFP] - Single Precision Forces, 64-bit Fixed Point
|               Accumulation. (Default)
| 
|--------------------------------------------------------
 
|----------------- CITATION INFORMATION -----------------
|
|    When publishing work that utilized the CUDA version
|    of AMBER, please cite the following in addition to
|    the regular AMBER citations:
|
|  - Romelia Salomon-Ferrer; Andreas W. Goetz; Duncan
|    Poole; Scott Le Grand; Ross C. Walker "Routine
|    microsecond molecular dynamics simulations with
|    AMBER - Part II: Particle Mesh Ewald", J. Chem.
|    Theory Comput., 2013, 9 (9), pp3878-3888,
|    DOI: 10.1021/ct400314y.
|
|  - Andreas W. Goetz; Mark J. Williamson; Dong Xu;
|    Duncan Poole; Scott Le Grand; Ross C. Walker
|    "Routine microsecond molecular dynamics simulations
|    with AMBER - Part I: Generalized Born", J. Chem.
|    Theory Comput., 2012, 8 (5), pp1542-1555.
|
|  - Scott Le Grand; Andreas W. Goetz; Ross C. Walker
|    "SPFP: Speed without compromise - a mixed precision
|    model for GPU accelerated molecular dynamics
|    simulations.", Comp. Phys. Comm., 2013, 184
|    pp374-380, DOI: 10.1016/j.cpc.2012.09.022
|
|--------------------------------------------------------
 
|------------------- GPU DEVICE INFO --------------------
|
|            CUDA_VISIBLE_DEVICES: 0
|   CUDA Capable Devices Detected:      1
|           CUDA Device ID in use:      0
|                CUDA Device Name: NVIDIA A100-SXM4-40GB
|     CUDA Device Global Mem Size:  40339 MB
| CUDA Device Num Multiprocessors:    108
|           CUDA Device Core Freq:   1.41 GHz
|
|--------------------------------------------------------
 
 
| Conditional Compilation Defines Used:
| PUBFFT
| BINTRAJ
| CUDA
| EMIL

| Largest sphere to fit in unit cell has radius =    42.044

| New format PARM file being parsed.
| Version =    1.000 Date = 10/14/23 Time = 19:21:20

| Note: 1-4 EEL scale factors are being read from the topology file.

| Note: 1-4 VDW scale factors are being read from the topology file.
| Duplicated    0 dihedrals

| Duplicated    0 dihedrals

--------------------------------------------------------------------------------
   1.  RESOURCE   USE: 
--------------------------------------------------------------------------------

 getting new box info from bottom of inpcrd
 NATOM  =   74541 NTYPES =      20 NBONH =   68796 MBONA  =    5688
 NTHETH =   12910 MTHETA =    7706 NPHIH =   25883 MPHIA  =   24816
 NHPARM =       0 NPARM  =       0 NNB   =  146612 NRES   =   21884
 NBONA  =    5688 NTHETA =    7706 NPHIA =   24816 NUMBND =      78
 NUMANG =     177 NPTRA  =     200 NATYP =      45 NPHB   =       0
 IFBOX  =       2 NMXRS  =      62 IFCAP =       0 NEXTRA =       0
 NCOPY  =       0

| Coordinate Index Table dimensions:    16   16   16
| Direct force subcell size =     6.4367    6.4367    6.4367

     BOX TYPE: TRUNCATED OCTAHEDRON

--------------------------------------------------------------------------------
   2.  CONTROL  DATA  FOR  THE  RUN
--------------------------------------------------------------------------------

default_name                                                                    

General flags:
     imin    =       1, nmropt  =       0

Nature and format of input:
     ntx     =       1, irest   =       0, ntrx    =       1

Nature and format of output:
     ntxo    =       2, ntpr    =      50, ntrx    =       1, ntwr    =     500
     iwrap   =       0, ntwx    =       0, ntwv    =       0, ntwe    =       0
     ioutfm  =       1, ntwprt  =       0, idecomp =       0, rbornstat=      0

Potential function:
     ntf     =       2, ntb     =       1, igb     =       0, nsnb    =      25
     ipol    =       0, gbsa    =       0, iesp    =       0
     dielc   =   1.00000, cut     =  10.00000, intdiel =   1.00000

Frozen or restrained atoms:
     ibelly  =       0, ntr     =       1
     restraint_wt = 200.00000

Energy minimization:
     maxcyc  =    1000, ncyc    =     100, ntmin   =       1
     dx0     =   0.01000, drms    =   0.00010

SHAKE:
     ntc     =       2, jfastw  =       0
     tol     =   0.00001

| Intermolecular bonds treatment:
|     no_intermolecular_bonds =       1

| Energy averages sample interval:
|     ene_avg_sampling =       1

Ewald parameters:
     verbose =       0, ew_type =       0, nbflag  =       1, use_pme =       1
     vdwmeth =       1, eedmeth =       1, netfrc  =       0
     Box X =  102.987   Box Y =  102.987   Box Z =  102.987
     Alpha =  109.471   Beta  =  109.471   Gamma =  109.471
     NFFT1 =  108       NFFT2 =  108       NFFT3 =  108
     Cutoff=   10.000   Tol   =0.100E-04
     Ewald Coefficient =  0.27511
     Interpolation order =    4

    LOADING THE CONSTRAINED ATOMS AS GROUPS


   5.  REFERENCE ATOM COORDINATES

  default_name                                                                    
     Mask :1-686; matches 11261 atoms

--------------------------------------------------------------------------------
   3.  ATOMIC COORDINATES AND VELOCITIES
--------------------------------------------------------------------------------

default_name                                                                    
 begin time read from input coords =     0.000 ps

 
 Number of triangulated 3-point waters found:    21041

     Sum of charges from parm topology file =  -0.00000029
     Forcing neutrality...

| Dynamic Memory, Types Used:
| Reals             2090351
| Integers          3130594

| Nonbonded Pairs Initial Allocation:    22546788

| GPU memory information (estimate):
| KB of GPU memory in use:    461638
| KB of CPU memory in use:    169916

--------------------------------------------------------------------------------
   4.  RESULTS
--------------------------------------------------------------------------------



   NSTEP       ENERGY          RMS            GMAX         NAME    NUMBER
      1       2.1800E+09     3.1329E+02     2.8248E+04     CD2      7968

 BOND    =      859.4504  ANGLE   =     2067.8983  DIHED      =     8289.9298
 VDWAALS = *************  EEL     =  -257476.2226  HBOND      =        0.0000
 1-4 VDW =     3209.0203  1-4 EEL =    29284.2702  RESTRAINT  =        5.4882
 EAMBER  = *************


   NSTEP       ENERGY          RMS            GMAX         NAME    NUMBER
     50       2.2327E+09     3.1207E+02     2.8051E+04     CD2      7968

 BOND    =      859.2649  ANGLE   =     2067.8159  DIHED      =     8289.9302
 VDWAALS = *************  EEL     =  -257476.6436  HBOND      =        0.0000
 1-4 VDW =     3209.0446  1-4 EEL =    29284.1668  RESTRAINT  =        5.5147
 EAMBER  = *************


   NSTEP       ENERGY          RMS            GMAX         NAME    NUMBER
    100       2.2337E+09     3.1205E+02     2.8047E+04     CD2      7968

 BOND    =      859.2618  ANGLE   =     2067.8144  DIHED      =     8289.9300
 VDWAALS = *************  EEL     =  -257476.6516  HBOND      =        0.0000
 1-4 VDW =     3209.0451  1-4 EEL =    29284.1649  RESTRAINT  =        5.5155
 EAMBER  = *************

     .... RESTARTED DUE TO LINMIN FAILURE ...


   NSTEP       ENERGY          RMS            GMAX         NAME    NUMBER
    150       3.0346E+04     9.9763E+01     9.2541E+03     HB3      2330

 BOND    =    13055.6228  ANGLE   =     7028.0640  DIHED      =     8659.7195
 VDWAALS =    22580.8626  EEL     =  -257898.9616  HBOND      =        0.0000
 1-4 VDW =   164287.1232  1-4 EEL =    29028.7691  RESTRAINT  =    43604.5322
 EAMBER  =   -13258.8004


   NSTEP       ENERGY          RMS            GMAX         NAME    NUMBER
    200       3.0359E+04     9.9764E+01     9.2542E+03     HB3      2330

 BOND    =    13055.5627  ANGLE   =     7028.0604  DIHED      =     8659.7196
 VDWAALS =    22580.8334  EEL     =  -257898.9651  HBOND      =        0.0000
 1-4 VDW =   164300.9188  1-4 EEL =    29028.7691  RESTRAINT  =    43604.5105
 EAMBER  =   -13245.1012

     .... RESTARTED DUE TO LINMIN FAILURE ...


   NSTEP       ENERGY          RMS            GMAX         NAME    NUMBER
    250       3.0366E+04     9.9764E+01     9.2542E+03     HB3      2330

 BOND    =    13055.5164  ANGLE   =     7028.0575  DIHED      =     8659.7194
 VDWAALS =    22580.8029  EEL     =  -257898.9674  HBOND      =        0.0000
 1-4 VDW =   164307.8411  1-4 EEL =    29028.7690  RESTRAINT  =    43604.4973
 EAMBER  =   -13238.2611


   NSTEP       ENERGY          RMS            GMAX         NAME    NUMBER
    300       3.0370E+04     9.9764E+01     9.2542E+03     HB3      2330

 BOND    =    13055.4924  ANGLE   =     7028.0561  DIHED      =     8659.7193
 VDWAALS =    22580.7918  EEL     =  -257898.9690  HBOND      =        0.0000
 1-4 VDW =   164311.4269  1-4 EEL =    29028.7690  RESTRAINT  =    43604.4880
 EAMBER  =   -13234.7134

     .... RESTARTED DUE TO LINMIN FAILURE ...

     .... RESTARTED DUE TO LINMIN FAILURE ...


   NSTEP       ENERGY          RMS            GMAX         NAME    NUMBER
    350       3.0383E+04     9.9764E+01     9.2543E+03     HB3      2330

 BOND    =    13055.4331  ANGLE   =     7028.0526  DIHED      =     8659.7193
 VDWAALS =    22580.7704  EEL     =  -257898.9726  HBOND      =        0.0000
 1-4 VDW =   164325.2013  1-4 EEL =    29028.7690  RESTRAINT  =    43604.4637
 EAMBER  =   -13221.0269

     .... RESTARTED DUE TO LINMIN FAILURE ...


                    FINAL RESULTS



   NSTEP       ENERGY          RMS            GMAX         NAME    NUMBER
    373       3.0384E+04     9.9764E+01     9.2543E+03     HB3      2330

 BOND    =    13055.4157  ANGLE   =     7028.0515  DIHED      =     8659.7192
 VDWAALS =    22580.7576  EEL     =  -257898.9741  HBOND      =        0.0000
 1-4 VDW =   164326.1012  1-4 EEL =    29028.7690  RESTRAINT  =    43604.4605
 EAMBER  =   -13220.1599

     ***** REPEATED LINMIN FAILURE *****
--------------------------------------------------------------------------------
   5.  TIMINGS
--------------------------------------------------------------------------------

|  NonSetup CPU Time in Major Routines:
|
|     Routine           Sec        %
|     ------------------------------
|     Nonbond           0.27   18.05
|     Bond              0.00    0.00
|     Angle             0.00    0.00
|     Dihedral          0.00    0.00
|     Shake             0.55   36.74
|     Other             0.67   45.21
|     ------------------------------
|     Total             1.49

|  PME Nonbond Pairlist CPU Time:
|
|     Routine              Sec        %
|     ---------------------------------
|     Set Up Cit           0.00    0.00
|     Build List           0.00    0.00
|     ---------------------------------
|     Total                0.00    0.00

|  PME Direct Force CPU Time:
|
|     Routine              Sec        %
|     ---------------------------------
|     NonBonded Calc       0.00    0.00
|     Exclude Masked       0.00    0.00
|     Other                0.00    0.03
|     ---------------------------------
|     Total                0.00    0.03

|  PME Reciprocal Force CPU Time:
|
|     Routine              Sec        %
|     ---------------------------------
|     1D bspline           0.00    0.00
|     Grid Charges         0.00    0.00
|     Scalar Sum           0.00    0.00
|     Gradient Sum         0.00    0.00
|     FFT                  0.00    0.00
|     ---------------------------------
|     Total                0.00    0.00

|  Setup CPU time:            1.13 seconds
|  NonSetup CPU time:         1.49 seconds
|  Total CPU time:            2.61 seconds     0.00 hours

|  Setup wall time:           2    seconds
|  NonSetup wall time:        2    seconds
|  Total wall time:           4    seconds     0.00 hours
