
          -------------------------------------------------------
          Amber 20 PMEMD                              2020
          -------------------------------------------------------

| PMEMD implementation of SANDER, Release 18

|  Compiled date/time: Thu Jun  2 17:33:41 2022
| Run on 10/15/2023 at 12:41:26

|   Executable path: pmemd.cuda
| Working directory: /lustre07/scratch/livtoft/SURE/BTS1/S75C/FPP-IPP
|          Hostname: ng10504

  [-O]verwriting output

File Assignments:
|   MDIN: ../../Relaxation/5min.in                                              
|  MDOUT: 5min.out                                                              
| INPCRD: 4md.rst7                                                              
|   PARM: FPP_IPP_ion.prmtop                                                    
| RESTRT: 5min.rst7                                                             
|   REFC: 4md.rst7                                                              
|  MDVEL: mdvel                                                                 
|   MDEN: mden                                                                  
|  MDCRD: mdcrd.5min                                                            
| MDINFO: 5min.info                                                             
|  MDFRC: mdfrc                                                                 


 Here is the input file:

Minimization of everything excluding backbone                                  
 &cntrl                                                                        
  imin = 1, maxcyc = 1000,                                                     
  ncyc = 50, ntx = 1,                                                          
  ntwe = 0, ntwr = 500, ntpr = 50,                                             
  ntc = 2, ntf = 2, ntb = 1, ntp = 0,                                          
  cut = 8.0,                                                                   
  ntr=1, restraintmask="@CA,C,N,C1,C2,C3,C4,C5,C6,C7,C8,C9,C10,C11,C12,C13,C14,
  restraint_wt=50.                                                             
  ioutfm=1, ntxo=2,                                                            
 /                                                                             


Note: ig = -1. Setting random seed to   127263 based on wallclock time in 
      microseconds.
| irandom = 1, using AMBER's internal random number generator (default).
 
|--------------------- INFORMATION ----------------------
| GPU (CUDA) Version of PMEMD in use: NVIDIA GPU IN USE.
|                    Version 18.0.0
| 
|                      03/25/2018
| 
| Implementation by:
|                    Ross C. Walker     (SDSC)
|                    Scott Le Grand     (nVIDIA)
| 
| Version 18 performance extensions by:
|                    David Cerutti     (Rutgers)
| 
| Precision model in use:
|      [SPFP] - Single Precision Forces, 64-bit Fixed Point
|               Accumulation. (Default)
| 
|--------------------------------------------------------
 
|----------------- CITATION INFORMATION -----------------
|
|    When publishing work that utilized the CUDA version
|    of AMBER, please cite the following in addition to
|    the regular AMBER citations:
|
|  - Romelia Salomon-Ferrer; Andreas W. Goetz; Duncan
|    Poole; Scott Le Grand; Ross C. Walker "Routine
|    microsecond molecular dynamics simulations with
|    AMBER - Part II: Particle Mesh Ewald", J. Chem.
|    Theory Comput., 2013, 9 (9), pp3878-3888,
|    DOI: 10.1021/ct400314y.
|
|  - Andreas W. Goetz; Mark J. Williamson; Dong Xu;
|    Duncan Poole; Scott Le Grand; Ross C. Walker
|    "Routine microsecond molecular dynamics simulations
|    with AMBER - Part I: Generalized Born", J. Chem.
|    Theory Comput., 2012, 8 (5), pp1542-1555.
|
|  - Scott Le Grand; Andreas W. Goetz; Ross C. Walker
|    "SPFP: Speed without compromise - a mixed precision
|    model for GPU accelerated molecular dynamics
|    simulations.", Comp. Phys. Comm., 2013, 184
|    pp374-380, DOI: 10.1016/j.cpc.2012.09.022
|
|--------------------------------------------------------
 
|------------------- GPU DEVICE INFO --------------------
|
|            CUDA_VISIBLE_DEVICES: 0
|   CUDA Capable Devices Detected:      1
|           CUDA Device ID in use:      0
|                CUDA Device Name: NVIDIA A100-SXM4-40GB
|     CUDA Device Global Mem Size:  40339 MB
| CUDA Device Num Multiprocessors:    108
|           CUDA Device Core Freq:   1.41 GHz
|
|--------------------------------------------------------
 
 
| Conditional Compilation Defines Used:
| PUBFFT
| BINTRAJ
| CUDA
| EMIL

| Largest sphere to fit in unit cell has radius =    41.514

| New format PARM file being parsed.
| Version =    1.000 Date = 10/14/23 Time = 18:52:42

| Note: 1-4 EEL scale factors are being read from the topology file.

| Note: 1-4 VDW scale factors are being read from the topology file.
| Duplicated    0 dihedrals

| Duplicated    0 dihedrals

--------------------------------------------------------------------------------
   1.  RESOURCE   USE: 
--------------------------------------------------------------------------------

 getting box info from netcdf restart file
 NATOM  =   74644 NTYPES =      20 NBONH =   68873 MBONA  =    5706
 NTHETH =   12912 MTHETA =    7734 NPHIH =   25885 MPHIA  =   24856
 NHPARM =       0 NPARM  =       0 NNB   =  146792 NRES   =   21917
 NBONA  =    5706 NTHETA =    7734 NPHIA =   24856 NUMBND =      80
 NUMANG =     183 NPTRA  =     212 NATYP =      47 NPHB   =       0
 IFBOX  =       2 NMXRS  =      49 IFCAP =       0 NEXTRA =       0
 NCOPY  =       0

| Coordinate Index Table dimensions:    20   20   20
| Direct force subcell size =     5.0844    5.0844    5.0844

     BOX TYPE: TRUNCATED OCTAHEDRON

--------------------------------------------------------------------------------
   2.  CONTROL  DATA  FOR  THE  RUN
--------------------------------------------------------------------------------

default_name                                                                    

General flags:
     imin    =       1, nmropt  =       0

Nature and format of input:
     ntx     =       1, irest   =       0, ntrx    =       1

Nature and format of output:
     ntxo    =       2, ntpr    =      50, ntrx    =       1, ntwr    =     500
     iwrap   =       0, ntwx    =       0, ntwv    =       0, ntwe    =       0
     ioutfm  =       1, ntwprt  =       0, idecomp =       0, rbornstat=      0

Potential function:
     ntf     =       2, ntb     =       1, igb     =       0, nsnb    =      25
     ipol    =       0, gbsa    =       0, iesp    =       0
     dielc   =   1.00000, cut     =   8.00000, intdiel =   1.00000

Frozen or restrained atoms:
     ibelly  =       0, ntr     =       1
     restraint_wt =  50.00000

Energy minimization:
     maxcyc  =    1000, ncyc    =      50, ntmin   =       1
     dx0     =   0.01000, drms    =   0.00010

SHAKE:
     ntc     =       2, jfastw  =       0
     tol     =   0.00001

| Intermolecular bonds treatment:
|     no_intermolecular_bonds =       1

| Energy averages sample interval:
|     ene_avg_sampling =       1

Ewald parameters:
     verbose =       0, ew_type =       0, nbflag  =       1, use_pme =       1
     vdwmeth =       1, eedmeth =       1, netfrc  =       0
     Box X =  101.689   Box Y =  101.689   Box Z =  101.689
     Alpha =  109.471   Beta  =  109.471   Gamma =  109.471
     NFFT1 =  108       NFFT2 =  108       NFFT3 =  108
     Cutoff=    8.000   Tol   =0.100E-04
     Ewald Coefficient =  0.34864
     Interpolation order =    4

    LOADING THE CONSTRAINED ATOMS AS GROUPS


   5.  REFERENCE ATOM COORDINATES

  default_name                                                                    
     Mask @CA,C,N,C1,C2,C3,C4,C5,C6,C7,C8,C9,C10,C11,C12,C13,C14,C15,C16,C17,C18,C19,C20,O1,O1A,O2A,O3A,O1B,O2B,PA,PB; matches  2112 atoms

--------------------------------------------------------------------------------
   3.  ATOMIC COORDINATES AND VELOCITIES
--------------------------------------------------------------------------------

default_name                                                                    
 begin time read from input coords =  3000.000 ps

 
 Number of triangulated 3-point waters found:    21066

     Sum of charges from parm topology file =  -0.00000029
     Forcing neutrality...

| Dynamic Memory, Types Used:
| Reals             2072695
| Integers          3134228

| Nonbonded Pairs Initial Allocation:    12467414

| GPU memory information (estimate):
| KB of GPU memory in use:    341045
| KB of CPU memory in use:    149683

--------------------------------------------------------------------------------
   4.  RESULTS
--------------------------------------------------------------------------------



   NSTEP       ENERGY          RMS            GMAX         NAME    NUMBER
      1      -2.3413E+05     1.7258E+01     1.2605E+02     CG       5045

 BOND    =     1706.6309  ANGLE   =     4803.0825  DIHED      =     8925.1597
 VDWAALS =    24492.3170  EEL     =  -305579.6514  HBOND      =        0.0000
 1-4 VDW =     3084.3717  1-4 EEL =    28440.4298  RESTRAINT  =        0.0000


   NSTEP       ENERGY          RMS            GMAX         NAME    NUMBER
     50      -2.4616E+05     1.4729E+01     5.1663E+01     O       26669

 BOND    =      328.0363  ANGLE   =     2141.9280  DIHED      =     8530.6818
 VDWAALS =    16909.1040  EEL     =  -305398.8701  HBOND      =        0.0000
 1-4 VDW =     2834.1272  1-4 EEL =    28322.7440  RESTRAINT  =      174.2836
 EAMBER  =  -246332.2486


   NSTEP       ENERGY          RMS            GMAX         NAME    NUMBER
    100      -2.4616E+05     1.4729E+01     5.1663E+01     O       26669

 BOND    =      328.0363  ANGLE   =     2141.9243  DIHED      =     8530.6817
 VDWAALS =    16909.0724  EEL     =  -305398.7544  HBOND      =        0.0000
 1-4 VDW =     2834.1255  1-4 EEL =    28322.7433  RESTRAINT  =      174.2847
 EAMBER  =  -246332.1708


   NSTEP       ENERGY          RMS            GMAX         NAME    NUMBER
    150      -2.4616E+05     1.4729E+01     5.1663E+01     O       26669

 BOND    =      328.0363  ANGLE   =     2141.9240  DIHED      =     8530.6817
 VDWAALS =    16909.0686  EEL     =  -305398.7453  HBOND      =        0.0000
 1-4 VDW =     2834.1255  1-4 EEL =    28322.7432  RESTRAINT  =      174.2848
 EAMBER  =  -246332.1660


   NSTEP       ENERGY          RMS            GMAX         NAME    NUMBER
    200      -2.4616E+05     1.4729E+01     5.1663E+01     O       26669

 BOND    =      328.0363  ANGLE   =     2141.9239  DIHED      =     8530.6817
 VDWAALS =    16909.0669  EEL     =  -305398.7410  HBOND      =        0.0000
 1-4 VDW =     2834.1254  1-4 EEL =    28322.7432  RESTRAINT  =      174.2848
 EAMBER  =  -246332.1636


   NSTEP       ENERGY          RMS            GMAX         NAME    NUMBER
    250      -2.4616E+05     1.4729E+01     5.1663E+01     O       26669

 BOND    =      328.0363  ANGLE   =     2141.9237  DIHED      =     8530.6818
 VDWAALS =    16909.0635  EEL     =  -305398.7322  HBOND      =        0.0000
 1-4 VDW =     2834.1253  1-4 EEL =    28322.7433  RESTRAINT  =      174.2849
 EAMBER  =  -246332.1584


   NSTEP       ENERGY          RMS            GMAX         NAME    NUMBER
    300      -2.4616E+05     1.4729E+01     5.1663E+01     O       26669

 BOND    =      328.0363  ANGLE   =     2141.9235  DIHED      =     8530.6817
 VDWAALS =    16909.0594  EEL     =  -305398.7233  HBOND      =        0.0000
 1-4 VDW =     2834.1253  1-4 EEL =    28322.7431  RESTRAINT  =      174.2849
 EAMBER  =  -246332.1539


   NSTEP       ENERGY          RMS            GMAX         NAME    NUMBER
    350      -2.4616E+05     1.4729E+01     5.1663E+01     O       26669

 BOND    =      328.0362  ANGLE   =     2141.9234  DIHED      =     8530.6817
 VDWAALS =    16909.0599  EEL     =  -305398.7199  HBOND      =        0.0000
 1-4 VDW =     2834.1252  1-4 EEL =    28322.7430  RESTRAINT  =      174.2849
 EAMBER  =  -246332.1504


   NSTEP       ENERGY          RMS            GMAX         NAME    NUMBER
    400      -2.4616E+05     1.4729E+01     5.1662E+01     O       26669

 BOND    =      328.0362  ANGLE   =     2141.9231  DIHED      =     8530.6817
 VDWAALS =    16909.0575  EEL     =  -305398.7101  HBOND      =        0.0000
 1-4 VDW =     2834.1252  1-4 EEL =    28322.7428  RESTRAINT  =      174.2850
 EAMBER  =  -246332.1436


   NSTEP       ENERGY          RMS            GMAX         NAME    NUMBER
    450      -2.4616E+05     1.4729E+01     5.1662E+01     O       26669

 BOND    =      328.0362  ANGLE   =     2141.9229  DIHED      =     8530.6816
 VDWAALS =    16909.0521  EEL     =  -305398.7009  HBOND      =        0.0000
 1-4 VDW =     2834.1251  1-4 EEL =    28322.7427  RESTRAINT  =      174.2851
 EAMBER  =  -246332.1403


   NSTEP       ENERGY          RMS            GMAX         NAME    NUMBER
    500      -2.4616E+05     1.4729E+01     5.1662E+01     O       26669

 BOND    =      328.0362  ANGLE   =     2141.9227  DIHED      =     8530.6815
 VDWAALS =    16909.0529  EEL     =  -305398.6979  HBOND      =        0.0000
 1-4 VDW =     2834.1250  1-4 EEL =    28322.7427  RESTRAINT  =      174.2851
 EAMBER  =  -246332.1368

     .... RESTARTED DUE TO LINMIN FAILURE ...


   NSTEP       ENERGY          RMS            GMAX         NAME    NUMBER
    550      -2.4616E+05     1.4729E+01     5.1662E+01     O       26669

 BOND    =      328.0362  ANGLE   =     2141.9225  DIHED      =     8530.6814
 VDWAALS =    16909.0521  EEL     =  -305398.6895  HBOND      =        0.0000
 1-4 VDW =     2834.1248  1-4 EEL =    28322.7428  RESTRAINT  =      174.2852
 EAMBER  =  -246332.1296


   NSTEP       ENERGY          RMS            GMAX         NAME    NUMBER
    600      -2.4616E+05     1.4729E+01     5.1662E+01     O       26669

 BOND    =      328.0362  ANGLE   =     2141.9223  DIHED      =     8530.6815
 VDWAALS =    16909.0499  EEL     =  -305398.6853  HBOND      =        0.0000
 1-4 VDW =     2834.1247  1-4 EEL =    28322.7427  RESTRAINT  =      174.2853
 EAMBER  =  -246332.1280

     .... RESTARTED DUE TO LINMIN FAILURE ...


   NSTEP       ENERGY          RMS            GMAX         NAME    NUMBER
    650      -2.4616E+05     1.4729E+01     5.1662E+01     O       26669

 BOND    =      328.0362  ANGLE   =     2141.9213  DIHED      =     8530.6815
 VDWAALS =    16909.0399  EEL     =  -305398.6544  HBOND      =        0.0000
 1-4 VDW =     2834.1244  1-4 EEL =    28322.7426  RESTRAINT  =      174.2855
 EAMBER  =  -246332.1085


   NSTEP       ENERGY          RMS            GMAX         NAME    NUMBER
    700      -2.4616E+05     1.4729E+01     5.1662E+01     O       26669

 BOND    =      328.0362  ANGLE   =     2141.9211  DIHED      =     8530.6815
 VDWAALS =    16909.0361  EEL     =  -305398.6480  HBOND      =        0.0000
 1-4 VDW =     2834.1243  1-4 EEL =    28322.7424  RESTRAINT  =      174.2856
 EAMBER  =  -246332.1065


   NSTEP       ENERGY          RMS            GMAX         NAME    NUMBER
    750      -2.4616E+05     1.4729E+01     5.1662E+01     O       26669

 BOND    =      328.0362  ANGLE   =     2141.9210  DIHED      =     8530.6816
 VDWAALS =    16909.0350  EEL     =  -305398.6423  HBOND      =        0.0000
 1-4 VDW =     2834.1242  1-4 EEL =    28322.7423  RESTRAINT  =      174.2856
 EAMBER  =  -246332.1021


   NSTEP       ENERGY          RMS            GMAX         NAME    NUMBER
    800      -2.4616E+05     1.4729E+01     5.1662E+01     O       26669

 BOND    =      328.0361  ANGLE   =     2141.9207  DIHED      =     8530.6815
 VDWAALS =    16909.0342  EEL     =  -305398.6347  HBOND      =        0.0000
 1-4 VDW =     2834.1240  1-4 EEL =    28322.7424  RESTRAINT  =      174.2857
 EAMBER  =  -246332.0958


   NSTEP       ENERGY          RMS            GMAX         NAME    NUMBER
    850      -2.4616E+05     1.4729E+01     5.1662E+01     O       26669

 BOND    =      328.0361  ANGLE   =     2141.9205  DIHED      =     8530.6815
 VDWAALS =    16909.0314  EEL     =  -305398.6303  HBOND      =        0.0000
 1-4 VDW =     2834.1240  1-4 EEL =    28322.7423  RESTRAINT  =      174.2858
 EAMBER  =  -246332.0945


   NSTEP       ENERGY          RMS            GMAX         NAME    NUMBER
    900      -2.4616E+05     1.4729E+01     5.1662E+01     O       26669

 BOND    =      328.0361  ANGLE   =     2141.9203  DIHED      =     8530.6813
 VDWAALS =    16909.0290  EEL     =  -305398.6210  HBOND      =        0.0000
 1-4 VDW =     2834.1239  1-4 EEL =    28322.7424  RESTRAINT  =      174.2858
 EAMBER  =  -246332.0879

     .... RESTARTED DUE TO LINMIN FAILURE ...


   NSTEP       ENERGY          RMS            GMAX         NAME    NUMBER
    950      -2.4616E+05     1.4729E+01     5.1662E+01     O       26669

 BOND    =      328.0361  ANGLE   =     2141.9200  DIHED      =     8530.6813
 VDWAALS =    16909.0234  EEL     =  -305398.6087  HBOND      =        0.0000
 1-4 VDW =     2834.1239  1-4 EEL =    28322.7421  RESTRAINT  =      174.2859
 EAMBER  =  -246332.0818


   NSTEP       ENERGY          RMS            GMAX         NAME    NUMBER
   1000      -2.4616E+05     1.4729E+01     5.1662E+01     O       26669

 BOND    =      328.0361  ANGLE   =     2141.9198  DIHED      =     8530.6814
 VDWAALS =    16909.0191  EEL     =  -305398.6017  HBOND      =        0.0000
 1-4 VDW =     2834.1238  1-4 EEL =    28322.7420  RESTRAINT  =      174.2860
 EAMBER  =  -246332.0795


  Maximum number of minimization cycles reached.


                    FINAL RESULTS



   NSTEP       ENERGY          RMS            GMAX         NAME    NUMBER
   1000      -2.4616E+05     1.4729E+01     5.1662E+01     O       26669

 BOND    =      328.0361  ANGLE   =     2141.9198  DIHED      =     8530.6814
 VDWAALS =    16909.0191  EEL     =  -305398.6017  HBOND      =        0.0000
 1-4 VDW =     2834.1238  1-4 EEL =    28322.7420  RESTRAINT  =      174.2860
 EAMBER  =  -246332.0795
--------------------------------------------------------------------------------
   5.  TIMINGS
--------------------------------------------------------------------------------

|  NonSetup CPU Time in Major Routines:
|
|     Routine           Sec        %
|     ------------------------------
|     Nonbond           0.54   13.85
|     Bond              0.00    0.00
|     Angle             0.00    0.00
|     Dihedral          0.00    0.00
|     Shake             1.47   37.84
|     Other             1.88   48.30
|     ------------------------------
|     Total             3.89

|  PME Nonbond Pairlist CPU Time:
|
|     Routine              Sec        %
|     ---------------------------------
|     Set Up Cit           0.00    0.00
|     Build List           0.00    0.00
|     ---------------------------------
|     Total                0.00    0.00

|  PME Direct Force CPU Time:
|
|     Routine              Sec        %
|     ---------------------------------
|     NonBonded Calc       0.00    0.00
|     Exclude Masked       0.00    0.00
|     Other                0.00    0.03
|     ---------------------------------
|     Total                0.00    0.03

|  PME Reciprocal Force CPU Time:
|
|     Routine              Sec        %
|     ---------------------------------
|     1D bspline           0.00    0.00
|     Grid Charges         0.00    0.00
|     Scalar Sum           0.00    0.00
|     Gradient Sum         0.00    0.00
|     FFT                  0.00    0.00
|     ---------------------------------
|     Total                0.00    0.00

|  Setup CPU time:            0.70 seconds
|  NonSetup CPU time:         3.89 seconds
|  Total CPU time:            4.59 seconds     0.00 hours

|  Setup wall time:           1    seconds
|  NonSetup wall time:        4    seconds
|  Total wall time:           5    seconds     0.00 hours
