The following modules were not unloaded:
  (Use "module --force purge" to unload all):

  1) CCconfig          5) intel/2020.1.217   9)  flexiblas/3.0.4
  2) gentoo/2020       6) ucx/1.8.0          10) blis/0.8.1
  3) gcccore/.9.3.0    7) libfabric/1.10.1   11) StdEnv/2020
  4) imkl/2020.1.217   8) openmpi/4.0.3

Lmod is automatically replacing "intel/2020.1.217" with "gcc/9.3.0".


Due to MODULEPATH changes, the following have been reloaded:
  1) blis/0.8.1          3) libfabric/1.10.1     5) ucx/1.8.0
  2) flexiblas/3.0.4     4) openmpi/4.0.3

Starting solvent relaxation
starting 1min
Note: The following floating-point exceptions are signalling: IEEE_UNDERFLOW_FLAG IEEE_DENORMAL
ending 1min
starting 2mdheat
Error: an illegal memory access was encountered launching kernel kClearForces
ending 2mdheat
starting 3md
Note: The following floating-point exceptions are signalling: IEEE_UNDERFLOW_FLAG IEEE_DENORMAL
ending 3md
starting 4md
Note: The following floating-point exceptions are signalling: IEEE_UNDERFLOW_FLAG IEEE_DENORMAL
ending 4md
Finished solvent relaxation
Starting sidechain relaxation
starting 5min
Note: The following floating-point exceptions are signalling: IEEE_UNDERFLOW_FLAG IEEE_DENORMAL
ending 5min
starting 6md
Note: The following floating-point exceptions are signalling: IEEE_UNDERFLOW_FLAG IEEE_DENORMAL
ending 6md
starting 7md
Note: The following floating-point exceptions are signalling: IEEE_UNDERFLOW_FLAG IEEE_DENORMAL
ending 7md
starting 8md
Note: The following floating-point exceptions are signalling: IEEE_UNDERFLOW_FLAG IEEE_DENORMAL
ending 8md
Finshed sidechain relaxation
Starting relaxation without constraints
starting 9md
Note: The following floating-point exceptions are signalling: IEEE_UNDERFLOW_FLAG IEEE_DENORMAL
ending 9md
Finshed system relaxation
