
          -------------------------------------------------------
          Amber 20 PMEMD                              2020
          -------------------------------------------------------

| PMEMD implementation of SANDER, Release 18

|  Compiled date/time: Thu Jun  2 17:33:41 2022
| Run on 09/23/2023 at 15:37:18

|   Executable path: pmemd.cuda
| Working directory: /lustre07/scratch/livtoft/SURE/BTS1/R48G_S188P/FPP-IPP
|          Hostname: ng11106

  [-O]verwriting output

File Assignments:
|   MDIN: ../../Relaxation/1min.in                                              
|  MDOUT: 1min.out                                                              
| INPCRD: FPP_IPP_ion.inpcrd                                                    
|   PARM: FPP_IPP_ion.prmtop                                                    
| RESTRT: 1min.rst7                                                             
|   REFC: FPP_IPP_ion.inpcrd                                                    
|  MDVEL: mdvel                                                                 
|   MDEN: mden                                                                  
|  MDCRD: mdcrd.1min                                                            
| MDINFO: 1min.info                                                             
|  MDFRC: mdfrc                                                                 


 Here is the input file:

minimization of solvent                                                        
 &cntrl                                                                        
  imin = 1, maxcyc = 1000,                                                     
  ncyc = 100, ntx = 1,                                                         
  ntwe = 0, ntwr = 500, ntpr = 50,                                             
  ntc = 2, ntf = 2, ntb = 1, ntp = 0,                                          
  cut = 10.0,                                                                  
  ntr=1, restraintmask = ':1-686', restraint_wt = 200.,                        
  ioutfm=1, ntxo=2,                                                            
 /                                                                             


Note: ig = -1. Setting random seed to   400180 based on wallclock time in 
      microseconds.
| irandom = 1, using AMBER's internal random number generator (default).
 
|--------------------- INFORMATION ----------------------
| GPU (CUDA) Version of PMEMD in use: NVIDIA GPU IN USE.
|                    Version 18.0.0
| 
|                      03/25/2018
| 
| Implementation by:
|                    Ross C. Walker     (SDSC)
|                    Scott Le Grand     (nVIDIA)
| 
| Version 18 performance extensions by:
|                    David Cerutti     (Rutgers)
| 
| Precision model in use:
|      [SPFP] - Single Precision Forces, 64-bit Fixed Point
|               Accumulation. (Default)
| 
|--------------------------------------------------------
 
|----------------- CITATION INFORMATION -----------------
|
|    When publishing work that utilized the CUDA version
|    of AMBER, please cite the following in addition to
|    the regular AMBER citations:
|
|  - Romelia Salomon-Ferrer; Andreas W. Goetz; Duncan
|    Poole; Scott Le Grand; Ross C. Walker "Routine
|    microsecond molecular dynamics simulations with
|    AMBER - Part II: Particle Mesh Ewald", J. Chem.
|    Theory Comput., 2013, 9 (9), pp3878-3888,
|    DOI: 10.1021/ct400314y.
|
|  - Andreas W. Goetz; Mark J. Williamson; Dong Xu;
|    Duncan Poole; Scott Le Grand; Ross C. Walker
|    "Routine microsecond molecular dynamics simulations
|    with AMBER - Part I: Generalized Born", J. Chem.
|    Theory Comput., 2012, 8 (5), pp1542-1555.
|
|  - Scott Le Grand; Andreas W. Goetz; Ross C. Walker
|    "SPFP: Speed without compromise - a mixed precision
|    model for GPU accelerated molecular dynamics
|    simulations.", Comp. Phys. Comm., 2013, 184
|    pp374-380, DOI: 10.1016/j.cpc.2012.09.022
|
|--------------------------------------------------------
 
|------------------- GPU DEVICE INFO --------------------
|
|            CUDA_VISIBLE_DEVICES: 0
|   CUDA Capable Devices Detected:      1
|           CUDA Device ID in use:      0
|                CUDA Device Name: NVIDIA A100-SXM4-40GB
|     CUDA Device Global Mem Size:  40339 MB
| CUDA Device Num Multiprocessors:    108
|           CUDA Device Core Freq:   1.41 GHz
|
|--------------------------------------------------------
 
 
| Conditional Compilation Defines Used:
| PUBFFT
| BINTRAJ
| CUDA
| EMIL

| Largest sphere to fit in unit cell has radius =    42.105

| New format PARM file being parsed.
| Version =    1.000 Date = 09/23/23 Time = 14:24:19

| Note: 1-4 EEL scale factors are being read from the topology file.

| Note: 1-4 VDW scale factors are being read from the topology file.
| Duplicated    0 dihedrals

| Duplicated    0 dihedrals

--------------------------------------------------------------------------------
   1.  RESOURCE   USE: 
--------------------------------------------------------------------------------

 getting new box info from bottom of inpcrd
 NATOM  =   74819 NTYPES =      20 NBONH =   69058 MBONA  =    5696
 NTHETH =   12884 MTHETA =    7724 NPHIH =   25809 MPHIA  =   24828
 NHPARM =       0 NPARM  =       0 NNB   =  146936 NRES   =   21986
 NBONA  =    5696 NTHETA =    7724 NPHIA =   24828 NUMBND =      78
 NUMANG =     180 NPTRA  =     201 NATYP =      45 NPHB   =       0
 IFBOX  =       2 NMXRS  =      49 IFCAP =       0 NEXTRA =       0
 NCOPY  =       0

| Coordinate Index Table dimensions:    16   16   16
| Direct force subcell size =     6.4459    6.4459    6.4459

     BOX TYPE: TRUNCATED OCTAHEDRON

--------------------------------------------------------------------------------
   2.  CONTROL  DATA  FOR  THE  RUN
--------------------------------------------------------------------------------

default_name                                                                    

General flags:
     imin    =       1, nmropt  =       0

Nature and format of input:
     ntx     =       1, irest   =       0, ntrx    =       1

Nature and format of output:
     ntxo    =       2, ntpr    =      50, ntrx    =       1, ntwr    =     500
     iwrap   =       0, ntwx    =       0, ntwv    =       0, ntwe    =       0
     ioutfm  =       1, ntwprt  =       0, idecomp =       0, rbornstat=      0

Potential function:
     ntf     =       2, ntb     =       1, igb     =       0, nsnb    =      25
     ipol    =       0, gbsa    =       0, iesp    =       0
     dielc   =   1.00000, cut     =  10.00000, intdiel =   1.00000

Frozen or restrained atoms:
     ibelly  =       0, ntr     =       1
     restraint_wt = 200.00000

Energy minimization:
     maxcyc  =    1000, ncyc    =     100, ntmin   =       1
     dx0     =   0.01000, drms    =   0.00010

SHAKE:
     ntc     =       2, jfastw  =       0
     tol     =   0.00001

| Intermolecular bonds treatment:
|     no_intermolecular_bonds =       1

| Energy averages sample interval:
|     ene_avg_sampling =       1

Ewald parameters:
     verbose =       0, ew_type =       0, nbflag  =       1, use_pme =       1
     vdwmeth =       1, eedmeth =       1, netfrc  =       0
     Box X =  103.135   Box Y =  103.135   Box Z =  103.135
     Alpha =  109.471   Beta  =  109.471   Gamma =  109.471
     NFFT1 =  108       NFFT2 =  108       NFFT3 =  108
     Cutoff=   10.000   Tol   =0.100E-04
     Ewald Coefficient =  0.27511
     Interpolation order =    4

    LOADING THE CONSTRAINED ATOMS AS GROUPS


   5.  REFERENCE ATOM COORDINATES

  default_name                                                                    
     Mask :1-686; matches 11183 atoms

--------------------------------------------------------------------------------
   3.  ATOMIC COORDINATES AND VELOCITIES
--------------------------------------------------------------------------------

default_name                                                                    
 begin time read from input coords =     0.000 ps

 
 Number of triangulated 3-point waters found:    21133

     Sum of charges from parm topology file =  -0.00000029
     Forcing neutrality...

| Dynamic Memory, Types Used:
| Reals             2097579
| Integers          3136411

| Nonbonded Pairs Initial Allocation:    22630877

| GPU memory information (estimate):
| KB of GPU memory in use:    461813
| KB of CPU memory in use:    170091

--------------------------------------------------------------------------------
   4.  RESULTS
--------------------------------------------------------------------------------



   NSTEP       ENERGY          RMS            GMAX         NAME    NUMBER
      1      -7.4288E+09     3.0098E+02     2.8272E+04     CD2      7949

 BOND    =      959.7949  ANGLE   =     1814.5158  DIHED      =     8538.2244
 VDWAALS = *************  EEL     =  -257970.6299  HBOND      =        0.0000
 1-4 VDW =     3255.1456  1-4 EEL =    29841.5272  RESTRAINT  =        0.3954
 EAMBER  = *************


   NSTEP       ENERGY          RMS            GMAX         NAME    NUMBER
     50      -2.0356E+05     1.6586E+01     1.0188E+03     C        6902

 BOND    =     1803.7274  ANGLE   =     2505.5572  DIHED      =     8641.0518
 VDWAALS =    11533.7737  EEL     =  -266471.3533  HBOND      =        0.0000
 1-4 VDW =     3241.2848  1-4 EEL =    29538.6944  RESTRAINT  =     5651.0686
 EAMBER  =  -209207.2640


   NSTEP       ENERGY          RMS            GMAX         NAME    NUMBER
    100      -2.0556E+05     1.3588E+01     1.9394E+02     HH       9047

 BOND    =      394.6655  ANGLE   =     2099.2659  DIHED      =     8609.7002
 VDWAALS =    10190.1324  EEL     =  -262409.3561  HBOND      =        0.0000
 1-4 VDW =     3185.3881  1-4 EEL =    29539.2397  RESTRAINT  =     2828.4322
 EAMBER  =  -208390.9644


   NSTEP       ENERGY          RMS            GMAX         NAME    NUMBER
    150      -2.0556E+05     1.3588E+01     1.9394E+02     HH       9047

 BOND    =      394.6651  ANGLE   =     2099.2647  DIHED      =     8609.6999
 VDWAALS =    10190.1187  EEL     =  -262409.3288  HBOND      =        0.0000
 1-4 VDW =     3185.3880  1-4 EEL =    29539.2394  RESTRAINT  =     2828.4187
 EAMBER  =  -208390.9529


   NSTEP       ENERGY          RMS            GMAX         NAME    NUMBER
    200      -2.0556E+05     1.3588E+01     1.9394E+02     HH       9047

 BOND    =      394.6651  ANGLE   =     2099.2644  DIHED      =     8609.6998
 VDWAALS =    10190.1161  EEL     =  -262409.3204  HBOND      =        0.0000
 1-4 VDW =     3185.3880  1-4 EEL =    29539.2394  RESTRAINT  =     2828.4152
 EAMBER  =  -208390.9477


   NSTEP       ENERGY          RMS            GMAX         NAME    NUMBER
    250      -2.0556E+05     1.3588E+01     1.9394E+02     HH       9047

 BOND    =      394.6649  ANGLE   =     2099.2638  DIHED      =     8609.6995
 VDWAALS =    10190.1107  EEL     =  -262409.3040  HBOND      =        0.0000
 1-4 VDW =     3185.3880  1-4 EEL =    29539.2392  RESTRAINT  =     2828.4093
 EAMBER  =  -208390.9380


   NSTEP       ENERGY          RMS            GMAX         NAME    NUMBER
    300      -2.0556E+05     1.3588E+01     1.9394E+02     HH       9047

 BOND    =      394.6646  ANGLE   =     2099.2632  DIHED      =     8609.6995
 VDWAALS =    10190.1095  EEL     =  -262409.2850  HBOND      =        0.0000
 1-4 VDW =     3185.3879  1-4 EEL =    29539.2389  RESTRAINT  =     2828.4042
 EAMBER  =  -208390.9214


   NSTEP       ENERGY          RMS            GMAX         NAME    NUMBER
    350      -2.0556E+05     1.3588E+01     1.9394E+02     HH       9047

 BOND    =      394.6646  ANGLE   =     2099.2629  DIHED      =     8609.6995
 VDWAALS =    10190.1092  EEL     =  -262409.2810  HBOND      =        0.0000
 1-4 VDW =     3185.3878  1-4 EEL =    29539.2388  RESTRAINT  =     2828.4028
 EAMBER  =  -208390.9181


   NSTEP       ENERGY          RMS            GMAX         NAME    NUMBER
    400      -2.0556E+05     1.3588E+01     1.9394E+02     HH       9047

 BOND    =      394.6645  ANGLE   =     2099.2625  DIHED      =     8609.6994
 VDWAALS =    10190.1081  EEL     =  -262409.2714  HBOND      =        0.0000
 1-4 VDW =     3185.3878  1-4 EEL =    29539.2388  RESTRAINT  =     2828.3978
 EAMBER  =  -208390.9104


   NSTEP       ENERGY          RMS            GMAX         NAME    NUMBER
    450      -2.0556E+05     1.3588E+01     1.9394E+02     HH       9047

 BOND    =      394.6643  ANGLE   =     2099.2621  DIHED      =     8609.6993
 VDWAALS =    10190.1047  EEL     =  -262409.2630  HBOND      =        0.0000
 1-4 VDW =     3185.3877  1-4 EEL =    29539.2389  RESTRAINT  =     2828.3938
 EAMBER  =  -208390.9059


   NSTEP       ENERGY          RMS            GMAX         NAME    NUMBER
    500      -2.0556E+05     1.3588E+01     1.9394E+02     HH       9047

 BOND    =      394.6643  ANGLE   =     2099.2618  DIHED      =     8609.6992
 VDWAALS =    10190.1047  EEL     =  -262409.2558  HBOND      =        0.0000
 1-4 VDW =     3185.3876  1-4 EEL =    29539.2391  RESTRAINT  =     2828.3919
 EAMBER  =  -208390.8991


   NSTEP       ENERGY          RMS            GMAX         NAME    NUMBER
    550      -2.0556E+05     1.3588E+01     1.9394E+02     HH       9047

 BOND    =      394.6641  ANGLE   =     2099.2613  DIHED      =     8609.6990
 VDWAALS =    10190.0995  EEL     =  -262409.2389  HBOND      =        0.0000
 1-4 VDW =     3185.3875  1-4 EEL =    29539.2391  RESTRAINT  =     2828.3857
 EAMBER  =  -208390.8883


   NSTEP       ENERGY          RMS            GMAX         NAME    NUMBER
    600      -2.0556E+05     1.3588E+01     1.9394E+02     HH       9047

 BOND    =      394.6640  ANGLE   =     2099.2611  DIHED      =     8609.6989
 VDWAALS =    10190.1030  EEL     =  -262409.2287  HBOND      =        0.0000
 1-4 VDW =     3185.3874  1-4 EEL =    29539.2389  RESTRAINT  =     2828.3842
 EAMBER  =  -208390.8754


   NSTEP       ENERGY          RMS            GMAX         NAME    NUMBER
    650      -2.0556E+05     1.3588E+01     1.9394E+02     HH       9047

 BOND    =      394.6638  ANGLE   =     2099.2607  DIHED      =     8609.6989
 VDWAALS =    10190.1015  EEL     =  -262409.2188  HBOND      =        0.0000
 1-4 VDW =     3185.3873  1-4 EEL =    29539.2389  RESTRAINT  =     2828.3803
 EAMBER  =  -208390.8679


   NSTEP       ENERGY          RMS            GMAX         NAME    NUMBER
    700      -2.0556E+05     1.3588E+01     1.9394E+02     HH       9047

 BOND    =      394.6637  ANGLE   =     2099.2605  DIHED      =     8609.6987
 VDWAALS =    10190.1022  EEL     =  -262409.2128  HBOND      =        0.0000
 1-4 VDW =     3185.3873  1-4 EEL =    29539.2389  RESTRAINT  =     2828.3792
 EAMBER  =  -208390.8615


   NSTEP       ENERGY          RMS            GMAX         NAME    NUMBER
    750      -2.0556E+05     1.3588E+01     1.9394E+02     HH       9047

 BOND    =      394.6635  ANGLE   =     2099.2601  DIHED      =     8609.6987
 VDWAALS =    10190.1005  EEL     =  -262409.2027  HBOND      =        0.0000
 1-4 VDW =     3185.3871  1-4 EEL =    29539.2390  RESTRAINT  =     2828.3752
 EAMBER  =  -208390.8538


   NSTEP       ENERGY          RMS            GMAX         NAME    NUMBER
    800      -2.0556E+05     1.3588E+01     1.9394E+02     HH       9047

 BOND    =      394.6634  ANGLE   =     2099.2598  DIHED      =     8609.6984
 VDWAALS =    10190.1016  EEL     =  -262409.1940  HBOND      =        0.0000
 1-4 VDW =     3185.3871  1-4 EEL =    29539.2389  RESTRAINT  =     2828.3730
 EAMBER  =  -208390.8448


   NSTEP       ENERGY          RMS            GMAX         NAME    NUMBER
    850      -2.0556E+05     1.3588E+01     1.9394E+02     HH       9047

 BOND    =      394.6633  ANGLE   =     2099.2593  DIHED      =     8609.6984
 VDWAALS =    10190.0992  EEL     =  -262409.1846  HBOND      =        0.0000
 1-4 VDW =     3185.3870  1-4 EEL =    29539.2386  RESTRAINT  =     2828.3696
 EAMBER  =  -208390.8388

     .... RESTARTED DUE TO LINMIN FAILURE ...


   NSTEP       ENERGY          RMS            GMAX         NAME    NUMBER
    900      -2.0556E+05     1.3588E+01     1.9394E+02     HH       9047

 BOND    =      394.6632  ANGLE   =     2099.2591  DIHED      =     8609.6985
 VDWAALS =    10190.0971  EEL     =  -262409.1663  HBOND      =        0.0000
 1-4 VDW =     3185.3869  1-4 EEL =    29539.2384  RESTRAINT  =     2828.3664
 EAMBER  =  -208390.8231

     .... RESTARTED DUE TO LINMIN FAILURE ...


   NSTEP       ENERGY          RMS            GMAX         NAME    NUMBER
    950      -2.0556E+05     1.3588E+01     1.9394E+02     HH       9047

 BOND    =      394.6631  ANGLE   =     2099.2584  DIHED      =     8609.6981
 VDWAALS =    10190.0934  EEL     =  -262409.1520  HBOND      =        0.0000
 1-4 VDW =     3185.3868  1-4 EEL =    29539.2384  RESTRAINT  =     2828.3606
 EAMBER  =  -208390.8138


   NSTEP       ENERGY          RMS            GMAX         NAME    NUMBER
   1000      -2.0556E+05     1.3588E+01     1.9394E+02     HH       9047

 BOND    =      394.6629  ANGLE   =     2099.2580  DIHED      =     8609.6980
 VDWAALS =    10190.0919  EEL     =  -262409.1450  HBOND      =        0.0000
 1-4 VDW =     3185.3868  1-4 EEL =    29539.2382  RESTRAINT  =     2828.3578
 EAMBER  =  -208390.8093


  Maximum number of minimization cycles reached.


                    FINAL RESULTS



   NSTEP       ENERGY          RMS            GMAX         NAME    NUMBER
   1000      -2.0556E+05     1.3588E+01     1.9394E+02     HH       9047

 BOND    =      394.6629  ANGLE   =     2099.2580  DIHED      =     8609.6980
 VDWAALS =    10190.0919  EEL     =  -262409.1450  HBOND      =        0.0000
 1-4 VDW =     3185.3868  1-4 EEL =    29539.2382  RESTRAINT  =     2828.3578
 EAMBER  =  -208390.8093
--------------------------------------------------------------------------------
   5.  TIMINGS
--------------------------------------------------------------------------------

|  NonSetup CPU Time in Major Routines:
|
|     Routine           Sec        %
|     ------------------------------
|     Nonbond           0.72   15.65
|     Bond              0.00    0.00
|     Angle             0.00    0.00
|     Dihedral          0.00    0.00
|     Shake             1.53   33.36
|     Other             2.33   50.99
|     ------------------------------
|     Total             4.58

|  PME Nonbond Pairlist CPU Time:
|
|     Routine              Sec        %
|     ---------------------------------
|     Set Up Cit           0.00    0.00
|     Build List           0.00    0.00
|     ---------------------------------
|     Total                0.00    0.00

|  PME Direct Force CPU Time:
|
|     Routine              Sec        %
|     ---------------------------------
|     NonBonded Calc       0.00    0.00
|     Exclude Masked       0.00    0.00
|     Other                0.00    0.03
|     ---------------------------------
|     Total                0.00    0.03

|  PME Reciprocal Force CPU Time:
|
|     Routine              Sec        %
|     ---------------------------------
|     1D bspline           0.00    0.00
|     Grid Charges         0.00    0.00
|     Scalar Sum           0.00    0.00
|     Gradient Sum         0.00    0.00
|     FFT                  0.00    0.00
|     ---------------------------------
|     Total                0.00    0.00

|  Setup CPU time:            1.18 seconds
|  NonSetup CPU time:         4.58 seconds
|  Total CPU time:            5.76 seconds     0.00 hours

|  Setup wall time:           2    seconds
|  NonSetup wall time:        6    seconds
|  Total wall time:           8    seconds     0.00 hours
