
          -------------------------------------------------------
          Amber 20 PMEMD                              2020
          -------------------------------------------------------

| PMEMD implementation of SANDER, Release 18

|  Compiled date/time: Thu Jun  2 17:33:41 2022
| Run on 09/23/2023 at 16:02:42

|   Executable path: pmemd.cuda
| Working directory: /lustre07/scratch/livtoft/SURE/BTS1/R48G_S188P/FPP-IPP
|          Hostname: ng11106

  [-O]verwriting output

File Assignments:
|   MDIN: ../../Relaxation/5min.in                                              
|  MDOUT: 5min.out                                                              
| INPCRD: 4md.rst7                                                              
|   PARM: FPP_IPP_ion.prmtop                                                    
| RESTRT: 5min.rst7                                                             
|   REFC: 4md.rst7                                                              
|  MDVEL: mdvel                                                                 
|   MDEN: mden                                                                  
|  MDCRD: mdcrd.5min                                                            
| MDINFO: 5min.info                                                             
|  MDFRC: mdfrc                                                                 


 Here is the input file:

Minimization of everything excluding backbone                                  
 &cntrl                                                                        
  imin = 1, maxcyc = 1000,                                                     
  ncyc = 50, ntx = 1,                                                          
  ntwe = 0, ntwr = 500, ntpr = 50,                                             
  ntc = 2, ntf = 2, ntb = 1, ntp = 0,                                          
  cut = 8.0,                                                                   
  ntr=1, restraintmask="@CA,C,N,C1,C2,C3,C4,C5,C6,C7,C8,C9,C10,C11,C12,C13,C14,
  restraint_wt=50.                                                             
  ioutfm=1, ntxo=2,                                                            
 /                                                                             


Note: ig = -1. Setting random seed to   492489 based on wallclock time in 
      microseconds.
| irandom = 1, using AMBER's internal random number generator (default).
 
|--------------------- INFORMATION ----------------------
| GPU (CUDA) Version of PMEMD in use: NVIDIA GPU IN USE.
|                    Version 18.0.0
| 
|                      03/25/2018
| 
| Implementation by:
|                    Ross C. Walker     (SDSC)
|                    Scott Le Grand     (nVIDIA)
| 
| Version 18 performance extensions by:
|                    David Cerutti     (Rutgers)
| 
| Precision model in use:
|      [SPFP] - Single Precision Forces, 64-bit Fixed Point
|               Accumulation. (Default)
| 
|--------------------------------------------------------
 
|----------------- CITATION INFORMATION -----------------
|
|    When publishing work that utilized the CUDA version
|    of AMBER, please cite the following in addition to
|    the regular AMBER citations:
|
|  - Romelia Salomon-Ferrer; Andreas W. Goetz; Duncan
|    Poole; Scott Le Grand; Ross C. Walker "Routine
|    microsecond molecular dynamics simulations with
|    AMBER - Part II: Particle Mesh Ewald", J. Chem.
|    Theory Comput., 2013, 9 (9), pp3878-3888,
|    DOI: 10.1021/ct400314y.
|
|  - Andreas W. Goetz; Mark J. Williamson; Dong Xu;
|    Duncan Poole; Scott Le Grand; Ross C. Walker
|    "Routine microsecond molecular dynamics simulations
|    with AMBER - Part I: Generalized Born", J. Chem.
|    Theory Comput., 2012, 8 (5), pp1542-1555.
|
|  - Scott Le Grand; Andreas W. Goetz; Ross C. Walker
|    "SPFP: Speed without compromise - a mixed precision
|    model for GPU accelerated molecular dynamics
|    simulations.", Comp. Phys. Comm., 2013, 184
|    pp374-380, DOI: 10.1016/j.cpc.2012.09.022
|
|--------------------------------------------------------
 
|------------------- GPU DEVICE INFO --------------------
|
|            CUDA_VISIBLE_DEVICES: 0
|   CUDA Capable Devices Detected:      1
|           CUDA Device ID in use:      0
|                CUDA Device Name: NVIDIA A100-SXM4-40GB
|     CUDA Device Global Mem Size:  40339 MB
| CUDA Device Num Multiprocessors:    108
|           CUDA Device Core Freq:   1.41 GHz
|
|--------------------------------------------------------
 
 
| Conditional Compilation Defines Used:
| PUBFFT
| BINTRAJ
| CUDA
| EMIL

| Largest sphere to fit in unit cell has radius =    41.646

| New format PARM file being parsed.
| Version =    1.000 Date = 09/23/23 Time = 14:24:19

| Note: 1-4 EEL scale factors are being read from the topology file.

| Note: 1-4 VDW scale factors are being read from the topology file.
| Duplicated    0 dihedrals

| Duplicated    0 dihedrals

--------------------------------------------------------------------------------
   1.  RESOURCE   USE: 
--------------------------------------------------------------------------------

 getting box info from netcdf restart file
 NATOM  =   74819 NTYPES =      20 NBONH =   69058 MBONA  =    5696
 NTHETH =   12884 MTHETA =    7724 NPHIH =   25809 MPHIA  =   24828
 NHPARM =       0 NPARM  =       0 NNB   =  146936 NRES   =   21986
 NBONA  =    5696 NTHETA =    7724 NPHIA =   24828 NUMBND =      78
 NUMANG =     180 NPTRA  =     201 NATYP =      45 NPHB   =       0
 IFBOX  =       2 NMXRS  =      49 IFCAP =       0 NEXTRA =       0
 NCOPY  =       0

| Coordinate Index Table dimensions:    20   20   20
| Direct force subcell size =     5.1005    5.1005    5.1005

     BOX TYPE: TRUNCATED OCTAHEDRON

--------------------------------------------------------------------------------
   2.  CONTROL  DATA  FOR  THE  RUN
--------------------------------------------------------------------------------

default_name                                                                    

General flags:
     imin    =       1, nmropt  =       0

Nature and format of input:
     ntx     =       1, irest   =       0, ntrx    =       1

Nature and format of output:
     ntxo    =       2, ntpr    =      50, ntrx    =       1, ntwr    =     500
     iwrap   =       0, ntwx    =       0, ntwv    =       0, ntwe    =       0
     ioutfm  =       1, ntwprt  =       0, idecomp =       0, rbornstat=      0

Potential function:
     ntf     =       2, ntb     =       1, igb     =       0, nsnb    =      25
     ipol    =       0, gbsa    =       0, iesp    =       0
     dielc   =   1.00000, cut     =   8.00000, intdiel =   1.00000

Frozen or restrained atoms:
     ibelly  =       0, ntr     =       1
     restraint_wt =  50.00000

Energy minimization:
     maxcyc  =    1000, ncyc    =      50, ntmin   =       1
     dx0     =   0.01000, drms    =   0.00010

SHAKE:
     ntc     =       2, jfastw  =       0
     tol     =   0.00001

| Intermolecular bonds treatment:
|     no_intermolecular_bonds =       1

| Energy averages sample interval:
|     ene_avg_sampling =       1

Ewald parameters:
     verbose =       0, ew_type =       0, nbflag  =       1, use_pme =       1
     vdwmeth =       1, eedmeth =       1, netfrc  =       0
     Box X =  102.011   Box Y =  102.011   Box Z =  102.011
     Alpha =  109.471   Beta  =  109.471   Gamma =  109.471
     NFFT1 =  108       NFFT2 =  108       NFFT3 =  108
     Cutoff=    8.000   Tol   =0.100E-04
     Ewald Coefficient =  0.34864
     Interpolation order =    4

    LOADING THE CONSTRAINED ATOMS AS GROUPS


   5.  REFERENCE ATOM COORDINATES

  default_name                                                                    
     Mask @CA,C,N,C1,C2,C3,C4,C5,C6,C7,C8,C9,C10,C11,C12,C13,C14,C15,C16,C17,C18,C19,C20,O1,O1A,O2A,O3A,O1B,O2B,PA,PB; matches  2112 atoms

--------------------------------------------------------------------------------
   3.  ATOMIC COORDINATES AND VELOCITIES
--------------------------------------------------------------------------------

default_name                                                                    
 begin time read from input coords =  3000.000 ps

 
 Number of triangulated 3-point waters found:    21133

     Sum of charges from parm topology file =  -0.00000029
     Forcing neutrality...

| Dynamic Memory, Types Used:
| Reals             2077123
| Integers          3136411

| Nonbonded Pairs Initial Allocation:    12496643

| GPU memory information (estimate):
| KB of GPU memory in use:    341158
| KB of CPU memory in use:    149796

--------------------------------------------------------------------------------
   4.  RESULTS
--------------------------------------------------------------------------------



   NSTEP       ENERGY          RMS            GMAX         NAME    NUMBER
      1      -2.3537E+05     1.7249E+01     1.0649E+02     O       33051

 BOND    =     1704.0780  ANGLE   =     4667.2262  DIHED      =     9158.9687
 VDWAALS =    24817.0153  EEL     =  -307873.2208  HBOND      =        0.0000
 1-4 VDW =     3094.8373  1-4 EEL =    29063.6614  RESTRAINT  =        0.0000


   NSTEP       ENERGY          RMS            GMAX         NAME    NUMBER
     50      -2.4711E+05     1.4771E+01     5.0596E+01     O       58323

 BOND    =      321.0882  ANGLE   =     2066.0864  DIHED      =     8716.7348
 VDWAALS =    17249.4343  EEL     =  -307404.6312  HBOND      =        0.0000
 1-4 VDW =     2834.1170  1-4 EEL =    28943.4861  RESTRAINT  =      165.1935
 EAMBER  =  -247273.6845


   NSTEP       ENERGY          RMS            GMAX         NAME    NUMBER
    100      -2.4711E+05     1.4771E+01     5.0596E+01     O       58323

 BOND    =      321.0879  ANGLE   =     2066.0834  DIHED      =     8716.7341
 VDWAALS =    17249.3979  EEL     =  -307404.5065  HBOND      =        0.0000
 1-4 VDW =     2834.1150  1-4 EEL =    28943.4846  RESTRAINT  =      165.1944
 EAMBER  =  -247273.6036


   NSTEP       ENERGY          RMS            GMAX         NAME    NUMBER
    150      -2.4711E+05     1.4771E+01     5.0596E+01     O       58323

 BOND    =      321.0878  ANGLE   =     2066.0833  DIHED      =     8716.7341
 VDWAALS =    17249.3956  EEL     =  -307404.4999  HBOND      =        0.0000
 1-4 VDW =     2834.1149  1-4 EEL =    28943.4846  RESTRAINT  =      165.1945
 EAMBER  =  -247273.5995


   NSTEP       ENERGY          RMS            GMAX         NAME    NUMBER
    200      -2.4711E+05     1.4771E+01     5.0596E+01     O       58323

 BOND    =      321.0878  ANGLE   =     2066.0831  DIHED      =     8716.7338
 VDWAALS =    17249.3942  EEL     =  -307404.4932  HBOND      =        0.0000
 1-4 VDW =     2834.1149  1-4 EEL =    28943.4844  RESTRAINT  =      165.1945
 EAMBER  =  -247273.5949


   NSTEP       ENERGY          RMS            GMAX         NAME    NUMBER
    250      -2.4711E+05     1.4771E+01     5.0596E+01     O       58323

 BOND    =      321.0878  ANGLE   =     2066.0829  DIHED      =     8716.7339
 VDWAALS =    17249.3909  EEL     =  -307404.4826  HBOND      =        0.0000
 1-4 VDW =     2834.1147  1-4 EEL =    28943.4844  RESTRAINT  =      165.1946
 EAMBER  =  -247273.5879


   NSTEP       ENERGY          RMS            GMAX         NAME    NUMBER
    300      -2.4711E+05     1.4771E+01     5.0596E+01     O       58323

 BOND    =      321.0878  ANGLE   =     2066.0828  DIHED      =     8716.7340
 VDWAALS =    17249.3890  EEL     =  -307404.4782  HBOND      =        0.0000
 1-4 VDW =     2834.1147  1-4 EEL =    28943.4845  RESTRAINT  =      165.1946
 EAMBER  =  -247273.5852


   NSTEP       ENERGY          RMS            GMAX         NAME    NUMBER
    350      -2.4711E+05     1.4771E+01     5.0596E+01     O       58323

 BOND    =      321.0878  ANGLE   =     2066.0826  DIHED      =     8716.7339
 VDWAALS =    17249.3873  EEL     =  -307404.4722  HBOND      =        0.0000
 1-4 VDW =     2834.1146  1-4 EEL =    28943.4844  RESTRAINT  =      165.1947
 EAMBER  =  -247273.5816


   NSTEP       ENERGY          RMS            GMAX         NAME    NUMBER
    400      -2.4711E+05     1.4771E+01     5.0596E+01     O       58323

 BOND    =      321.0878  ANGLE   =     2066.0825  DIHED      =     8716.7339
 VDWAALS =    17249.3859  EEL     =  -307404.4663  HBOND      =        0.0000
 1-4 VDW =     2834.1146  1-4 EEL =    28943.4842  RESTRAINT  =      165.1947
 EAMBER  =  -247273.5774


   NSTEP       ENERGY          RMS            GMAX         NAME    NUMBER
    450      -2.4711E+05     1.4771E+01     5.0596E+01     O       58323

 BOND    =      321.0878  ANGLE   =     2066.0823  DIHED      =     8716.7338
 VDWAALS =    17249.3824  EEL     =  -307404.4582  HBOND      =        0.0000
 1-4 VDW =     2834.1144  1-4 EEL =    28943.4842  RESTRAINT  =      165.1948
 EAMBER  =  -247273.5733


   NSTEP       ENERGY          RMS            GMAX         NAME    NUMBER
    500      -2.4711E+05     1.4771E+01     5.0596E+01     O       58323

 BOND    =      321.0878  ANGLE   =     2066.0821  DIHED      =     8716.7337
 VDWAALS =    17249.3798  EEL     =  -307404.4507  HBOND      =        0.0000
 1-4 VDW =     2834.1143  1-4 EEL =    28943.4842  RESTRAINT  =      165.1949
 EAMBER  =  -247273.5688


   NSTEP       ENERGY          RMS            GMAX         NAME    NUMBER
    550      -2.4711E+05     1.4771E+01     5.0596E+01     O       58323

 BOND    =      321.0878  ANGLE   =     2066.0817  DIHED      =     8716.7336
 VDWAALS =    17249.3763  EEL     =  -307404.4380  HBOND      =        0.0000
 1-4 VDW =     2834.1141  1-4 EEL =    28943.4840  RESTRAINT  =      165.1950
 EAMBER  =  -247273.5605


   NSTEP       ENERGY          RMS            GMAX         NAME    NUMBER
    600      -2.4711E+05     1.4771E+01     5.0596E+01     O       58323

 BOND    =      321.0878  ANGLE   =     2066.0815  DIHED      =     8716.7336
 VDWAALS =    17249.3746  EEL     =  -307404.4287  HBOND      =        0.0000
 1-4 VDW =     2834.1141  1-4 EEL =    28943.4838  RESTRAINT  =      165.1950
 EAMBER  =  -247273.5533


   NSTEP       ENERGY          RMS            GMAX         NAME    NUMBER
    650      -2.4711E+05     1.4771E+01     5.0596E+01     O       58323

 BOND    =      321.0878  ANGLE   =     2066.0813  DIHED      =     8716.7336
 VDWAALS =    17249.3726  EEL     =  -307404.4206  HBOND      =        0.0000
 1-4 VDW =     2834.1139  1-4 EEL =    28943.4838  RESTRAINT  =      165.1951
 EAMBER  =  -247273.5478


   NSTEP       ENERGY          RMS            GMAX         NAME    NUMBER
    700      -2.4711E+05     1.4771E+01     5.0596E+01     O       58323

 BOND    =      321.0878  ANGLE   =     2066.0811  DIHED      =     8716.7337
 VDWAALS =    17249.3701  EEL     =  -307404.4106  HBOND      =        0.0000
 1-4 VDW =     2834.1138  1-4 EEL =    28943.4839  RESTRAINT  =      165.1951
 EAMBER  =  -247273.5402


   NSTEP       ENERGY          RMS            GMAX         NAME    NUMBER
    750      -2.4711E+05     1.4771E+01     5.0596E+01     O       58323

 BOND    =      321.0878  ANGLE   =     2066.0810  DIHED      =     8716.7336
 VDWAALS =    17249.3685  EEL     =  -307404.4055  HBOND      =        0.0000
 1-4 VDW =     2834.1137  1-4 EEL =    28943.4838  RESTRAINT  =      165.1952
 EAMBER  =  -247273.5371


   NSTEP       ENERGY          RMS            GMAX         NAME    NUMBER
    800      -2.4711E+05     1.4771E+01     5.0596E+01     O       58323

 BOND    =      321.0878  ANGLE   =     2066.0808  DIHED      =     8716.7336
 VDWAALS =    17249.3667  EEL     =  -307404.4008  HBOND      =        0.0000
 1-4 VDW =     2834.1136  1-4 EEL =    28943.4839  RESTRAINT  =      165.1952
 EAMBER  =  -247273.5344


   NSTEP       ENERGY          RMS            GMAX         NAME    NUMBER
    850      -2.4711E+05     1.4771E+01     5.0596E+01     O       58323

 BOND    =      321.0878  ANGLE   =     2066.0806  DIHED      =     8716.7335
 VDWAALS =    17249.3641  EEL     =  -307404.3926  HBOND      =        0.0000
 1-4 VDW =     2834.1135  1-4 EEL =    28943.4840  RESTRAINT  =      165.1953
 EAMBER  =  -247273.5291


   NSTEP       ENERGY          RMS            GMAX         NAME    NUMBER
    900      -2.4711E+05     1.4771E+01     5.0596E+01     O       58323

 BOND    =      321.0878  ANGLE   =     2066.0804  DIHED      =     8716.7334
 VDWAALS =    17249.3627  EEL     =  -307404.3839  HBOND      =        0.0000
 1-4 VDW =     2834.1134  1-4 EEL =    28943.4840  RESTRAINT  =      165.1953
 EAMBER  =  -247273.5223


   NSTEP       ENERGY          RMS            GMAX         NAME    NUMBER
    950      -2.4711E+05     1.4771E+01     5.0596E+01     O       58323

 BOND    =      321.0878  ANGLE   =     2066.0802  DIHED      =     8716.7335
 VDWAALS =    17249.3581  EEL     =  -307404.3756  HBOND      =        0.0000
 1-4 VDW =     2834.1133  1-4 EEL =    28943.4839  RESTRAINT  =      165.1954
 EAMBER  =  -247273.5189

     .... RESTARTED DUE TO LINMIN FAILURE ...


   NSTEP       ENERGY          RMS            GMAX         NAME    NUMBER
   1000      -2.4711E+05     1.4771E+01     5.0596E+01     O       58323

 BOND    =      321.0878  ANGLE   =     2066.0801  DIHED      =     8716.7334
 VDWAALS =    17249.3566  EEL     =  -307404.3683  HBOND      =        0.0000
 1-4 VDW =     2834.1133  1-4 EEL =    28943.4838  RESTRAINT  =      165.1954
 EAMBER  =  -247273.5132


  Maximum number of minimization cycles reached.


                    FINAL RESULTS



   NSTEP       ENERGY          RMS            GMAX         NAME    NUMBER
   1000      -2.4711E+05     1.4771E+01     5.0596E+01     O       58323

 BOND    =      321.0878  ANGLE   =     2066.0801  DIHED      =     8716.7334
 VDWAALS =    17249.3566  EEL     =  -307404.3683  HBOND      =        0.0000
 1-4 VDW =     2834.1133  1-4 EEL =    28943.4838  RESTRAINT  =      165.1954
 EAMBER  =  -247273.5132
--------------------------------------------------------------------------------
   5.  TIMINGS
--------------------------------------------------------------------------------

|  NonSetup CPU Time in Major Routines:
|
|     Routine           Sec        %
|     ------------------------------
|     Nonbond           0.59   13.45
|     Bond              0.00    0.00
|     Angle             0.00    0.00
|     Dihedral          0.00    0.00
|     Shake             1.54   34.75
|     Other             2.29   51.80
|     ------------------------------
|     Total             4.42

|  PME Nonbond Pairlist CPU Time:
|
|     Routine              Sec        %
|     ---------------------------------
|     Set Up Cit           0.00    0.00
|     Build List           0.00    0.00
|     ---------------------------------
|     Total                0.00    0.00

|  PME Direct Force CPU Time:
|
|     Routine              Sec        %
|     ---------------------------------
|     NonBonded Calc       0.00    0.00
|     Exclude Masked       0.00    0.00
|     Other                0.00    0.03
|     ---------------------------------
|     Total                0.00    0.03

|  PME Reciprocal Force CPU Time:
|
|     Routine              Sec        %
|     ---------------------------------
|     1D bspline           0.00    0.00
|     Grid Charges         0.00    0.00
|     Scalar Sum           0.00    0.00
|     Gradient Sum         0.00    0.00
|     FFT                  0.00    0.00
|     ---------------------------------
|     Total                0.00    0.00

|  Setup CPU time:            0.69 seconds
|  NonSetup CPU time:         4.42 seconds
|  Total CPU time:            5.11 seconds     0.00 hours

|  Setup wall time:           1    seconds
|  NonSetup wall time:        5    seconds
|  Total wall time:           6    seconds     0.00 hours
