
          -------------------------------------------------------
          Amber 20 PMEMD                              2020
          -------------------------------------------------------

| PMEMD implementation of SANDER, Release 18

|  Compiled date/time: Thu Jun  2 17:33:41 2022
| Run on 10/15/2023 at 12:24:55

|   Executable path: pmemd.cuda
| Working directory: /lustre07/scratch/livtoft/SURE/BTS1/S76A/GPP-IPP
|          Hostname: ng20601

  [-O]verwriting output

File Assignments:
|   MDIN: ../../Relaxation/1min.in                                              
|  MDOUT: 1min.out                                                              
| INPCRD: GPP_IPP_ion.inpcrd                                                    
|   PARM: GPP_IPP_ion.prmtop                                                    
| RESTRT: 1min.rst7                                                             
|   REFC: GPP_IPP_ion.inpcrd                                                    
|  MDVEL: mdvel                                                                 
|   MDEN: mden                                                                  
|  MDCRD: mdcrd.1min                                                            
| MDINFO: 1min.info                                                             
|  MDFRC: mdfrc                                                                 


 Here is the input file:

minimization of solvent                                                        
 &cntrl                                                                        
  imin = 1, maxcyc = 1000,                                                     
  ncyc = 100, ntx = 1,                                                         
  ntwe = 0, ntwr = 500, ntpr = 50,                                             
  ntc = 2, ntf = 2, ntb = 1, ntp = 0,                                          
  cut = 10.0,                                                                  
  ntr=1, restraintmask = ':1-688', restraint_wt = 200.,                        
  ioutfm=1, ntxo=2,                                                            
 /                                                                             


Note: ig = -1. Setting random seed to   820663 based on wallclock time in 
      microseconds.
| irandom = 1, using AMBER's internal random number generator (default).
 
|--------------------- INFORMATION ----------------------
| GPU (CUDA) Version of PMEMD in use: NVIDIA GPU IN USE.
|                    Version 18.0.0
| 
|                      03/25/2018
| 
| Implementation by:
|                    Ross C. Walker     (SDSC)
|                    Scott Le Grand     (nVIDIA)
| 
| Version 18 performance extensions by:
|                    David Cerutti     (Rutgers)
| 
| Precision model in use:
|      [SPFP] - Single Precision Forces, 64-bit Fixed Point
|               Accumulation. (Default)
| 
|--------------------------------------------------------
 
|----------------- CITATION INFORMATION -----------------
|
|    When publishing work that utilized the CUDA version
|    of AMBER, please cite the following in addition to
|    the regular AMBER citations:
|
|  - Romelia Salomon-Ferrer; Andreas W. Goetz; Duncan
|    Poole; Scott Le Grand; Ross C. Walker "Routine
|    microsecond molecular dynamics simulations with
|    AMBER - Part II: Particle Mesh Ewald", J. Chem.
|    Theory Comput., 2013, 9 (9), pp3878-3888,
|    DOI: 10.1021/ct400314y.
|
|  - Andreas W. Goetz; Mark J. Williamson; Dong Xu;
|    Duncan Poole; Scott Le Grand; Ross C. Walker
|    "Routine microsecond molecular dynamics simulations
|    with AMBER - Part I: Generalized Born", J. Chem.
|    Theory Comput., 2012, 8 (5), pp1542-1555.
|
|  - Scott Le Grand; Andreas W. Goetz; Ross C. Walker
|    "SPFP: Speed without compromise - a mixed precision
|    model for GPU accelerated molecular dynamics
|    simulations.", Comp. Phys. Comm., 2013, 184
|    pp374-380, DOI: 10.1016/j.cpc.2012.09.022
|
|--------------------------------------------------------
 
|------------------- GPU DEVICE INFO --------------------
|
|            CUDA_VISIBLE_DEVICES: 0
|   CUDA Capable Devices Detected:      1
|           CUDA Device ID in use:      0
|                CUDA Device Name: NVIDIA A100-SXM4-40GB
|     CUDA Device Global Mem Size:  40339 MB
| CUDA Device Num Multiprocessors:    108
|           CUDA Device Core Freq:   1.41 GHz
|
|--------------------------------------------------------
 
 
| Conditional Compilation Defines Used:
| PUBFFT
| BINTRAJ
| CUDA
| EMIL

| Largest sphere to fit in unit cell has radius =    42.078

| New format PARM file being parsed.
| Version =    1.000 Date = 10/14/23 Time = 19:16:31

| Note: 1-4 EEL scale factors are being read from the topology file.

| Note: 1-4 VDW scale factors are being read from the topology file.
| Duplicated    0 dihedrals

| Duplicated    0 dihedrals

--------------------------------------------------------------------------------
   1.  RESOURCE   USE: 
--------------------------------------------------------------------------------

 getting new box info from bottom of inpcrd
 NATOM  =   74619 NTYPES =      20 NBONH =   68860 MBONA  =    5694
 NTHETH =   12876 MTHETA =    7720 NPHIH =   25797 MPHIA  =   24822
 NHPARM =       0 NPARM  =       0 NNB   =  146644 NRES   =   21918
 NBONA  =    5694 NTHETA =    7720 NPHIA =   24822 NUMBND =      78
 NUMANG =     180 NPTRA  =     201 NATYP =      45 NPHB   =       0
 IFBOX  =       2 NMXRS  =      36 IFCAP =       0 NEXTRA =       0
 NCOPY  =       0

| Coordinate Index Table dimensions:    16   16   16
| Direct force subcell size =     6.4418    6.4418    6.4418

     BOX TYPE: TRUNCATED OCTAHEDRON

--------------------------------------------------------------------------------
   2.  CONTROL  DATA  FOR  THE  RUN
--------------------------------------------------------------------------------

default_name                                                                    

General flags:
     imin    =       1, nmropt  =       0

Nature and format of input:
     ntx     =       1, irest   =       0, ntrx    =       1

Nature and format of output:
     ntxo    =       2, ntpr    =      50, ntrx    =       1, ntwr    =     500
     iwrap   =       0, ntwx    =       0, ntwv    =       0, ntwe    =       0
     ioutfm  =       1, ntwprt  =       0, idecomp =       0, rbornstat=      0

Potential function:
     ntf     =       2, ntb     =       1, igb     =       0, nsnb    =      25
     ipol    =       0, gbsa    =       0, iesp    =       0
     dielc   =   1.00000, cut     =  10.00000, intdiel =   1.00000

Frozen or restrained atoms:
     ibelly  =       0, ntr     =       1
     restraint_wt = 200.00000

Energy minimization:
     maxcyc  =    1000, ncyc    =     100, ntmin   =       1
     dx0     =   0.01000, drms    =   0.00010

SHAKE:
     ntc     =       2, jfastw  =       0
     tol     =   0.00001

| Intermolecular bonds treatment:
|     no_intermolecular_bonds =       1

| Energy averages sample interval:
|     ene_avg_sampling =       1

Ewald parameters:
     verbose =       0, ew_type =       0, nbflag  =       1, use_pme =       1
     vdwmeth =       1, eedmeth =       1, netfrc  =       0
     Box X =  103.069   Box Y =  103.069   Box Z =  103.069
     Alpha =  109.471   Beta  =  109.471   Gamma =  109.471
     NFFT1 =  108       NFFT2 =  108       NFFT3 =  108
     Cutoff=   10.000   Tol   =0.100E-04
     Ewald Coefficient =  0.27511
     Interpolation order =    4

    LOADING THE CONSTRAINED ATOMS AS GROUPS


   5.  REFERENCE ATOM COORDINATES

  default_name                                                                    
     Mask :1-688; matches 11255 atoms

--------------------------------------------------------------------------------
   3.  ATOMIC COORDINATES AND VELOCITIES
--------------------------------------------------------------------------------

default_name                                                                    
 begin time read from input coords =     0.000 ps

 
 Number of triangulated 3-point waters found:    21067

     Sum of charges from parm topology file =  -0.00000029
     Forcing neutrality...

| Dynamic Memory, Types Used:
| Reals             2092379
| Integers          3130721

| Nonbonded Pairs Initial Allocation:    22570382

| GPU memory information (estimate):
| KB of GPU memory in use:    461660
| KB of CPU memory in use:    169939

--------------------------------------------------------------------------------
   4.  RESULTS
--------------------------------------------------------------------------------



   NSTEP       ENERGY          RMS            GMAX         NAME    NUMBER
      1      -8.2304E+09     2.1759E+02     2.4785E+04     O2B      5578

 BOND    =      932.8050  ANGLE   =     2076.1215  DIHED      =     8272.3137
 VDWAALS = *************  EEL     =  -257398.6085  HBOND      =        0.0000
 1-4 VDW =     3209.8151  1-4 EEL =    29257.8733  RESTRAINT  =        5.3632
 EAMBER  = *************


   NSTEP       ENERGY          RMS            GMAX         NAME    NUMBER
     50      -1.2137E+05     4.0460E+01     7.6311E+03     OH       3432

 BOND    =    14574.3931  ANGLE   =     3859.9297  DIHED      =     8499.9289
 VDWAALS =    11918.8957  EEL     =  -265318.9344  HBOND      =        0.0000
 1-4 VDW =     4856.5794  1-4 EEL =    29005.9965  RESTRAINT  =    71235.6820
 EAMBER  =  -192603.2111


   NSTEP       ENERGY          RMS            GMAX         NAME    NUMBER
    100      -2.0274E+05     1.3446E+01     2.5950E+02     HH       9060

 BOND    =      353.6650  ANGLE   =     2019.7630  DIHED      =     8310.4453
 VDWAALS =     9853.2716  EEL     =  -258738.5590  HBOND      =        0.0000
 1-4 VDW =     3116.9874  1-4 EEL =    28943.8288  RESTRAINT  =     3397.4290
 EAMBER  =  -206140.5980

     .... RESTARTED DUE TO LINMIN FAILURE ...


   NSTEP       ENERGY          RMS            GMAX         NAME    NUMBER
    150      -2.0274E+05     1.3446E+01     2.5950E+02     HH       9060

 BOND    =      353.6650  ANGLE   =     2019.7628  DIHED      =     8310.4451
 VDWAALS =     9853.2592  EEL     =  -258738.5432  HBOND      =        0.0000
 1-4 VDW =     3116.9876  1-4 EEL =    28943.8288  RESTRAINT  =     3397.4257
 EAMBER  =  -206140.5948


   NSTEP       ENERGY          RMS            GMAX         NAME    NUMBER
    200      -2.0274E+05     1.3446E+01     2.5950E+02     HH       9060

 BOND    =      353.6649  ANGLE   =     2019.7625  DIHED      =     8310.4452
 VDWAALS =     9853.2531  EEL     =  -258738.5331  HBOND      =        0.0000
 1-4 VDW =     3116.9877  1-4 EEL =    28943.8287  RESTRAINT  =     3397.4230
 EAMBER  =  -206140.5911


   NSTEP       ENERGY          RMS            GMAX         NAME    NUMBER
    250      -2.0274E+05     1.3446E+01     2.5950E+02     HH       9060

 BOND    =      353.6648  ANGLE   =     2019.7623  DIHED      =     8310.4452
 VDWAALS =     9853.2473  EEL     =  -258738.5194  HBOND      =        0.0000
 1-4 VDW =     3116.9877  1-4 EEL =    28943.8284  RESTRAINT  =     3397.4211
 EAMBER  =  -206140.5837


   NSTEP       ENERGY          RMS            GMAX         NAME    NUMBER
    300      -2.0274E+05     1.3446E+01     2.5950E+02     HH       9060

 BOND    =      353.6646  ANGLE   =     2019.7621  DIHED      =     8310.4450
 VDWAALS =     9853.2442  EEL     =  -258738.5004  HBOND      =        0.0000
 1-4 VDW =     3116.9878  1-4 EEL =    28943.8279  RESTRAINT  =     3397.4189
 EAMBER  =  -206140.5689


   NSTEP       ENERGY          RMS            GMAX         NAME    NUMBER
    350      -2.0274E+05     1.3446E+01     2.5950E+02     HH       9060

 BOND    =      353.6646  ANGLE   =     2019.7620  DIHED      =     8310.4449
 VDWAALS =     9853.2428  EEL     =  -258738.4852  HBOND      =        0.0000
 1-4 VDW =     3116.9877  1-4 EEL =    28943.8281  RESTRAINT  =     3397.4167
 EAMBER  =  -206140.5551


   NSTEP       ENERGY          RMS            GMAX         NAME    NUMBER
    400      -2.0274E+05     1.3446E+01     2.5950E+02     HH       9060

 BOND    =      353.6646  ANGLE   =     2019.7618  DIHED      =     8310.4448
 VDWAALS =     9853.2376  EEL     =  -258738.4758  HBOND      =        0.0000
 1-4 VDW =     3116.9878  1-4 EEL =    28943.8278  RESTRAINT  =     3397.4139
 EAMBER  =  -206140.5515

     .... RESTARTED DUE TO LINMIN FAILURE ...


   NSTEP       ENERGY          RMS            GMAX         NAME    NUMBER
    450      -2.0274E+05     1.3446E+01     2.5950E+02     HH       9060

 BOND    =      353.6645  ANGLE   =     2019.7616  DIHED      =     8310.4446
 VDWAALS =     9853.2335  EEL     =  -258738.4649  HBOND      =        0.0000
 1-4 VDW =     3116.9878  1-4 EEL =    28943.8276  RESTRAINT  =     3397.4136
 EAMBER  =  -206140.5452


   NSTEP       ENERGY          RMS            GMAX         NAME    NUMBER
    500      -2.0274E+05     1.3446E+01     2.5950E+02     HH       9060

 BOND    =      353.6645  ANGLE   =     2019.7616  DIHED      =     8310.4447
 VDWAALS =     9853.2354  EEL     =  -258738.4606  HBOND      =        0.0000
 1-4 VDW =     3116.9879  1-4 EEL =    28943.8277  RESTRAINT  =     3397.4126
 EAMBER  =  -206140.5390


   NSTEP       ENERGY          RMS            GMAX         NAME    NUMBER
    550      -2.0274E+05     1.3446E+01     2.5950E+02     HH       9060

 BOND    =      353.6644  ANGLE   =     2019.7615  DIHED      =     8310.4446
 VDWAALS =     9853.2356  EEL     =  -258738.4565  HBOND      =        0.0000
 1-4 VDW =     3116.9879  1-4 EEL =    28943.8278  RESTRAINT  =     3397.4135
 EAMBER  =  -206140.5348


   NSTEP       ENERGY          RMS            GMAX         NAME    NUMBER
    600      -2.0274E+05     1.3446E+01     2.5950E+02     HH       9060

 BOND    =      353.6644  ANGLE   =     2019.7614  DIHED      =     8310.4447
 VDWAALS =     9853.2335  EEL     =  -258738.4449  HBOND      =        0.0000
 1-4 VDW =     3116.9879  1-4 EEL =    28943.8278  RESTRAINT  =     3397.4111
 EAMBER  =  -206140.5252


   NSTEP       ENERGY          RMS            GMAX         NAME    NUMBER
    650      -2.0274E+05     1.3446E+01     2.5950E+02     HH       9060

 BOND    =      353.6643  ANGLE   =     2019.7613  DIHED      =     8310.4447
 VDWAALS =     9853.2328  EEL     =  -258738.4360  HBOND      =        0.0000
 1-4 VDW =     3116.9878  1-4 EEL =    28943.8276  RESTRAINT  =     3397.4096
 EAMBER  =  -206140.5174


   NSTEP       ENERGY          RMS            GMAX         NAME    NUMBER
    700      -2.0274E+05     1.3446E+01     2.5950E+02     HH       9060

 BOND    =      353.6643  ANGLE   =     2019.7612  DIHED      =     8310.4446
 VDWAALS =     9853.2319  EEL     =  -258738.4240  HBOND      =        0.0000
 1-4 VDW =     3116.9879  1-4 EEL =    28943.8275  RESTRAINT  =     3397.4102
 EAMBER  =  -206140.5067


   NSTEP       ENERGY          RMS            GMAX         NAME    NUMBER
    750      -2.0274E+05     1.3446E+01     2.5950E+02     HH       9060

 BOND    =      353.6642  ANGLE   =     2019.7612  DIHED      =     8310.4445
 VDWAALS =     9853.2363  EEL     =  -258738.4190  HBOND      =        0.0000
 1-4 VDW =     3116.9878  1-4 EEL =    28943.8274  RESTRAINT  =     3397.4091
 EAMBER  =  -206140.4976

     .... RESTARTED DUE TO LINMIN FAILURE ...


   NSTEP       ENERGY          RMS            GMAX         NAME    NUMBER
    800      -2.0274E+05     1.3446E+01     2.5950E+02     HH       9060

 BOND    =      353.6641  ANGLE   =     2019.7611  DIHED      =     8310.4444
 VDWAALS =     9853.2341  EEL     =  -258738.4089  HBOND      =        0.0000
 1-4 VDW =     3116.9878  1-4 EEL =    28943.8273  RESTRAINT  =     3397.4081
 EAMBER  =  -206140.4901


   NSTEP       ENERGY          RMS            GMAX         NAME    NUMBER
    850      -2.0274E+05     1.3446E+01     2.5950E+02     HH       9060

 BOND    =      353.6641  ANGLE   =     2019.7609  DIHED      =     8310.4443
 VDWAALS =     9853.2320  EEL     =  -258738.4034  HBOND      =        0.0000
 1-4 VDW =     3116.9878  1-4 EEL =    28943.8273  RESTRAINT  =     3397.4058
 EAMBER  =  -206140.4870


   NSTEP       ENERGY          RMS            GMAX         NAME    NUMBER
    900      -2.0274E+05     1.3446E+01     2.5950E+02     HH       9060

 BOND    =      353.6640  ANGLE   =     2019.7608  DIHED      =     8310.4440
 VDWAALS =     9853.2285  EEL     =  -258738.3963  HBOND      =        0.0000
 1-4 VDW =     3116.9878  1-4 EEL =    28943.8273  RESTRAINT  =     3397.4050
 EAMBER  =  -206140.4839


   NSTEP       ENERGY          RMS            GMAX         NAME    NUMBER
    950      -2.0274E+05     1.3446E+01     2.5950E+02     HH       9060

 BOND    =      353.6640  ANGLE   =     2019.7606  DIHED      =     8310.4441
 VDWAALS =     9853.2216  EEL     =  -258738.3820  HBOND      =        0.0000
 1-4 VDW =     3116.9878  1-4 EEL =    28943.8271  RESTRAINT  =     3397.4064
 EAMBER  =  -206140.4768


   NSTEP       ENERGY          RMS            GMAX         NAME    NUMBER
   1000      -2.0274E+05     1.3446E+01     2.5950E+02     HH       9060

 BOND    =      353.6640  ANGLE   =     2019.7606  DIHED      =     8310.4439
 VDWAALS =     9853.2234  EEL     =  -258738.3757  HBOND      =        0.0000
 1-4 VDW =     3116.9878  1-4 EEL =    28943.8271  RESTRAINT  =     3397.4059
 EAMBER  =  -206140.4689


  Maximum number of minimization cycles reached.


                    FINAL RESULTS



   NSTEP       ENERGY          RMS            GMAX         NAME    NUMBER
   1000      -2.0274E+05     1.3446E+01     2.5950E+02     HH       9060

 BOND    =      353.6640  ANGLE   =     2019.7606  DIHED      =     8310.4439
 VDWAALS =     9853.2234  EEL     =  -258738.3757  HBOND      =        0.0000
 1-4 VDW =     3116.9878  1-4 EEL =    28943.8271  RESTRAINT  =     3397.4059
 EAMBER  =  -206140.4689
--------------------------------------------------------------------------------
   5.  TIMINGS
--------------------------------------------------------------------------------

|  NonSetup CPU Time in Major Routines:
|
|     Routine           Sec        %
|     ------------------------------
|     Nonbond           0.71   17.31
|     Bond              0.00    0.00
|     Angle             0.00    0.00
|     Dihedral          0.00    0.00
|     Shake             1.48   35.80
|     Other             1.93   46.89
|     ------------------------------
|     Total             4.13

|  PME Nonbond Pairlist CPU Time:
|
|     Routine              Sec        %
|     ---------------------------------
|     Set Up Cit           0.00    0.00
|     Build List           0.00    0.00
|     ---------------------------------
|     Total                0.00    0.00

|  PME Direct Force CPU Time:
|
|     Routine              Sec        %
|     ---------------------------------
|     NonBonded Calc       0.00    0.00
|     Exclude Masked       0.00    0.00
|     Other                0.00    0.03
|     ---------------------------------
|     Total                0.00    0.03

|  PME Reciprocal Force CPU Time:
|
|     Routine              Sec        %
|     ---------------------------------
|     1D bspline           0.00    0.00
|     Grid Charges         0.00    0.00
|     Scalar Sum           0.00    0.00
|     Gradient Sum         0.00    0.00
|     FFT                  0.00    0.00
|     ---------------------------------
|     Total                0.00    0.00

|  Setup CPU time:            1.17 seconds
|  NonSetup CPU time:         4.13 seconds
|  Total CPU time:            5.30 seconds     0.00 hours

|  Setup wall time:           3    seconds
|  NonSetup wall time:        6    seconds
|  Total wall time:           9    seconds     0.00 hours
