
          -------------------------------------------------------
          Amber 20 PMEMD                              2020
          -------------------------------------------------------

| PMEMD implementation of SANDER, Release 18

|  Compiled date/time: Thu Jun  2 17:33:41 2022
| Run on 10/15/2023 at 12:50:01

|   Executable path: pmemd.cuda
| Working directory: /lustre07/scratch/livtoft/SURE/BTS1/S76A/GPP-IPP
|          Hostname: ng20601

  [-O]verwriting output

File Assignments:
|   MDIN: ../../Relaxation/5min.in                                              
|  MDOUT: 5min.out                                                              
| INPCRD: 4md.rst7                                                              
|   PARM: GPP_IPP_ion.prmtop                                                    
| RESTRT: 5min.rst7                                                             
|   REFC: 4md.rst7                                                              
|  MDVEL: mdvel                                                                 
|   MDEN: mden                                                                  
|  MDCRD: mdcrd.5min                                                            
| MDINFO: 5min.info                                                             
|  MDFRC: mdfrc                                                                 


 Here is the input file:

Minimization of everything excluding backbone                                  
 &cntrl                                                                        
  imin = 1, maxcyc = 1000,                                                     
  ncyc = 50, ntx = 1,                                                          
  ntwe = 0, ntwr = 500, ntpr = 50,                                             
  ntc = 2, ntf = 2, ntb = 1, ntp = 0,                                          
  cut = 8.0,                                                                   
  ntr=1, restraintmask="@CA,C,N,C1,C2,C3,C4,C5,C6,C7,C8,C9,C10,C11,C12,C13,C14,
  restraint_wt=50.                                                             
  ioutfm=1, ntxo=2,                                                            
 /                                                                             


Note: ig = -1. Setting random seed to   288588 based on wallclock time in 
      microseconds.
| irandom = 1, using AMBER's internal random number generator (default).
 
|--------------------- INFORMATION ----------------------
| GPU (CUDA) Version of PMEMD in use: NVIDIA GPU IN USE.
|                    Version 18.0.0
| 
|                      03/25/2018
| 
| Implementation by:
|                    Ross C. Walker     (SDSC)
|                    Scott Le Grand     (nVIDIA)
| 
| Version 18 performance extensions by:
|                    David Cerutti     (Rutgers)
| 
| Precision model in use:
|      [SPFP] - Single Precision Forces, 64-bit Fixed Point
|               Accumulation. (Default)
| 
|--------------------------------------------------------
 
|----------------- CITATION INFORMATION -----------------
|
|    When publishing work that utilized the CUDA version
|    of AMBER, please cite the following in addition to
|    the regular AMBER citations:
|
|  - Romelia Salomon-Ferrer; Andreas W. Goetz; Duncan
|    Poole; Scott Le Grand; Ross C. Walker "Routine
|    microsecond molecular dynamics simulations with
|    AMBER - Part II: Particle Mesh Ewald", J. Chem.
|    Theory Comput., 2013, 9 (9), pp3878-3888,
|    DOI: 10.1021/ct400314y.
|
|  - Andreas W. Goetz; Mark J. Williamson; Dong Xu;
|    Duncan Poole; Scott Le Grand; Ross C. Walker
|    "Routine microsecond molecular dynamics simulations
|    with AMBER - Part I: Generalized Born", J. Chem.
|    Theory Comput., 2012, 8 (5), pp1542-1555.
|
|  - Scott Le Grand; Andreas W. Goetz; Ross C. Walker
|    "SPFP: Speed without compromise - a mixed precision
|    model for GPU accelerated molecular dynamics
|    simulations.", Comp. Phys. Comm., 2013, 184
|    pp374-380, DOI: 10.1016/j.cpc.2012.09.022
|
|--------------------------------------------------------
 
|------------------- GPU DEVICE INFO --------------------
|
|            CUDA_VISIBLE_DEVICES: 0
|   CUDA Capable Devices Detected:      1
|           CUDA Device ID in use:      0
|                CUDA Device Name: NVIDIA A100-SXM4-40GB
|     CUDA Device Global Mem Size:  40339 MB
| CUDA Device Num Multiprocessors:    108
|           CUDA Device Core Freq:   1.41 GHz
|
|--------------------------------------------------------
 
 
| Conditional Compilation Defines Used:
| PUBFFT
| BINTRAJ
| CUDA
| EMIL

| Largest sphere to fit in unit cell has radius =    41.511

| New format PARM file being parsed.
| Version =    1.000 Date = 10/14/23 Time = 19:16:31

| Note: 1-4 EEL scale factors are being read from the topology file.

| Note: 1-4 VDW scale factors are being read from the topology file.
| Duplicated    0 dihedrals

| Duplicated    0 dihedrals

--------------------------------------------------------------------------------
   1.  RESOURCE   USE: 
--------------------------------------------------------------------------------

 getting box info from netcdf restart file
 NATOM  =   74619 NTYPES =      20 NBONH =   68860 MBONA  =    5694
 NTHETH =   12876 MTHETA =    7720 NPHIH =   25797 MPHIA  =   24822
 NHPARM =       0 NPARM  =       0 NNB   =  146644 NRES   =   21918
 NBONA  =    5694 NTHETA =    7720 NPHIA =   24822 NUMBND =      78
 NUMANG =     180 NPTRA  =     201 NATYP =      45 NPHB   =       0
 IFBOX  =       2 NMXRS  =      36 IFCAP =       0 NEXTRA =       0
 NCOPY  =       0

| Coordinate Index Table dimensions:    20   20   20
| Direct force subcell size =     5.0841    5.0841    5.0841

     BOX TYPE: TRUNCATED OCTAHEDRON

--------------------------------------------------------------------------------
   2.  CONTROL  DATA  FOR  THE  RUN
--------------------------------------------------------------------------------

default_name                                                                    

General flags:
     imin    =       1, nmropt  =       0

Nature and format of input:
     ntx     =       1, irest   =       0, ntrx    =       1

Nature and format of output:
     ntxo    =       2, ntpr    =      50, ntrx    =       1, ntwr    =     500
     iwrap   =       0, ntwx    =       0, ntwv    =       0, ntwe    =       0
     ioutfm  =       1, ntwprt  =       0, idecomp =       0, rbornstat=      0

Potential function:
     ntf     =       2, ntb     =       1, igb     =       0, nsnb    =      25
     ipol    =       0, gbsa    =       0, iesp    =       0
     dielc   =   1.00000, cut     =   8.00000, intdiel =   1.00000

Frozen or restrained atoms:
     ibelly  =       0, ntr     =       1
     restraint_wt =  50.00000

Energy minimization:
     maxcyc  =    1000, ncyc    =      50, ntmin   =       1
     dx0     =   0.01000, drms    =   0.00010

SHAKE:
     ntc     =       2, jfastw  =       0
     tol     =   0.00001

| Intermolecular bonds treatment:
|     no_intermolecular_bonds =       1

| Energy averages sample interval:
|     ene_avg_sampling =       1

Ewald parameters:
     verbose =       0, ew_type =       0, nbflag  =       1, use_pme =       1
     vdwmeth =       1, eedmeth =       1, netfrc  =       0
     Box X =  101.682   Box Y =  101.682   Box Z =  101.682
     Alpha =  109.471   Beta  =  109.471   Gamma =  109.471
     NFFT1 =  108       NFFT2 =  108       NFFT3 =  108
     Cutoff=    8.000   Tol   =0.100E-04
     Ewald Coefficient =  0.34864
     Interpolation order =    4

    LOADING THE CONSTRAINED ATOMS AS GROUPS


   5.  REFERENCE ATOM COORDINATES

  default_name                                                                    
     Mask @CA,C,N,C1,C2,C3,C4,C5,C6,C7,C8,C9,C10,C11,C12,C13,C14,C15,C16,C17,C18,C19,C20,O1,O1A,O2A,O3A,O1B,O2B,PA,PB; matches  2102 atoms

--------------------------------------------------------------------------------
   3.  ATOMIC COORDINATES AND VELOCITIES
--------------------------------------------------------------------------------

default_name                                                                    
 begin time read from input coords =  3000.000 ps

 
 Number of triangulated 3-point waters found:    21067

     Sum of charges from parm topology file =  -0.00000029
     Forcing neutrality...

| Dynamic Memory, Types Used:
| Reals             2071923
| Integers          3130721

| Nonbonded Pairs Initial Allocation:    12463238

| GPU memory information (estimate):
| KB of GPU memory in use:    340999
| KB of CPU memory in use:    149636

--------------------------------------------------------------------------------
   4.  RESULTS
--------------------------------------------------------------------------------



   NSTEP       ENERGY          RMS            GMAX         NAME    NUMBER
      1      -2.3473E+05     1.7336E+01     1.0841E+02     CD       2401

 BOND    =     1667.2383  ANGLE   =     4779.9341  DIHED      =     8927.2400
 VDWAALS =    25263.8639  EEL     =  -306824.8447  HBOND      =        0.0000
 1-4 VDW =     3049.4949  1-4 EEL =    28404.2024  RESTRAINT  =        0.0000


   NSTEP       ENERGY          RMS            GMAX         NAME    NUMBER
     50      -2.4673E+05     1.4813E+01     5.1444E+01     O       65116

 BOND    =      320.9686  ANGLE   =     2105.8693  DIHED      =     8508.0473
 VDWAALS =    17549.4437  EEL     =  -306525.1315  HBOND      =        0.0000
 1-4 VDW =     2817.4475  1-4 EEL =    28326.4334  RESTRAINT  =      166.0233
 EAMBER  =  -246896.9218


   NSTEP       ENERGY          RMS            GMAX         NAME    NUMBER
    100      -2.4673E+05     1.4813E+01     5.1444E+01     O       65116

 BOND    =      320.9684  ANGLE   =     2105.8656  DIHED      =     8508.0471
 VDWAALS =    17549.3982  EEL     =  -306524.9954  HBOND      =        0.0000
 1-4 VDW =     2817.4458  1-4 EEL =    28326.4323  RESTRAINT  =      166.0243
 EAMBER  =  -246896.8379


   NSTEP       ENERGY          RMS            GMAX         NAME    NUMBER
    150      -2.4673E+05     1.4813E+01     5.1444E+01     O       65116

 BOND    =      320.9684  ANGLE   =     2105.8654  DIHED      =     8508.0469
 VDWAALS =    17549.3959  EEL     =  -306524.9852  HBOND      =        0.0000
 1-4 VDW =     2817.4457  1-4 EEL =    28326.4321  RESTRAINT  =      166.0244
 EAMBER  =  -246896.8306


   NSTEP       ENERGY          RMS            GMAX         NAME    NUMBER
    200      -2.4673E+05     1.4813E+01     5.1444E+01     O       65116

 BOND    =      320.9684  ANGLE   =     2105.8652  DIHED      =     8508.0470
 VDWAALS =    17549.3936  EEL     =  -306524.9803  HBOND      =        0.0000
 1-4 VDW =     2817.4456  1-4 EEL =    28326.4322  RESTRAINT  =      166.0244
 EAMBER  =  -246896.8283


   NSTEP       ENERGY          RMS            GMAX         NAME    NUMBER
    250      -2.4673E+05     1.4813E+01     5.1444E+01     O       65116

 BOND    =      320.9684  ANGLE   =     2105.8650  DIHED      =     8508.0472
 VDWAALS =    17549.3910  EEL     =  -306524.9735  HBOND      =        0.0000
 1-4 VDW =     2817.4455  1-4 EEL =    28326.4322  RESTRAINT  =      166.0245
 EAMBER  =  -246896.8241


   NSTEP       ENERGY          RMS            GMAX         NAME    NUMBER
    300      -2.4673E+05     1.4813E+01     5.1444E+01     O       65116

 BOND    =      320.9684  ANGLE   =     2105.8649  DIHED      =     8508.0471
 VDWAALS =    17549.3902  EEL     =  -306524.9714  HBOND      =        0.0000
 1-4 VDW =     2817.4455  1-4 EEL =    28326.4321  RESTRAINT  =      166.0245
 EAMBER  =  -246896.8231


   NSTEP       ENERGY          RMS            GMAX         NAME    NUMBER
    350      -2.4673E+05     1.4813E+01     5.1444E+01     O       65116

 BOND    =      320.9684  ANGLE   =     2105.8648  DIHED      =     8508.0471
 VDWAALS =    17549.3885  EEL     =  -306524.9647  HBOND      =        0.0000
 1-4 VDW =     2817.4455  1-4 EEL =    28326.4320  RESTRAINT  =      166.0246
 EAMBER  =  -246896.8183


   NSTEP       ENERGY          RMS            GMAX         NAME    NUMBER
    400      -2.4673E+05     1.4813E+01     5.1444E+01     O       65116

 BOND    =      320.9684  ANGLE   =     2105.8646  DIHED      =     8508.0470
 VDWAALS =    17549.3856  EEL     =  -306524.9597  HBOND      =        0.0000
 1-4 VDW =     2817.4455  1-4 EEL =    28326.4321  RESTRAINT  =      166.0246
 EAMBER  =  -246896.8165


   NSTEP       ENERGY          RMS            GMAX         NAME    NUMBER
    450      -2.4673E+05     1.4813E+01     5.1444E+01     O       65116

 BOND    =      320.9684  ANGLE   =     2105.8644  DIHED      =     8508.0469
 VDWAALS =    17549.3841  EEL     =  -306524.9513  HBOND      =        0.0000
 1-4 VDW =     2817.4453  1-4 EEL =    28326.4319  RESTRAINT  =      166.0247
 EAMBER  =  -246896.8101


   NSTEP       ENERGY          RMS            GMAX         NAME    NUMBER
    500      -2.4673E+05     1.4813E+01     5.1444E+01     O       65116

 BOND    =      320.9684  ANGLE   =     2105.8642  DIHED      =     8508.0469
 VDWAALS =    17549.3808  EEL     =  -306524.9424  HBOND      =        0.0000
 1-4 VDW =     2817.4452  1-4 EEL =    28326.4317  RESTRAINT  =      166.0247
 EAMBER  =  -246896.8053


   NSTEP       ENERGY          RMS            GMAX         NAME    NUMBER
    550      -2.4673E+05     1.4813E+01     5.1444E+01     O       65116

 BOND    =      320.9684  ANGLE   =     2105.8640  DIHED      =     8508.0469
 VDWAALS =    17549.3786  EEL     =  -306524.9347  HBOND      =        0.0000
 1-4 VDW =     2817.4451  1-4 EEL =    28326.4317  RESTRAINT  =      166.0248
 EAMBER  =  -246896.8001


   NSTEP       ENERGY          RMS            GMAX         NAME    NUMBER
    600      -2.4673E+05     1.4813E+01     5.1444E+01     O       65116

 BOND    =      320.9683  ANGLE   =     2105.8638  DIHED      =     8508.0469
 VDWAALS =    17549.3774  EEL     =  -306524.9277  HBOND      =        0.0000
 1-4 VDW =     2817.4450  1-4 EEL =    28326.4316  RESTRAINT  =      166.0248
 EAMBER  =  -246896.7946


   NSTEP       ENERGY          RMS            GMAX         NAME    NUMBER
    650      -2.4673E+05     1.4813E+01     5.1444E+01     O       65116

 BOND    =      320.9683  ANGLE   =     2105.8637  DIHED      =     8508.0470
 VDWAALS =    17549.3762  EEL     =  -306524.9232  HBOND      =        0.0000
 1-4 VDW =     2817.4450  1-4 EEL =    28326.4317  RESTRAINT  =      166.0249
 EAMBER  =  -246896.7913


   NSTEP       ENERGY          RMS            GMAX         NAME    NUMBER
    700      -2.4673E+05     1.4813E+01     5.1444E+01     O       65116

 BOND    =      320.9683  ANGLE   =     2105.8635  DIHED      =     8508.0471
 VDWAALS =    17549.3744  EEL     =  -306524.9171  HBOND      =        0.0000
 1-4 VDW =     2817.4449  1-4 EEL =    28326.4315  RESTRAINT  =      166.0249
 EAMBER  =  -246896.7873


   NSTEP       ENERGY          RMS            GMAX         NAME    NUMBER
    750      -2.4673E+05     1.4813E+01     5.1444E+01     O       65116

 BOND    =      320.9683  ANGLE   =     2105.8634  DIHED      =     8508.0470
 VDWAALS =    17549.3724  EEL     =  -306524.9112  HBOND      =        0.0000
 1-4 VDW =     2817.4448  1-4 EEL =    28326.4317  RESTRAINT  =      166.0249
 EAMBER  =  -246896.7836


   NSTEP       ENERGY          RMS            GMAX         NAME    NUMBER
    800      -2.4673E+05     1.4813E+01     5.1444E+01     O       65116

 BOND    =      320.9682  ANGLE   =     2105.8632  DIHED      =     8508.0470
 VDWAALS =    17549.3692  EEL     =  -306524.8995  HBOND      =        0.0000
 1-4 VDW =     2817.4447  1-4 EEL =    28326.4315  RESTRAINT  =      166.0250
 EAMBER  =  -246896.7757


   NSTEP       ENERGY          RMS            GMAX         NAME    NUMBER
    850      -2.4673E+05     1.4813E+01     5.1444E+01     O       65116

 BOND    =      320.9682  ANGLE   =     2105.8630  DIHED      =     8508.0468
 VDWAALS =    17549.3684  EEL     =  -306524.8923  HBOND      =        0.0000
 1-4 VDW =     2817.4446  1-4 EEL =    28326.4314  RESTRAINT  =      166.0251
 EAMBER  =  -246896.7698


   NSTEP       ENERGY          RMS            GMAX         NAME    NUMBER
    900      -2.4673E+05     1.4813E+01     5.1444E+01     O       65116

 BOND    =      320.9682  ANGLE   =     2105.8629  DIHED      =     8508.0467
 VDWAALS =    17549.3674  EEL     =  -306524.8868  HBOND      =        0.0000
 1-4 VDW =     2817.4446  1-4 EEL =    28326.4312  RESTRAINT  =      166.0251
 EAMBER  =  -246896.7658


   NSTEP       ENERGY          RMS            GMAX         NAME    NUMBER
    950      -2.4673E+05     1.4813E+01     5.1444E+01     O       65116

 BOND    =      320.9682  ANGLE   =     2105.8625  DIHED      =     8508.0466
 VDWAALS =    17549.3622  EEL     =  -306524.8776  HBOND      =        0.0000
 1-4 VDW =     2817.4444  1-4 EEL =    28326.4312  RESTRAINT  =      166.0252
 EAMBER  =  -246896.7625


   NSTEP       ENERGY          RMS            GMAX         NAME    NUMBER
   1000      -2.4673E+05     1.4813E+01     5.1444E+01     O       65116

 BOND    =      320.9682  ANGLE   =     2105.8622  DIHED      =     8508.0465
 VDWAALS =    17549.3589  EEL     =  -306524.8684  HBOND      =        0.0000
 1-4 VDW =     2817.4443  1-4 EEL =    28326.4311  RESTRAINT  =      166.0253
 EAMBER  =  -246896.7572


  Maximum number of minimization cycles reached.


                    FINAL RESULTS



   NSTEP       ENERGY          RMS            GMAX         NAME    NUMBER
   1000      -2.4673E+05     1.4813E+01     5.1444E+01     O       65116

 BOND    =      320.9682  ANGLE   =     2105.8622  DIHED      =     8508.0465
 VDWAALS =    17549.3589  EEL     =  -306524.8684  HBOND      =        0.0000
 1-4 VDW =     2817.4443  1-4 EEL =    28326.4311  RESTRAINT  =      166.0253
 EAMBER  =  -246896.7572
--------------------------------------------------------------------------------
   5.  TIMINGS
--------------------------------------------------------------------------------

|  NonSetup CPU Time in Major Routines:
|
|     Routine           Sec        %
|     ------------------------------
|     Nonbond           0.52   13.22
|     Bond              0.00    0.00
|     Angle             0.00    0.00
|     Dihedral          0.00    0.00
|     Shake             1.47   37.26
|     Other             1.95   49.52
|     ------------------------------
|     Total             3.94

|  PME Nonbond Pairlist CPU Time:
|
|     Routine              Sec        %
|     ---------------------------------
|     Set Up Cit           0.00    0.00
|     Build List           0.00    0.00
|     ---------------------------------
|     Total                0.00    0.00

|  PME Direct Force CPU Time:
|
|     Routine              Sec        %
|     ---------------------------------
|     NonBonded Calc       0.00    0.00
|     Exclude Masked       0.00    0.00
|     Other                0.00    0.03
|     ---------------------------------
|     Total                0.00    0.03

|  PME Reciprocal Force CPU Time:
|
|     Routine              Sec        %
|     ---------------------------------
|     1D bspline           0.00    0.00
|     Grid Charges         0.00    0.00
|     Scalar Sum           0.00    0.00
|     Gradient Sum         0.00    0.00
|     FFT                  0.00    0.00
|     ---------------------------------
|     Total                0.00    0.00

|  Setup CPU time:            0.70 seconds
|  NonSetup CPU time:         3.94 seconds
|  Total CPU time:            4.64 seconds     0.00 hours

|  Setup wall time:           1    seconds
|  NonSetup wall time:        4    seconds
|  Total wall time:           5    seconds     0.00 hours
