
          -------------------------------------------------------
          Amber 20 PMEMD                              2020
          -------------------------------------------------------

| PMEMD implementation of SANDER, Release 18

|  Compiled date/time: Thu Jun  2 17:33:41 2022
| Run on 10/15/2023 at 12:24:58

|   Executable path: pmemd.cuda
| Working directory: /lustre07/scratch/livtoft/SURE/BTS1/S76A/DMAPP-IPP
|          Hostname: ng11106

  [-O]verwriting output

File Assignments:
|   MDIN: ../../Relaxation/1min.in                                              
|  MDOUT: 1min.out                                                              
| INPCRD: DMAPP_IPP_ion.inpcrd                                                  
|   PARM: DMAPP_IPP_ion.prmtop                                                  
| RESTRT: 1min.rst7                                                             
|   REFC: DMAPP_IPP_ion.inpcrd                                                  
|  MDVEL: mdvel                                                                 
|   MDEN: mden                                                                  
|  MDCRD: mdcrd.1min                                                            
| MDINFO: 1min.info                                                             
|  MDFRC: mdfrc                                                                 


 Here is the input file:

minimization of solvent                                                        
 &cntrl                                                                        
  imin = 1, maxcyc = 1000,                                                     
  ncyc = 100, ntx = 1,                                                         
  ntwe = 0, ntwr = 500, ntpr = 50,                                             
  ntc = 2, ntf = 2, ntb = 1, ntp = 0,                                          
  cut = 10.0,                                                                  
  ntr=1, restraintmask = ':1-688', restraint_wt = 200.,                        
  ioutfm=1, ntxo=2,                                                            
 /                                                                             


Note: ig = -1. Setting random seed to   288810 based on wallclock time in 
      microseconds.
| irandom = 1, using AMBER's internal random number generator (default).
 
|--------------------- INFORMATION ----------------------
| GPU (CUDA) Version of PMEMD in use: NVIDIA GPU IN USE.
|                    Version 18.0.0
| 
|                      03/25/2018
| 
| Implementation by:
|                    Ross C. Walker     (SDSC)
|                    Scott Le Grand     (nVIDIA)
| 
| Version 18 performance extensions by:
|                    David Cerutti     (Rutgers)
| 
| Precision model in use:
|      [SPFP] - Single Precision Forces, 64-bit Fixed Point
|               Accumulation. (Default)
| 
|--------------------------------------------------------
 
|----------------- CITATION INFORMATION -----------------
|
|    When publishing work that utilized the CUDA version
|    of AMBER, please cite the following in addition to
|    the regular AMBER citations:
|
|  - Romelia Salomon-Ferrer; Andreas W. Goetz; Duncan
|    Poole; Scott Le Grand; Ross C. Walker "Routine
|    microsecond molecular dynamics simulations with
|    AMBER - Part II: Particle Mesh Ewald", J. Chem.
|    Theory Comput., 2013, 9 (9), pp3878-3888,
|    DOI: 10.1021/ct400314y.
|
|  - Andreas W. Goetz; Mark J. Williamson; Dong Xu;
|    Duncan Poole; Scott Le Grand; Ross C. Walker
|    "Routine microsecond molecular dynamics simulations
|    with AMBER - Part I: Generalized Born", J. Chem.
|    Theory Comput., 2012, 8 (5), pp1542-1555.
|
|  - Scott Le Grand; Andreas W. Goetz; Ross C. Walker
|    "SPFP: Speed without compromise - a mixed precision
|    model for GPU accelerated molecular dynamics
|    simulations.", Comp. Phys. Comm., 2013, 184
|    pp374-380, DOI: 10.1016/j.cpc.2012.09.022
|
|--------------------------------------------------------
 
|------------------- GPU DEVICE INFO --------------------
|
|            CUDA_VISIBLE_DEVICES: 0
|   CUDA Capable Devices Detected:      1
|           CUDA Device ID in use:      0
|                CUDA Device Name: NVIDIA A100-SXM4-40GB
|     CUDA Device Global Mem Size:  40339 MB
| CUDA Device Num Multiprocessors:    108
|           CUDA Device Core Freq:   1.41 GHz
|
|--------------------------------------------------------
 
 
| Conditional Compilation Defines Used:
| PUBFFT
| BINTRAJ
| CUDA
| EMIL

| Largest sphere to fit in unit cell has radius =    42.083

| New format PARM file being parsed.
| Version =    1.000 Date = 10/14/23 Time = 19:03:38

| Note: 1-4 EEL scale factors are being read from the topology file.

| Note: 1-4 VDW scale factors are being read from the topology file.
| Duplicated    0 dihedrals

| Duplicated    0 dihedrals

--------------------------------------------------------------------------------
   1.  RESOURCE   USE: 
--------------------------------------------------------------------------------

 getting new box info from bottom of inpcrd
 NATOM  =   74599 NTYPES =      20 NBONH =   68849 MBONA  =    5685
 NTHETH =   12838 MTHETA =    7710 NPHIH =   25713 MPHIA  =   24808
 NHPARM =       0 NPARM  =       0 NNB   =  146512 NRES   =   21920
 NBONA  =    5685 NTHETA =    7710 NPHIA =   24808 NUMBND =      78
 NUMANG =     181 NPTRA  =     201 NATYP =      45 NPHB   =       0
 IFBOX  =       2 NMXRS  =      24 IFCAP =       0 NEXTRA =       0
 NCOPY  =       0

| Coordinate Index Table dimensions:    16   16   16
| Direct force subcell size =     6.4426    6.4426    6.4426

     BOX TYPE: TRUNCATED OCTAHEDRON

--------------------------------------------------------------------------------
   2.  CONTROL  DATA  FOR  THE  RUN
--------------------------------------------------------------------------------

default_name                                                                    

General flags:
     imin    =       1, nmropt  =       0

Nature and format of input:
     ntx     =       1, irest   =       0, ntrx    =       1

Nature and format of output:
     ntxo    =       2, ntpr    =      50, ntrx    =       1, ntwr    =     500
     iwrap   =       0, ntwx    =       0, ntwv    =       0, ntwe    =       0
     ioutfm  =       1, ntwprt  =       0, idecomp =       0, rbornstat=      0

Potential function:
     ntf     =       2, ntb     =       1, igb     =       0, nsnb    =      25
     ipol    =       0, gbsa    =       0, iesp    =       0
     dielc   =   1.00000, cut     =  10.00000, intdiel =   1.00000

Frozen or restrained atoms:
     ibelly  =       0, ntr     =       1
     restraint_wt = 200.00000

Energy minimization:
     maxcyc  =    1000, ncyc    =     100, ntmin   =       1
     dx0     =   0.01000, drms    =   0.00010

SHAKE:
     ntc     =       2, jfastw  =       0
     tol     =   0.00001

| Intermolecular bonds treatment:
|     no_intermolecular_bonds =       1

| Energy averages sample interval:
|     ene_avg_sampling =       1

Ewald parameters:
     verbose =       0, ew_type =       0, nbflag  =       1, use_pme =       1
     vdwmeth =       1, eedmeth =       1, netfrc  =       0
     Box X =  103.081   Box Y =  103.081   Box Z =  103.081
     Alpha =  109.471   Beta  =  109.471   Gamma =  109.471
     NFFT1 =  108       NFFT2 =  108       NFFT3 =  108
     Cutoff=   10.000   Tol   =0.100E-04
     Ewald Coefficient =  0.27511
     Interpolation order =    4

    LOADING THE CONSTRAINED ATOMS AS GROUPS


   5.  REFERENCE ATOM COORDINATES

  default_name                                                                    
     Mask :1-688; matches 11229 atoms

--------------------------------------------------------------------------------
   3.  ATOMIC COORDINATES AND VELOCITIES
--------------------------------------------------------------------------------

default_name                                                                    
 begin time read from input coords =     0.000 ps

 
 Number of triangulated 3-point waters found:    21069

     Sum of charges from parm topology file =  -0.00000029
     Forcing neutrality...

| Dynamic Memory, Types Used:
| Reals             2091844
| Integers          3127733

| Nonbonded Pairs Initial Allocation:    22564332

| GPU memory information (estimate):
| KB of GPU memory in use:    461649
| KB of CPU memory in use:    169927

--------------------------------------------------------------------------------
   4.  RESULTS
--------------------------------------------------------------------------------



   NSTEP       ENERGY          RMS            GMAX         NAME    NUMBER
      1       5.9501E+06     1.6236E+02     2.0509E+04     O2B     11192

 BOND    =      941.3973  ANGLE   =     2080.4434  DIHED      =     8335.5081
 VDWAALS =  6164743.0149  EEL     =  -258420.4426  HBOND      =        0.0000
 1-4 VDW =     3201.3573  1-4 EEL =    29257.8952  RESTRAINT  =        5.2242
 EAMBER  =  5950139.1736


   NSTEP       ENERGY          RMS            GMAX         NAME    NUMBER
     50       1.0658E+05     4.6222E+01     8.1045E+03     NH1      1478

 BOND    =     1127.5945  ANGLE   =     2708.0826  DIHED      =     8392.3208
 VDWAALS =   310157.6494  EEL     =  -264689.1497  HBOND      =        0.0000
 1-4 VDW =     9554.6288  1-4 EEL =    28787.9913  RESTRAINT  =    10540.6106
 EAMBER  =    96039.1176


   NSTEP       ENERGY          RMS            GMAX         NAME    NUMBER
    100      -2.0544E+05     1.3644E+01     3.6799E+02     HH       9047

 BOND    =      375.1931  ANGLE   =     2002.5226  DIHED      =     8367.2544
 VDWAALS =    10007.8772  EEL     =  -261445.4413  HBOND      =        0.0000
 1-4 VDW =     3104.5200  1-4 EEL =    28933.2879  RESTRAINT  =     3215.2915
 EAMBER  =  -208654.7861


   NSTEP       ENERGY          RMS            GMAX         NAME    NUMBER
    150      -2.0543E+05     1.3642E+01     3.6799E+02     HH       9047

 BOND    =      375.2006  ANGLE   =     2002.1859  DIHED      =     8367.0328
 VDWAALS =    10004.1829  EEL     =  -261428.0632  HBOND      =        0.0000
 1-4 VDW =     3104.4610  1-4 EEL =    28933.5125  RESTRAINT  =     3210.9510
 EAMBER  =  -208641.4875


   NSTEP       ENERGY          RMS            GMAX         NAME    NUMBER
    200      -2.0543E+05     1.3642E+01     3.6799E+02     HH       9047

 BOND    =      375.2006  ANGLE   =     2002.1855  DIHED      =     8367.0326
 VDWAALS =    10004.1771  EEL     =  -261428.0474  HBOND      =        0.0000
 1-4 VDW =     3104.4611  1-4 EEL =    28933.5124  RESTRAINT  =     3210.9443
 EAMBER  =  -208641.4780


   NSTEP       ENERGY          RMS            GMAX         NAME    NUMBER
    250      -2.0543E+05     1.3642E+01     3.6799E+02     HH       9047

 BOND    =      375.2006  ANGLE   =     2002.1851  DIHED      =     8367.0323
 VDWAALS =    10004.1694  EEL     =  -261428.0316  HBOND      =        0.0000
 1-4 VDW =     3104.4610  1-4 EEL =    28933.5124  RESTRAINT  =     3210.9399
 EAMBER  =  -208641.4707


   NSTEP       ENERGY          RMS            GMAX         NAME    NUMBER
    300      -2.0543E+05     1.3642E+01     3.6799E+02     HH       9047

 BOND    =      375.2006  ANGLE   =     2002.1850  DIHED      =     8367.0322
 VDWAALS =    10004.1689  EEL     =  -261428.0212  HBOND      =        0.0000
 1-4 VDW =     3104.4611  1-4 EEL =    28933.5124  RESTRAINT  =     3210.9377
 EAMBER  =  -208641.4610


   NSTEP       ENERGY          RMS            GMAX         NAME    NUMBER
    350      -2.0543E+05     1.3642E+01     3.6799E+02     HH       9047

 BOND    =      375.2006  ANGLE   =     2002.1847  DIHED      =     8367.0321
 VDWAALS =    10004.1622  EEL     =  -261428.0027  HBOND      =        0.0000
 1-4 VDW =     3104.4611  1-4 EEL =    28933.5124  RESTRAINT  =     3210.9293
 EAMBER  =  -208641.4497

     .... RESTARTED DUE TO LINMIN FAILURE ...


   NSTEP       ENERGY          RMS            GMAX         NAME    NUMBER
    400      -2.0543E+05     1.3642E+01     3.6799E+02     HH       9047

 BOND    =      375.2006  ANGLE   =     2002.1843  DIHED      =     8367.0318
 VDWAALS =    10004.1570  EEL     =  -261427.9911  HBOND      =        0.0000
 1-4 VDW =     3104.4610  1-4 EEL =    28933.5127  RESTRAINT  =     3210.9261
 EAMBER  =  -208641.4436


   NSTEP       ENERGY          RMS            GMAX         NAME    NUMBER
    450      -2.0543E+05     1.3642E+01     3.6799E+02     HH       9047

 BOND    =      375.2006  ANGLE   =     2002.1842  DIHED      =     8367.0317
 VDWAALS =    10004.1545  EEL     =  -261427.9829  HBOND      =        0.0000
 1-4 VDW =     3104.4611  1-4 EEL =    28933.5128  RESTRAINT  =     3210.9208
 EAMBER  =  -208641.4380


   NSTEP       ENERGY          RMS            GMAX         NAME    NUMBER
    500      -2.0543E+05     1.3642E+01     3.6799E+02     HH       9047

 BOND    =      375.2006  ANGLE   =     2002.1838  DIHED      =     8367.0315
 VDWAALS =    10004.1493  EEL     =  -261427.9624  HBOND      =        0.0000
 1-4 VDW =     3104.4610  1-4 EEL =    28933.5130  RESTRAINT  =     3210.9135
 EAMBER  =  -208641.4233


   NSTEP       ENERGY          RMS            GMAX         NAME    NUMBER
    550      -2.0543E+05     1.3642E+01     3.6799E+02     HH       9047

 BOND    =      375.2005  ANGLE   =     2002.1834  DIHED      =     8367.0315
 VDWAALS =    10004.1438  EEL     =  -261427.9454  HBOND      =        0.0000
 1-4 VDW =     3104.4610  1-4 EEL =    28933.5129  RESTRAINT  =     3210.9109
 EAMBER  =  -208641.4123


   NSTEP       ENERGY          RMS            GMAX         NAME    NUMBER
    600      -2.0543E+05     1.3642E+01     3.6799E+02     HH       9047

 BOND    =      375.2005  ANGLE   =     2002.1832  DIHED      =     8367.0312
 VDWAALS =    10004.1477  EEL     =  -261427.9394  HBOND      =        0.0000
 1-4 VDW =     3104.4609  1-4 EEL =    28933.5131  RESTRAINT  =     3210.9090
 EAMBER  =  -208641.4026


   NSTEP       ENERGY          RMS            GMAX         NAME    NUMBER
    650      -2.0543E+05     1.3642E+01     3.6799E+02     HH       9047

 BOND    =      375.2005  ANGLE   =     2002.1829  DIHED      =     8367.0310
 VDWAALS =    10004.1426  EEL     =  -261427.9231  HBOND      =        0.0000
 1-4 VDW =     3104.4608  1-4 EEL =    28933.5134  RESTRAINT  =     3210.9010
 EAMBER  =  -208641.3917


   NSTEP       ENERGY          RMS            GMAX         NAME    NUMBER
    700      -2.0543E+05     1.3642E+01     3.6799E+02     HH       9047

 BOND    =      375.2005  ANGLE   =     2002.1826  DIHED      =     8367.0310
 VDWAALS =    10004.1379  EEL     =  -261427.9080  HBOND      =        0.0000
 1-4 VDW =     3104.4608  1-4 EEL =    28933.5134  RESTRAINT  =     3210.8973
 EAMBER  =  -208641.3817


   NSTEP       ENERGY          RMS            GMAX         NAME    NUMBER
    750      -2.0543E+05     1.3642E+01     3.6799E+02     HH       9047

 BOND    =      375.2005  ANGLE   =     2002.1824  DIHED      =     8367.0308
 VDWAALS =    10004.1358  EEL     =  -261427.8976  HBOND      =        0.0000
 1-4 VDW =     3104.4608  1-4 EEL =    28933.5133  RESTRAINT  =     3210.8954
 EAMBER  =  -208641.3740


   NSTEP       ENERGY          RMS            GMAX         NAME    NUMBER
    800      -2.0543E+05     1.3642E+01     3.6799E+02     HH       9047

 BOND    =      375.2005  ANGLE   =     2002.1822  DIHED      =     8367.0306
 VDWAALS =    10004.1335  EEL     =  -261427.8821  HBOND      =        0.0000
 1-4 VDW =     3104.4608  1-4 EEL =    28933.5136  RESTRAINT  =     3210.8919
 EAMBER  =  -208641.3609


   NSTEP       ENERGY          RMS            GMAX         NAME    NUMBER
    850      -2.0543E+05     1.3642E+01     3.6799E+02     HH       9047

 BOND    =      375.2005  ANGLE   =     2002.1819  DIHED      =     8367.0305
 VDWAALS =    10004.1286  EEL     =  -261427.8697  HBOND      =        0.0000
 1-4 VDW =     3104.4608  1-4 EEL =    28933.5139  RESTRAINT  =     3210.8869
 EAMBER  =  -208641.3536


   NSTEP       ENERGY          RMS            GMAX         NAME    NUMBER
    900      -2.0543E+05     1.3642E+01     3.6799E+02     HH       9047

 BOND    =      375.2005  ANGLE   =     2002.1818  DIHED      =     8367.0302
 VDWAALS =    10004.1298  EEL     =  -261427.8611  HBOND      =        0.0000
 1-4 VDW =     3104.4607  1-4 EEL =    28933.5142  RESTRAINT  =     3210.8854
 EAMBER  =  -208641.3438

     .... RESTARTED DUE TO LINMIN FAILURE ...


   NSTEP       ENERGY          RMS            GMAX         NAME    NUMBER
    950      -2.0543E+05     1.3642E+01     3.6799E+02     HH       9047

 BOND    =      375.2005  ANGLE   =     2002.1814  DIHED      =     8367.0299
 VDWAALS =    10004.1206  EEL     =  -261427.8467  HBOND      =        0.0000
 1-4 VDW =     3104.4607  1-4 EEL =    28933.5141  RESTRAINT  =     3210.8803
 EAMBER  =  -208641.3395


   NSTEP       ENERGY          RMS            GMAX         NAME    NUMBER
   1000      -2.0543E+05     1.3642E+01     3.6799E+02     HH       9047

 BOND    =      375.2005  ANGLE   =     2002.1813  DIHED      =     8367.0299
 VDWAALS =    10004.1222  EEL     =  -261427.8363  HBOND      =        0.0000
 1-4 VDW =     3104.4606  1-4 EEL =    28933.5142  RESTRAINT  =     3210.8784
 EAMBER  =  -208641.3275


  Maximum number of minimization cycles reached.


                    FINAL RESULTS



   NSTEP       ENERGY          RMS            GMAX         NAME    NUMBER
   1000      -2.0543E+05     1.3642E+01     3.6799E+02     HH       9047

 BOND    =      375.2005  ANGLE   =     2002.1813  DIHED      =     8367.0299
 VDWAALS =    10004.1222  EEL     =  -261427.8363  HBOND      =        0.0000
 1-4 VDW =     3104.4606  1-4 EEL =    28933.5142  RESTRAINT  =     3210.8784
 EAMBER  =  -208641.3275
--------------------------------------------------------------------------------
   5.  TIMINGS
--------------------------------------------------------------------------------

|  NonSetup CPU Time in Major Routines:
|
|     Routine           Sec        %
|     ------------------------------
|     Nonbond           0.75   16.78
|     Bond              0.00    0.00
|     Angle             0.00    0.00
|     Dihedral          0.00    0.00
|     Shake             1.50   33.53
|     Other             2.22   49.69
|     ------------------------------
|     Total             4.46

|  PME Nonbond Pairlist CPU Time:
|
|     Routine              Sec        %
|     ---------------------------------
|     Set Up Cit           0.00    0.00
|     Build List           0.00    0.00
|     ---------------------------------
|     Total                0.00    0.00

|  PME Direct Force CPU Time:
|
|     Routine              Sec        %
|     ---------------------------------
|     NonBonded Calc       0.00    0.00
|     Exclude Masked       0.00    0.00
|     Other                0.00    0.03
|     ---------------------------------
|     Total                0.00    0.03

|  PME Reciprocal Force CPU Time:
|
|     Routine              Sec        %
|     ---------------------------------
|     1D bspline           0.00    0.00
|     Grid Charges         0.00    0.00
|     Scalar Sum           0.00    0.00
|     Gradient Sum         0.00    0.00
|     FFT                  0.00    0.00
|     ---------------------------------
|     Total                0.00    0.00

|  Setup CPU time:            1.21 seconds
|  NonSetup CPU time:         4.46 seconds
|  Total CPU time:            5.67 seconds     0.00 hours

|  Setup wall time:           3    seconds
|  NonSetup wall time:        5    seconds
|  Total wall time:           8    seconds     0.00 hours
