
          -------------------------------------------------------
          Amber 20 PMEMD                              2020
          -------------------------------------------------------

| PMEMD implementation of SANDER, Release 18

|  Compiled date/time: Thu Jun  2 17:33:41 2022
| Run on 10/15/2023 at 12:51:38

|   Executable path: pmemd.cuda
| Working directory: /lustre07/scratch/livtoft/SURE/BTS1/S76A/DMAPP-IPP
|          Hostname: ng11106

  [-O]verwriting output

File Assignments:
|   MDIN: ../../Relaxation/5min.in                                              
|  MDOUT: 5min.out                                                              
| INPCRD: 4md.rst7                                                              
|   PARM: DMAPP_IPP_ion.prmtop                                                  
| RESTRT: 5min.rst7                                                             
|   REFC: 4md.rst7                                                              
|  MDVEL: mdvel                                                                 
|   MDEN: mden                                                                  
|  MDCRD: mdcrd.5min                                                            
| MDINFO: 5min.info                                                             
|  MDFRC: mdfrc                                                                 


 Here is the input file:

Minimization of everything excluding backbone                                  
 &cntrl                                                                        
  imin = 1, maxcyc = 1000,                                                     
  ncyc = 50, ntx = 1,                                                          
  ntwe = 0, ntwr = 500, ntpr = 50,                                             
  ntc = 2, ntf = 2, ntb = 1, ntp = 0,                                          
  cut = 8.0,                                                                   
  ntr=1, restraintmask="@CA,C,N,C1,C2,C3,C4,C5,C6,C7,C8,C9,C10,C11,C12,C13,C14,
  restraint_wt=50.                                                             
  ioutfm=1, ntxo=2,                                                            
 /                                                                             


Note: ig = -1. Setting random seed to   496467 based on wallclock time in 
      microseconds.
| irandom = 1, using AMBER's internal random number generator (default).
 
|--------------------- INFORMATION ----------------------
| GPU (CUDA) Version of PMEMD in use: NVIDIA GPU IN USE.
|                    Version 18.0.0
| 
|                      03/25/2018
| 
| Implementation by:
|                    Ross C. Walker     (SDSC)
|                    Scott Le Grand     (nVIDIA)
| 
| Version 18 performance extensions by:
|                    David Cerutti     (Rutgers)
| 
| Precision model in use:
|      [SPFP] - Single Precision Forces, 64-bit Fixed Point
|               Accumulation. (Default)
| 
|--------------------------------------------------------
 
|----------------- CITATION INFORMATION -----------------
|
|    When publishing work that utilized the CUDA version
|    of AMBER, please cite the following in addition to
|    the regular AMBER citations:
|
|  - Romelia Salomon-Ferrer; Andreas W. Goetz; Duncan
|    Poole; Scott Le Grand; Ross C. Walker "Routine
|    microsecond molecular dynamics simulations with
|    AMBER - Part II: Particle Mesh Ewald", J. Chem.
|    Theory Comput., 2013, 9 (9), pp3878-3888,
|    DOI: 10.1021/ct400314y.
|
|  - Andreas W. Goetz; Mark J. Williamson; Dong Xu;
|    Duncan Poole; Scott Le Grand; Ross C. Walker
|    "Routine microsecond molecular dynamics simulations
|    with AMBER - Part I: Generalized Born", J. Chem.
|    Theory Comput., 2012, 8 (5), pp1542-1555.
|
|  - Scott Le Grand; Andreas W. Goetz; Ross C. Walker
|    "SPFP: Speed without compromise - a mixed precision
|    model for GPU accelerated molecular dynamics
|    simulations.", Comp. Phys. Comm., 2013, 184
|    pp374-380, DOI: 10.1016/j.cpc.2012.09.022
|
|--------------------------------------------------------
 
|------------------- GPU DEVICE INFO --------------------
|
|            CUDA_VISIBLE_DEVICES: 0
|   CUDA Capable Devices Detected:      1
|           CUDA Device ID in use:      0
|                CUDA Device Name: NVIDIA A100-SXM4-40GB
|     CUDA Device Global Mem Size:  40339 MB
| CUDA Device Num Multiprocessors:    108
|           CUDA Device Core Freq:   1.41 GHz
|
|--------------------------------------------------------
 
 
| Conditional Compilation Defines Used:
| PUBFFT
| BINTRAJ
| CUDA
| EMIL

| Largest sphere to fit in unit cell has radius =    41.557

| New format PARM file being parsed.
| Version =    1.000 Date = 10/14/23 Time = 19:03:38

| Note: 1-4 EEL scale factors are being read from the topology file.

| Note: 1-4 VDW scale factors are being read from the topology file.
| Duplicated    0 dihedrals

| Duplicated    0 dihedrals

--------------------------------------------------------------------------------
   1.  RESOURCE   USE: 
--------------------------------------------------------------------------------

 getting box info from netcdf restart file
 NATOM  =   74599 NTYPES =      20 NBONH =   68849 MBONA  =    5685
 NTHETH =   12838 MTHETA =    7710 NPHIH =   25713 MPHIA  =   24808
 NHPARM =       0 NPARM  =       0 NNB   =  146512 NRES   =   21920
 NBONA  =    5685 NTHETA =    7710 NPHIA =   24808 NUMBND =      78
 NUMANG =     181 NPTRA  =     201 NATYP =      45 NPHB   =       0
 IFBOX  =       2 NMXRS  =      24 IFCAP =       0 NEXTRA =       0
 NCOPY  =       0

| Coordinate Index Table dimensions:    20   20   20
| Direct force subcell size =     5.0896    5.0896    5.0896

     BOX TYPE: TRUNCATED OCTAHEDRON

--------------------------------------------------------------------------------
   2.  CONTROL  DATA  FOR  THE  RUN
--------------------------------------------------------------------------------

default_name                                                                    

General flags:
     imin    =       1, nmropt  =       0

Nature and format of input:
     ntx     =       1, irest   =       0, ntrx    =       1

Nature and format of output:
     ntxo    =       2, ntpr    =      50, ntrx    =       1, ntwr    =     500
     iwrap   =       0, ntwx    =       0, ntwv    =       0, ntwe    =       0
     ioutfm  =       1, ntwprt  =       0, idecomp =       0, rbornstat=      0

Potential function:
     ntf     =       2, ntb     =       1, igb     =       0, nsnb    =      25
     ipol    =       0, gbsa    =       0, iesp    =       0
     dielc   =   1.00000, cut     =   8.00000, intdiel =   1.00000

Frozen or restrained atoms:
     ibelly  =       0, ntr     =       1
     restraint_wt =  50.00000

Energy minimization:
     maxcyc  =    1000, ncyc    =      50, ntmin   =       1
     dx0     =   0.01000, drms    =   0.00010

SHAKE:
     ntc     =       2, jfastw  =       0
     tol     =   0.00001

| Intermolecular bonds treatment:
|     no_intermolecular_bonds =       1

| Energy averages sample interval:
|     ene_avg_sampling =       1

Ewald parameters:
     verbose =       0, ew_type =       0, nbflag  =       1, use_pme =       1
     vdwmeth =       1, eedmeth =       1, netfrc  =       0
     Box X =  101.792   Box Y =  101.792   Box Z =  101.792
     Alpha =  109.471   Beta  =  109.471   Gamma =  109.471
     NFFT1 =  108       NFFT2 =  108       NFFT3 =  108
     Cutoff=    8.000   Tol   =0.100E-04
     Ewald Coefficient =  0.34864
     Interpolation order =    4

    LOADING THE CONSTRAINED ATOMS AS GROUPS


   5.  REFERENCE ATOM COORDINATES

  default_name                                                                    
     Mask @CA,C,N,C1,C2,C3,C4,C5,C6,C7,C8,C9,C10,C11,C12,C13,C14,C15,C16,C17,C18,C19,C20,O1,O1A,O2A,O3A,O1B,O2B,PA,PB; matches  2092 atoms

--------------------------------------------------------------------------------
   3.  ATOMIC COORDINATES AND VELOCITIES
--------------------------------------------------------------------------------

default_name                                                                    
 begin time read from input coords =  3000.000 ps

 
 Number of triangulated 3-point waters found:    21069

     Sum of charges from parm topology file =  -0.00000029
     Forcing neutrality...

| Dynamic Memory, Types Used:
| Reals             2071388
| Integers          3127733

| Nonbonded Pairs Initial Allocation:    12459897

| GPU memory information (estimate):
| KB of GPU memory in use:    340989
| KB of CPU memory in use:    149627

--------------------------------------------------------------------------------
   4.  RESULTS
--------------------------------------------------------------------------------



   NSTEP       ENERGY          RMS            GMAX         NAME    NUMBER
      1      -2.3480E+05     1.7293E+01     1.3132E+02     C        7370

 BOND    =     1679.7565  ANGLE   =     4767.3192  DIHED      =     8923.9777
 VDWAALS =    24480.7334  EEL     =  -306149.0761  HBOND      =        0.0000
 1-4 VDW =     3031.8685  1-4 EEL =    28467.3644  RESTRAINT  =        0.0000


   NSTEP       ENERGY          RMS            GMAX         NAME    NUMBER
     50      -2.4676E+05     1.4765E+01     5.5453E+01     O       58034

 BOND    =      311.0024  ANGLE   =     2124.2879  DIHED      =     8526.4823
 VDWAALS =    16951.2820  EEL     =  -305987.3859  HBOND      =        0.0000
 1-4 VDW =     2790.5633  1-4 EEL =    28355.6714  RESTRAINT  =      169.5438
 EAMBER  =  -246928.0966


   NSTEP       ENERGY          RMS            GMAX         NAME    NUMBER
    100      -2.4676E+05     1.4765E+01     5.5452E+01     O       58034

 BOND    =      311.0022  ANGLE   =     2124.2846  DIHED      =     8526.4817
 VDWAALS =    16951.2470  EEL     =  -305987.2656  HBOND      =        0.0000
 1-4 VDW =     2790.5619  1-4 EEL =    28355.6703  RESTRAINT  =      169.5448
 EAMBER  =  -246928.0180


   NSTEP       ENERGY          RMS            GMAX         NAME    NUMBER
    150      -2.4676E+05     1.4765E+01     5.5452E+01     O       58034

 BOND    =      311.0022  ANGLE   =     2124.2845  DIHED      =     8526.4818
 VDWAALS =    16951.2464  EEL     =  -305987.2637  HBOND      =        0.0000
 1-4 VDW =     2790.5618  1-4 EEL =    28355.6702  RESTRAINT  =      169.5449
 EAMBER  =  -246928.0169

     .... RESTARTED DUE TO LINMIN FAILURE ...


   NSTEP       ENERGY          RMS            GMAX         NAME    NUMBER
    200      -2.4676E+05     1.4765E+01     5.5452E+01     O       58034

 BOND    =      311.0023  ANGLE   =     2124.2841  DIHED      =     8526.4820
 VDWAALS =    16951.2416  EEL     =  -305987.2528  HBOND      =        0.0000
 1-4 VDW =     2790.5616  1-4 EEL =    28355.6702  RESTRAINT  =      169.5450
 EAMBER  =  -246928.0110


   NSTEP       ENERGY          RMS            GMAX         NAME    NUMBER
    250      -2.4676E+05     1.4765E+01     5.5452E+01     O       58034

 BOND    =      311.0022  ANGLE   =     2124.2840  DIHED      =     8526.4817
 VDWAALS =    16951.2402  EEL     =  -305987.2455  HBOND      =        0.0000
 1-4 VDW =     2790.5616  1-4 EEL =    28355.6701  RESTRAINT  =      169.5450
 EAMBER  =  -246928.0056


   NSTEP       ENERGY          RMS            GMAX         NAME    NUMBER
    300      -2.4676E+05     1.4765E+01     5.5452E+01     O       58034

 BOND    =      311.0023  ANGLE   =     2124.2837  DIHED      =     8526.4817
 VDWAALS =    16951.2374  EEL     =  -305987.2381  HBOND      =        0.0000
 1-4 VDW =     2790.5615  1-4 EEL =    28355.6701  RESTRAINT  =      169.5451
 EAMBER  =  -246928.0014


   NSTEP       ENERGY          RMS            GMAX         NAME    NUMBER
    350      -2.4676E+05     1.4765E+01     5.5452E+01     O       58034

 BOND    =      311.0022  ANGLE   =     2124.2834  DIHED      =     8526.4819
 VDWAALS =    16951.2356  EEL     =  -305987.2289  HBOND      =        0.0000
 1-4 VDW =     2790.5613  1-4 EEL =    28355.6699  RESTRAINT  =      169.5452
 EAMBER  =  -246927.9944


   NSTEP       ENERGY          RMS            GMAX         NAME    NUMBER
    400      -2.4676E+05     1.4765E+01     5.5452E+01     O       58034

 BOND    =      311.0022  ANGLE   =     2124.2832  DIHED      =     8526.4817
 VDWAALS =    16951.2322  EEL     =  -305987.2201  HBOND      =        0.0000
 1-4 VDW =     2790.5613  1-4 EEL =    28355.6700  RESTRAINT  =      169.5453
 EAMBER  =  -246927.9895


   NSTEP       ENERGY          RMS            GMAX         NAME    NUMBER
    450      -2.4676E+05     1.4765E+01     5.5452E+01     O       58034

 BOND    =      311.0023  ANGLE   =     2124.2830  DIHED      =     8526.4817
 VDWAALS =    16951.2302  EEL     =  -305987.2154  HBOND      =        0.0000
 1-4 VDW =     2790.5612  1-4 EEL =    28355.6699  RESTRAINT  =      169.5453
 EAMBER  =  -246927.9871


   NSTEP       ENERGY          RMS            GMAX         NAME    NUMBER
    500      -2.4676E+05     1.4765E+01     5.5452E+01     O       58034

 BOND    =      311.0023  ANGLE   =     2124.2827  DIHED      =     8526.4816
 VDWAALS =    16951.2239  EEL     =  -305987.2023  HBOND      =        0.0000
 1-4 VDW =     2790.5611  1-4 EEL =    28355.6698  RESTRAINT  =      169.5454
 EAMBER  =  -246927.9809


   NSTEP       ENERGY          RMS            GMAX         NAME    NUMBER
    550      -2.4676E+05     1.4765E+01     5.5452E+01     O       58034

 BOND    =      311.0023  ANGLE   =     2124.2825  DIHED      =     8526.4815
 VDWAALS =    16951.2253  EEL     =  -305987.1982  HBOND      =        0.0000
 1-4 VDW =     2790.5610  1-4 EEL =    28355.6698  RESTRAINT  =      169.5455
 EAMBER  =  -246927.9759


   NSTEP       ENERGY          RMS            GMAX         NAME    NUMBER
    600      -2.4676E+05     1.4765E+01     5.5452E+01     O       58034

 BOND    =      311.0023  ANGLE   =     2124.2823  DIHED      =     8526.4814
 VDWAALS =    16951.2207  EEL     =  -305987.1892  HBOND      =        0.0000
 1-4 VDW =     2790.5609  1-4 EEL =    28355.6699  RESTRAINT  =      169.5455
 EAMBER  =  -246927.9718


   NSTEP       ENERGY          RMS            GMAX         NAME    NUMBER
    650      -2.4676E+05     1.4765E+01     5.5452E+01     O       58034

 BOND    =      311.0023  ANGLE   =     2124.2821  DIHED      =     8526.4813
 VDWAALS =    16951.2177  EEL     =  -305987.1768  HBOND      =        0.0000
 1-4 VDW =     2790.5608  1-4 EEL =    28355.6699  RESTRAINT  =      169.5456
 EAMBER  =  -246927.9628

     .... RESTARTED DUE TO LINMIN FAILURE ...


   NSTEP       ENERGY          RMS            GMAX         NAME    NUMBER
    700      -2.4676E+05     1.4765E+01     5.5452E+01     O       58034

 BOND    =      311.0022  ANGLE   =     2124.2819  DIHED      =     8526.4815
 VDWAALS =    16951.2172  EEL     =  -305987.1724  HBOND      =        0.0000
 1-4 VDW =     2790.5607  1-4 EEL =    28355.6697  RESTRAINT  =      169.5457
 EAMBER  =  -246927.9592


   NSTEP       ENERGY          RMS            GMAX         NAME    NUMBER
    750      -2.4676E+05     1.4765E+01     5.5452E+01     O       58034

 BOND    =      311.0022  ANGLE   =     2124.2818  DIHED      =     8526.4815
 VDWAALS =    16951.2142  EEL     =  -305987.1635  HBOND      =        0.0000
 1-4 VDW =     2790.5606  1-4 EEL =    28355.6697  RESTRAINT  =      169.5457
 EAMBER  =  -246927.9535


   NSTEP       ENERGY          RMS            GMAX         NAME    NUMBER
    800      -2.4676E+05     1.4765E+01     5.5452E+01     O       58034

 BOND    =      311.0022  ANGLE   =     2124.2817  DIHED      =     8526.4815
 VDWAALS =    16951.2138  EEL     =  -305987.1588  HBOND      =        0.0000
 1-4 VDW =     2790.5606  1-4 EEL =    28355.6697  RESTRAINT  =      169.5457
 EAMBER  =  -246927.9493


   NSTEP       ENERGY          RMS            GMAX         NAME    NUMBER
    850      -2.4676E+05     1.4765E+01     5.5452E+01     O       58034

 BOND    =      311.0022  ANGLE   =     2124.2816  DIHED      =     8526.4816
 VDWAALS =    16951.2128  EEL     =  -305987.1528  HBOND      =        0.0000
 1-4 VDW =     2790.5606  1-4 EEL =    28355.6695  RESTRAINT  =      169.5457
 EAMBER  =  -246927.9443


   NSTEP       ENERGY          RMS            GMAX         NAME    NUMBER
    900      -2.4676E+05     1.4765E+01     5.5452E+01     O       58034

 BOND    =      311.0022  ANGLE   =     2124.2814  DIHED      =     8526.4816
 VDWAALS =    16951.2150  EEL     =  -305987.1503  HBOND      =        0.0000
 1-4 VDW =     2790.5605  1-4 EEL =    28355.6693  RESTRAINT  =      169.5458
 EAMBER  =  -246927.9403


   NSTEP       ENERGY          RMS            GMAX         NAME    NUMBER
    950      -2.4676E+05     1.4765E+01     5.5452E+01     O       58034

 BOND    =      311.0022  ANGLE   =     2124.2812  DIHED      =     8526.4814
 VDWAALS =    16951.2101  EEL     =  -305987.1415  HBOND      =        0.0000
 1-4 VDW =     2790.5604  1-4 EEL =    28355.6692  RESTRAINT  =      169.5459
 EAMBER  =  -246927.9371


   NSTEP       ENERGY          RMS            GMAX         NAME    NUMBER
   1000      -2.4676E+05     1.4765E+01     5.5452E+01     O       58034

 BOND    =      311.0022  ANGLE   =     2124.2810  DIHED      =     8526.4814
 VDWAALS =    16951.2066  EEL     =  -305987.1340  HBOND      =        0.0000
 1-4 VDW =     2790.5603  1-4 EEL =    28355.6691  RESTRAINT  =      169.5459
 EAMBER  =  -246927.9334


  Maximum number of minimization cycles reached.


                    FINAL RESULTS



   NSTEP       ENERGY          RMS            GMAX         NAME    NUMBER
   1000      -2.4676E+05     1.4765E+01     5.5452E+01     O       58034

 BOND    =      311.0022  ANGLE   =     2124.2810  DIHED      =     8526.4814
 VDWAALS =    16951.2066  EEL     =  -305987.1340  HBOND      =        0.0000
 1-4 VDW =     2790.5603  1-4 EEL =    28355.6691  RESTRAINT  =      169.5459
 EAMBER  =  -246927.9334
--------------------------------------------------------------------------------
   5.  TIMINGS
--------------------------------------------------------------------------------

|  NonSetup CPU Time in Major Routines:
|
|     Routine           Sec        %
|     ------------------------------
|     Nonbond           0.58   13.23
|     Bond              0.00    0.00
|     Angle             0.00    0.00
|     Dihedral          0.00    0.00
|     Shake             1.50   34.34
|     Other             2.29   52.42
|     ------------------------------
|     Total             4.37

|  PME Nonbond Pairlist CPU Time:
|
|     Routine              Sec        %
|     ---------------------------------
|     Set Up Cit           0.00    0.00
|     Build List           0.00    0.00
|     ---------------------------------
|     Total                0.00    0.00

|  PME Direct Force CPU Time:
|
|     Routine              Sec        %
|     ---------------------------------
|     NonBonded Calc       0.00    0.00
|     Exclude Masked       0.00    0.00
|     Other                0.00    0.02
|     ---------------------------------
|     Total                0.00    0.02

|  PME Reciprocal Force CPU Time:
|
|     Routine              Sec        %
|     ---------------------------------
|     1D bspline           0.00    0.00
|     Grid Charges         0.00    0.00
|     Scalar Sum           0.00    0.00
|     Gradient Sum         0.00    0.00
|     FFT                  0.00    0.00
|     ---------------------------------
|     Total                0.00    0.00

|  Setup CPU time:            0.71 seconds
|  NonSetup CPU time:         4.37 seconds
|  Total CPU time:            5.08 seconds     0.00 hours

|  Setup wall time:           1    seconds
|  NonSetup wall time:        5    seconds
|  Total wall time:           6    seconds     0.00 hours
