
          -------------------------------------------------------
          Amber 20 PMEMD                              2020
          -------------------------------------------------------

| PMEMD implementation of SANDER, Release 18

|  Compiled date/time: Thu Jun  2 17:33:41 2022
| Run on 08/29/2023 at 16:36:59

|   Executable path: pmemd.cuda
| Working directory: /lustre07/scratch/livtoft/SURE/BTS1/R48G/FPP-IPP
|          Hostname: ng10101

  [-O]verwriting output

File Assignments:
|   MDIN: ../../Relaxation/5min.in                                              
|  MDOUT: 5min.out                                                              
| INPCRD: 4md.rst7                                                              
|   PARM: FPP_IPP_ion.prmtop                                                    
| RESTRT: 5min.rst7                                                             
|   REFC: 4md.rst7                                                              
|  MDVEL: mdvel                                                                 
|   MDEN: mden                                                                  
|  MDCRD: mdcrd.5min                                                            
| MDINFO: 5min.info                                                             
|  MDFRC: mdfrc                                                                 


 Here is the input file:

Minimization of everything excluding backbone                                  
 &cntrl                                                                        
  imin = 1, maxcyc = 1000,                                                     
  ncyc = 50, ntx = 1,                                                          
  ntwe = 0, ntwr = 500, ntpr = 50,                                             
  ntc = 2, ntf = 2, ntb = 1, ntp = 0,                                          
  cut = 8.0,                                                                   
  ntr=1, restraintmask="@CA,C,N,C1,C2,C3,C4,C5,C6,C7,C8,C9,C10,C11,C12,C13,C14,
  restraint_wt=50.                                                             
  ioutfm=1, ntxo=2,                                                            
 /                                                                             


Note: ig = -1. Setting random seed to   258232 based on wallclock time in 
      microseconds.
| irandom = 1, using AMBER's internal random number generator (default).
 
|--------------------- INFORMATION ----------------------
| GPU (CUDA) Version of PMEMD in use: NVIDIA GPU IN USE.
|                    Version 18.0.0
| 
|                      03/25/2018
| 
| Implementation by:
|                    Ross C. Walker     (SDSC)
|                    Scott Le Grand     (nVIDIA)
| 
| Version 18 performance extensions by:
|                    David Cerutti     (Rutgers)
| 
| Precision model in use:
|      [SPFP] - Single Precision Forces, 64-bit Fixed Point
|               Accumulation. (Default)
| 
|--------------------------------------------------------
 
|----------------- CITATION INFORMATION -----------------
|
|    When publishing work that utilized the CUDA version
|    of AMBER, please cite the following in addition to
|    the regular AMBER citations:
|
|  - Romelia Salomon-Ferrer; Andreas W. Goetz; Duncan
|    Poole; Scott Le Grand; Ross C. Walker "Routine
|    microsecond molecular dynamics simulations with
|    AMBER - Part II: Particle Mesh Ewald", J. Chem.
|    Theory Comput., 2013, 9 (9), pp3878-3888,
|    DOI: 10.1021/ct400314y.
|
|  - Andreas W. Goetz; Mark J. Williamson; Dong Xu;
|    Duncan Poole; Scott Le Grand; Ross C. Walker
|    "Routine microsecond molecular dynamics simulations
|    with AMBER - Part I: Generalized Born", J. Chem.
|    Theory Comput., 2012, 8 (5), pp1542-1555.
|
|  - Scott Le Grand; Andreas W. Goetz; Ross C. Walker
|    "SPFP: Speed without compromise - a mixed precision
|    model for GPU accelerated molecular dynamics
|    simulations.", Comp. Phys. Comm., 2013, 184
|    pp374-380, DOI: 10.1016/j.cpc.2012.09.022
|
|--------------------------------------------------------
 
|------------------- GPU DEVICE INFO --------------------
|
|            CUDA_VISIBLE_DEVICES: 0
|   CUDA Capable Devices Detected:      1
|           CUDA Device ID in use:      0
|                CUDA Device Name: NVIDIA A100-SXM4-40GB
|     CUDA Device Global Mem Size:  40338 MB
| CUDA Device Num Multiprocessors:    108
|           CUDA Device Core Freq:   1.41 GHz
|
|--------------------------------------------------------
 
 
| Conditional Compilation Defines Used:
| PUBFFT
| BINTRAJ
| CUDA
| EMIL

| Largest sphere to fit in unit cell has radius =    41.599

| New format PARM file being parsed.
| Version =    1.000 Date = 08/29/23 Time = 16:06:25

| Note: 1-4 EEL scale factors are being read from the topology file.

| Note: 1-4 VDW scale factors are being read from the topology file.
| Duplicated    0 dihedrals

| Duplicated    0 dihedrals

--------------------------------------------------------------------------------
   1.  RESOURCE   USE: 
--------------------------------------------------------------------------------

 getting box info from netcdf restart file
 NATOM  =   74855 NTYPES =      20 NBONH =   69096 MBONA  =    5692
 NTHETH =   12870 MTHETA =    7716 NPHIH =   25795 MPHIA  =   24812
 NHPARM =       0 NPARM  =       0 NNB   =  146932 NRES   =   22000
 NBONA  =    5692 NTHETA =    7716 NPHIA =   24812 NUMBND =      78
 NUMANG =     180 NPTRA  =     201 NATYP =      45 NPHB   =       0
 IFBOX  =       2 NMXRS  =      49 IFCAP =       0 NEXTRA =       0
 NCOPY  =       0

| Coordinate Index Table dimensions:    20   20   20
| Direct force subcell size =     5.0948    5.0948    5.0948

     BOX TYPE: TRUNCATED OCTAHEDRON

--------------------------------------------------------------------------------
   2.  CONTROL  DATA  FOR  THE  RUN
--------------------------------------------------------------------------------

default_name                                                                    

General flags:
     imin    =       1, nmropt  =       0

Nature and format of input:
     ntx     =       1, irest   =       0, ntrx    =       1

Nature and format of output:
     ntxo    =       2, ntpr    =      50, ntrx    =       1, ntwr    =     500
     iwrap   =       0, ntwx    =       0, ntwv    =       0, ntwe    =       0
     ioutfm  =       1, ntwprt  =       0, idecomp =       0, rbornstat=      0

Potential function:
     ntf     =       2, ntb     =       1, igb     =       0, nsnb    =      25
     ipol    =       0, gbsa    =       0, iesp    =       0
     dielc   =   1.00000, cut     =   8.00000, intdiel =   1.00000

Frozen or restrained atoms:
     ibelly  =       0, ntr     =       1
     restraint_wt =  50.00000

Energy minimization:
     maxcyc  =    1000, ncyc    =      50, ntmin   =       1
     dx0     =   0.01000, drms    =   0.00010

SHAKE:
     ntc     =       2, jfastw  =       0
     tol     =   0.00001

| Intermolecular bonds treatment:
|     no_intermolecular_bonds =       1

| Energy averages sample interval:
|     ene_avg_sampling =       1

Ewald parameters:
     verbose =       0, ew_type =       0, nbflag  =       1, use_pme =       1
     vdwmeth =       1, eedmeth =       1, netfrc  =       0
     Box X =  101.895   Box Y =  101.895   Box Z =  101.895
     Alpha =  109.471   Beta  =  109.471   Gamma =  109.471
     NFFT1 =  108       NFFT2 =  108       NFFT3 =  108
     Cutoff=    8.000   Tol   =0.100E-04
     Ewald Coefficient =  0.34864
     Interpolation order =    4

    LOADING THE CONSTRAINED ATOMS AS GROUPS


   5.  REFERENCE ATOM COORDINATES

  default_name                                                                    
     Mask @CA,C,N,C1,C2,C3,C4,C5,C6,C7,C8,C9,C10,C11,C12,C13,C14,C15,C16,C17,C18,C19,C20,O1,O1A,O2A,O3A,O1B,O2B,PA,PB; matches  2112 atoms

--------------------------------------------------------------------------------
   3.  ATOMIC COORDINATES AND VELOCITIES
--------------------------------------------------------------------------------

default_name                                                                    
 begin time read from input coords =  3000.000 ps

 
 Number of triangulated 3-point waters found:    21147

     Sum of charges from parm topology file =  -0.00000030
     Forcing neutrality...

| Dynamic Memory, Types Used:
| Reals             2078055
| Integers          3136315

| Nonbonded Pairs Initial Allocation:    12502656

| GPU memory information (estimate):
| KB of GPU memory in use:    341157
| KB of CPU memory in use:    149794

--------------------------------------------------------------------------------
   4.  RESULTS
--------------------------------------------------------------------------------



   NSTEP       ENERGY          RMS            GMAX         NAME    NUMBER
      1      -2.3495E+05     1.7343E+01     1.1006E+02     O       32688

 BOND    =     1693.1968  ANGLE   =     4880.4300  DIHED      =     8964.4062
 VDWAALS =    24956.0242  EEL     =  -307461.8503  HBOND      =        0.0000
 1-4 VDW =     3090.5339  1-4 EEL =    28923.0164  RESTRAINT  =        0.0000


   NSTEP       ENERGY          RMS            GMAX         NAME    NUMBER
     50      -2.4698E+05     1.4777E+01     4.9994E+01     HH       9041

 BOND    =      331.7657  ANGLE   =     2162.1848  DIHED      =     8542.1465
 VDWAALS =    17251.5965  EEL     =  -307119.6675  HBOND      =        0.0000
 1-4 VDW =     2836.3840  1-4 EEL =    28833.6504  RESTRAINT  =      180.4021
 EAMBER  =  -247161.9395


   NSTEP       ENERGY          RMS            GMAX         NAME    NUMBER
    100      -2.4698E+05     1.4777E+01     4.9994E+01     HH       9041

 BOND    =      331.7657  ANGLE   =     2162.1813  DIHED      =     8542.1465
 VDWAALS =    17251.5590  EEL     =  -307119.5427  HBOND      =        0.0000
 1-4 VDW =     2836.3825  1-4 EEL =    28833.6500  RESTRAINT  =      180.4033
 EAMBER  =  -247161.8577

     .... RESTARTED DUE TO LINMIN FAILURE ...


   NSTEP       ENERGY          RMS            GMAX         NAME    NUMBER
    150      -2.4698E+05     1.4777E+01     4.9994E+01     HH       9041

 BOND    =      331.7657  ANGLE   =     2162.1811  DIHED      =     8542.1467
 VDWAALS =    17251.5547  EEL     =  -307119.5338  HBOND      =        0.0000
 1-4 VDW =     2836.3824  1-4 EEL =    28833.6500  RESTRAINT  =      180.4034
 EAMBER  =  -247161.8534


   NSTEP       ENERGY          RMS            GMAX         NAME    NUMBER
    200      -2.4698E+05     1.4777E+01     4.9995E+01     HH       9041

 BOND    =      331.7657  ANGLE   =     2162.1809  DIHED      =     8542.1465
 VDWAALS =    17251.5532  EEL     =  -307119.5320  HBOND      =        0.0000
 1-4 VDW =     2836.3823  1-4 EEL =    28833.6500  RESTRAINT  =      180.4034
 EAMBER  =  -247161.8533


   NSTEP       ENERGY          RMS            GMAX         NAME    NUMBER
    250      -2.4698E+05     1.4777E+01     4.9995E+01     HH       9041

 BOND    =      331.7656  ANGLE   =     2162.1808  DIHED      =     8542.1463
 VDWAALS =    17251.5524  EEL     =  -307119.5210  HBOND      =        0.0000
 1-4 VDW =     2836.3823  1-4 EEL =    28833.6499  RESTRAINT  =      180.4035
 EAMBER  =  -247161.8436


   NSTEP       ENERGY          RMS            GMAX         NAME    NUMBER
    300      -2.4698E+05     1.4777E+01     4.9995E+01     HH       9041

 BOND    =      331.7656  ANGLE   =     2162.1807  DIHED      =     8542.1465
 VDWAALS =    17251.5500  EEL     =  -307119.5177  HBOND      =        0.0000
 1-4 VDW =     2836.3822  1-4 EEL =    28833.6499  RESTRAINT  =      180.4035
 EAMBER  =  -247161.8428


   NSTEP       ENERGY          RMS            GMAX         NAME    NUMBER
    350      -2.4698E+05     1.4777E+01     4.9995E+01     HH       9041

 BOND    =      331.7656  ANGLE   =     2162.1805  DIHED      =     8542.1465
 VDWAALS =    17251.5468  EEL     =  -307119.5111  HBOND      =        0.0000
 1-4 VDW =     2836.3821  1-4 EEL =    28833.6497  RESTRAINT  =      180.4036
 EAMBER  =  -247161.8398


   NSTEP       ENERGY          RMS            GMAX         NAME    NUMBER
    400      -2.4698E+05     1.4777E+01     4.9995E+01     HH       9041

 BOND    =      331.7656  ANGLE   =     2162.1804  DIHED      =     8542.1466
 VDWAALS =    17251.5459  EEL     =  -307119.5055  HBOND      =        0.0000
 1-4 VDW =     2836.3821  1-4 EEL =    28833.6497  RESTRAINT  =      180.4036
 EAMBER  =  -247161.8351


   NSTEP       ENERGY          RMS            GMAX         NAME    NUMBER
    450      -2.4698E+05     1.4777E+01     4.9994E+01     HH       9041

 BOND    =      331.7656  ANGLE   =     2162.1802  DIHED      =     8542.1465
 VDWAALS =    17251.5432  EEL     =  -307119.5000  HBOND      =        0.0000
 1-4 VDW =     2836.3821  1-4 EEL =    28833.6498  RESTRAINT  =      180.4037
 EAMBER  =  -247161.8327


   NSTEP       ENERGY          RMS            GMAX         NAME    NUMBER
    500      -2.4698E+05     1.4777E+01     4.9994E+01     HH       9041

 BOND    =      331.7656  ANGLE   =     2162.1801  DIHED      =     8542.1466
 VDWAALS =    17251.5412  EEL     =  -307119.4943  HBOND      =        0.0000
 1-4 VDW =     2836.3820  1-4 EEL =    28833.6498  RESTRAINT  =      180.4037
 EAMBER  =  -247161.8291


   NSTEP       ENERGY          RMS            GMAX         NAME    NUMBER
    550      -2.4698E+05     1.4777E+01     4.9995E+01     HH       9041

 BOND    =      331.7656  ANGLE   =     2162.1799  DIHED      =     8542.1467
 VDWAALS =    17251.5402  EEL     =  -307119.4896  HBOND      =        0.0000
 1-4 VDW =     2836.3820  1-4 EEL =    28833.6497  RESTRAINT  =      180.4037
 EAMBER  =  -247161.8255

     .... RESTARTED DUE TO LINMIN FAILURE ...


   NSTEP       ENERGY          RMS            GMAX         NAME    NUMBER
    600      -2.4698E+05     1.4777E+01     4.9995E+01     HH       9041

 BOND    =      331.7656  ANGLE   =     2162.1790  DIHED      =     8542.1464
 VDWAALS =    17251.5312  EEL     =  -307119.4576  HBOND      =        0.0000
 1-4 VDW =     2836.3816  1-4 EEL =    28833.6494  RESTRAINT  =      180.4040
 EAMBER  =  -247161.8043


   NSTEP       ENERGY          RMS            GMAX         NAME    NUMBER
    650      -2.4698E+05     1.4777E+01     4.9994E+01     HH       9041

 BOND    =      331.7656  ANGLE   =     2162.1788  DIHED      =     8542.1463
 VDWAALS =    17251.5291  EEL     =  -307119.4513  HBOND      =        0.0000
 1-4 VDW =     2836.3815  1-4 EEL =    28833.6493  RESTRAINT  =      180.4041
 EAMBER  =  -247161.8007

     .... RESTARTED DUE TO LINMIN FAILURE ...


   NSTEP       ENERGY          RMS            GMAX         NAME    NUMBER
    700      -2.4698E+05     1.4777E+01     4.9994E+01     HH       9041

 BOND    =      331.7655  ANGLE   =     2162.1786  DIHED      =     8542.1462
 VDWAALS =    17251.5280  EEL     =  -307119.4421  HBOND      =        0.0000
 1-4 VDW =     2836.3814  1-4 EEL =    28833.6493  RESTRAINT  =      180.4041
 EAMBER  =  -247161.7930


   NSTEP       ENERGY          RMS            GMAX         NAME    NUMBER
    750      -2.4698E+05     1.4777E+01     4.9994E+01     HH       9041

 BOND    =      331.7655  ANGLE   =     2162.1784  DIHED      =     8542.1461
 VDWAALS =    17251.5269  EEL     =  -307119.4371  HBOND      =        0.0000
 1-4 VDW =     2836.3813  1-4 EEL =    28833.6493  RESTRAINT  =      180.4042
 EAMBER  =  -247161.7895


   NSTEP       ENERGY          RMS            GMAX         NAME    NUMBER
    800      -2.4698E+05     1.4777E+01     4.9995E+01     HH       9041

 BOND    =      331.7655  ANGLE   =     2162.1783  DIHED      =     8542.1461
 VDWAALS =    17251.5254  EEL     =  -307119.4303  HBOND      =        0.0000
 1-4 VDW =     2836.3812  1-4 EEL =    28833.6492  RESTRAINT  =      180.4042
 EAMBER  =  -247161.7846


   NSTEP       ENERGY          RMS            GMAX         NAME    NUMBER
    850      -2.4698E+05     1.4777E+01     4.9995E+01     HH       9041

 BOND    =      331.7655  ANGLE   =     2162.1782  DIHED      =     8542.1461
 VDWAALS =    17251.5239  EEL     =  -307119.4252  HBOND      =        0.0000
 1-4 VDW =     2836.3812  1-4 EEL =    28833.6491  RESTRAINT  =      180.4043
 EAMBER  =  -247161.7812


   NSTEP       ENERGY          RMS            GMAX         NAME    NUMBER
    900      -2.4698E+05     1.4777E+01     4.9995E+01     HH       9041

 BOND    =      331.7655  ANGLE   =     2162.1777  DIHED      =     8542.1462
 VDWAALS =    17251.5184  EEL     =  -307119.4122  HBOND      =        0.0000
 1-4 VDW =     2836.3811  1-4 EEL =    28833.6487  RESTRAINT  =      180.4044
 EAMBER  =  -247161.7748


   NSTEP       ENERGY          RMS            GMAX         NAME    NUMBER
    950      -2.4698E+05     1.4777E+01     4.9994E+01     HH       9041

 BOND    =      331.7655  ANGLE   =     2162.1775  DIHED      =     8542.1461
 VDWAALS =    17251.5161  EEL     =  -307119.4075  HBOND      =        0.0000
 1-4 VDW =     2836.3810  1-4 EEL =    28833.6487  RESTRAINT  =      180.4045
 EAMBER  =  -247161.7726


   NSTEP       ENERGY          RMS            GMAX         NAME    NUMBER
   1000      -2.4698E+05     1.4777E+01     4.9994E+01     HH       9041

 BOND    =      331.7655  ANGLE   =     2162.1772  DIHED      =     8542.1460
 VDWAALS =    17251.5110  EEL     =  -307119.3964  HBOND      =        0.0000
 1-4 VDW =     2836.3810  1-4 EEL =    28833.6486  RESTRAINT  =      180.4046
 EAMBER  =  -247161.7672


  Maximum number of minimization cycles reached.


                    FINAL RESULTS



   NSTEP       ENERGY          RMS            GMAX         NAME    NUMBER
   1000      -2.4698E+05     1.4777E+01     4.9994E+01     HH       9041

 BOND    =      331.7655  ANGLE   =     2162.1772  DIHED      =     8542.1460
 VDWAALS =    17251.5110  EEL     =  -307119.3964  HBOND      =        0.0000
 1-4 VDW =     2836.3810  1-4 EEL =    28833.6486  RESTRAINT  =      180.4046
 EAMBER  =  -247161.7672
--------------------------------------------------------------------------------
   5.  TIMINGS
--------------------------------------------------------------------------------

|  NonSetup CPU Time in Major Routines:
|
|     Routine           Sec        %
|     ------------------------------
|     Nonbond           0.54   13.75
|     Bond              0.00    0.00
|     Angle             0.00    0.00
|     Dihedral          0.00    0.00
|     Shake             1.50   38.25
|     Other             1.88   48.00
|     ------------------------------
|     Total             3.91

|  PME Nonbond Pairlist CPU Time:
|
|     Routine              Sec        %
|     ---------------------------------
|     Set Up Cit           0.00    0.00
|     Build List           0.00    0.00
|     ---------------------------------
|     Total                0.00    0.00

|  PME Direct Force CPU Time:
|
|     Routine              Sec        %
|     ---------------------------------
|     NonBonded Calc       0.00    0.00
|     Exclude Masked       0.00    0.00
|     Other                0.00    0.03
|     ---------------------------------
|     Total                0.00    0.03

|  PME Reciprocal Force CPU Time:
|
|     Routine              Sec        %
|     ---------------------------------
|     1D bspline           0.00    0.00
|     Grid Charges         0.00    0.00
|     Scalar Sum           0.00    0.00
|     Gradient Sum         0.00    0.00
|     FFT                  0.00    0.00
|     ---------------------------------
|     Total                0.00    0.00

|  Setup CPU time:            1.06 seconds
|  NonSetup CPU time:         3.91 seconds
|  Total CPU time:            4.98 seconds     0.00 hours

|  Setup wall time:           1    seconds
|  NonSetup wall time:       11    seconds
|  Total wall time:          12    seconds     0.00 hours
