
          -------------------------------------------------------
          Amber 20 PMEMD                              2020
          -------------------------------------------------------

| PMEMD implementation of SANDER, Release 18

|  Compiled date/time: Thu Jun  2 17:33:41 2022
| Run on 09/19/2023 at 16:18:52

|   Executable path: pmemd.cuda
| Working directory: /lustre07/scratch/livtoft/SURE/BTS1/K36E_R48G_V64G_S70C_S71G_S188P/GGPP
|          Hostname: ng10906

  [-O]verwriting output

File Assignments:
|   MDIN: ../../Relaxation/1min.in                                              
|  MDOUT: 1min.out                                                              
| INPCRD: GGPP_ion.inpcrd                                                       
|   PARM: GGPP_ion.prmtop                                                       
| RESTRT: 1min.rst7                                                             
|   REFC: GGPP_ion.inpcrd                                                       
|  MDVEL: mdvel                                                                 
|   MDEN: mden                                                                  
|  MDCRD: mdcrd.1min                                                            
| MDINFO: 1min.info                                                             
|  MDFRC: mdfrc                                                                 


 Here is the input file:

minimization of solvent                                                        
 &cntrl                                                                        
  imin = 1, maxcyc = 1000,                                                     
  ncyc = 100, ntx = 1,                                                         
  ntwe = 0, ntwr = 500, ntpr = 50,                                             
  ntc = 2, ntf = 2, ntb = 1, ntp = 0,                                          
  cut = 10.0,                                                                  
  ntr=1, restraintmask = ':1-686', restraint_wt = 200.,                        
  ioutfm=1, ntxo=2,                                                            
 /                                                                             


Note: ig = -1. Setting random seed to   597453 based on wallclock time in 
      microseconds.
| irandom = 1, using AMBER's internal random number generator (default).
 
|--------------------- INFORMATION ----------------------
| GPU (CUDA) Version of PMEMD in use: NVIDIA GPU IN USE.
|                    Version 18.0.0
| 
|                      03/25/2018
| 
| Implementation by:
|                    Ross C. Walker     (SDSC)
|                    Scott Le Grand     (nVIDIA)
| 
| Version 18 performance extensions by:
|                    David Cerutti     (Rutgers)
| 
| Precision model in use:
|      [SPFP] - Single Precision Forces, 64-bit Fixed Point
|               Accumulation. (Default)
| 
|--------------------------------------------------------
 
|----------------- CITATION INFORMATION -----------------
|
|    When publishing work that utilized the CUDA version
|    of AMBER, please cite the following in addition to
|    the regular AMBER citations:
|
|  - Romelia Salomon-Ferrer; Andreas W. Goetz; Duncan
|    Poole; Scott Le Grand; Ross C. Walker "Routine
|    microsecond molecular dynamics simulations with
|    AMBER - Part II: Particle Mesh Ewald", J. Chem.
|    Theory Comput., 2013, 9 (9), pp3878-3888,
|    DOI: 10.1021/ct400314y.
|
|  - Andreas W. Goetz; Mark J. Williamson; Dong Xu;
|    Duncan Poole; Scott Le Grand; Ross C. Walker
|    "Routine microsecond molecular dynamics simulations
|    with AMBER - Part I: Generalized Born", J. Chem.
|    Theory Comput., 2012, 8 (5), pp1542-1555.
|
|  - Scott Le Grand; Andreas W. Goetz; Ross C. Walker
|    "SPFP: Speed without compromise - a mixed precision
|    model for GPU accelerated molecular dynamics
|    simulations.", Comp. Phys. Comm., 2013, 184
|    pp374-380, DOI: 10.1016/j.cpc.2012.09.022
|
|--------------------------------------------------------
 
|------------------- GPU DEVICE INFO --------------------
|
|            CUDA_VISIBLE_DEVICES: 0
|   CUDA Capable Devices Detected:      1
|           CUDA Device ID in use:      0
|                CUDA Device Name: NVIDIA A100-SXM4-40GB
|     CUDA Device Global Mem Size:  40339 MB
| CUDA Device Num Multiprocessors:    108
|           CUDA Device Core Freq:   1.41 GHz
|
|--------------------------------------------------------
 
 
| Conditional Compilation Defines Used:
| PUBFFT
| BINTRAJ
| CUDA
| EMIL

| Largest sphere to fit in unit cell has radius =    42.115

| New format PARM file being parsed.
| Version =    1.000 Date = 09/19/23 Time = 15:34:25

| Note: 1-4 EEL scale factors are being read from the topology file.

| Note: 1-4 VDW scale factors are being read from the topology file.
| Duplicated    0 dihedrals

| Duplicated    0 dihedrals

--------------------------------------------------------------------------------
   1.  RESOURCE   USE: 
--------------------------------------------------------------------------------

 getting new box info from bottom of inpcrd
 NATOM  =   74868 NTYPES =      20 NBONH =   69135 MBONA  =    5672
 NTHETH =   12824 MTHETA =    7688 NPHIH =   25725 MPHIA  =   24754
 NHPARM =       0 NPARM  =       0 NNB   =  146804 NRES   =   22017
 NBONA  =    5672 NTHETA =    7688 NPHIA =   24754 NUMBND =      80
 NUMANG =     180 NPTRA  =     211 NATYP =      47 NPHB   =       0
 IFBOX  =       2 NMXRS  =      62 IFCAP =       0 NEXTRA =       0
 NCOPY  =       0

| Coordinate Index Table dimensions:    16   16   16
| Direct force subcell size =     6.4475    6.4475    6.4475

     BOX TYPE: TRUNCATED OCTAHEDRON

--------------------------------------------------------------------------------
   2.  CONTROL  DATA  FOR  THE  RUN
--------------------------------------------------------------------------------

default_name                                                                    

General flags:
     imin    =       1, nmropt  =       0

Nature and format of input:
     ntx     =       1, irest   =       0, ntrx    =       1

Nature and format of output:
     ntxo    =       2, ntpr    =      50, ntrx    =       1, ntwr    =     500
     iwrap   =       0, ntwx    =       0, ntwv    =       0, ntwe    =       0
     ioutfm  =       1, ntwprt  =       0, idecomp =       0, rbornstat=      0

Potential function:
     ntf     =       2, ntb     =       1, igb     =       0, nsnb    =      25
     ipol    =       0, gbsa    =       0, iesp    =       0
     dielc   =   1.00000, cut     =  10.00000, intdiel =   1.00000

Frozen or restrained atoms:
     ibelly  =       0, ntr     =       1
     restraint_wt = 200.00000

Energy minimization:
     maxcyc  =    1000, ncyc    =     100, ntmin   =       1
     dx0     =   0.01000, drms    =   0.00010

SHAKE:
     ntc     =       2, jfastw  =       0
     tol     =   0.00001

| Intermolecular bonds treatment:
|     no_intermolecular_bonds =       1

| Energy averages sample interval:
|     ene_avg_sampling =       1

Ewald parameters:
     verbose =       0, ew_type =       0, nbflag  =       1, use_pme =       1
     vdwmeth =       1, eedmeth =       1, netfrc  =       0
     Box X =  103.159   Box Y =  103.159   Box Z =  103.159
     Alpha =  109.471   Beta  =  109.471   Gamma =  109.471
     NFFT1 =  108       NFFT2 =  108       NFFT3 =  108
     Cutoff=   10.000   Tol   =0.100E-04
     Ewald Coefficient =  0.27511
     Interpolation order =    4

    LOADING THE CONSTRAINED ATOMS AS GROUPS


   5.  REFERENCE ATOM COORDINATES

  default_name                                                                    
     Mask :1-686; matches 11201 atoms

--------------------------------------------------------------------------------
   3.  ATOMIC COORDINATES AND VELOCITIES
--------------------------------------------------------------------------------

default_name                                                                    
 begin time read from input coords =     0.000 ps

 
 Number of triangulated 3-point waters found:    21168

     Sum of charges from parm topology file =  -0.00000028
     Forcing neutrality...

| Dynamic Memory, Types Used:
| Reals             2098917
| Integers          3133379

| Nonbonded Pairs Initial Allocation:    22645698

| GPU memory information (estimate):
| KB of GPU memory in use:    470186
| KB of CPU memory in use:    178465

--------------------------------------------------------------------------------
   4.  RESULTS
--------------------------------------------------------------------------------



   NSTEP       ENERGY          RMS            GMAX         NAME    NUMBER
      1      -1.8647E+05     7.6234E+01     1.6747E+04     O       23221

 BOND    =      782.8200  ANGLE   =     2066.1627  DIHED      =     8725.0266
 VDWAALS =    27907.8898  EEL     =  -259155.8855  HBOND      =        0.0000
 1-4 VDW =     3386.0684  1-4 EEL =    29808.5561  RESTRAINT  =        6.9805
 EAMBER  =  -186479.3618


   NSTEP       ENERGY          RMS            GMAX         NAME    NUMBER
     50      -2.1054E+05     1.3561E+01     1.1012E+02     HG2      7220

 BOND    =      273.8172  ANGLE   =     1845.4471  DIHED      =     8669.1437
 VDWAALS =     9277.9102  EEL     =  -264318.8250  HBOND      =        0.0000
 1-4 VDW =     3125.5655  1-4 EEL =    29558.8510  RESTRAINT  =     1031.7950
 EAMBER  =  -211568.0901


   NSTEP       ENERGY          RMS            GMAX         NAME    NUMBER
    100      -2.1053E+05     1.3561E+01     1.1012E+02     HG2      7220

 BOND    =      273.8172  ANGLE   =     1845.4453  DIHED      =     8669.1431
 VDWAALS =     9276.8241  EEL     =  -264315.1327  HBOND      =        0.0000
 1-4 VDW =     3125.5657  1-4 EEL =    29558.8504  RESTRAINT  =     1031.7709
 EAMBER  =  -211565.4869


   NSTEP       ENERGY          RMS            GMAX         NAME    NUMBER
    150      -2.1053E+05     1.3561E+01     1.1012E+02     HG2      7220

 BOND    =      273.8172  ANGLE   =     1845.4452  DIHED      =     8669.1431
 VDWAALS =     9276.8208  EEL     =  -264315.1259  HBOND      =        0.0000
 1-4 VDW =     3125.5658  1-4 EEL =    29558.8503  RESTRAINT  =     1031.7697
 EAMBER  =  -211565.4836


   NSTEP       ENERGY          RMS            GMAX         NAME    NUMBER
    200      -2.1053E+05     1.3561E+01     1.1012E+02     HG2      7220

 BOND    =      273.8171  ANGLE   =     1845.4452  DIHED      =     8669.1432
 VDWAALS =     9276.8143  EEL     =  -264315.1104  HBOND      =        0.0000
 1-4 VDW =     3125.5658  1-4 EEL =    29558.8500  RESTRAINT  =     1031.7675
 EAMBER  =  -211565.4747


   NSTEP       ENERGY          RMS            GMAX         NAME    NUMBER
    250      -2.1053E+05     1.3561E+01     1.1012E+02     HG2      7220

 BOND    =      273.8171  ANGLE   =     1845.4451  DIHED      =     8669.1431
 VDWAALS =     9276.8122  EEL     =  -264315.1020  HBOND      =        0.0000
 1-4 VDW =     3125.5659  1-4 EEL =    29558.8499  RESTRAINT  =     1031.7674
 EAMBER  =  -211565.4687


   NSTEP       ENERGY          RMS            GMAX         NAME    NUMBER
    300      -2.1053E+05     1.3561E+01     1.1012E+02     HG2      7220

 BOND    =      273.8171  ANGLE   =     1845.4451  DIHED      =     8669.1432
 VDWAALS =     9276.8069  EEL     =  -264315.0939  HBOND      =        0.0000
 1-4 VDW =     3125.5659  1-4 EEL =    29558.8500  RESTRAINT  =     1031.7655
 EAMBER  =  -211565.4657


   NSTEP       ENERGY          RMS            GMAX         NAME    NUMBER
    350      -2.1053E+05     1.3561E+01     1.1012E+02     HG2      7220

 BOND    =      273.8171  ANGLE   =     1845.4451  DIHED      =     8669.1433
 VDWAALS =     9276.8042  EEL     =  -264315.0831  HBOND      =        0.0000
 1-4 VDW =     3125.5659  1-4 EEL =    29558.8500  RESTRAINT  =     1031.7651
 EAMBER  =  -211565.4575


   NSTEP       ENERGY          RMS            GMAX         NAME    NUMBER
    400      -2.1053E+05     1.3561E+01     1.1012E+02     HG2      7220

 BOND    =      273.8171  ANGLE   =     1845.4451  DIHED      =     8669.1433
 VDWAALS =     9276.8054  EEL     =  -264315.0764  HBOND      =        0.0000
 1-4 VDW =     3125.5659  1-4 EEL =    29558.8500  RESTRAINT  =     1031.7645
 EAMBER  =  -211565.4496


   NSTEP       ENERGY          RMS            GMAX         NAME    NUMBER
    450      -2.1053E+05     1.3561E+01     1.1012E+02     HG2      7220

 BOND    =      273.8171  ANGLE   =     1845.4451  DIHED      =     8669.1432
 VDWAALS =     9276.8012  EEL     =  -264315.0702  HBOND      =        0.0000
 1-4 VDW =     3125.5658  1-4 EEL =    29558.8499  RESTRAINT  =     1031.7645
 EAMBER  =  -211565.4480


   NSTEP       ENERGY          RMS            GMAX         NAME    NUMBER
    500      -2.1053E+05     1.3561E+01     1.1012E+02     HG2      7220

 BOND    =      273.8171  ANGLE   =     1845.4451  DIHED      =     8669.1432
 VDWAALS =     9276.8011  EEL     =  -264315.0633  HBOND      =        0.0000
 1-4 VDW =     3125.5658  1-4 EEL =    29558.8498  RESTRAINT  =     1031.7641
 EAMBER  =  -211565.4412


   NSTEP       ENERGY          RMS            GMAX         NAME    NUMBER
    550      -2.1053E+05     1.3561E+01     1.1012E+02     HG2      7220

 BOND    =      273.8171  ANGLE   =     1845.4451  DIHED      =     8669.1432
 VDWAALS =     9276.7993  EEL     =  -264315.0571  HBOND      =        0.0000
 1-4 VDW =     3125.5658  1-4 EEL =    29558.8498  RESTRAINT  =     1031.7633
 EAMBER  =  -211565.4368


   NSTEP       ENERGY          RMS            GMAX         NAME    NUMBER
    600      -2.1053E+05     1.3561E+01     1.1012E+02     HG2      7220

 BOND    =      273.8171  ANGLE   =     1845.4451  DIHED      =     8669.1432
 VDWAALS =     9276.7988  EEL     =  -264315.0532  HBOND      =        0.0000
 1-4 VDW =     3125.5658  1-4 EEL =    29558.8498  RESTRAINT  =     1031.7630
 EAMBER  =  -211565.4334


   NSTEP       ENERGY          RMS            GMAX         NAME    NUMBER
    650      -2.1053E+05     1.3561E+01     1.1012E+02     HG2      7220

 BOND    =      273.8170  ANGLE   =     1845.4451  DIHED      =     8669.1431
 VDWAALS =     9276.7995  EEL     =  -264315.0483  HBOND      =        0.0000
 1-4 VDW =     3125.5658  1-4 EEL =    29558.8496  RESTRAINT  =     1031.7627
 EAMBER  =  -211565.4282


   NSTEP       ENERGY          RMS            GMAX         NAME    NUMBER
    700      -2.1053E+05     1.3561E+01     1.1012E+02     HG2      7220

 BOND    =      273.8170  ANGLE   =     1845.4450  DIHED      =     8669.1432
 VDWAALS =     9276.7962  EEL     =  -264315.0411  HBOND      =        0.0000
 1-4 VDW =     3125.5659  1-4 EEL =    29558.8496  RESTRAINT  =     1031.7623
 EAMBER  =  -211565.4241


   NSTEP       ENERGY          RMS            GMAX         NAME    NUMBER
    750      -2.1053E+05     1.3561E+01     1.1012E+02     HG2      7220

 BOND    =      273.8170  ANGLE   =     1845.4450  DIHED      =     8669.1432
 VDWAALS =     9276.7933  EEL     =  -264315.0357  HBOND      =        0.0000
 1-4 VDW =     3125.5659  1-4 EEL =    29558.8495  RESTRAINT  =     1031.7620
 EAMBER  =  -211565.4218


   NSTEP       ENERGY          RMS            GMAX         NAME    NUMBER
    800      -2.1053E+05     1.3561E+01     1.1012E+02     HG2      7220

 BOND    =      273.8170  ANGLE   =     1845.4450  DIHED      =     8669.1432
 VDWAALS =     9276.7873  EEL     =  -264315.0247  HBOND      =        0.0000
 1-4 VDW =     3125.5659  1-4 EEL =    29558.8494  RESTRAINT  =     1031.7606
 EAMBER  =  -211565.4169

     .... RESTARTED DUE TO LINMIN FAILURE ...


   NSTEP       ENERGY          RMS            GMAX         NAME    NUMBER
    850      -2.1053E+05     1.3561E+01     1.1012E+02     HG2      7220

 BOND    =      273.8170  ANGLE   =     1845.4450  DIHED      =     8669.1432
 VDWAALS =     9276.7842  EEL     =  -264315.0115  HBOND      =        0.0000
 1-4 VDW =     3125.5659  1-4 EEL =    29558.8497  RESTRAINT  =     1031.7609
 EAMBER  =  -211565.4065


   NSTEP       ENERGY          RMS            GMAX         NAME    NUMBER
    900      -2.1053E+05     1.3561E+01     1.1012E+02     HG2      7220

 BOND    =      273.8170  ANGLE   =     1845.4450  DIHED      =     8669.1432
 VDWAALS =     9276.7839  EEL     =  -264315.0099  HBOND      =        0.0000
 1-4 VDW =     3125.5658  1-4 EEL =    29558.8498  RESTRAINT  =     1031.7609
 EAMBER  =  -211565.4052


   NSTEP       ENERGY          RMS            GMAX         NAME    NUMBER
    950      -2.1053E+05     1.3561E+01     1.1012E+02     HG2      7220

 BOND    =      273.8170  ANGLE   =     1845.4450  DIHED      =     8669.1433
 VDWAALS =     9276.7809  EEL     =  -264315.0023  HBOND      =        0.0000
 1-4 VDW =     3125.5659  1-4 EEL =    29558.8499  RESTRAINT  =     1031.7612
 EAMBER  =  -211565.4002


   NSTEP       ENERGY          RMS            GMAX         NAME    NUMBER
   1000      -2.1053E+05     1.3561E+01     1.1012E+02     HG2      7220

 BOND    =      273.8170  ANGLE   =     1845.4451  DIHED      =     8669.1431
 VDWAALS =     9276.7788  EEL     =  -264314.9971  HBOND      =        0.0000
 1-4 VDW =     3125.5659  1-4 EEL =    29558.8501  RESTRAINT  =     1031.7618
 EAMBER  =  -211565.3970


  Maximum number of minimization cycles reached.


                    FINAL RESULTS



   NSTEP       ENERGY          RMS            GMAX         NAME    NUMBER
   1000      -2.1053E+05     1.3561E+01     1.1012E+02     HG2      7220

 BOND    =      273.8170  ANGLE   =     1845.4451  DIHED      =     8669.1431
 VDWAALS =     9276.7788  EEL     =  -264314.9971  HBOND      =        0.0000
 1-4 VDW =     3125.5659  1-4 EEL =    29558.8501  RESTRAINT  =     1031.7618
 EAMBER  =  -211565.3970
--------------------------------------------------------------------------------
   5.  TIMINGS
--------------------------------------------------------------------------------

|  NonSetup CPU Time in Major Routines:
|
|     Routine           Sec        %
|     ------------------------------
|     Nonbond           0.76   17.05
|     Bond              0.00    0.00
|     Angle             0.00    0.00
|     Dihedral          0.00    0.00
|     Shake             1.49   33.44
|     Other             2.20   49.51
|     ------------------------------
|     Total             4.45

|  PME Nonbond Pairlist CPU Time:
|
|     Routine              Sec        %
|     ---------------------------------
|     Set Up Cit           0.00    0.00
|     Build List           0.00    0.00
|     ---------------------------------
|     Total                0.00    0.00

|  PME Direct Force CPU Time:
|
|     Routine              Sec        %
|     ---------------------------------
|     NonBonded Calc       0.00    0.00
|     Exclude Masked       0.00    0.00
|     Other                0.00    0.02
|     ---------------------------------
|     Total                0.00    0.02

|  PME Reciprocal Force CPU Time:
|
|     Routine              Sec        %
|     ---------------------------------
|     1D bspline           0.00    0.00
|     Grid Charges         0.00    0.00
|     Scalar Sum           0.00    0.00
|     Gradient Sum         0.00    0.00
|     FFT                  0.00    0.00
|     ---------------------------------
|     Total                0.00    0.00

|  Setup CPU time:            1.16 seconds
|  NonSetup CPU time:         4.45 seconds
|  Total CPU time:            5.61 seconds     0.00 hours

|  Setup wall time:           2    seconds
|  NonSetup wall time:       45    seconds
|  Total wall time:          47    seconds     0.01 hours
