
          -------------------------------------------------------
          Amber 20 PMEMD                              2020
          -------------------------------------------------------

| PMEMD implementation of SANDER, Release 18

|  Compiled date/time: Thu Jun  2 17:33:41 2022
| Run on 09/19/2023 at 20:44:54

|   Executable path: pmemd.cuda
| Working directory: /lustre07/scratch/livtoft/SURE/BTS1/K36E_R48G_V64G_S70C_S71G_S188P/GGPP
|          Hostname: ng10906

  [-O]verwriting output

File Assignments:
|   MDIN: ../../Relaxation/5min.in                                              
|  MDOUT: 5min.out                                                              
| INPCRD: 4md.rst7                                                              
|   PARM: GGPP_ion.prmtop                                                       
| RESTRT: 5min.rst7                                                             
|   REFC: 4md.rst7                                                              
|  MDVEL: mdvel                                                                 
|   MDEN: mden                                                                  
|  MDCRD: mdcrd.5min                                                            
| MDINFO: 5min.info                                                             
|  MDFRC: mdfrc                                                                 


 Here is the input file:

Minimization of everything excluding backbone                                  
 &cntrl                                                                        
  imin = 1, maxcyc = 1000,                                                     
  ncyc = 50, ntx = 1,                                                          
  ntwe = 0, ntwr = 500, ntpr = 50,                                             
  ntc = 2, ntf = 2, ntb = 1, ntp = 0,                                          
  cut = 8.0,                                                                   
  ntr=1, restraintmask="@CA,C,N,C1,C2,C3,C4,C5,C6,C7,C8,C9,C10,C11,C12,C13,C14,
  restraint_wt=50.                                                             
  ioutfm=1, ntxo=2,                                                            
 /                                                                             


Note: ig = -1. Setting random seed to   362346 based on wallclock time in 
      microseconds.
| irandom = 1, using AMBER's internal random number generator (default).
 
|--------------------- INFORMATION ----------------------
| GPU (CUDA) Version of PMEMD in use: NVIDIA GPU IN USE.
|                    Version 18.0.0
| 
|                      03/25/2018
| 
| Implementation by:
|                    Ross C. Walker     (SDSC)
|                    Scott Le Grand     (nVIDIA)
| 
| Version 18 performance extensions by:
|                    David Cerutti     (Rutgers)
| 
| Precision model in use:
|      [SPFP] - Single Precision Forces, 64-bit Fixed Point
|               Accumulation. (Default)
| 
|--------------------------------------------------------
 
|----------------- CITATION INFORMATION -----------------
|
|    When publishing work that utilized the CUDA version
|    of AMBER, please cite the following in addition to
|    the regular AMBER citations:
|
|  - Romelia Salomon-Ferrer; Andreas W. Goetz; Duncan
|    Poole; Scott Le Grand; Ross C. Walker "Routine
|    microsecond molecular dynamics simulations with
|    AMBER - Part II: Particle Mesh Ewald", J. Chem.
|    Theory Comput., 2013, 9 (9), pp3878-3888,
|    DOI: 10.1021/ct400314y.
|
|  - Andreas W. Goetz; Mark J. Williamson; Dong Xu;
|    Duncan Poole; Scott Le Grand; Ross C. Walker
|    "Routine microsecond molecular dynamics simulations
|    with AMBER - Part I: Generalized Born", J. Chem.
|    Theory Comput., 2012, 8 (5), pp1542-1555.
|
|  - Scott Le Grand; Andreas W. Goetz; Ross C. Walker
|    "SPFP: Speed without compromise - a mixed precision
|    model for GPU accelerated molecular dynamics
|    simulations.", Comp. Phys. Comm., 2013, 184
|    pp374-380, DOI: 10.1016/j.cpc.2012.09.022
|
|--------------------------------------------------------
 
|------------------- GPU DEVICE INFO --------------------
|
|            CUDA_VISIBLE_DEVICES: 0
|   CUDA Capable Devices Detected:      1
|           CUDA Device ID in use:      0
|                CUDA Device Name: NVIDIA A100-SXM4-40GB
|     CUDA Device Global Mem Size:  40339 MB
| CUDA Device Num Multiprocessors:    108
|           CUDA Device Core Freq:   1.41 GHz
|
|--------------------------------------------------------
 
 
| Conditional Compilation Defines Used:
| PUBFFT
| BINTRAJ
| CUDA
| EMIL

| Largest sphere to fit in unit cell has radius =    41.574

| New format PARM file being parsed.
| Version =    1.000 Date = 09/19/23 Time = 15:34:25

| Note: 1-4 EEL scale factors are being read from the topology file.

| Note: 1-4 VDW scale factors are being read from the topology file.
| Duplicated    0 dihedrals

| Duplicated    0 dihedrals

--------------------------------------------------------------------------------
   1.  RESOURCE   USE: 
--------------------------------------------------------------------------------

 getting box info from netcdf restart file
 NATOM  =   74868 NTYPES =      20 NBONH =   69135 MBONA  =    5672
 NTHETH =   12824 MTHETA =    7688 NPHIH =   25725 MPHIA  =   24754
 NHPARM =       0 NPARM  =       0 NNB   =  146804 NRES   =   22017
 NBONA  =    5672 NTHETA =    7688 NPHIA =   24754 NUMBND =      80
 NUMANG =     180 NPTRA  =     211 NATYP =      47 NPHB   =       0
 IFBOX  =       2 NMXRS  =      62 IFCAP =       0 NEXTRA =       0
 NCOPY  =       0

| Coordinate Index Table dimensions:    20   20   20
| Direct force subcell size =     5.0918    5.0918    5.0918

     BOX TYPE: TRUNCATED OCTAHEDRON

--------------------------------------------------------------------------------
   2.  CONTROL  DATA  FOR  THE  RUN
--------------------------------------------------------------------------------

default_name                                                                    

General flags:
     imin    =       1, nmropt  =       0

Nature and format of input:
     ntx     =       1, irest   =       0, ntrx    =       1

Nature and format of output:
     ntxo    =       2, ntpr    =      50, ntrx    =       1, ntwr    =     500
     iwrap   =       0, ntwx    =       0, ntwv    =       0, ntwe    =       0
     ioutfm  =       1, ntwprt  =       0, idecomp =       0, rbornstat=      0

Potential function:
     ntf     =       2, ntb     =       1, igb     =       0, nsnb    =      25
     ipol    =       0, gbsa    =       0, iesp    =       0
     dielc   =   1.00000, cut     =   8.00000, intdiel =   1.00000

Frozen or restrained atoms:
     ibelly  =       0, ntr     =       1
     restraint_wt =  50.00000

Energy minimization:
     maxcyc  =    1000, ncyc    =      50, ntmin   =       1
     dx0     =   0.01000, drms    =   0.00010

SHAKE:
     ntc     =       2, jfastw  =       0
     tol     =   0.00001

| Intermolecular bonds treatment:
|     no_intermolecular_bonds =       1

| Energy averages sample interval:
|     ene_avg_sampling =       1

Ewald parameters:
     verbose =       0, ew_type =       0, nbflag  =       1, use_pme =       1
     vdwmeth =       1, eedmeth =       1, netfrc  =       0
     Box X =  101.836   Box Y =  101.836   Box Z =  101.836
     Alpha =  109.471   Beta  =  109.471   Gamma =  109.471
     NFFT1 =  108       NFFT2 =  108       NFFT3 =  108
     Cutoff=    8.000   Tol   =0.100E-04
     Ewald Coefficient =  0.34864
     Interpolation order =    4

    LOADING THE CONSTRAINED ATOMS AS GROUPS


   5.  REFERENCE ATOM COORDINATES

  default_name                                                                    
     Mask @CA,C,N,C1,C2,C3,C4,C5,C6,C7,C8,C9,C10,C11,C12,C13,C14,C15,C16,C17,C18,C19,C20,O1,O1A,O2A,O3A,O1B,O2B,PA,PB; matches  2096 atoms

--------------------------------------------------------------------------------
   3.  ATOMIC COORDINATES AND VELOCITIES
--------------------------------------------------------------------------------

default_name                                                                    
 begin time read from input coords =  3000.000 ps

 
 Number of triangulated 3-point waters found:    21168

     Sum of charges from parm topology file =  -0.00000028
     Forcing neutrality...

| Dynamic Memory, Types Used:
| Reals             2078461
| Integers          3133379

| Nonbonded Pairs Initial Allocation:    12504827

| GPU memory information (estimate):
| KB of GPU memory in use:    341128
| KB of CPU memory in use:    149765

--------------------------------------------------------------------------------
   4.  RESULTS
--------------------------------------------------------------------------------



   NSTEP       ENERGY          RMS            GMAX         NAME    NUMBER
      1      -2.3493E+05     1.7298E+01     1.2249E+02     CA      11026

 BOND    =     1662.0473  ANGLE   =     4757.5181  DIHED      =     9145.5657
 VDWAALS =    24435.7128  EEL     =  -307194.0843  HBOND      =        0.0000
 1-4 VDW =     3062.3762  1-4 EEL =    29199.1180  RESTRAINT  =        0.0000


   NSTEP       ENERGY          RMS            GMAX         NAME    NUMBER
     50      -2.4697E+05     1.4764E+01     5.0846E+01     O       12787

 BOND    =      303.3466  ANGLE   =     2018.9097  DIHED      =     8711.7804
 VDWAALS =    17031.3020  EEL     =  -307018.2567  HBOND      =        0.0000
 1-4 VDW =     2807.1413  1-4 EEL =    29019.3926  RESTRAINT  =      155.9386
 EAMBER  =  -247126.3841


   NSTEP       ENERGY          RMS            GMAX         NAME    NUMBER
    100      -2.4697E+05     1.4763E+01     5.0846E+01     O       12787

 BOND    =      303.3465  ANGLE   =     2018.9065  DIHED      =     8711.7797
 VDWAALS =    17031.2594  EEL     =  -307018.1255  HBOND      =        0.0000
 1-4 VDW =     2807.1396  1-4 EEL =    29019.3913  RESTRAINT  =      155.9393
 EAMBER  =  -247126.3025


   NSTEP       ENERGY          RMS            GMAX         NAME    NUMBER
    150      -2.4697E+05     1.4763E+01     5.0846E+01     O       12787

 BOND    =      303.3465  ANGLE   =     2018.9063  DIHED      =     8711.7797
 VDWAALS =    17031.2532  EEL     =  -307018.1134  HBOND      =        0.0000
 1-4 VDW =     2807.1394  1-4 EEL =    29019.3911  RESTRAINT  =      155.9394
 EAMBER  =  -247126.2972


   NSTEP       ENERGY          RMS            GMAX         NAME    NUMBER
    200      -2.4697E+05     1.4763E+01     5.0846E+01     O       12787

 BOND    =      303.3465  ANGLE   =     2018.9061  DIHED      =     8711.7798
 VDWAALS =    17031.2513  EEL     =  -307018.1061  HBOND      =        0.0000
 1-4 VDW =     2807.1394  1-4 EEL =    29019.3910  RESTRAINT  =      155.9394
 EAMBER  =  -247126.2920


   NSTEP       ENERGY          RMS            GMAX         NAME    NUMBER
    250      -2.4697E+05     1.4763E+01     5.0846E+01     O       12787

 BOND    =      303.3465  ANGLE   =     2018.9060  DIHED      =     8711.7798
 VDWAALS =    17031.2496  EEL     =  -307018.0977  HBOND      =        0.0000
 1-4 VDW =     2807.1393  1-4 EEL =    29019.3909  RESTRAINT  =      155.9394
 EAMBER  =  -247126.2856


   NSTEP       ENERGY          RMS            GMAX         NAME    NUMBER
    300      -2.4697E+05     1.4763E+01     5.0846E+01     O       12787

 BOND    =      303.3465  ANGLE   =     2018.9059  DIHED      =     8711.7796
 VDWAALS =    17031.2480  EEL     =  -307018.0935  HBOND      =        0.0000
 1-4 VDW =     2807.1393  1-4 EEL =    29019.3908  RESTRAINT  =      155.9394
 EAMBER  =  -247126.2833


   NSTEP       ENERGY          RMS            GMAX         NAME    NUMBER
    350      -2.4697E+05     1.4763E+01     5.0846E+01     O       12787

 BOND    =      303.3465  ANGLE   =     2018.9058  DIHED      =     8711.7797
 VDWAALS =    17031.2470  EEL     =  -307018.0892  HBOND      =        0.0000
 1-4 VDW =     2807.1393  1-4 EEL =    29019.3906  RESTRAINT  =      155.9395
 EAMBER  =  -247126.2804


   NSTEP       ENERGY          RMS            GMAX         NAME    NUMBER
    400      -2.4697E+05     1.4763E+01     5.0846E+01     O       12787

 BOND    =      303.3465  ANGLE   =     2018.9056  DIHED      =     8711.7796
 VDWAALS =    17031.2457  EEL     =  -307018.0856  HBOND      =        0.0000
 1-4 VDW =     2807.1392  1-4 EEL =    29019.3906  RESTRAINT  =      155.9395
 EAMBER  =  -247126.2784


   NSTEP       ENERGY          RMS            GMAX         NAME    NUMBER
    450      -2.4697E+05     1.4763E+01     5.0846E+01     O       12787

 BOND    =      303.3465  ANGLE   =     2018.9055  DIHED      =     8711.7794
 VDWAALS =    17031.2435  EEL     =  -307018.0764  HBOND      =        0.0000
 1-4 VDW =     2807.1391  1-4 EEL =    29019.3906  RESTRAINT  =      155.9395
 EAMBER  =  -247126.2719


   NSTEP       ENERGY          RMS            GMAX         NAME    NUMBER
    500      -2.4697E+05     1.4763E+01     5.0846E+01     O       12787

 BOND    =      303.3465  ANGLE   =     2018.9054  DIHED      =     8711.7796
 VDWAALS =    17031.2435  EEL     =  -307018.0749  HBOND      =        0.0000
 1-4 VDW =     2807.1390  1-4 EEL =    29019.3904  RESTRAINT  =      155.9396
 EAMBER  =  -247126.2704


   NSTEP       ENERGY          RMS            GMAX         NAME    NUMBER
    550      -2.4697E+05     1.4763E+01     5.0846E+01     O       12787

 BOND    =      303.3465  ANGLE   =     2018.9053  DIHED      =     8711.7795
 VDWAALS =    17031.2422  EEL     =  -307018.0712  HBOND      =        0.0000
 1-4 VDW =     2807.1389  1-4 EEL =    29019.3905  RESTRAINT  =      155.9396
 EAMBER  =  -247126.2683


   NSTEP       ENERGY          RMS            GMAX         NAME    NUMBER
    600      -2.4697E+05     1.4763E+01     5.0846E+01     O       12787

 BOND    =      303.3465  ANGLE   =     2018.9051  DIHED      =     8711.7795
 VDWAALS =    17031.2399  EEL     =  -307018.0678  HBOND      =        0.0000
 1-4 VDW =     2807.1388  1-4 EEL =    29019.3905  RESTRAINT  =      155.9396
 EAMBER  =  -247126.2676


   NSTEP       ENERGY          RMS            GMAX         NAME    NUMBER
    650      -2.4697E+05     1.4763E+01     5.0846E+01     O       12787

 BOND    =      303.3465  ANGLE   =     2018.9050  DIHED      =     8711.7794
 VDWAALS =    17031.2383  EEL     =  -307018.0598  HBOND      =        0.0000
 1-4 VDW =     2807.1387  1-4 EEL =    29019.3904  RESTRAINT  =      155.9397
 EAMBER  =  -247126.2616


   NSTEP       ENERGY          RMS            GMAX         NAME    NUMBER
    700      -2.4697E+05     1.4763E+01     5.0846E+01     O       12787

 BOND    =      303.3465  ANGLE   =     2018.9048  DIHED      =     8711.7795
 VDWAALS =    17031.2352  EEL     =  -307018.0506  HBOND      =        0.0000
 1-4 VDW =     2807.1386  1-4 EEL =    29019.3901  RESTRAINT  =      155.9397
 EAMBER  =  -247126.2559


   NSTEP       ENERGY          RMS            GMAX         NAME    NUMBER
    750      -2.4697E+05     1.4763E+01     5.0846E+01     O       12787

 BOND    =      303.3465  ANGLE   =     2018.9047  DIHED      =     8711.7795
 VDWAALS =    17031.2346  EEL     =  -307018.0450  HBOND      =        0.0000
 1-4 VDW =     2807.1385  1-4 EEL =    29019.3901  RESTRAINT  =      155.9397
 EAMBER  =  -247126.2512


   NSTEP       ENERGY          RMS            GMAX         NAME    NUMBER
    800      -2.4697E+05     1.4763E+01     5.0846E+01     O       12787

 BOND    =      303.3464  ANGLE   =     2018.9046  DIHED      =     8711.7795
 VDWAALS =    17031.2325  EEL     =  -307018.0379  HBOND      =        0.0000
 1-4 VDW =     2807.1385  1-4 EEL =    29019.3897  RESTRAINT  =      155.9397
 EAMBER  =  -247126.2467

     .... RESTARTED DUE TO LINMIN FAILURE ...


   NSTEP       ENERGY          RMS            GMAX         NAME    NUMBER
    850      -2.4697E+05     1.4763E+01     5.0846E+01     O       12787

 BOND    =      303.3464  ANGLE   =     2018.9044  DIHED      =     8711.7794
 VDWAALS =    17031.2308  EEL     =  -307018.0302  HBOND      =        0.0000
 1-4 VDW =     2807.1383  1-4 EEL =    29019.3898  RESTRAINT  =      155.9398
 EAMBER  =  -247126.2410


   NSTEP       ENERGY          RMS            GMAX         NAME    NUMBER
    900      -2.4697E+05     1.4763E+01     5.0846E+01     O       12787

 BOND    =      303.3464  ANGLE   =     2018.9042  DIHED      =     8711.7793
 VDWAALS =    17031.2280  EEL     =  -307018.0236  HBOND      =        0.0000
 1-4 VDW =     2807.1382  1-4 EEL =    29019.3896  RESTRAINT  =      155.9398
 EAMBER  =  -247126.2380

     .... RESTARTED DUE TO LINMIN FAILURE ...


   NSTEP       ENERGY          RMS            GMAX         NAME    NUMBER
    950      -2.4697E+05     1.4763E+01     5.0846E+01     O       12787

 BOND    =      303.3465  ANGLE   =     2018.9038  DIHED      =     8711.7791
 VDWAALS =    17031.2243  EEL     =  -307018.0130  HBOND      =        0.0000
 1-4 VDW =     2807.1380  1-4 EEL =    29019.3896  RESTRAINT  =      155.9399
 EAMBER  =  -247126.2317


   NSTEP       ENERGY          RMS            GMAX         NAME    NUMBER
   1000      -2.4697E+05     1.4763E+01     5.0846E+01     O       12787

 BOND    =      303.3464  ANGLE   =     2018.9037  DIHED      =     8711.7791
 VDWAALS =    17031.2223  EEL     =  -307018.0034  HBOND      =        0.0000
 1-4 VDW =     2807.1379  1-4 EEL =    29019.3894  RESTRAINT  =      155.9399
 EAMBER  =  -247126.2246


  Maximum number of minimization cycles reached.


                    FINAL RESULTS



   NSTEP       ENERGY          RMS            GMAX         NAME    NUMBER
   1000      -2.4697E+05     1.4763E+01     5.0846E+01     O       12787

 BOND    =      303.3464  ANGLE   =     2018.9037  DIHED      =     8711.7791
 VDWAALS =    17031.2223  EEL     =  -307018.0034  HBOND      =        0.0000
 1-4 VDW =     2807.1379  1-4 EEL =    29019.3894  RESTRAINT  =      155.9399
 EAMBER  =  -247126.2246
--------------------------------------------------------------------------------
   5.  TIMINGS
--------------------------------------------------------------------------------

|  NonSetup CPU Time in Major Routines:
|
|     Routine           Sec        %
|     ------------------------------
|     Nonbond           0.60   14.57
|     Bond              0.00    0.00
|     Angle             0.00    0.00
|     Dihedral          0.00    0.00
|     Shake             1.50   36.28
|     Other             2.03   49.15
|     ------------------------------
|     Total             4.13

|  PME Nonbond Pairlist CPU Time:
|
|     Routine              Sec        %
|     ---------------------------------
|     Set Up Cit           0.00    0.00
|     Build List           0.00    0.00
|     ---------------------------------
|     Total                0.00    0.00

|  PME Direct Force CPU Time:
|
|     Routine              Sec        %
|     ---------------------------------
|     NonBonded Calc       0.00    0.00
|     Exclude Masked       0.00    0.00
|     Other                0.00    0.02
|     ---------------------------------
|     Total                0.00    0.02

|  PME Reciprocal Force CPU Time:
|
|     Routine              Sec        %
|     ---------------------------------
|     1D bspline           0.00    0.00
|     Grid Charges         0.00    0.00
|     Scalar Sum           0.00    0.00
|     Gradient Sum         0.00    0.00
|     FFT                  0.00    0.00
|     ---------------------------------
|     Total                0.00    0.00

|  Setup CPU time:            0.71 seconds
|  NonSetup CPU time:         4.13 seconds
|  Total CPU time:            4.85 seconds     0.00 hours

|  Setup wall time:           1    seconds
|  NonSetup wall time:        5    seconds
|  Total wall time:           6    seconds     0.00 hours
