
          -------------------------------------------------------
          Amber 20 PMEMD                              2020
          -------------------------------------------------------

| PMEMD implementation of SANDER, Release 18

|  Compiled date/time: Thu Jun  2 17:33:41 2022
| Run on 08/29/2023 at 16:23:06

|   Executable path: pmemd.cuda
| Working directory: /lustre07/scratch/livtoft/SURE/BTS1/R48G_S188P/GPP-IPP
|          Hostname: ng10906

  [-O]verwriting output

File Assignments:
|   MDIN: ../../Relaxation/1min.in                                              
|  MDOUT: 1min.out                                                              
| INPCRD: GPP_IPP_ion.inpcrd                                                    
|   PARM: GPP_IPP_ion.prmtop                                                    
| RESTRT: 1min.rst7                                                             
|   REFC: GPP_IPP_ion.inpcrd                                                    
|  MDVEL: mdvel                                                                 
|   MDEN: mden                                                                  
|  MDCRD: mdcrd.1min                                                            
| MDINFO: 1min.info                                                             
|  MDFRC: mdfrc                                                                 


 Here is the input file:

minimization of solvent                                                        
 &cntrl                                                                        
  imin = 1, maxcyc = 1000,                                                     
  ncyc = 100, ntx = 1,                                                         
  ntwe = 0, ntwr = 500, ntpr = 50,                                             
  ntc = 2, ntf = 2, ntb = 1, ntp = 0,                                          
  cut = 10.0,                                                                  
  ntr=1, restraintmask = ':1-688', restraint_wt = 200.,                        
  ioutfm=1, ntxo=2,                                                            
 /                                                                             


Note: ig = -1. Setting random seed to    92645 based on wallclock time in 
      microseconds.
| irandom = 1, using AMBER's internal random number generator (default).
 
|--------------------- INFORMATION ----------------------
| GPU (CUDA) Version of PMEMD in use: NVIDIA GPU IN USE.
|                    Version 18.0.0
| 
|                      03/25/2018
| 
| Implementation by:
|                    Ross C. Walker     (SDSC)
|                    Scott Le Grand     (nVIDIA)
| 
| Version 18 performance extensions by:
|                    David Cerutti     (Rutgers)
| 
| Precision model in use:
|      [SPFP] - Single Precision Forces, 64-bit Fixed Point
|               Accumulation. (Default)
| 
|--------------------------------------------------------
 
|----------------- CITATION INFORMATION -----------------
|
|    When publishing work that utilized the CUDA version
|    of AMBER, please cite the following in addition to
|    the regular AMBER citations:
|
|  - Romelia Salomon-Ferrer; Andreas W. Goetz; Duncan
|    Poole; Scott Le Grand; Ross C. Walker "Routine
|    microsecond molecular dynamics simulations with
|    AMBER - Part II: Particle Mesh Ewald", J. Chem.
|    Theory Comput., 2013, 9 (9), pp3878-3888,
|    DOI: 10.1021/ct400314y.
|
|  - Andreas W. Goetz; Mark J. Williamson; Dong Xu;
|    Duncan Poole; Scott Le Grand; Ross C. Walker
|    "Routine microsecond molecular dynamics simulations
|    with AMBER - Part I: Generalized Born", J. Chem.
|    Theory Comput., 2012, 8 (5), pp1542-1555.
|
|  - Scott Le Grand; Andreas W. Goetz; Ross C. Walker
|    "SPFP: Speed without compromise - a mixed precision
|    model for GPU accelerated molecular dynamics
|    simulations.", Comp. Phys. Comm., 2013, 184
|    pp374-380, DOI: 10.1016/j.cpc.2012.09.022
|
|--------------------------------------------------------
 
|------------------- GPU DEVICE INFO --------------------
|
|            CUDA_VISIBLE_DEVICES: 0
|   CUDA Capable Devices Detected:      1
|           CUDA Device ID in use:      0
|                CUDA Device Name: NVIDIA A100-SXM4-40GB
|     CUDA Device Global Mem Size:  40338 MB
| CUDA Device Num Multiprocessors:    108
|           CUDA Device Core Freq:   1.41 GHz
|
|--------------------------------------------------------
 
 
| Conditional Compilation Defines Used:
| PUBFFT
| BINTRAJ
| CUDA
| EMIL

| Largest sphere to fit in unit cell has radius =    42.108

| New format PARM file being parsed.
| Version =    1.000 Date = 08/29/23 Time = 16:19:36

| Note: 1-4 EEL scale factors are being read from the topology file.

| Note: 1-4 VDW scale factors are being read from the topology file.
| Duplicated    0 dihedrals

| Duplicated    0 dihedrals

--------------------------------------------------------------------------------
   1.  RESOURCE   USE: 
--------------------------------------------------------------------------------

 getting new box info from bottom of inpcrd
 NATOM  =   74823 NTYPES =      20 NBONH =   69072 MBONA  =    5686
 NTHETH =   12848 MTHETA =    7712 NPHIH =   25729 MPHIA  =   24810
 NHPARM =       0 NPARM  =       0 NNB   =  146836 NRES   =   21996
 NBONA  =    5686 NTHETA =    7712 NPHIA =   24810 NUMBND =      78
 NUMANG =     180 NPTRA  =     201 NATYP =      45 NPHB   =       0
 IFBOX  =       2 NMXRS  =      36 IFCAP =       0 NEXTRA =       0
 NCOPY  =       0

| Coordinate Index Table dimensions:    16   16   16
| Direct force subcell size =     6.4465    6.4465    6.4465

     BOX TYPE: TRUNCATED OCTAHEDRON

--------------------------------------------------------------------------------
   2.  CONTROL  DATA  FOR  THE  RUN
--------------------------------------------------------------------------------

default_name                                                                    

General flags:
     imin    =       1, nmropt  =       0

Nature and format of input:
     ntx     =       1, irest   =       0, ntrx    =       1

Nature and format of output:
     ntxo    =       2, ntpr    =      50, ntrx    =       1, ntwr    =     500
     iwrap   =       0, ntwx    =       0, ntwv    =       0, ntwe    =       0
     ioutfm  =       1, ntwprt  =       0, idecomp =       0, rbornstat=      0

Potential function:
     ntf     =       2, ntb     =       1, igb     =       0, nsnb    =      25
     ipol    =       0, gbsa    =       0, iesp    =       0
     dielc   =   1.00000, cut     =  10.00000, intdiel =   1.00000

Frozen or restrained atoms:
     ibelly  =       0, ntr     =       1
     restraint_wt = 200.00000

Energy minimization:
     maxcyc  =    1000, ncyc    =     100, ntmin   =       1
     dx0     =   0.01000, drms    =   0.00010

SHAKE:
     ntc     =       2, jfastw  =       0
     tol     =   0.00001

| Intermolecular bonds treatment:
|     no_intermolecular_bonds =       1

| Energy averages sample interval:
|     ene_avg_sampling =       1

Ewald parameters:
     verbose =       0, ew_type =       0, nbflag  =       1, use_pme =       1
     vdwmeth =       1, eedmeth =       1, netfrc  =       0
     Box X =  103.144   Box Y =  103.144   Box Z =  103.144
     Alpha =  109.471   Beta  =  109.471   Gamma =  109.471
     NFFT1 =  108       NFFT2 =  108       NFFT3 =  108
     Cutoff=   10.000   Tol   =0.100E-04
     Ewald Coefficient =  0.27511
     Interpolation order =    4

    LOADING THE CONSTRAINED ATOMS AS GROUPS


   5.  REFERENCE ATOM COORDINATES

  default_name                                                                    
     Mask :1-688; matches 11229 atoms

--------------------------------------------------------------------------------
   3.  ATOMIC COORDINATES AND VELOCITIES
--------------------------------------------------------------------------------

default_name                                                                    
 begin time read from input coords =     0.000 ps

 
 Number of triangulated 3-point waters found:    21143

     Sum of charges from parm topology file =  -0.00000029
     Forcing neutrality...

| Dynamic Memory, Types Used:
| Reals             2097667
| Integers          3134049

| Nonbonded Pairs Initial Allocation:    22632086

| GPU memory information (estimate):
| KB of GPU memory in use:    461804
| KB of CPU memory in use:    170082

--------------------------------------------------------------------------------
   4.  RESULTS
--------------------------------------------------------------------------------



   NSTEP       ENERGY          RMS            GMAX         NAME    NUMBER
      1      -8.2304E+09     2.2424E+02     2.4766E+04     O2B      5565

 BOND    =      940.3849  ANGLE   =     2082.9316  DIHED      =     8278.2237
 VDWAALS = *************  EEL     =  -259103.2999  HBOND      =        0.0000
 1-4 VDW =     3206.3946  1-4 EEL =    29768.2459  RESTRAINT  =        5.3632
 EAMBER  = *************


   NSTEP       ENERGY          RMS            GMAX         NAME    NUMBER
     50      -2.0259E+05     2.4055E+01     3.4839E+03     H04      5576

 BOND    =     3133.5441  ANGLE   =     2527.4608  DIHED      =     8414.5011
 VDWAALS =    12001.1747  EEL     =  -266109.5087  HBOND      =        0.0000
 1-4 VDW =     3214.8732  1-4 EEL =    29439.6753  RESTRAINT  =     4791.7131
 EAMBER  =  -207378.2795


   NSTEP       ENERGY          RMS            GMAX         NAME    NUMBER
    100      -2.0566E+05     1.3621E+01     2.6080E+02     HH       9034

 BOND    =      334.5768  ANGLE   =     2079.2500  DIHED      =     8300.8213
 VDWAALS =    10209.6640  EEL     =  -262659.6104  HBOND      =        0.0000
 1-4 VDW =     3110.9023  1-4 EEL =    29463.0082  RESTRAINT  =     3497.0901
 EAMBER  =  -209161.3879


   NSTEP       ENERGY          RMS            GMAX         NAME    NUMBER
    150      -2.0566E+05     1.3621E+01     2.6080E+02     HH       9034

 BOND    =      334.5767  ANGLE   =     2079.2499  DIHED      =     8300.8212
 VDWAALS =    10209.6607  EEL     =  -262659.6051  HBOND      =        0.0000
 1-4 VDW =     3110.9024  1-4 EEL =    29463.0081  RESTRAINT  =     3497.0875
 EAMBER  =  -209161.3861


   NSTEP       ENERGY          RMS            GMAX         NAME    NUMBER
    200      -2.0566E+05     1.3621E+01     2.6080E+02     HH       9034

 BOND    =      334.5765  ANGLE   =     2079.2497  DIHED      =     8300.8211
 VDWAALS =    10209.6522  EEL     =  -262659.5889  HBOND      =        0.0000
 1-4 VDW =     3110.9025  1-4 EEL =    29463.0078  RESTRAINT  =     3497.0837
 EAMBER  =  -209161.3790


   NSTEP       ENERGY          RMS            GMAX         NAME    NUMBER
    250      -2.0566E+05     1.3621E+01     2.6080E+02     HH       9034

 BOND    =      334.5764  ANGLE   =     2079.2496  DIHED      =     8300.8213
 VDWAALS =    10209.6456  EEL     =  -262659.5739  HBOND      =        0.0000
 1-4 VDW =     3110.9027  1-4 EEL =    29463.0075  RESTRAINT  =     3497.0803
 EAMBER  =  -209161.3708


   NSTEP       ENERGY          RMS            GMAX         NAME    NUMBER
    300      -2.0566E+05     1.3621E+01     2.6080E+02     HH       9034

 BOND    =      334.5763  ANGLE   =     2079.2496  DIHED      =     8300.8211
 VDWAALS =    10209.6450  EEL     =  -262659.5656  HBOND      =        0.0000
 1-4 VDW =     3110.9027  1-4 EEL =    29463.0076  RESTRAINT  =     3497.0775
 EAMBER  =  -209161.3632


   NSTEP       ENERGY          RMS            GMAX         NAME    NUMBER
    350      -2.0566E+05     1.3621E+01     2.6080E+02     HH       9034

 BOND    =      334.5763  ANGLE   =     2079.2494  DIHED      =     8300.8211
 VDWAALS =    10209.6397  EEL     =  -262659.5582  HBOND      =        0.0000
 1-4 VDW =     3110.9028  1-4 EEL =    29463.0075  RESTRAINT  =     3497.0776
 EAMBER  =  -209161.3615


   NSTEP       ENERGY          RMS            GMAX         NAME    NUMBER
    400      -2.0566E+05     1.3621E+01     2.6080E+02     HH       9034

 BOND    =      334.5763  ANGLE   =     2079.2493  DIHED      =     8300.8211
 VDWAALS =    10209.6376  EEL     =  -262659.5487  HBOND      =        0.0000
 1-4 VDW =     3110.9028  1-4 EEL =    29463.0074  RESTRAINT  =     3497.0760
 EAMBER  =  -209161.3542


   NSTEP       ENERGY          RMS            GMAX         NAME    NUMBER
    450      -2.0566E+05     1.3621E+01     2.6080E+02     HH       9034

 BOND    =      334.5762  ANGLE   =     2079.2493  DIHED      =     8300.8210
 VDWAALS =    10209.6418  EEL     =  -262659.5432  HBOND      =        0.0000
 1-4 VDW =     3110.9027  1-4 EEL =    29463.0075  RESTRAINT  =     3497.0716
 EAMBER  =  -209161.3447


   NSTEP       ENERGY          RMS            GMAX         NAME    NUMBER
    500      -2.0566E+05     1.3621E+01     2.6080E+02     HH       9034

 BOND    =      334.5761  ANGLE   =     2079.2493  DIHED      =     8300.8211
 VDWAALS =    10209.6385  EEL     =  -262659.5384  HBOND      =        0.0000
 1-4 VDW =     3110.9028  1-4 EEL =    29463.0074  RESTRAINT  =     3497.0715
 EAMBER  =  -209161.3433


   NSTEP       ENERGY          RMS            GMAX         NAME    NUMBER
    550      -2.0566E+05     1.3621E+01     2.6080E+02     HH       9034

 BOND    =      334.5761  ANGLE   =     2079.2492  DIHED      =     8300.8211
 VDWAALS =    10209.6386  EEL     =  -262659.5264  HBOND      =        0.0000
 1-4 VDW =     3110.9028  1-4 EEL =    29463.0073  RESTRAINT  =     3497.0701
 EAMBER  =  -209161.3314


   NSTEP       ENERGY          RMS            GMAX         NAME    NUMBER
    600      -2.0566E+05     1.3621E+01     2.6080E+02     HH       9034

 BOND    =      334.5760  ANGLE   =     2079.2490  DIHED      =     8300.8212
 VDWAALS =    10209.6335  EEL     =  -262659.5110  HBOND      =        0.0000
 1-4 VDW =     3110.9029  1-4 EEL =    29463.0072  RESTRAINT  =     3497.0676
 EAMBER  =  -209161.3212


   NSTEP       ENERGY          RMS            GMAX         NAME    NUMBER
    650      -2.0566E+05     1.3621E+01     2.6080E+02     HH       9034

 BOND    =      334.5759  ANGLE   =     2079.2489  DIHED      =     8300.8212
 VDWAALS =    10209.6289  EEL     =  -262659.4979  HBOND      =        0.0000
 1-4 VDW =     3110.9029  1-4 EEL =    29463.0071  RESTRAINT  =     3497.0658
 EAMBER  =  -209161.3129


   NSTEP       ENERGY          RMS            GMAX         NAME    NUMBER
    700      -2.0566E+05     1.3621E+01     2.6080E+02     HH       9034

 BOND    =      334.5757  ANGLE   =     2079.2487  DIHED      =     8300.8213
 VDWAALS =    10209.6241  EEL     =  -262659.4835  HBOND      =        0.0000
 1-4 VDW =     3110.9030  1-4 EEL =    29463.0069  RESTRAINT  =     3497.0633
 EAMBER  =  -209161.3038


   NSTEP       ENERGY          RMS            GMAX         NAME    NUMBER
    750      -2.0566E+05     1.3621E+01     2.6080E+02     HH       9034

 BOND    =      334.5757  ANGLE   =     2079.2486  DIHED      =     8300.8213
 VDWAALS =    10209.6230  EEL     =  -262659.4721  HBOND      =        0.0000
 1-4 VDW =     3110.9030  1-4 EEL =    29463.0070  RESTRAINT  =     3497.0624
 EAMBER  =  -209161.2934


   NSTEP       ENERGY          RMS            GMAX         NAME    NUMBER
    800      -2.0566E+05     1.3621E+01     2.6080E+02     HH       9034

 BOND    =      334.5757  ANGLE   =     2079.2486  DIHED      =     8300.8213
 VDWAALS =    10209.6234  EEL     =  -262659.4684  HBOND      =        0.0000
 1-4 VDW =     3110.9030  1-4 EEL =    29463.0069  RESTRAINT  =     3497.0618
 EAMBER  =  -209161.2895


   NSTEP       ENERGY          RMS            GMAX         NAME    NUMBER
    850      -2.0566E+05     1.3621E+01     2.6080E+02     HH       9034

 BOND    =      334.5756  ANGLE   =     2079.2486  DIHED      =     8300.8213
 VDWAALS =    10209.6217  EEL     =  -262659.4590  HBOND      =        0.0000
 1-4 VDW =     3110.9030  1-4 EEL =    29463.0070  RESTRAINT  =     3497.0625
 EAMBER  =  -209161.2818


   NSTEP       ENERGY          RMS            GMAX         NAME    NUMBER
    900      -2.0566E+05     1.3621E+01     2.6080E+02     HH       9034

 BOND    =      334.5756  ANGLE   =     2079.2486  DIHED      =     8300.8213
 VDWAALS =    10209.6214  EEL     =  -262659.4542  HBOND      =        0.0000
 1-4 VDW =     3110.9030  1-4 EEL =    29463.0067  RESTRAINT  =     3497.0607
 EAMBER  =  -209161.2777


   NSTEP       ENERGY          RMS            GMAX         NAME    NUMBER
    950      -2.0566E+05     1.3621E+01     2.6080E+02     HH       9034

 BOND    =      334.5755  ANGLE   =     2079.2485  DIHED      =     8300.8213
 VDWAALS =    10209.6197  EEL     =  -262659.4460  HBOND      =        0.0000
 1-4 VDW =     3110.9030  1-4 EEL =    29463.0067  RESTRAINT  =     3497.0592
 EAMBER  =  -209161.2713


   NSTEP       ENERGY          RMS            GMAX         NAME    NUMBER
   1000      -2.0566E+05     1.3621E+01     2.6080E+02     HH       9034

 BOND    =      334.5754  ANGLE   =     2079.2485  DIHED      =     8300.8215
 VDWAALS =    10209.6207  EEL     =  -262659.4404  HBOND      =        0.0000
 1-4 VDW =     3110.9030  1-4 EEL =    29463.0068  RESTRAINT  =     3497.0573
 EAMBER  =  -209161.2646


  Maximum number of minimization cycles reached.


                    FINAL RESULTS



   NSTEP       ENERGY          RMS            GMAX         NAME    NUMBER
   1000      -2.0566E+05     1.3621E+01     2.6080E+02     HH       9034

 BOND    =      334.5754  ANGLE   =     2079.2485  DIHED      =     8300.8215
 VDWAALS =    10209.6207  EEL     =  -262659.4404  HBOND      =        0.0000
 1-4 VDW =     3110.9030  1-4 EEL =    29463.0068  RESTRAINT  =     3497.0573
 EAMBER  =  -209161.2646
--------------------------------------------------------------------------------
   5.  TIMINGS
--------------------------------------------------------------------------------

|  NonSetup CPU Time in Major Routines:
|
|     Routine           Sec        %
|     ------------------------------
|     Nonbond           0.74   16.90
|     Bond              0.00    0.00
|     Angle             0.00    0.00
|     Dihedral          0.00    0.00
|     Shake             1.50   34.20
|     Other             2.14   48.90
|     ------------------------------
|     Total             4.39

|  PME Nonbond Pairlist CPU Time:
|
|     Routine              Sec        %
|     ---------------------------------
|     Set Up Cit           0.00    0.00
|     Build List           0.00    0.00
|     ---------------------------------
|     Total                0.00    0.00

|  PME Direct Force CPU Time:
|
|     Routine              Sec        %
|     ---------------------------------
|     NonBonded Calc       0.00    0.00
|     Exclude Masked       0.00    0.00
|     Other                0.00    0.03
|     ---------------------------------
|     Total                0.00    0.03

|  PME Reciprocal Force CPU Time:
|
|     Routine              Sec        %
|     ---------------------------------
|     1D bspline           0.00    0.00
|     Grid Charges         0.00    0.00
|     Scalar Sum           0.00    0.00
|     Gradient Sum         0.00    0.00
|     FFT                  0.00    0.00
|     ---------------------------------
|     Total                0.00    0.00

|  Setup CPU time:            1.25 seconds
|  NonSetup CPU time:         4.39 seconds
|  Total CPU time:            5.64 seconds     0.00 hours

|  Setup wall time:           2    seconds
|  NonSetup wall time:        7    seconds
|  Total wall time:           9    seconds     0.00 hours
