
          -------------------------------------------------------
          Amber 20 PMEMD                              2020
          -------------------------------------------------------

| PMEMD implementation of SANDER, Release 18

|  Compiled date/time: Thu Jun  2 17:33:41 2022
| Run on 10/15/2023 at 12:24:55

|   Executable path: pmemd.cuda
| Working directory: /lustre07/scratch/livtoft/SURE/BTS1/S76A/FPP-IPP
|          Hostname: ng30602

  [-O]verwriting output

File Assignments:
|   MDIN: ../../Relaxation/1min.in                                              
|  MDOUT: 1min.out                                                              
| INPCRD: FPP_IPP_ion.inpcrd                                                    
|   PARM: FPP_IPP_ion.prmtop                                                    
| RESTRT: 1min.rst7                                                             
|   REFC: FPP_IPP_ion.inpcrd                                                    
|  MDVEL: mdvel                                                                 
|   MDEN: mden                                                                  
|  MDCRD: mdcrd.1min                                                            
| MDINFO: 1min.info                                                             
|  MDFRC: mdfrc                                                                 


 Here is the input file:

minimization of solvent                                                        
 &cntrl                                                                        
  imin = 1, maxcyc = 1000,                                                     
  ncyc = 100, ntx = 1,                                                         
  ntwe = 0, ntwr = 500, ntpr = 50,                                             
  ntc = 2, ntf = 2, ntb = 1, ntp = 0,                                          
  cut = 10.0,                                                                  
  ntr=1, restraintmask = ':1-688', restraint_wt = 200.,                        
  ioutfm=1, ntxo=2,                                                            
 /                                                                             


Note: ig = -1. Setting random seed to   759817 based on wallclock time in 
      microseconds.
| irandom = 1, using AMBER's internal random number generator (default).
 
|--------------------- INFORMATION ----------------------
| GPU (CUDA) Version of PMEMD in use: NVIDIA GPU IN USE.
|                    Version 18.0.0
| 
|                      03/25/2018
| 
| Implementation by:
|                    Ross C. Walker     (SDSC)
|                    Scott Le Grand     (nVIDIA)
| 
| Version 18 performance extensions by:
|                    David Cerutti     (Rutgers)
| 
| Precision model in use:
|      [SPFP] - Single Precision Forces, 64-bit Fixed Point
|               Accumulation. (Default)
| 
|--------------------------------------------------------
 
|----------------- CITATION INFORMATION -----------------
|
|    When publishing work that utilized the CUDA version
|    of AMBER, please cite the following in addition to
|    the regular AMBER citations:
|
|  - Romelia Salomon-Ferrer; Andreas W. Goetz; Duncan
|    Poole; Scott Le Grand; Ross C. Walker "Routine
|    microsecond molecular dynamics simulations with
|    AMBER - Part II: Particle Mesh Ewald", J. Chem.
|    Theory Comput., 2013, 9 (9), pp3878-3888,
|    DOI: 10.1021/ct400314y.
|
|  - Andreas W. Goetz; Mark J. Williamson; Dong Xu;
|    Duncan Poole; Scott Le Grand; Ross C. Walker
|    "Routine microsecond molecular dynamics simulations
|    with AMBER - Part I: Generalized Born", J. Chem.
|    Theory Comput., 2012, 8 (5), pp1542-1555.
|
|  - Scott Le Grand; Andreas W. Goetz; Ross C. Walker
|    "SPFP: Speed without compromise - a mixed precision
|    model for GPU accelerated molecular dynamics
|    simulations.", Comp. Phys. Comm., 2013, 184
|    pp374-380, DOI: 10.1016/j.cpc.2012.09.022
|
|--------------------------------------------------------
 
|------------------- GPU DEVICE INFO --------------------
|
|            CUDA_VISIBLE_DEVICES: 0
|   CUDA Capable Devices Detected:      1
|           CUDA Device ID in use:      0
|                CUDA Device Name: NVIDIA A100-SXM4-40GB
|     CUDA Device Global Mem Size:  40339 MB
| CUDA Device Num Multiprocessors:    108
|           CUDA Device Core Freq:   1.41 GHz
|
|--------------------------------------------------------
 
 
| Conditional Compilation Defines Used:
| PUBFFT
| BINTRAJ
| CUDA
| EMIL

| Largest sphere to fit in unit cell has radius =    42.078

| New format PARM file being parsed.
| Version =    1.000 Date = 10/14/23 Time = 19:07:14

| Note: 1-4 EEL scale factors are being read from the topology file.

| Note: 1-4 VDW scale factors are being read from the topology file.
| Duplicated    0 dihedrals

| Duplicated    0 dihedrals

--------------------------------------------------------------------------------
   1.  RESOURCE   USE: 
--------------------------------------------------------------------------------

 getting new box info from bottom of inpcrd
 NATOM  =   74642 NTYPES =      20 NBONH =   68873 MBONA  =    5704
 NTHETH =   12912 MTHETA =    7732 NPHIH =   25877 MPHIA  =   24840
 NHPARM =       0 NPARM  =       0 NNB   =  146780 NRES   =   21917
 NBONA  =    5704 NTHETA =    7732 NPHIA =   24840 NUMBND =      78
 NUMANG =     180 NPTRA  =     201 NATYP =      45 NPHB   =       0
 IFBOX  =       2 NMXRS  =      49 IFCAP =       0 NEXTRA =       0
 NCOPY  =       0

| Coordinate Index Table dimensions:    16   16   16
| Direct force subcell size =     6.4418    6.4418    6.4418

     BOX TYPE: TRUNCATED OCTAHEDRON

--------------------------------------------------------------------------------
   2.  CONTROL  DATA  FOR  THE  RUN
--------------------------------------------------------------------------------

default_name                                                                    

General flags:
     imin    =       1, nmropt  =       0

Nature and format of input:
     ntx     =       1, irest   =       0, ntrx    =       1

Nature and format of output:
     ntxo    =       2, ntpr    =      50, ntrx    =       1, ntwr    =     500
     iwrap   =       0, ntwx    =       0, ntwv    =       0, ntwe    =       0
     ioutfm  =       1, ntwprt  =       0, idecomp =       0, rbornstat=      0

Potential function:
     ntf     =       2, ntb     =       1, igb     =       0, nsnb    =      25
     ipol    =       0, gbsa    =       0, iesp    =       0
     dielc   =   1.00000, cut     =  10.00000, intdiel =   1.00000

Frozen or restrained atoms:
     ibelly  =       0, ntr     =       1
     restraint_wt = 200.00000

Energy minimization:
     maxcyc  =    1000, ncyc    =     100, ntmin   =       1
     dx0     =   0.01000, drms    =   0.00010

SHAKE:
     ntc     =       2, jfastw  =       0
     tol     =   0.00001

| Intermolecular bonds treatment:
|     no_intermolecular_bonds =       1

| Energy averages sample interval:
|     ene_avg_sampling =       1

Ewald parameters:
     verbose =       0, ew_type =       0, nbflag  =       1, use_pme =       1
     vdwmeth =       1, eedmeth =       1, netfrc  =       0
     Box X =  103.069   Box Y =  103.069   Box Z =  103.069
     Alpha =  109.471   Beta  =  109.471   Gamma =  109.471
     NFFT1 =  108       NFFT2 =  108       NFFT3 =  108
     Cutoff=   10.000   Tol   =0.100E-04
     Ewald Coefficient =  0.27511
     Interpolation order =    4

    LOADING THE CONSTRAINED ATOMS AS GROUPS


   5.  REFERENCE ATOM COORDINATES

  default_name                                                                    
     Mask :1-688; matches 11281 atoms

--------------------------------------------------------------------------------
   3.  ATOMIC COORDINATES AND VELOCITIES
--------------------------------------------------------------------------------

default_name                                                                    
 begin time read from input coords =     0.000 ps

 
 Number of triangulated 3-point waters found:    21066

     Sum of charges from parm topology file =  -0.00000029
     Forcing neutrality...

| Dynamic Memory, Types Used:
| Reals             2092993
| Integers          3133785

| Nonbonded Pairs Initial Allocation:    22577338

| GPU memory information (estimate):
| KB of GPU memory in use:    461709
| KB of CPU memory in use:    169987

--------------------------------------------------------------------------------
   4.  RESULTS
--------------------------------------------------------------------------------



   NSTEP       ENERGY          RMS            GMAX         NAME    NUMBER
      1       1.3389E+09     2.9715E+02     2.8285E+04     CD2      7978

 BOND    =      952.2947  ANGLE   =     2138.7248  DIHED      =     8304.0993
 VDWAALS = *************  EEL     =  -256566.5020  HBOND      =        0.0000
 1-4 VDW =     3224.4183  1-4 EEL =    29257.8952  RESTRAINT  =        5.4953
 EAMBER  = *************


   NSTEP       ENERGY          RMS            GMAX         NAME    NUMBER
     50       1.8139E+06     8.8337E+01     2.3373E+04     O        7931

 BOND    =     2733.1846  ANGLE   =     3481.5859  DIHED      =     8381.0054
 VDWAALS =  2014148.5737  EEL     =  -265445.3135  HBOND      =        0.0000
 1-4 VDW =     9660.6085  1-4 EEL =    28937.3668  RESTRAINT  =    11998.6433
 EAMBER  =  1801897.0113


   NSTEP       ENERGY          RMS            GMAX         NAME    NUMBER
    100      -1.8261E+05     5.4728E+01     7.8784E+03     HD12     7976

 BOND    =     1258.2192  ANGLE   =     2937.0382  DIHED      =     8388.2314
 VDWAALS =    12904.7131  EEL     =  -265451.8026  HBOND      =        0.0000
 1-4 VDW =     8149.5443  1-4 EEL =    28936.3448  RESTRAINT  =    20267.9910
 EAMBER  =  -202877.7116


   NSTEP       ENERGY          RMS            GMAX         NAME    NUMBER
    150      -1.6292E+05     6.7066E+01     8.1354E+03     CB       7969

 BOND    =     1040.3620  ANGLE   =     2974.1776  DIHED      =     8368.2903
 VDWAALS =    12878.6978  EEL     =  -265448.7016  HBOND      =        0.0000
 1-4 VDW =    28743.3794  1-4 EEL =    28933.8467  RESTRAINT  =    19588.2127
 EAMBER  =  -182509.9478


   NSTEP       ENERGY          RMS            GMAX         NAME    NUMBER
    200      -1.6294E+05     6.7061E+01     8.1329E+03     CB       7969

 BOND    =     1040.3342  ANGLE   =     2974.1678  DIHED      =     8368.2860
 VDWAALS =    12878.6801  EEL     =  -265448.7015  HBOND      =        0.0000
 1-4 VDW =    28729.7952  1-4 EEL =    28933.8472  RESTRAINT  =    19588.2385
 EAMBER  =  -182523.5910


   NSTEP       ENERGY          RMS            GMAX         NAME    NUMBER
    250      -1.9120E+05     2.4000E+01     4.2312E+03     CD1      7974

 BOND    =      986.3501  ANGLE   =     2702.1025  DIHED      =     8360.0912
 VDWAALS =    12727.2951  EEL     =  -265381.7023  HBOND      =        0.0000
 1-4 VDW =     3968.5445  1-4 EEL =    28939.1903  RESTRAINT  =    16500.1078
 EAMBER  =  -207698.1285


   NSTEP       ENERGY          RMS            GMAX         NAME    NUMBER
    300      -8.5883E+09     1.2847E+02     2.1466E+04     HG       8546

 BOND    =    12063.2222  ANGLE   =     4246.6033  DIHED      =     8392.3599
 VDWAALS = *************  EEL     =  -265121.3307  HBOND      =        0.0000
 1-4 VDW =     3827.2652  1-4 EEL =    28940.1957  RESTRAINT  =    23215.9309
 EAMBER  = *************

     .... RESTARTED DUE TO LINMIN FAILURE ...


   NSTEP       ENERGY          RMS            GMAX         NAME    NUMBER
    350      -8.5888E+09     1.3027E+02     2.2093E+04     HG       8546

 BOND    =    11993.6019  ANGLE   =     4246.5443  DIHED      =     8392.4157
 VDWAALS = *************  EEL     =  -265120.9725  HBOND      =        0.0000
 1-4 VDW =     3801.6370  1-4 EEL =    28940.1227  RESTRAINT  =    23137.8133
 EAMBER  = *************


   NSTEP       ENERGY          RMS            GMAX         NAME    NUMBER
    400      -8.5888E+09     1.3028E+02     2.2098E+04     HG       8546

 BOND    =    11993.1170  ANGLE   =     4246.5447  DIHED      =     8392.4160
 VDWAALS = *************  EEL     =  -265120.9693  HBOND      =        0.0000
 1-4 VDW =     3801.4708  1-4 EEL =    28940.1221  RESTRAINT  =    23137.2646
 EAMBER  = *************

     .... RESTARTED DUE TO LINMIN FAILURE ...


   NSTEP       ENERGY          RMS            GMAX         NAME    NUMBER
    450      -8.5888E+09     1.3029E+02     2.2102E+04     HG       8546

 BOND    =    11992.6804  ANGLE   =     4246.5453  DIHED      =     8392.4164
 VDWAALS = *************  EEL     =  -265120.9641  HBOND      =        0.0000
 1-4 VDW =     3801.3299  1-4 EEL =    28940.1217  RESTRAINT  =    23136.7796
 EAMBER  = *************


   NSTEP       ENERGY          RMS            GMAX         NAME    NUMBER
    500      -8.5888E+09     1.3031E+02     2.2106E+04     HG       8546

 BOND    =    11992.2472  ANGLE   =     4246.5459  DIHED      =     8392.4168
 VDWAALS = *************  EEL     =  -265120.9610  HBOND      =        0.0000
 1-4 VDW =     3801.1816  1-4 EEL =    28940.1213  RESTRAINT  =    23136.2760
 EAMBER  = *************


   NSTEP       ENERGY          RMS            GMAX         NAME    NUMBER
    550      -8.5888E+09     1.3032E+02     2.2111E+04     HG       8546

 BOND    =    11991.7625  ANGLE   =     4246.5467  DIHED      =     8392.4172
 VDWAALS = *************  EEL     =  -265120.9606  HBOND      =        0.0000
 1-4 VDW =     3801.0169  1-4 EEL =    28940.1208  RESTRAINT  =    23135.7225
 EAMBER  = *************


   NSTEP       ENERGY          RMS            GMAX         NAME    NUMBER
    600      -8.5888E+09     1.3033E+02     2.2115E+04     HG       8546

 BOND    =    11991.2772  ANGLE   =     4246.5471  DIHED      =     8392.4176
 VDWAALS = *************  EEL     =  -265120.9602  HBOND      =        0.0000
 1-4 VDW =     3800.8583  1-4 EEL =    28940.1202  RESTRAINT  =    23135.1763
 EAMBER  = *************


   NSTEP       ENERGY          RMS            GMAX         NAME    NUMBER
    650       8.0860E+09     1.3251E+02     2.2771E+04     HG       8546

 BOND    =    11921.8498  ANGLE   =     4246.7132  DIHED      =     8392.4835
 VDWAALS = *************  EEL     =  -265120.5922  HBOND      =        0.0000
 1-4 VDW =     3778.1148  1-4 EEL =    28940.0476  RESTRAINT  =    23056.4383
 EAMBER  = *************


   NSTEP       ENERGY          RMS            GMAX         NAME    NUMBER
    700      -1.9819E+05     2.0343E+01     2.4656E+03     HD22     7980

 BOND    =      474.3633  ANGLE   =     2751.9828  DIHED      =     8364.1442
 VDWAALS =    12464.7142  EEL     =  -264210.3888  HBOND      =        0.0000
 1-4 VDW =     3544.4298  1-4 EEL =    28946.0303  RESTRAINT  =     9472.0517
 EAMBER  =  -207664.7241


   NSTEP       ENERGY          RMS            GMAX         NAME    NUMBER
    750      -2.0024E+05     2.1435E+01     4.1712E+03     HD22     7980

 BOND    =      417.1952  ANGLE   =     2542.1971  DIHED      =     8360.5136
 VDWAALS =    12530.9655  EEL     =  -263773.8304  HBOND      =        0.0000
 1-4 VDW =     3249.9224  1-4 EEL =    28945.2703  RESTRAINT  =     7485.2401
 EAMBER  =  -207727.7663


   NSTEP       ENERGY          RMS            GMAX         NAME    NUMBER
    800      -2.0098E+05     2.1167E+01     4.2689E+03     HD22     7980

 BOND    =      397.2638  ANGLE   =     2457.4430  DIHED      =     8357.1671
 VDWAALS =    12257.9063  EEL     =  -263384.4882  HBOND      =        0.0000
 1-4 VDW =     3203.6530  1-4 EEL =    28945.9710  RESTRAINT  =     6785.4228
 EAMBER  =  -207765.0840


   NSTEP       ENERGY          RMS            GMAX         NAME    NUMBER
    850      -2.0170E+05     1.4284E+01     5.4580E+02     HD22     7980

 BOND    =      377.0899  ANGLE   =     2414.6185  DIHED      =     8359.6372
 VDWAALS =    11692.2892  EEL     =  -263062.3953  HBOND      =        0.0000
 1-4 VDW =     3202.5734  1-4 EEL =    28945.1454  RESTRAINT  =     6368.4728
 EAMBER  =  -208071.0417


   NSTEP       ENERGY          RMS            GMAX         NAME    NUMBER
    900      -2.0188E+05     1.4030E+01     3.9101E+02     HG       8546

 BOND    =      383.4336  ANGLE   =     2387.6498  DIHED      =     8360.5648
 VDWAALS =    11489.4200  EEL     =  -262673.5134  HBOND      =        0.0000
 1-4 VDW =     3183.3178  1-4 EEL =    28945.3653  RESTRAINT  =     6043.8855
 EAMBER  =  -207923.7621


   NSTEP       ENERGY          RMS            GMAX         NAME    NUMBER
    950      -2.0189E+05     1.3952E+01     4.1826E+02     HD22     7980

 BOND    =      393.1633  ANGLE   =     2383.6295  DIHED      =     8362.4690
 VDWAALS =    11364.1724  EEL     =  -262451.2513  HBOND      =        0.0000
 1-4 VDW =     3174.2858  1-4 EEL =    28945.4583  RESTRAINT  =     5936.8425
 EAMBER  =  -207828.0729


   NSTEP       ENERGY          RMS            GMAX         NAME    NUMBER
   1000      -2.0189E+05     1.3952E+01     4.1825E+02     HD22     7980

 BOND    =      393.1624  ANGLE   =     2383.6273  DIHED      =     8362.4686
 VDWAALS =    11364.1714  EEL     =  -262451.2201  HBOND      =        0.0000
 1-4 VDW =     3174.2848  1-4 EEL =    28945.4583  RESTRAINT  =     5936.8172
 EAMBER  =  -207828.0473


  Maximum number of minimization cycles reached.


                    FINAL RESULTS



   NSTEP       ENERGY          RMS            GMAX         NAME    NUMBER
   1000      -2.0189E+05     1.3952E+01     4.1825E+02     HD22     7980

 BOND    =      393.1624  ANGLE   =     2383.6273  DIHED      =     8362.4686
 VDWAALS =    11364.1714  EEL     =  -262451.2201  HBOND      =        0.0000
 1-4 VDW =     3174.2848  1-4 EEL =    28945.4583  RESTRAINT  =     5936.8172
 EAMBER  =  -207828.0473
--------------------------------------------------------------------------------
   5.  TIMINGS
--------------------------------------------------------------------------------

|  NonSetup CPU Time in Major Routines:
|
|     Routine           Sec        %
|     ------------------------------
|     Nonbond           0.72   17.62
|     Bond              0.00    0.00
|     Angle             0.00    0.00
|     Dihedral          0.00    0.00
|     Shake             1.50   36.97
|     Other             1.84   45.41
|     ------------------------------
|     Total             4.06

|  PME Nonbond Pairlist CPU Time:
|
|     Routine              Sec        %
|     ---------------------------------
|     Set Up Cit           0.00    0.00
|     Build List           0.00    0.00
|     ---------------------------------
|     Total                0.00    0.00

|  PME Direct Force CPU Time:
|
|     Routine              Sec        %
|     ---------------------------------
|     NonBonded Calc       0.00    0.00
|     Exclude Masked       0.00    0.00
|     Other                0.00    0.03
|     ---------------------------------
|     Total                0.00    0.03

|  PME Reciprocal Force CPU Time:
|
|     Routine              Sec        %
|     ---------------------------------
|     1D bspline           0.00    0.00
|     Grid Charges         0.00    0.00
|     Scalar Sum           0.00    0.00
|     Gradient Sum         0.00    0.00
|     FFT                  0.00    0.00
|     ---------------------------------
|     Total                0.00    0.00

|  Setup CPU time:            1.13 seconds
|  NonSetup CPU time:         4.06 seconds
|  Total CPU time:            5.19 seconds     0.00 hours

|  Setup wall time:           2    seconds
|  NonSetup wall time:        5    seconds
|  Total wall time:           7    seconds     0.00 hours
