
          -------------------------------------------------------
          Amber 20 PMEMD                              2020
          -------------------------------------------------------

| PMEMD implementation of SANDER, Release 18

|  Compiled date/time: Thu Jun  2 17:33:41 2022
| Run on 10/15/2023 at 12:49:56

|   Executable path: pmemd.cuda
| Working directory: /lustre07/scratch/livtoft/SURE/BTS1/S76A/FPP-IPP
|          Hostname: ng30602

  [-O]verwriting output

File Assignments:
|   MDIN: ../../Relaxation/5min.in                                              
|  MDOUT: 5min.out                                                              
| INPCRD: 4md.rst7                                                              
|   PARM: FPP_IPP_ion.prmtop                                                    
| RESTRT: 5min.rst7                                                             
|   REFC: 4md.rst7                                                              
|  MDVEL: mdvel                                                                 
|   MDEN: mden                                                                  
|  MDCRD: mdcrd.5min                                                            
| MDINFO: 5min.info                                                             
|  MDFRC: mdfrc                                                                 


 Here is the input file:

Minimization of everything excluding backbone                                  
 &cntrl                                                                        
  imin = 1, maxcyc = 1000,                                                     
  ncyc = 50, ntx = 1,                                                          
  ntwe = 0, ntwr = 500, ntpr = 50,                                             
  ntc = 2, ntf = 2, ntb = 1, ntp = 0,                                          
  cut = 8.0,                                                                   
  ntr=1, restraintmask="@CA,C,N,C1,C2,C3,C4,C5,C6,C7,C8,C9,C10,C11,C12,C13,C14,
  restraint_wt=50.                                                             
  ioutfm=1, ntxo=2,                                                            
 /                                                                             


Note: ig = -1. Setting random seed to   847929 based on wallclock time in 
      microseconds.
| irandom = 1, using AMBER's internal random number generator (default).
 
|--------------------- INFORMATION ----------------------
| GPU (CUDA) Version of PMEMD in use: NVIDIA GPU IN USE.
|                    Version 18.0.0
| 
|                      03/25/2018
| 
| Implementation by:
|                    Ross C. Walker     (SDSC)
|                    Scott Le Grand     (nVIDIA)
| 
| Version 18 performance extensions by:
|                    David Cerutti     (Rutgers)
| 
| Precision model in use:
|      [SPFP] - Single Precision Forces, 64-bit Fixed Point
|               Accumulation. (Default)
| 
|--------------------------------------------------------
 
|----------------- CITATION INFORMATION -----------------
|
|    When publishing work that utilized the CUDA version
|    of AMBER, please cite the following in addition to
|    the regular AMBER citations:
|
|  - Romelia Salomon-Ferrer; Andreas W. Goetz; Duncan
|    Poole; Scott Le Grand; Ross C. Walker "Routine
|    microsecond molecular dynamics simulations with
|    AMBER - Part II: Particle Mesh Ewald", J. Chem.
|    Theory Comput., 2013, 9 (9), pp3878-3888,
|    DOI: 10.1021/ct400314y.
|
|  - Andreas W. Goetz; Mark J. Williamson; Dong Xu;
|    Duncan Poole; Scott Le Grand; Ross C. Walker
|    "Routine microsecond molecular dynamics simulations
|    with AMBER - Part I: Generalized Born", J. Chem.
|    Theory Comput., 2012, 8 (5), pp1542-1555.
|
|  - Scott Le Grand; Andreas W. Goetz; Ross C. Walker
|    "SPFP: Speed without compromise - a mixed precision
|    model for GPU accelerated molecular dynamics
|    simulations.", Comp. Phys. Comm., 2013, 184
|    pp374-380, DOI: 10.1016/j.cpc.2012.09.022
|
|--------------------------------------------------------
 
|------------------- GPU DEVICE INFO --------------------
|
|            CUDA_VISIBLE_DEVICES: 0
|   CUDA Capable Devices Detected:      1
|           CUDA Device ID in use:      0
|                CUDA Device Name: NVIDIA A100-SXM4-40GB
|     CUDA Device Global Mem Size:  40339 MB
| CUDA Device Num Multiprocessors:    108
|           CUDA Device Core Freq:   1.41 GHz
|
|--------------------------------------------------------
 
 
| Conditional Compilation Defines Used:
| PUBFFT
| BINTRAJ
| CUDA
| EMIL

| Largest sphere to fit in unit cell has radius =    41.544

| New format PARM file being parsed.
| Version =    1.000 Date = 10/14/23 Time = 19:07:14

| Note: 1-4 EEL scale factors are being read from the topology file.

| Note: 1-4 VDW scale factors are being read from the topology file.
| Duplicated    0 dihedrals

| Duplicated    0 dihedrals

--------------------------------------------------------------------------------
   1.  RESOURCE   USE: 
--------------------------------------------------------------------------------

 getting box info from netcdf restart file
 NATOM  =   74642 NTYPES =      20 NBONH =   68873 MBONA  =    5704
 NTHETH =   12912 MTHETA =    7732 NPHIH =   25877 MPHIA  =   24840
 NHPARM =       0 NPARM  =       0 NNB   =  146780 NRES   =   21917
 NBONA  =    5704 NTHETA =    7732 NPHIA =   24840 NUMBND =      78
 NUMANG =     180 NPTRA  =     201 NATYP =      45 NPHB   =       0
 IFBOX  =       2 NMXRS  =      49 IFCAP =       0 NEXTRA =       0
 NCOPY  =       0

| Coordinate Index Table dimensions:    20   20   20
| Direct force subcell size =     5.0880    5.0880    5.0880

     BOX TYPE: TRUNCATED OCTAHEDRON

--------------------------------------------------------------------------------
   2.  CONTROL  DATA  FOR  THE  RUN
--------------------------------------------------------------------------------

default_name                                                                    

General flags:
     imin    =       1, nmropt  =       0

Nature and format of input:
     ntx     =       1, irest   =       0, ntrx    =       1

Nature and format of output:
     ntxo    =       2, ntpr    =      50, ntrx    =       1, ntwr    =     500
     iwrap   =       0, ntwx    =       0, ntwv    =       0, ntwe    =       0
     ioutfm  =       1, ntwprt  =       0, idecomp =       0, rbornstat=      0

Potential function:
     ntf     =       2, ntb     =       1, igb     =       0, nsnb    =      25
     ipol    =       0, gbsa    =       0, iesp    =       0
     dielc   =   1.00000, cut     =   8.00000, intdiel =   1.00000

Frozen or restrained atoms:
     ibelly  =       0, ntr     =       1
     restraint_wt =  50.00000

Energy minimization:
     maxcyc  =    1000, ncyc    =      50, ntmin   =       1
     dx0     =   0.01000, drms    =   0.00010

SHAKE:
     ntc     =       2, jfastw  =       0
     tol     =   0.00001

| Intermolecular bonds treatment:
|     no_intermolecular_bonds =       1

| Energy averages sample interval:
|     ene_avg_sampling =       1

Ewald parameters:
     verbose =       0, ew_type =       0, nbflag  =       1, use_pme =       1
     vdwmeth =       1, eedmeth =       1, netfrc  =       0
     Box X =  101.761   Box Y =  101.761   Box Z =  101.761
     Alpha =  109.471   Beta  =  109.471   Gamma =  109.471
     NFFT1 =  108       NFFT2 =  108       NFFT3 =  108
     Cutoff=    8.000   Tol   =0.100E-04
     Ewald Coefficient =  0.34864
     Interpolation order =    4

    LOADING THE CONSTRAINED ATOMS AS GROUPS


   5.  REFERENCE ATOM COORDINATES

  default_name                                                                    
     Mask @CA,C,N,C1,C2,C3,C4,C5,C6,C7,C8,C9,C10,C11,C12,C13,C14,C15,C16,C17,C18,C19,C20,O1,O1A,O2A,O3A,O1B,O2B,PA,PB; matches  2112 atoms

--------------------------------------------------------------------------------
   3.  ATOMIC COORDINATES AND VELOCITIES
--------------------------------------------------------------------------------

default_name                                                                    
 begin time read from input coords =  3000.000 ps

 
 Number of triangulated 3-point waters found:    21066

     Sum of charges from parm topology file =  -0.00000029
     Forcing neutrality...

| Dynamic Memory, Types Used:
| Reals             2072537
| Integers          3133785

| Nonbonded Pairs Initial Allocation:    12467080

| GPU memory information (estimate):
| KB of GPU memory in use:    341043
| KB of CPU memory in use:    149681

--------------------------------------------------------------------------------
   4.  RESULTS
--------------------------------------------------------------------------------



   NSTEP       ENERGY          RMS            GMAX         NAME    NUMBER
      1      -2.3442E+05     1.7404E+01     1.0798E+02     CG1      1696

 BOND    =     1810.2888  ANGLE   =     4871.6297  DIHED      =     9010.7760
 VDWAALS =    24752.7904  EEL     =  -306458.0652  HBOND      =        0.0000
 1-4 VDW =     3118.2074  1-4 EEL =    28474.3290  RESTRAINT  =        0.0000


   NSTEP       ENERGY          RMS            GMAX         NAME    NUMBER
     50      -2.4642E+05     1.4763E+01     5.1078E+01     O       12840

 BOND    =      338.0197  ANGLE   =     2186.2942  DIHED      =     8564.5966
 VDWAALS =    16914.5508  EEL     =  -305795.8143  HBOND      =        0.0000
 1-4 VDW =     2855.5624  1-4 EEL =    28341.6104  RESTRAINT  =      175.1483
 EAMBER  =  -246595.1801


   NSTEP       ENERGY          RMS            GMAX         NAME    NUMBER
    100      -2.4642E+05     1.4763E+01     5.1078E+01     O       12840

 BOND    =      338.0195  ANGLE   =     2186.2905  DIHED      =     8564.5964
 VDWAALS =    16914.5047  EEL     =  -305795.6755  HBOND      =        0.0000
 1-4 VDW =     2855.5607  1-4 EEL =    28341.6099  RESTRAINT  =      175.1494
 EAMBER  =  -246595.0939


   NSTEP       ENERGY          RMS            GMAX         NAME    NUMBER
    150      -2.4642E+05     1.4763E+01     5.1078E+01     O       12840

 BOND    =      338.0195  ANGLE   =     2186.2902  DIHED      =     8564.5964
 VDWAALS =    16914.5012  EEL     =  -305795.6677  HBOND      =        0.0000
 1-4 VDW =     2855.5606  1-4 EEL =    28341.6098  RESTRAINT  =      175.1495
 EAMBER  =  -246595.0899


   NSTEP       ENERGY          RMS            GMAX         NAME    NUMBER
    200      -2.4642E+05     1.4763E+01     5.1078E+01     O       12840

 BOND    =      338.0195  ANGLE   =     2186.2901  DIHED      =     8564.5963
 VDWAALS =    16914.5005  EEL     =  -305795.6644  HBOND      =        0.0000
 1-4 VDW =     2855.5605  1-4 EEL =    28341.6098  RESTRAINT  =      175.1495
 EAMBER  =  -246595.0878


   NSTEP       ENERGY          RMS            GMAX         NAME    NUMBER
    250      -2.4642E+05     1.4763E+01     5.1078E+01     O       12840

 BOND    =      338.0195  ANGLE   =     2186.2899  DIHED      =     8564.5962
 VDWAALS =    16914.4996  EEL     =  -305795.6591  HBOND      =        0.0000
 1-4 VDW =     2855.5605  1-4 EEL =    28341.6099  RESTRAINT  =      175.1496
 EAMBER  =  -246595.0835


   NSTEP       ENERGY          RMS            GMAX         NAME    NUMBER
    300      -2.4642E+05     1.4763E+01     5.1078E+01     O       12840

 BOND    =      338.0195  ANGLE   =     2186.2897  DIHED      =     8564.5963
 VDWAALS =    16914.4952  EEL     =  -305795.6539  HBOND      =        0.0000
 1-4 VDW =     2855.5603  1-4 EEL =    28341.6097  RESTRAINT  =      175.1496
 EAMBER  =  -246595.0832


   NSTEP       ENERGY          RMS            GMAX         NAME    NUMBER
    350      -2.4642E+05     1.4763E+01     5.1078E+01     O       12840

 BOND    =      338.0195  ANGLE   =     2186.2895  DIHED      =     8564.5962
 VDWAALS =    16914.4930  EEL     =  -305795.6438  HBOND      =        0.0000
 1-4 VDW =     2855.5603  1-4 EEL =    28341.6096  RESTRAINT  =      175.1497
 EAMBER  =  -246595.0758


   NSTEP       ENERGY          RMS            GMAX         NAME    NUMBER
    400      -2.4642E+05     1.4763E+01     5.1078E+01     O       12840

 BOND    =      338.0195  ANGLE   =     2186.2892  DIHED      =     8564.5959
 VDWAALS =    16914.4904  EEL     =  -305795.6361  HBOND      =        0.0000
 1-4 VDW =     2855.5602  1-4 EEL =    28341.6096  RESTRAINT  =      175.1498
 EAMBER  =  -246595.0713


   NSTEP       ENERGY          RMS            GMAX         NAME    NUMBER
    450      -2.4642E+05     1.4763E+01     5.1078E+01     O       12840

 BOND    =      338.0195  ANGLE   =     2186.2889  DIHED      =     8564.5960
 VDWAALS =    16914.4876  EEL     =  -305795.6278  HBOND      =        0.0000
 1-4 VDW =     2855.5601  1-4 EEL =    28341.6096  RESTRAINT  =      175.1498
 EAMBER  =  -246595.0661

     .... RESTARTED DUE TO LINMIN FAILURE ...


   NSTEP       ENERGY          RMS            GMAX         NAME    NUMBER
    500      -2.4642E+05     1.4763E+01     5.1078E+01     O       12840

 BOND    =      338.0195  ANGLE   =     2186.2888  DIHED      =     8564.5960
 VDWAALS =    16914.4859  EEL     =  -305795.6221  HBOND      =        0.0000
 1-4 VDW =     2855.5601  1-4 EEL =    28341.6095  RESTRAINT  =      175.1499
 EAMBER  =  -246595.0624


   NSTEP       ENERGY          RMS            GMAX         NAME    NUMBER
    550      -2.4642E+05     1.4763E+01     5.1078E+01     O       12840

 BOND    =      338.0194  ANGLE   =     2186.2886  DIHED      =     8564.5959
 VDWAALS =    16914.4841  EEL     =  -305795.6155  HBOND      =        0.0000
 1-4 VDW =     2855.5601  1-4 EEL =    28341.6094  RESTRAINT  =      175.1499
 EAMBER  =  -246595.0580


   NSTEP       ENERGY          RMS            GMAX         NAME    NUMBER
    600      -2.4642E+05     1.4763E+01     5.1078E+01     O       12840

 BOND    =      338.0195  ANGLE   =     2186.2885  DIHED      =     8564.5959
 VDWAALS =    16914.4832  EEL     =  -305795.6101  HBOND      =        0.0000
 1-4 VDW =     2855.5600  1-4 EEL =    28341.6094  RESTRAINT  =      175.1500
 EAMBER  =  -246595.0537


   NSTEP       ENERGY          RMS            GMAX         NAME    NUMBER
    650      -2.4642E+05     1.4763E+01     5.1078E+01     O       12840

 BOND    =      338.0194  ANGLE   =     2186.2884  DIHED      =     8564.5958
 VDWAALS =    16914.4816  EEL     =  -305795.6062  HBOND      =        0.0000
 1-4 VDW =     2855.5600  1-4 EEL =    28341.6094  RESTRAINT  =      175.1500
 EAMBER  =  -246595.0515


   NSTEP       ENERGY          RMS            GMAX         NAME    NUMBER
    700      -2.4642E+05     1.4763E+01     5.1078E+01     O       12840

 BOND    =      338.0194  ANGLE   =     2186.2880  DIHED      =     8564.5957
 VDWAALS =    16914.4778  EEL     =  -305795.5983  HBOND      =        0.0000
 1-4 VDW =     2855.5598  1-4 EEL =    28341.6093  RESTRAINT  =      175.1501
 EAMBER  =  -246595.0483


   NSTEP       ENERGY          RMS            GMAX         NAME    NUMBER
    750      -2.4642E+05     1.4763E+01     5.1078E+01     O       12840

 BOND    =      338.0193  ANGLE   =     2186.2879  DIHED      =     8564.5960
 VDWAALS =    16914.4762  EEL     =  -305795.5950  HBOND      =        0.0000
 1-4 VDW =     2855.5598  1-4 EEL =    28341.6091  RESTRAINT  =      175.1501
 EAMBER  =  -246595.0468


   NSTEP       ENERGY          RMS            GMAX         NAME    NUMBER
    800      -2.4642E+05     1.4763E+01     5.1078E+01     O       12840

 BOND    =      338.0193  ANGLE   =     2186.2877  DIHED      =     8564.5957
 VDWAALS =    16914.4737  EEL     =  -305795.5853  HBOND      =        0.0000
 1-4 VDW =     2855.5596  1-4 EEL =    28341.6091  RESTRAINT  =      175.1502
 EAMBER  =  -246595.0402


   NSTEP       ENERGY          RMS            GMAX         NAME    NUMBER
    850      -2.4642E+05     1.4763E+01     5.1078E+01     O       12840

 BOND    =      338.0193  ANGLE   =     2186.2874  DIHED      =     8564.5959
 VDWAALS =    16914.4706  EEL     =  -305795.5752  HBOND      =        0.0000
 1-4 VDW =     2855.5595  1-4 EEL =    28341.6090  RESTRAINT  =      175.1503
 EAMBER  =  -246595.0334


   NSTEP       ENERGY          RMS            GMAX         NAME    NUMBER
    900      -2.4642E+05     1.4763E+01     5.1078E+01     O       12840

 BOND    =      338.0193  ANGLE   =     2186.2872  DIHED      =     8564.5959
 VDWAALS =    16914.4690  EEL     =  -305795.5690  HBOND      =        0.0000
 1-4 VDW =     2855.5595  1-4 EEL =    28341.6089  RESTRAINT  =      175.1503
 EAMBER  =  -246595.0291


   NSTEP       ENERGY          RMS            GMAX         NAME    NUMBER
    950      -2.4642E+05     1.4763E+01     5.1078E+01     O       12840

 BOND    =      338.0193  ANGLE   =     2186.2871  DIHED      =     8564.5959
 VDWAALS =    16914.4679  EEL     =  -305795.5625  HBOND      =        0.0000
 1-4 VDW =     2855.5595  1-4 EEL =    28341.6089  RESTRAINT  =      175.1504
 EAMBER  =  -246595.0239


   NSTEP       ENERGY          RMS            GMAX         NAME    NUMBER
   1000      -2.4642E+05     1.4763E+01     5.1078E+01     O       12840

 BOND    =      338.0193  ANGLE   =     2186.2869  DIHED      =     8564.5959
 VDWAALS =    16914.4660  EEL     =  -305795.5577  HBOND      =        0.0000
 1-4 VDW =     2855.5594  1-4 EEL =    28341.6089  RESTRAINT  =      175.1504
 EAMBER  =  -246595.0213


  Maximum number of minimization cycles reached.


                    FINAL RESULTS



   NSTEP       ENERGY          RMS            GMAX         NAME    NUMBER
   1000      -2.4642E+05     1.4763E+01     5.1078E+01     O       12840

 BOND    =      338.0193  ANGLE   =     2186.2869  DIHED      =     8564.5959
 VDWAALS =    16914.4660  EEL     =  -305795.5577  HBOND      =        0.0000
 1-4 VDW =     2855.5594  1-4 EEL =    28341.6089  RESTRAINT  =      175.1504
 EAMBER  =  -246595.0213
--------------------------------------------------------------------------------
   5.  TIMINGS
--------------------------------------------------------------------------------

|  NonSetup CPU Time in Major Routines:
|
|     Routine           Sec        %
|     ------------------------------
|     Nonbond           0.55   14.03
|     Bond              0.00    0.00
|     Angle             0.00    0.00
|     Dihedral          0.00    0.00
|     Shake             1.47   37.84
|     Other             1.87   48.14
|     ------------------------------
|     Total             3.89

|  PME Nonbond Pairlist CPU Time:
|
|     Routine              Sec        %
|     ---------------------------------
|     Set Up Cit           0.00    0.00
|     Build List           0.00    0.00
|     ---------------------------------
|     Total                0.00    0.00

|  PME Direct Force CPU Time:
|
|     Routine              Sec        %
|     ---------------------------------
|     NonBonded Calc       0.00    0.00
|     Exclude Masked       0.00    0.00
|     Other                0.00    0.03
|     ---------------------------------
|     Total                0.00    0.03

|  PME Reciprocal Force CPU Time:
|
|     Routine              Sec        %
|     ---------------------------------
|     1D bspline           0.00    0.00
|     Grid Charges         0.00    0.00
|     Scalar Sum           0.00    0.00
|     Gradient Sum         0.00    0.00
|     FFT                  0.00    0.00
|     ---------------------------------
|     Total                0.00    0.00

|  Setup CPU time:            0.70 seconds
|  NonSetup CPU time:         3.89 seconds
|  Total CPU time:            4.60 seconds     0.00 hours

|  Setup wall time:           1    seconds
|  NonSetup wall time:        4    seconds
|  Total wall time:           5    seconds     0.00 hours
