
          -------------------------------------------------------
          Amber 20 PMEMD                              2020
          -------------------------------------------------------

| PMEMD implementation of SANDER, Release 18

|  Compiled date/time: Thu Jun  2 17:33:41 2022
| Run on 08/29/2023 at 16:44:25

|   Executable path: pmemd.cuda
| Working directory: /lustre07/scratch/livtoft/SURE/BTS1/K36E_R48G_V64G_S70C_S71G_S188P/GPP-IPP
|          Hostname: ng11003

  [-O]verwriting output

File Assignments:
|   MDIN: ../../Relaxation/1min.in                                              
|  MDOUT: 1min.out                                                              
| INPCRD: GPP_IPP_ion.inpcrd                                                    
|   PARM: GPP_IPP_ion.prmtop                                                    
| RESTRT: 1min.rst7                                                             
|   REFC: GPP_IPP_ion.inpcrd                                                    
|  MDVEL: mdvel                                                                 
|   MDEN: mden                                                                  
|  MDCRD: mdcrd.1min                                                            
| MDINFO: 1min.info                                                             
|  MDFRC: mdfrc                                                                 


 Here is the input file:

minimization of solvent                                                        
 &cntrl                                                                        
  imin = 1, maxcyc = 1000,                                                     
  ncyc = 100, ntx = 1,                                                         
  ntwe = 0, ntwr = 500, ntpr = 50,                                             
  ntc = 2, ntf = 2, ntb = 1, ntp = 0,                                          
  cut = 10.0,                                                                  
  ntr=1, restraintmask = ':1-688', restraint_wt = 200.,                        
  ioutfm=1, ntxo=2,                                                            
 /                                                                             


Note: ig = -1. Setting random seed to   906697 based on wallclock time in 
      microseconds.
| irandom = 1, using AMBER's internal random number generator (default).
 
|--------------------- INFORMATION ----------------------
| GPU (CUDA) Version of PMEMD in use: NVIDIA GPU IN USE.
|                    Version 18.0.0
| 
|                      03/25/2018
| 
| Implementation by:
|                    Ross C. Walker     (SDSC)
|                    Scott Le Grand     (nVIDIA)
| 
| Version 18 performance extensions by:
|                    David Cerutti     (Rutgers)
| 
| Precision model in use:
|      [SPFP] - Single Precision Forces, 64-bit Fixed Point
|               Accumulation. (Default)
| 
|--------------------------------------------------------
 
|----------------- CITATION INFORMATION -----------------
|
|    When publishing work that utilized the CUDA version
|    of AMBER, please cite the following in addition to
|    the regular AMBER citations:
|
|  - Romelia Salomon-Ferrer; Andreas W. Goetz; Duncan
|    Poole; Scott Le Grand; Ross C. Walker "Routine
|    microsecond molecular dynamics simulations with
|    AMBER - Part II: Particle Mesh Ewald", J. Chem.
|    Theory Comput., 2013, 9 (9), pp3878-3888,
|    DOI: 10.1021/ct400314y.
|
|  - Andreas W. Goetz; Mark J. Williamson; Dong Xu;
|    Duncan Poole; Scott Le Grand; Ross C. Walker
|    "Routine microsecond molecular dynamics simulations
|    with AMBER - Part I: Generalized Born", J. Chem.
|    Theory Comput., 2012, 8 (5), pp1542-1555.
|
|  - Scott Le Grand; Andreas W. Goetz; Ross C. Walker
|    "SPFP: Speed without compromise - a mixed precision
|    model for GPU accelerated molecular dynamics
|    simulations.", Comp. Phys. Comm., 2013, 184
|    pp374-380, DOI: 10.1016/j.cpc.2012.09.022
|
|--------------------------------------------------------
 
|------------------- GPU DEVICE INFO --------------------
|
|            CUDA_VISIBLE_DEVICES: 0
|   CUDA Capable Devices Detected:      1
|           CUDA Device ID in use:      0
|                CUDA Device Name: NVIDIA A100-SXM4-40GB
|     CUDA Device Global Mem Size:  40338 MB
| CUDA Device Num Multiprocessors:    108
|           CUDA Device Core Freq:   1.41 GHz
|
|--------------------------------------------------------
 
 
| Conditional Compilation Defines Used:
| PUBFFT
| BINTRAJ
| CUDA
| EMIL

| Largest sphere to fit in unit cell has radius =    42.117

| New format PARM file being parsed.
| Version =    1.000 Date = 08/29/23 Time = 16:36:20

| Note: 1-4 EEL scale factors are being read from the topology file.

| Note: 1-4 VDW scale factors are being read from the topology file.
| Duplicated    0 dihedrals

| Duplicated    0 dihedrals

--------------------------------------------------------------------------------
   1.  RESOURCE   USE: 
--------------------------------------------------------------------------------

 getting new box info from bottom of inpcrd
 NATOM  =   74796 NTYPES =      20 NBONH =   69046 MBONA  =    5681
 NTHETH =   12803 MTHETA =    7707 NPHIH =   25657 MPHIA  =   24785
 NHPARM =       0 NPARM  =       0 NNB   =  146679 NRES   =   21998
 NBONA  =    5681 NTHETA =    7707 NPHIA =   24785 NUMBND =      80
 NUMANG =     183 NPTRA  =     212 NATYP =      47 NPHB   =       0
 IFBOX  =       2 NMXRS  =      36 IFCAP =       0 NEXTRA =       0
 NCOPY  =       0

| Coordinate Index Table dimensions:    16   16   16
| Direct force subcell size =     6.4478    6.4478    6.4478

     BOX TYPE: TRUNCATED OCTAHEDRON

--------------------------------------------------------------------------------
   2.  CONTROL  DATA  FOR  THE  RUN
--------------------------------------------------------------------------------

default_name                                                                    

General flags:
     imin    =       1, nmropt  =       0

Nature and format of input:
     ntx     =       1, irest   =       0, ntrx    =       1

Nature and format of output:
     ntxo    =       2, ntpr    =      50, ntrx    =       1, ntwr    =     500
     iwrap   =       0, ntwx    =       0, ntwv    =       0, ntwe    =       0
     ioutfm  =       1, ntwprt  =       0, idecomp =       0, rbornstat=      0

Potential function:
     ntf     =       2, ntb     =       1, igb     =       0, nsnb    =      25
     ipol    =       0, gbsa    =       0, iesp    =       0
     dielc   =   1.00000, cut     =  10.00000, intdiel =   1.00000

Frozen or restrained atoms:
     ibelly  =       0, ntr     =       1
     restraint_wt = 200.00000

Energy minimization:
     maxcyc  =    1000, ncyc    =     100, ntmin   =       1
     dx0     =   0.01000, drms    =   0.00010

SHAKE:
     ntc     =       2, jfastw  =       0
     tol     =   0.00001

| Intermolecular bonds treatment:
|     no_intermolecular_bonds =       1

| Energy averages sample interval:
|     ene_avg_sampling =       1

Ewald parameters:
     verbose =       0, ew_type =       0, nbflag  =       1, use_pme =       1
     vdwmeth =       1, eedmeth =       1, netfrc  =       0
     Box X =  103.166   Box Y =  103.166   Box Z =  103.166
     Alpha =  109.471   Beta  =  109.471   Gamma =  109.471
     NFFT1 =  108       NFFT2 =  108       NFFT3 =  108
     Cutoff=   10.000   Tol   =0.100E-04
     Ewald Coefficient =  0.27511
     Interpolation order =    4

    LOADING THE CONSTRAINED ATOMS AS GROUPS


   5.  REFERENCE ATOM COORDINATES

  default_name                                                                    
     Mask :1-688; matches 11204 atoms

--------------------------------------------------------------------------------
   3.  ATOMIC COORDINATES AND VELOCITIES
--------------------------------------------------------------------------------

default_name                                                                    
 begin time read from input coords =     0.000 ps

 
 Number of triangulated 3-point waters found:    21141

     Sum of charges from parm topology file =  -0.00000028
     Forcing neutrality...

| Dynamic Memory, Types Used:
| Reals             2097051
| Integers          3130655

| Nonbonded Pairs Initial Allocation:    22623920

| GPU memory information (estimate):
| KB of GPU memory in use:    470149
| KB of CPU memory in use:    178428

--------------------------------------------------------------------------------
   4.  RESULTS
--------------------------------------------------------------------------------



   NSTEP       ENERGY          RMS            GMAX         NAME    NUMBER
      1      -8.2304E+09     2.2365E+02     2.4761E+04     O2B      5557

 BOND    =      940.7998  ANGLE   =     2086.7060  DIHED      =     8275.5658
 VDWAALS = *************  EEL     =  -259236.5858  HBOND      =        0.0000
 1-4 VDW =     3201.8751  1-4 EEL =    29804.8827  RESTRAINT  =        5.3768
 EAMBER  = *************


   NSTEP       ENERGY          RMS            GMAX         NAME    NUMBER
     50      -1.3624E+05     2.9538E+01     6.2314E+03     OH       3411

 BOND    =    11776.0409  ANGLE   =     3597.3043  DIHED      =     8521.2360
 VDWAALS =    11988.1237  EEL     =  -266804.3487  HBOND      =        0.0000
 1-4 VDW =     3316.7413  1-4 EEL =    29569.5118  RESTRAINT  =    61797.5081
 EAMBER  =  -198035.3906


   NSTEP       ENERGY          RMS            GMAX         NAME    NUMBER
    100      -2.0172E+05     1.3440E+01     4.8205E+02     HE1      3409

 BOND    =      356.1556  ANGLE   =     2067.3482  DIHED      =     8330.6725
 VDWAALS =     9714.2049  EEL     =  -258641.9272  HBOND      =        0.0000
 1-4 VDW =     3126.5910  1-4 EEL =    29494.5412  RESTRAINT  =     3829.9956
 EAMBER  =  -205552.4139


   NSTEP       ENERGY          RMS            GMAX         NAME    NUMBER
    150      -2.0172E+05     1.3440E+01     4.8204E+02     HE1      3409

 BOND    =      356.1551  ANGLE   =     2067.3465  DIHED      =     8330.6724
 VDWAALS =     9714.1787  EEL     =  -258641.8802  HBOND      =        0.0000
 1-4 VDW =     3126.5910  1-4 EEL =    29494.5410  RESTRAINT  =     3829.9721
 EAMBER  =  -205552.3954


   NSTEP       ENERGY          RMS            GMAX         NAME    NUMBER
    200      -2.0172E+05     1.3440E+01     4.8204E+02     HE1      3409

 BOND    =      356.1550  ANGLE   =     2067.3460  DIHED      =     8330.6723
 VDWAALS =     9714.1724  EEL     =  -258641.8640  HBOND      =        0.0000
 1-4 VDW =     3126.5909  1-4 EEL =    29494.5407  RESTRAINT  =     3829.9673
 EAMBER  =  -205552.3867


   NSTEP       ENERGY          RMS            GMAX         NAME    NUMBER
    250      -2.0172E+05     1.3440E+01     4.8204E+02     HE1      3409

 BOND    =      356.1549  ANGLE   =     2067.3458  DIHED      =     8330.6721
 VDWAALS =     9714.1732  EEL     =  -258641.8540  HBOND      =        0.0000
 1-4 VDW =     3126.5907  1-4 EEL =    29494.5407  RESTRAINT  =     3829.9668
 EAMBER  =  -205552.3766


   NSTEP       ENERGY          RMS            GMAX         NAME    NUMBER
    300      -2.0172E+05     1.3440E+01     4.8204E+02     HE1      3409

 BOND    =      356.1549  ANGLE   =     2067.3455  DIHED      =     8330.6721
 VDWAALS =     9714.1735  EEL     =  -258641.8443  HBOND      =        0.0000
 1-4 VDW =     3126.5907  1-4 EEL =    29494.5406  RESTRAINT  =     3829.9609
 EAMBER  =  -205552.3671


   NSTEP       ENERGY          RMS            GMAX         NAME    NUMBER
    350      -2.0172E+05     1.3440E+01     4.8204E+02     HE1      3409

 BOND    =      356.1547  ANGLE   =     2067.3450  DIHED      =     8330.6720
 VDWAALS =     9714.1703  EEL     =  -258641.8359  HBOND      =        0.0000
 1-4 VDW =     3126.5905  1-4 EEL =    29494.5406  RESTRAINT  =     3829.9564
 EAMBER  =  -205552.3627


   NSTEP       ENERGY          RMS            GMAX         NAME    NUMBER
    400      -2.0172E+05     1.3440E+01     4.8204E+02     HE1      3409

 BOND    =      356.1546  ANGLE   =     2067.3446  DIHED      =     8330.6720
 VDWAALS =     9714.1648  EEL     =  -258641.8193  HBOND      =        0.0000
 1-4 VDW =     3126.5905  1-4 EEL =    29494.5405  RESTRAINT  =     3829.9518
 EAMBER  =  -205552.3524


   NSTEP       ENERGY          RMS            GMAX         NAME    NUMBER
    450      -2.0172E+05     1.3440E+01     4.8204E+02     HE1      3409

 BOND    =      356.1545  ANGLE   =     2067.3441  DIHED      =     8330.6719
 VDWAALS =     9714.1676  EEL     =  -258641.8103  HBOND      =        0.0000
 1-4 VDW =     3126.5903  1-4 EEL =    29494.5403  RESTRAINT  =     3829.9443
 EAMBER  =  -205552.3415


   NSTEP       ENERGY          RMS            GMAX         NAME    NUMBER
    500      -2.0172E+05     1.3440E+01     4.8204E+02     HE1      3409

 BOND    =      356.1543  ANGLE   =     2067.3436  DIHED      =     8330.6718
 VDWAALS =     9714.1629  EEL     =  -258641.7926  HBOND      =        0.0000
 1-4 VDW =     3126.5902  1-4 EEL =    29494.5402  RESTRAINT  =     3829.9394
 EAMBER  =  -205552.3296


   NSTEP       ENERGY          RMS            GMAX         NAME    NUMBER
    550      -2.0172E+05     1.3440E+01     4.8204E+02     HE1      3409

 BOND    =      356.1543  ANGLE   =     2067.3433  DIHED      =     8330.6717
 VDWAALS =     9714.1651  EEL     =  -258641.7889  HBOND      =        0.0000
 1-4 VDW =     3126.5899  1-4 EEL =    29494.5403  RESTRAINT  =     3829.9380
 EAMBER  =  -205552.3243


   NSTEP       ENERGY          RMS            GMAX         NAME    NUMBER
    600      -2.0172E+05     1.3440E+01     4.8204E+02     HE1      3409

 BOND    =      356.1542  ANGLE   =     2067.3431  DIHED      =     8330.6717
 VDWAALS =     9714.1641  EEL     =  -258641.7793  HBOND      =        0.0000
 1-4 VDW =     3126.5899  1-4 EEL =    29494.5404  RESTRAINT  =     3829.9335
 EAMBER  =  -205552.3159

     .... RESTARTED DUE TO LINMIN FAILURE ...


   NSTEP       ENERGY          RMS            GMAX         NAME    NUMBER
    650      -2.0172E+05     1.3440E+01     4.8204E+02     HE1      3409

 BOND    =      356.1540  ANGLE   =     2067.3428  DIHED      =     8330.6717
 VDWAALS =     9714.1641  EEL     =  -258641.7659  HBOND      =        0.0000
 1-4 VDW =     3126.5897  1-4 EEL =    29494.5402  RESTRAINT  =     3829.9311
 EAMBER  =  -205552.3033


   NSTEP       ENERGY          RMS            GMAX         NAME    NUMBER
    700      -2.0172E+05     1.3440E+01     4.8203E+02     HE1      3409

 BOND    =      356.1540  ANGLE   =     2067.3424  DIHED      =     8330.6717
 VDWAALS =     9714.1611  EEL     =  -258641.7531  HBOND      =        0.0000
 1-4 VDW =     3126.5897  1-4 EEL =    29494.5402  RESTRAINT  =     3829.9247
 EAMBER  =  -205552.2939


   NSTEP       ENERGY          RMS            GMAX         NAME    NUMBER
    750      -2.0172E+05     1.3440E+01     4.8203E+02     HE1      3409

 BOND    =      356.1539  ANGLE   =     2067.3422  DIHED      =     8330.6716
 VDWAALS =     9714.1605  EEL     =  -258641.7477  HBOND      =        0.0000
 1-4 VDW =     3126.5896  1-4 EEL =    29494.5402  RESTRAINT  =     3829.9261
 EAMBER  =  -205552.2898


   NSTEP       ENERGY          RMS            GMAX         NAME    NUMBER
    800      -2.0172E+05     1.3440E+01     4.8203E+02     HE1      3409

 BOND    =      356.1538  ANGLE   =     2067.3418  DIHED      =     8330.6717
 VDWAALS =     9714.1567  EEL     =  -258641.7310  HBOND      =        0.0000
 1-4 VDW =     3126.5896  1-4 EEL =    29494.5400  RESTRAINT  =     3829.9179
 EAMBER  =  -205552.2774


   NSTEP       ENERGY          RMS            GMAX         NAME    NUMBER
    850      -2.0172E+05     1.3440E+01     4.8203E+02     HE1      3409

 BOND    =      356.1537  ANGLE   =     2067.3412  DIHED      =     8330.6716
 VDWAALS =     9714.1518  EEL     =  -258641.7162  HBOND      =        0.0000
 1-4 VDW =     3126.5895  1-4 EEL =    29494.5400  RESTRAINT  =     3829.9147
 EAMBER  =  -205552.2684


   NSTEP       ENERGY          RMS            GMAX         NAME    NUMBER
    900      -2.0172E+05     1.3440E+01     4.8203E+02     HE1      3409

 BOND    =      356.1536  ANGLE   =     2067.3410  DIHED      =     8330.6715
 VDWAALS =     9714.1495  EEL     =  -258641.7073  HBOND      =        0.0000
 1-4 VDW =     3126.5893  1-4 EEL =    29494.5400  RESTRAINT  =     3829.9132
 EAMBER  =  -205552.2624


   NSTEP       ENERGY          RMS            GMAX         NAME    NUMBER
    950      -2.0172E+05     1.3440E+01     4.8203E+02     HE1      3409

 BOND    =      356.1536  ANGLE   =     2067.3407  DIHED      =     8330.6715
 VDWAALS =     9714.1484  EEL     =  -258641.6972  HBOND      =        0.0000
 1-4 VDW =     3126.5893  1-4 EEL =    29494.5404  RESTRAINT  =     3829.9097
 EAMBER  =  -205552.2533


   NSTEP       ENERGY          RMS            GMAX         NAME    NUMBER
   1000      -2.0172E+05     1.3440E+01     4.8203E+02     HE1      3409

 BOND    =      356.1535  ANGLE   =     2067.3404  DIHED      =     8330.6714
 VDWAALS =     9714.1456  EEL     =  -258641.6841  HBOND      =        0.0000
 1-4 VDW =     3126.5891  1-4 EEL =    29494.5403  RESTRAINT  =     3829.9082
 EAMBER  =  -205552.2438


  Maximum number of minimization cycles reached.


                    FINAL RESULTS



   NSTEP       ENERGY          RMS            GMAX         NAME    NUMBER
   1000      -2.0172E+05     1.3440E+01     4.8203E+02     HE1      3409

 BOND    =      356.1535  ANGLE   =     2067.3404  DIHED      =     8330.6714
 VDWAALS =     9714.1456  EEL     =  -258641.6841  HBOND      =        0.0000
 1-4 VDW =     3126.5891  1-4 EEL =    29494.5403  RESTRAINT  =     3829.9082
 EAMBER  =  -205552.2438
--------------------------------------------------------------------------------
   5.  TIMINGS
--------------------------------------------------------------------------------

|  NonSetup CPU Time in Major Routines:
|
|     Routine           Sec        %
|     ------------------------------
|     Nonbond           0.73   16.30
|     Bond              0.00    0.00
|     Angle             0.00    0.00
|     Dihedral          0.00    0.00
|     Shake             1.56   34.67
|     Other             2.21   49.04
|     ------------------------------
|     Total             4.50

|  PME Nonbond Pairlist CPU Time:
|
|     Routine              Sec        %
|     ---------------------------------
|     Set Up Cit           0.00    0.00
|     Build List           0.00    0.00
|     ---------------------------------
|     Total                0.00    0.00

|  PME Direct Force CPU Time:
|
|     Routine              Sec        %
|     ---------------------------------
|     NonBonded Calc       0.00    0.00
|     Exclude Masked       0.00    0.00
|     Other                0.00    0.03
|     ---------------------------------
|     Total                0.00    0.03

|  PME Reciprocal Force CPU Time:
|
|     Routine              Sec        %
|     ---------------------------------
|     1D bspline           0.00    0.00
|     Grid Charges         0.00    0.00
|     Scalar Sum           0.00    0.00
|     Gradient Sum         0.00    0.00
|     FFT                  0.00    0.00
|     ---------------------------------
|     Total                0.00    0.00

|  Setup CPU time:            1.14 seconds
|  NonSetup CPU time:         4.50 seconds
|  Total CPU time:            5.64 seconds     0.00 hours

|  Setup wall time:          23    seconds
|  NonSetup wall time:        6    seconds
|  Total wall time:          29    seconds     0.01 hours
