
          -------------------------------------------------------
          Amber 20 PMEMD                              2020
          -------------------------------------------------------

| PMEMD implementation of SANDER, Release 18

|  Compiled date/time: Thu Jun  2 17:33:41 2022
| Run on 08/29/2023 at 17:11:34

|   Executable path: pmemd.cuda
| Working directory: /lustre07/scratch/livtoft/SURE/BTS1/K36E_R48G_V64G_S70C_S71G_S188P/GPP-IPP
|          Hostname: ng11003

  [-O]verwriting output

File Assignments:
|   MDIN: ../../Relaxation/5min.in                                              
|  MDOUT: 5min.out                                                              
| INPCRD: 4md.rst7                                                              
|   PARM: GPP_IPP_ion.prmtop                                                    
| RESTRT: 5min.rst7                                                             
|   REFC: 4md.rst7                                                              
|  MDVEL: mdvel                                                                 
|   MDEN: mden                                                                  
|  MDCRD: mdcrd.5min                                                            
| MDINFO: 5min.info                                                             
|  MDFRC: mdfrc                                                                 


 Here is the input file:

Minimization of everything excluding backbone                                  
 &cntrl                                                                        
  imin = 1, maxcyc = 1000,                                                     
  ncyc = 50, ntx = 1,                                                          
  ntwe = 0, ntwr = 500, ntpr = 50,                                             
  ntc = 2, ntf = 2, ntb = 1, ntp = 0,                                          
  cut = 8.0,                                                                   
  ntr=1, restraintmask="@CA,C,N,C1,C2,C3,C4,C5,C6,C7,C8,C9,C10,C11,C12,C13,C14,
  restraint_wt=50.                                                             
  ioutfm=1, ntxo=2,                                                            
 /                                                                             


Note: ig = -1. Setting random seed to   548483 based on wallclock time in 
      microseconds.
| irandom = 1, using AMBER's internal random number generator (default).
 
|--------------------- INFORMATION ----------------------
| GPU (CUDA) Version of PMEMD in use: NVIDIA GPU IN USE.
|                    Version 18.0.0
| 
|                      03/25/2018
| 
| Implementation by:
|                    Ross C. Walker     (SDSC)
|                    Scott Le Grand     (nVIDIA)
| 
| Version 18 performance extensions by:
|                    David Cerutti     (Rutgers)
| 
| Precision model in use:
|      [SPFP] - Single Precision Forces, 64-bit Fixed Point
|               Accumulation. (Default)
| 
|--------------------------------------------------------
 
|----------------- CITATION INFORMATION -----------------
|
|    When publishing work that utilized the CUDA version
|    of AMBER, please cite the following in addition to
|    the regular AMBER citations:
|
|  - Romelia Salomon-Ferrer; Andreas W. Goetz; Duncan
|    Poole; Scott Le Grand; Ross C. Walker "Routine
|    microsecond molecular dynamics simulations with
|    AMBER - Part II: Particle Mesh Ewald", J. Chem.
|    Theory Comput., 2013, 9 (9), pp3878-3888,
|    DOI: 10.1021/ct400314y.
|
|  - Andreas W. Goetz; Mark J. Williamson; Dong Xu;
|    Duncan Poole; Scott Le Grand; Ross C. Walker
|    "Routine microsecond molecular dynamics simulations
|    with AMBER - Part I: Generalized Born", J. Chem.
|    Theory Comput., 2012, 8 (5), pp1542-1555.
|
|  - Scott Le Grand; Andreas W. Goetz; Ross C. Walker
|    "SPFP: Speed without compromise - a mixed precision
|    model for GPU accelerated molecular dynamics
|    simulations.", Comp. Phys. Comm., 2013, 184
|    pp374-380, DOI: 10.1016/j.cpc.2012.09.022
|
|--------------------------------------------------------
 
|------------------- GPU DEVICE INFO --------------------
|
|            CUDA_VISIBLE_DEVICES: 0
|   CUDA Capable Devices Detected:      1
|           CUDA Device ID in use:      0
|                CUDA Device Name: NVIDIA A100-SXM4-40GB
|     CUDA Device Global Mem Size:  40338 MB
| CUDA Device Num Multiprocessors:    108
|           CUDA Device Core Freq:   1.41 GHz
|
|--------------------------------------------------------
 
 
| Conditional Compilation Defines Used:
| PUBFFT
| BINTRAJ
| CUDA
| EMIL

| Largest sphere to fit in unit cell has radius =    41.551

| New format PARM file being parsed.
| Version =    1.000 Date = 08/29/23 Time = 16:36:20

| Note: 1-4 EEL scale factors are being read from the topology file.

| Note: 1-4 VDW scale factors are being read from the topology file.
| Duplicated    0 dihedrals

| Duplicated    0 dihedrals

--------------------------------------------------------------------------------
   1.  RESOURCE   USE: 
--------------------------------------------------------------------------------

 getting box info from netcdf restart file
 NATOM  =   74796 NTYPES =      20 NBONH =   69046 MBONA  =    5681
 NTHETH =   12803 MTHETA =    7707 NPHIH =   25657 MPHIA  =   24785
 NHPARM =       0 NPARM  =       0 NNB   =  146679 NRES   =   21998
 NBONA  =    5681 NTHETA =    7707 NPHIA =   24785 NUMBND =      80
 NUMANG =     183 NPTRA  =     212 NATYP =      47 NPHB   =       0
 IFBOX  =       2 NMXRS  =      36 IFCAP =       0 NEXTRA =       0
 NCOPY  =       0

| Coordinate Index Table dimensions:    20   20   20
| Direct force subcell size =     5.0890    5.0890    5.0890

     BOX TYPE: TRUNCATED OCTAHEDRON

--------------------------------------------------------------------------------
   2.  CONTROL  DATA  FOR  THE  RUN
--------------------------------------------------------------------------------

default_name                                                                    

General flags:
     imin    =       1, nmropt  =       0

Nature and format of input:
     ntx     =       1, irest   =       0, ntrx    =       1

Nature and format of output:
     ntxo    =       2, ntpr    =      50, ntrx    =       1, ntwr    =     500
     iwrap   =       0, ntwx    =       0, ntwv    =       0, ntwe    =       0
     ioutfm  =       1, ntwprt  =       0, idecomp =       0, rbornstat=      0

Potential function:
     ntf     =       2, ntb     =       1, igb     =       0, nsnb    =      25
     ipol    =       0, gbsa    =       0, iesp    =       0
     dielc   =   1.00000, cut     =   8.00000, intdiel =   1.00000

Frozen or restrained atoms:
     ibelly  =       0, ntr     =       1
     restraint_wt =  50.00000

Energy minimization:
     maxcyc  =    1000, ncyc    =      50, ntmin   =       1
     dx0     =   0.01000, drms    =   0.00010

SHAKE:
     ntc     =       2, jfastw  =       0
     tol     =   0.00001

| Intermolecular bonds treatment:
|     no_intermolecular_bonds =       1

| Energy averages sample interval:
|     ene_avg_sampling =       1

Ewald parameters:
     verbose =       0, ew_type =       0, nbflag  =       1, use_pme =       1
     vdwmeth =       1, eedmeth =       1, netfrc  =       0
     Box X =  101.779   Box Y =  101.779   Box Z =  101.779
     Alpha =  109.471   Beta  =  109.471   Gamma =  109.471
     NFFT1 =  108       NFFT2 =  108       NFFT3 =  108
     Cutoff=    8.000   Tol   =0.100E-04
     Ewald Coefficient =  0.34864
     Interpolation order =    4

    LOADING THE CONSTRAINED ATOMS AS GROUPS


   5.  REFERENCE ATOM COORDINATES

  default_name                                                                    
     Mask @CA,C,N,C1,C2,C3,C4,C5,C6,C7,C8,C9,C10,C11,C12,C13,C14,C15,C16,C17,C18,C19,C20,O1,O1A,O2A,O3A,O1B,O2B,PA,PB; matches  2102 atoms

--------------------------------------------------------------------------------
   3.  ATOMIC COORDINATES AND VELOCITIES
--------------------------------------------------------------------------------

default_name                                                                    
 begin time read from input coords =  3000.000 ps

 
 Number of triangulated 3-point waters found:    21141

     Sum of charges from parm topology file =  -0.00000028
     Forcing neutrality...

| Dynamic Memory, Types Used:
| Reals             2076595
| Integers          3130655

| Nonbonded Pairs Initial Allocation:    12492801

| GPU memory information (estimate):
| KB of GPU memory in use:    341089
| KB of CPU memory in use:    149726

--------------------------------------------------------------------------------
   4.  RESULTS
--------------------------------------------------------------------------------



   NSTEP       ENERGY          RMS            GMAX         NAME    NUMBER
      1      -2.3559E+05     1.7264E+01     1.1805E+02     O       30094

 BOND    =     1664.2024  ANGLE   =     4782.5869  DIHED      =     8904.4323
 VDWAALS =    24846.9227  EEL     =  -307835.3717  HBOND      =        0.0000
 1-4 VDW =     3054.1865  1-4 EEL =    28994.6861  RESTRAINT  =        0.0000


   NSTEP       ENERGY          RMS            GMAX         NAME    NUMBER
     50      -2.4777E+05     1.4773E+01     5.6356E+01     H2      30096

 BOND    =      312.8524  ANGLE   =     2113.9511  DIHED      =     8504.3642
 VDWAALS =    17554.8339  EEL     =  -308146.0694  HBOND      =        0.0000
 1-4 VDW =     2812.2802  1-4 EEL =    28905.4614  RESTRAINT  =      168.5358
 EAMBER  =  -247942.3261


   NSTEP       ENERGY          RMS            GMAX         NAME    NUMBER
    100      -2.4777E+05     1.4773E+01     5.6356E+01     H2      30096

 BOND    =      312.8522  ANGLE   =     2113.9479  DIHED      =     8504.3643
 VDWAALS =    17554.8038  EEL     =  -308145.9520  HBOND      =        0.0000
 1-4 VDW =     2812.2787  1-4 EEL =    28905.4601  RESTRAINT  =      168.5368
 EAMBER  =  -247942.2449


   NSTEP       ENERGY          RMS            GMAX         NAME    NUMBER
    150      -2.4777E+05     1.4773E+01     5.6356E+01     H2      30096

 BOND    =      312.8522  ANGLE   =     2113.9477  DIHED      =     8504.3642
 VDWAALS =    17554.8017  EEL     =  -308145.9439  HBOND      =        0.0000
 1-4 VDW =     2812.2785  1-4 EEL =    28905.4602  RESTRAINT  =      168.5369
 EAMBER  =  -247942.2392


   NSTEP       ENERGY          RMS            GMAX         NAME    NUMBER
    200      -2.4777E+05     1.4773E+01     5.6356E+01     H2      30096

 BOND    =      312.8522  ANGLE   =     2113.9476  DIHED      =     8504.3643
 VDWAALS =    17554.7992  EEL     =  -308145.9380  HBOND      =        0.0000
 1-4 VDW =     2812.2785  1-4 EEL =    28905.4601  RESTRAINT  =      168.5370
 EAMBER  =  -247942.2361


   NSTEP       ENERGY          RMS            GMAX         NAME    NUMBER
    250      -2.4777E+05     1.4773E+01     5.6356E+01     H2      30096

 BOND    =      312.8522  ANGLE   =     2113.9473  DIHED      =     8504.3642
 VDWAALS =    17554.7956  EEL     =  -308145.9308  HBOND      =        0.0000
 1-4 VDW =     2812.2784  1-4 EEL =    28905.4600  RESTRAINT  =      168.5370
 EAMBER  =  -247942.2332


   NSTEP       ENERGY          RMS            GMAX         NAME    NUMBER
    300      -2.4777E+05     1.4773E+01     5.6356E+01     H2      30096

 BOND    =      312.8522  ANGLE   =     2113.9471  DIHED      =     8504.3643
 VDWAALS =    17554.7943  EEL     =  -308145.9230  HBOND      =        0.0000
 1-4 VDW =     2812.2783  1-4 EEL =    28905.4598  RESTRAINT  =      168.5371
 EAMBER  =  -247942.2270

     .... RESTARTED DUE TO LINMIN FAILURE ...


   NSTEP       ENERGY          RMS            GMAX         NAME    NUMBER
    350      -2.4777E+05     1.4773E+01     5.6356E+01     H2      30096

 BOND    =      312.8522  ANGLE   =     2113.9469  DIHED      =     8504.3644
 VDWAALS =    17554.7912  EEL     =  -308145.9176  HBOND      =        0.0000
 1-4 VDW =     2812.2783  1-4 EEL =    28905.4596  RESTRAINT  =      168.5372
 EAMBER  =  -247942.2249


   NSTEP       ENERGY          RMS            GMAX         NAME    NUMBER
    400      -2.4777E+05     1.4773E+01     5.6356E+01     H2      30096

 BOND    =      312.8522  ANGLE   =     2113.9468  DIHED      =     8504.3643
 VDWAALS =    17554.7900  EEL     =  -308145.9127  HBOND      =        0.0000
 1-4 VDW =     2812.2782  1-4 EEL =    28905.4595  RESTRAINT  =      168.5372
 EAMBER  =  -247942.2217


   NSTEP       ENERGY          RMS            GMAX         NAME    NUMBER
    450      -2.4777E+05     1.4773E+01     5.6356E+01     H2      30096

 BOND    =      312.8522  ANGLE   =     2113.9466  DIHED      =     8504.3641
 VDWAALS =    17554.7881  EEL     =  -308145.9051  HBOND      =        0.0000
 1-4 VDW =     2812.2782  1-4 EEL =    28905.4595  RESTRAINT  =      168.5372
 EAMBER  =  -247942.2164


   NSTEP       ENERGY          RMS            GMAX         NAME    NUMBER
    500      -2.4777E+05     1.4773E+01     5.6356E+01     H2      30096

 BOND    =      312.8522  ANGLE   =     2113.9464  DIHED      =     8504.3640
 VDWAALS =    17554.7867  EEL     =  -308145.9019  HBOND      =        0.0000
 1-4 VDW =     2812.2781  1-4 EEL =    28905.4594  RESTRAINT  =      168.5373
 EAMBER  =  -247942.2151


   NSTEP       ENERGY          RMS            GMAX         NAME    NUMBER
    550      -2.4777E+05     1.4773E+01     5.6356E+01     H2      30096

 BOND    =      312.8522  ANGLE   =     2113.9463  DIHED      =     8504.3640
 VDWAALS =    17554.7838  EEL     =  -308145.8939  HBOND      =        0.0000
 1-4 VDW =     2812.2780  1-4 EEL =    28905.4592  RESTRAINT  =      168.5373
 EAMBER  =  -247942.2104


   NSTEP       ENERGY          RMS            GMAX         NAME    NUMBER
    600      -2.4777E+05     1.4773E+01     5.6356E+01     H2      30096

 BOND    =      312.8522  ANGLE   =     2113.9460  DIHED      =     8504.3642
 VDWAALS =    17554.7816  EEL     =  -308145.8847  HBOND      =        0.0000
 1-4 VDW =     2812.2778  1-4 EEL =    28905.4595  RESTRAINT  =      168.5374
 EAMBER  =  -247942.2035


   NSTEP       ENERGY          RMS            GMAX         NAME    NUMBER
    650      -2.4777E+05     1.4773E+01     5.6356E+01     H2      30096

 BOND    =      312.8522  ANGLE   =     2113.9458  DIHED      =     8504.3638
 VDWAALS =    17554.7785  EEL     =  -308145.8748  HBOND      =        0.0000
 1-4 VDW =     2812.2777  1-4 EEL =    28905.4596  RESTRAINT  =      168.5375
 EAMBER  =  -247942.1972


   NSTEP       ENERGY          RMS            GMAX         NAME    NUMBER
    700      -2.4777E+05     1.4773E+01     5.6356E+01     H2      30096

 BOND    =      312.8522  ANGLE   =     2113.9456  DIHED      =     8504.3639
 VDWAALS =    17554.7777  EEL     =  -308145.8698  HBOND      =        0.0000
 1-4 VDW =     2812.2776  1-4 EEL =    28905.4593  RESTRAINT  =      168.5375
 EAMBER  =  -247942.1935


   NSTEP       ENERGY          RMS            GMAX         NAME    NUMBER
    750      -2.4777E+05     1.4773E+01     5.6356E+01     H2      30096

 BOND    =      312.8522  ANGLE   =     2113.9455  DIHED      =     8504.3639
 VDWAALS =    17554.7778  EEL     =  -308145.8664  HBOND      =        0.0000
 1-4 VDW =     2812.2776  1-4 EEL =    28905.4593  RESTRAINT  =      168.5376
 EAMBER  =  -247942.1902


   NSTEP       ENERGY          RMS            GMAX         NAME    NUMBER
    800      -2.4777E+05     1.4773E+01     5.6356E+01     H2      30096

 BOND    =      312.8522  ANGLE   =     2113.9454  DIHED      =     8504.3640
 VDWAALS =    17554.7763  EEL     =  -308145.8623  HBOND      =        0.0000
 1-4 VDW =     2812.2775  1-4 EEL =    28905.4592  RESTRAINT  =      168.5376
 EAMBER  =  -247942.1878


   NSTEP       ENERGY          RMS            GMAX         NAME    NUMBER
    850      -2.4777E+05     1.4773E+01     5.6356E+01     H2      30096

 BOND    =      312.8522  ANGLE   =     2113.9451  DIHED      =     8504.3640
 VDWAALS =    17554.7724  EEL     =  -308145.8515  HBOND      =        0.0000
 1-4 VDW =     2812.2774  1-4 EEL =    28905.4591  RESTRAINT  =      168.5377
 EAMBER  =  -247942.1814


   NSTEP       ENERGY          RMS            GMAX         NAME    NUMBER
    900      -2.4777E+05     1.4773E+01     5.6356E+01     H2      30096

 BOND    =      312.8522  ANGLE   =     2113.9450  DIHED      =     8504.3638
 VDWAALS =    17554.7711  EEL     =  -308145.8470  HBOND      =        0.0000
 1-4 VDW =     2812.2773  1-4 EEL =    28905.4591  RESTRAINT  =      168.5377
 EAMBER  =  -247942.1786


   NSTEP       ENERGY          RMS            GMAX         NAME    NUMBER
    950      -2.4777E+05     1.4773E+01     5.6356E+01     H2      30096

 BOND    =      312.8522  ANGLE   =     2113.9448  DIHED      =     8504.3640
 VDWAALS =    17554.7701  EEL     =  -308145.8409  HBOND      =        0.0000
 1-4 VDW =     2812.2772  1-4 EEL =    28905.4590  RESTRAINT  =      168.5378
 EAMBER  =  -247942.1736


   NSTEP       ENERGY          RMS            GMAX         NAME    NUMBER
   1000      -2.4777E+05     1.4773E+01     5.6356E+01     H2      30096

 BOND    =      312.8521  ANGLE   =     2113.9447  DIHED      =     8504.3640
 VDWAALS =    17554.7691  EEL     =  -308145.8331  HBOND      =        0.0000
 1-4 VDW =     2812.2771  1-4 EEL =    28905.4589  RESTRAINT  =      168.5378
 EAMBER  =  -247942.1672


  Maximum number of minimization cycles reached.


                    FINAL RESULTS



   NSTEP       ENERGY          RMS            GMAX         NAME    NUMBER
   1000      -2.4777E+05     1.4773E+01     5.6356E+01     H2      30096

 BOND    =      312.8521  ANGLE   =     2113.9447  DIHED      =     8504.3640
 VDWAALS =    17554.7691  EEL     =  -308145.8331  HBOND      =        0.0000
 1-4 VDW =     2812.2771  1-4 EEL =    28905.4589  RESTRAINT  =      168.5378
 EAMBER  =  -247942.1672
--------------------------------------------------------------------------------
   5.  TIMINGS
--------------------------------------------------------------------------------

|  NonSetup CPU Time in Major Routines:
|
|     Routine           Sec        %
|     ------------------------------
|     Nonbond           0.57   13.15
|     Bond              0.00    0.00
|     Angle             0.00    0.00
|     Dihedral          0.00    0.00
|     Shake             1.55   35.70
|     Other             2.22   51.15
|     ------------------------------
|     Total             4.35

|  PME Nonbond Pairlist CPU Time:
|
|     Routine              Sec        %
|     ---------------------------------
|     Set Up Cit           0.00    0.00
|     Build List           0.00    0.00
|     ---------------------------------
|     Total                0.00    0.00

|  PME Direct Force CPU Time:
|
|     Routine              Sec        %
|     ---------------------------------
|     NonBonded Calc       0.00    0.00
|     Exclude Masked       0.00    0.00
|     Other                0.00    0.03
|     ---------------------------------
|     Total                0.00    0.03

|  PME Reciprocal Force CPU Time:
|
|     Routine              Sec        %
|     ---------------------------------
|     1D bspline           0.00    0.00
|     Grid Charges         0.00    0.00
|     Scalar Sum           0.00    0.00
|     Gradient Sum         0.00    0.00
|     FFT                  0.00    0.00
|     ---------------------------------
|     Total                0.00    0.00

|  Setup CPU time:            0.77 seconds
|  NonSetup CPU time:         4.35 seconds
|  Total CPU time:            5.12 seconds     0.00 hours

|  Setup wall time:           1    seconds
|  NonSetup wall time:        5    seconds
|  Total wall time:           6    seconds     0.00 hours
